tp_ep_tensor_stats	tag	true_attn_q_a_full	layer	0	rank	0	elems	32768	finite_bad	0	first_bad	18446744073709551615	max_abs	0.221705362
tp_ep_tensor_stats	tag	true_attn_kv_normed	layer	0	rank	0	elems	16384	finite_bad	0	first_bad	18446744073709551615	max_abs	4.34364033
tp_ep_tensor_stats	tag	true_attn_q_b_shard	layer	0	rank	0	elems	131072	finite_bad	0	first_bad	18446744073709551615	max_abs	0.388993263
tp_ep_tensor_stats	tag	true_attn_q_b_shard	layer	0	rank	1	elems	131072	finite_bad	0	first_bad	18446744073709551615	max_abs	0.548253298
tp_ep_tensor_stats	tag	true_attn_q_b_shard	layer	0	rank	2	elems	131072	finite_bad	0	first_bad	18446744073709551615	max_abs	0.172012836
tp_ep_tensor_stats	tag	true_attn_q_b_shard	layer	0	rank	3	elems	131072	finite_bad	0	first_bad	18446744073709551615	max_abs	0.717421114
tp_ep_tensor_stats	tag	true_attn_q_b_shard	layer	0	rank	4	elems	131072	finite_bad	0	first_bad	18446744073709551615	max_abs	0.159261376
tp_ep_tensor_stats	tag	true_attn_q_b_shard	layer	0	rank	5	elems	131072	finite_bad	0	first_bad	18446744073709551615	max_abs	0.488450855
tp_ep_tensor_stats	tag	true_attn_q_b_shard	layer	0	rank	6	elems	131072	finite_bad	0	first_bad	18446744073709551615	max_abs	0.208499119
tp_ep_tensor_stats	tag	true_attn_q_b_shard	layer	0	rank	7	elems	131072	finite_bad	0	first_bad	18446744073709551615	max_abs	0.291844696
tp_ep_tensor_stats	tag	true_attn_q_heads_normed_shard	layer	0	rank	0	elems	131072	finite_bad	0	first_bad	18446744073709551615	max_abs	9.00880527
tp_ep_tensor_stats	tag	true_attn_q_heads_normed_shard	layer	0	rank	1	elems	131072	finite_bad	0	first_bad	18446744073709551615	max_abs	11.9196682
tp_ep_tensor_stats	tag	true_attn_q_heads_normed_shard	layer	0	rank	2	elems	131072	finite_bad	0	first_bad	18446744073709551615	max_abs	5.06011915
tp_ep_tensor_stats	tag	true_attn_q_heads_normed_shard	layer	0	rank	3	elems	131072	finite_bad	0	first_bad	18446744073709551615	max_abs	16.0075111
tp_ep_tensor_stats	tag	true_attn_q_heads_normed_shard	layer	0	rank	4	elems	131072	finite_bad	0	first_bad	18446744073709551615	max_abs	5.29871941
tp_ep_tensor_stats	tag	true_attn_q_heads_normed_shard	layer	0	rank	5	elems	131072	finite_bad	0	first_bad	18446744073709551615	max_abs	12.7264147
tp_ep_tensor_stats	tag	true_attn_q_heads_normed_shard	layer	0	rank	6	elems	131072	finite_bad	0	first_bad	18446744073709551615	max_abs	5.6117425
tp_ep_tensor_stats	tag	true_attn_q_heads_normed_shard	layer	0	rank	7	elems	131072	finite_bad	0	first_bad	18446744073709551615	max_abs	8.20381737
tp_ep_tensor_stats	tag	true_attn_raw_swa_rank0	layer	0	rank	0	elems	2097152	finite_bad	0	first_bad	18446744073709551615	max_abs	4.34375
tp_ep_tensor_stats	tag	true_attn_q_a_full	layer	1	rank	0	elems	32768	finite_bad	0	first_bad	18446744073709551615	max_abs	0.336349428
tp_ep_tensor_stats	tag	true_attn_kv_normed	layer	1	rank	0	elems	16384	finite_bad	0	first_bad	18446744073709551615	max_abs	9.63745785
tp_ep_tensor_stats	tag	true_attn_q_b_shard	layer	1	rank	0	elems	131072	finite_bad	0	first_bad	18446744073709551615	max_abs	0.531000793
tp_ep_tensor_stats	tag	true_attn_q_b_shard	layer	1	rank	1	elems	131072	finite_bad	0	first_bad	18446744073709551615	max_abs	0.450985521
tp_ep_tensor_stats	tag	true_attn_q_b_shard	layer	1	rank	2	elems	131072	finite_bad	0	first_bad	18446744073709551615	max_abs	0.411709905
tp_ep_tensor_stats	tag	true_attn_q_b_shard	layer	1	rank	3	elems	131072	finite_bad	0	first_bad	18446744073709551615	max_abs	0.444832653
tp_ep_tensor_stats	tag	true_attn_q_b_shard	layer	1	rank	4	elems	131072	finite_bad	0	first_bad	18446744073709551615	max_abs	0.465321869
tp_ep_tensor_stats	tag	true_attn_q_b_shard	layer	1	rank	5	elems	131072	finite_bad	0	first_bad	18446744073709551615	max_abs	0.528241813
tp_ep_tensor_stats	tag	true_attn_q_b_shard	layer	1	rank	6	elems	131072	finite_bad	0	first_bad	18446744073709551615	max_abs	0.669392467
tp_ep_tensor_stats	tag	true_attn_q_b_shard	layer	1	rank	7	elems	131072	finite_bad	0	first_bad	18446744073709551615	max_abs	0.438754559
tp_ep_tensor_stats	tag	true_attn_q_heads_normed_shard	layer	1	rank	0	elems	131072	finite_bad	0	first_bad	18446744073709551615	max_abs	12.6146774
tp_ep_tensor_stats	tag	true_attn_q_heads_normed_shard	layer	1	rank	1	elems	131072	finite_bad	0	first_bad	18446744073709551615	max_abs	11.3772507
tp_ep_tensor_stats	tag	true_attn_q_heads_normed_shard	layer	1	rank	2	elems	131072	finite_bad	0	first_bad	18446744073709551615	max_abs	12.8109798
tp_ep_tensor_stats	tag	true_attn_q_heads_normed_shard	layer	1	rank	3	elems	131072	finite_bad	0	first_bad	18446744073709551615	max_abs	11.2381592
tp_ep_tensor_stats	tag	true_attn_q_heads_normed_shard	layer	1	rank	4	elems	131072	finite_bad	0	first_bad	18446744073709551615	max_abs	12.1306849
tp_ep_tensor_stats	tag	true_attn_q_heads_normed_shard	layer	1	rank	5	elems	131072	finite_bad	0	first_bad	18446744073709551615	max_abs	13.7964945
tp_ep_tensor_stats	tag	true_attn_q_heads_normed_shard	layer	1	rank	6	elems	131072	finite_bad	0	first_bad	18446744073709551615	max_abs	14.0388918
tp_ep_tensor_stats	tag	true_attn_q_heads_normed_shard	layer	1	rank	7	elems	131072	finite_bad	0	first_bad	18446744073709551615	max_abs	10.118392
tp_ep_tensor_stats	tag	true_attn_raw_swa_rank0	layer	1	rank	0	elems	2097152	finite_bad	0	first_bad	18446744073709551615	max_abs	9.640625
tp_ep_tensor_stats	tag	true_attn_q_a_full	layer	2	rank	0	elems	32768	finite_bad	0	first_bad	18446744073709551615	max_abs	0.269895971
tp_ep_tensor_stats	tag	true_attn_kv_normed	layer	2	rank	0	elems	16384	finite_bad	0	first_bad	18446744073709551615	max_abs	2.09959245
tp_ep_tensor_stats	tag	true_attn_q_b_shard	layer	2	rank	0	elems	131072	finite_bad	0	first_bad	18446744073709551615	max_abs	0.168601707
tp_ep_tensor_stats	tag	true_attn_q_b_shard	layer	2	rank	1	elems	131072	finite_bad	0	first_bad	18446744073709551615	max_abs	0.159364298
tp_ep_tensor_stats	tag	true_attn_q_b_shard	layer	2	rank	2	elems	131072	finite_bad	0	first_bad	18446744073709551615	max_abs	0.134461671
tp_ep_tensor_stats	tag	true_attn_q_b_shard	layer	2	rank	3	elems	131072	finite_bad	0	first_bad	18446744073709551615	max_abs	0.212171987
tp_ep_tensor_stats	tag	true_attn_q_b_shard	layer	2	rank	4	elems	131072	finite_bad	0	first_bad	18446744073709551615	max_abs	0.129938602
tp_ep_tensor_stats	tag	true_attn_q_b_shard	layer	2	rank	5	elems	131072	finite_bad	0	first_bad	18446744073709551615	max_abs	0.189917162
tp_ep_tensor_stats	tag	true_attn_q_b_shard	layer	2	rank	6	elems	131072	finite_bad	0	first_bad	18446744073709551615	max_abs	0.194574475
tp_ep_tensor_stats	tag	true_attn_q_b_shard	layer	2	rank	7	elems	131072	finite_bad	0	first_bad	18446744073709551615	max_abs	0.157403514
tp_ep_tensor_stats	tag	true_attn_q_heads_normed_shard	layer	2	rank	0	elems	131072	finite_bad	0	first_bad	18446744073709551615	max_abs	6.07896042
tp_ep_tensor_stats	tag	true_attn_q_heads_normed_shard	layer	2	rank	1	elems	131072	finite_bad	0	first_bad	18446744073709551615	max_abs	6.10802412
tp_ep_tensor_stats	tag	true_attn_q_heads_normed_shard	layer	2	rank	2	elems	131072	finite_bad	0	first_bad	18446744073709551615	max_abs	5.4886837
tp_ep_tensor_stats	tag	true_attn_q_heads_normed_shard	layer	2	rank	3	elems	131072	finite_bad	0	first_bad	18446744073709551615	max_abs	5.87454844
tp_ep_tensor_stats	tag	true_attn_q_heads_normed_shard	layer	2	rank	4	elems	131072	finite_bad	0	first_bad	18446744073709551615	max_abs	5.09025431
tp_ep_tensor_stats	tag	true_attn_q_heads_normed_shard	layer	2	rank	5	elems	131072	finite_bad	0	first_bad	18446744073709551615	max_abs	5.12178946
tp_ep_tensor_stats	tag	true_attn_q_heads_normed_shard	layer	2	rank	6	elems	131072	finite_bad	0	first_bad	18446744073709551615	max_abs	7.06820679
tp_ep_tensor_stats	tag	true_attn_q_heads_normed_shard	layer	2	rank	7	elems	131072	finite_bad	0	first_bad	18446744073709551615	max_abs	4.10923576
tp_ep_tensor_stats	tag	true_attn_raw_swa_rank0	layer	2	rank	0	elems	2097152	finite_bad	0	first_bad	18446744073709551615	max_abs	2
