tp_ep_all_layer_dense_f16_cache	rows	4096	source_bytes	8640413696	cache_bytes	14451998720	cache_aligned_bytes	14451998720	max_temp_bytes	132382720	cache_ms	7599.057709	PASS
tp_ep_all_layer_turbomind_api_shared	devices	8	PASS
tp_ep_all_layer_rank_buffers_shared	devices	8	core_bytes	3933984	PASS
tp_ep_all_layer_tp_runtime_shared	devices	8	slots	32	ctx	262144	mode	local_per_layer	PASS
tp_ep_all_layer_expert_bindings_shared	layers	43	devices	8	bytes	27594326016	bytes_per_gpu	3449290752	PASS
tp_ep_all_layer_item	layer	0	ratio	0	total_rows	192	dense_rows	64	control_rows	104	expert_rows	16	kv_rows	8	comp_rows	0	decode_ms_per_step	1.076870	decode_slot_step_tok_s	29715.741446	decode_ep_ms_per_step	0.322000	decode_dense_ms_per_step	0.000000	decode_compose_ms_per_step	0.754718	decode_checksum	2089207552	PASS
tp_ep_all_layer_item	layer	1	ratio	0	total_rows	192	dense_rows	64	control_rows	104	expert_rows	16	kv_rows	8	comp_rows	0	decode_ms_per_step	1.065487	decode_slot_step_tok_s	30033.210912	decode_ep_ms_per_step	0.323276	decode_dense_ms_per_step	0.000000	decode_compose_ms_per_step	0.742060	decode_checksum	4285303765	PASS
tp_ep_all_layer_item	layer	2	ratio	4	total_rows	288	dense_rows	112	control_rows	136	expert_rows	16	kv_rows	16	comp_rows	8	decode_ms_per_step	1.066792	decode_slot_step_tok_s	29996.481038	decode_ep_ms_per_step	0.292617	decode_dense_ms_per_step	0.000000	decode_compose_ms_per_step	0.773794	decode_checksum	50639913	PASS
tp_ep_all_layer_item	layer	3	ratio	128	total_rows	232	dense_rows	80	control_rows	120	expert_rows	16	kv_rows	8	comp_rows	8	decode_ms_per_step	1.024121	decode_slot_step_tok_s	31246.304758	decode_ep_ms_per_step	0.292099	decode_dense_ms_per_step	0.000000	decode_compose_ms_per_step	0.731869	decode_checksum	199228706	PASS
tp_ep_all_layer_item	layer	4	ratio	4	total_rows	288	dense_rows	112	control_rows	136	expert_rows	16	kv_rows	16	comp_rows	8	decode_ms_per_step	1.030265	decode_slot_step_tok_s	31059.955537	decode_ep_ms_per_step	0.297399	decode_dense_ms_per_step	0.000000	decode_compose_ms_per_step	0.732710	decode_checksum	92587346	PASS
tp_ep_all_layer_item	layer	5	ratio	128	total_rows	232	dense_rows	80	control_rows	120	expert_rows	16	kv_rows	8	comp_rows	8	decode_ms_per_step	1.000267	decode_slot_step_tok_s	31991.460200	decode_ep_ms_per_step	0.286218	decode_dense_ms_per_step	0.000000	decode_compose_ms_per_step	0.713908	decode_checksum	81917469	PASS
tp_ep_all_layer_item	layer	6	ratio	4	total_rows	288	dense_rows	112	control_rows	136	expert_rows	16	kv_rows	16	comp_rows	8	decode_ms_per_step	1.020271	decode_slot_step_tok_s	31364.207370	decode_ep_ms_per_step	0.294979	decode_dense_ms_per_step	0.000000	decode_compose_ms_per_step	0.725136	decode_checksum	41493907	PASS
tp_ep_all_layer_item	layer	7	ratio	128	total_rows	232	dense_rows	80	control_rows	120	expert_rows	16	kv_rows	8	comp_rows	8	decode_ms_per_step	1.011856	decode_slot_step_tok_s	31625.051492	decode_ep_ms_per_step	0.292112	decode_dense_ms_per_step	0.000000	decode_compose_ms_per_step	0.719592	decode_checksum	4211722188	PASS
tp_ep_all_layer_item	layer	8	ratio	4	total_rows	288	dense_rows	112	control_rows	136	expert_rows	16	kv_rows	16	comp_rows	8	decode_ms_per_step	1.013996	decode_slot_step_tok_s	31558.304293	decode_ep_ms_per_step	0.294809	decode_dense_ms_per_step	0.000000	decode_compose_ms_per_step	0.719029	decode_checksum	2164440608	PASS
tp_ep_all_layer_item	layer	9	ratio	128	total_rows	232	dense_rows	80	control_rows	120	expert_rows	16	kv_rows	8	comp_rows	8	decode_ms_per_step	1.017387	decode_slot_step_tok_s	31453.123287	decode_ep_ms_per_step	0.293402	decode_dense_ms_per_step	0.000000	decode_compose_ms_per_step	0.723834	decode_checksum	22847642	PASS
tp_ep_all_layer_item	layer	10	ratio	4	total_rows	288	dense_rows	112	control_rows	136	expert_rows	16	kv_rows	16	comp_rows	8	decode_ms_per_step	1.016274	decode_slot_step_tok_s	31487.581180	decode_ep_ms_per_step	0.288903	decode_dense_ms_per_step	0.000000	decode_compose_ms_per_step	0.727215	decode_checksum	2076607066	PASS
tp_ep_all_layer_item	layer	11	ratio	128	total_rows	232	dense_rows	80	control_rows	120	expert_rows	16	kv_rows	8	comp_rows	8	decode_ms_per_step	1.014148	decode_slot_step_tok_s	31553.582440	decode_ep_ms_per_step	0.292109	decode_dense_ms_per_step	0.000000	decode_compose_ms_per_step	0.721892	decode_checksum	4156450847	PASS
tp_ep_all_layer_item	layer	12	ratio	4	total_rows	288	dense_rows	112	control_rows	136	expert_rows	16	kv_rows	16	comp_rows	8	decode_ms_per_step	1.006043	decode_slot_step_tok_s	31807.774802	decode_ep_ms_per_step	0.288757	decode_dense_ms_per_step	0.000000	decode_compose_ms_per_step	0.717125	decode_checksum	1305516	PASS
tp_ep_all_layer_item	layer	13	ratio	128	total_rows	232	dense_rows	80	control_rows	120	expert_rows	16	kv_rows	8	comp_rows	8	decode_ms_per_step	1.010125	decode_slot_step_tok_s	31679.243227	decode_ep_ms_per_step	0.293084	decode_dense_ms_per_step	0.000000	decode_compose_ms_per_step	0.716881	decode_checksum	176722357	PASS
tp_ep_all_layer_item	layer	14	ratio	4	total_rows	288	dense_rows	112	control_rows	136	expert_rows	16	kv_rows	16	comp_rows	8	decode_ms_per_step	1.014777	decode_slot_step_tok_s	31534.035433	decode_ep_ms_per_step	0.294138	decode_dense_ms_per_step	0.000000	decode_compose_ms_per_step	0.720489	decode_checksum	2093197595	PASS
tp_ep_all_layer_item	layer	15	ratio	128	total_rows	232	dense_rows	80	control_rows	120	expert_rows	16	kv_rows	8	comp_rows	8	decode_ms_per_step	1.015077	decode_slot_step_tok_s	31524.711384	decode_ep_ms_per_step	0.291608	decode_dense_ms_per_step	0.000000	decode_compose_ms_per_step	0.723317	decode_checksum	2318348388	PASS
tp_ep_all_layer_item	layer	16	ratio	4	total_rows	288	dense_rows	112	control_rows	136	expert_rows	16	kv_rows	16	comp_rows	8	decode_ms_per_step	0.995975	decode_slot_step_tok_s	32129.311483	decode_ep_ms_per_step	0.284173	decode_dense_ms_per_step	0.000000	decode_compose_ms_per_step	0.711654	decode_checksum	2413897862	PASS
tp_ep_all_layer_item	layer	17	ratio	128	total_rows	232	dense_rows	80	control_rows	120	expert_rows	16	kv_rows	8	comp_rows	8	decode_ms_per_step	1.010751	decode_slot_step_tok_s	31659.612938	decode_ep_ms_per_step	0.292000	decode_dense_ms_per_step	0.000000	decode_compose_ms_per_step	0.718591	decode_checksum	4107675936	PASS
tp_ep_all_layer_item	layer	18	ratio	4	total_rows	288	dense_rows	112	control_rows	136	expert_rows	16	kv_rows	16	comp_rows	8	decode_ms_per_step	1.010437	decode_slot_step_tok_s	31669.475188	decode_ep_ms_per_step	0.294672	decode_dense_ms_per_step	0.000000	decode_compose_ms_per_step	0.715613	decode_checksum	37361686	PASS
tp_ep_all_layer_item	layer	19	ratio	128	total_rows	232	dense_rows	80	control_rows	120	expert_rows	16	kv_rows	8	comp_rows	8	decode_ms_per_step	1.013169	decode_slot_step_tok_s	31584.078119	decode_ep_ms_per_step	0.290127	decode_dense_ms_per_step	0.000000	decode_compose_ms_per_step	0.722885	decode_checksum	2212896144	PASS
tp_ep_all_layer_item	layer	20	ratio	4	total_rows	288	dense_rows	112	control_rows	136	expert_rows	16	kv_rows	16	comp_rows	8	decode_ms_per_step	1.017958	decode_slot_step_tok_s	31435.477915	decode_ep_ms_per_step	0.294952	decode_dense_ms_per_step	0.000000	decode_compose_ms_per_step	0.722858	decode_checksum	31300357	PASS
tp_ep_all_layer_item	layer	21	ratio	128	total_rows	232	dense_rows	80	control_rows	120	expert_rows	16	kv_rows	8	comp_rows	8	decode_ms_per_step	1.113025	decode_slot_step_tok_s	28750.484536	decode_ep_ms_per_step	0.311852	decode_dense_ms_per_step	0.000000	decode_compose_ms_per_step	0.800995	decode_checksum	2043177150	PASS
tp_ep_all_layer_item	layer	22	ratio	4	total_rows	288	dense_rows	112	control_rows	136	expert_rows	16	kv_rows	16	comp_rows	8	decode_ms_per_step	1.004661	decode_slot_step_tok_s	31851.554556	decode_ep_ms_per_step	0.284944	decode_dense_ms_per_step	0.000000	decode_compose_ms_per_step	0.719541	decode_checksum	149368565	PASS
tp_ep_all_layer_item	layer	23	ratio	128	total_rows	232	dense_rows	80	control_rows	120	expert_rows	16	kv_rows	8	comp_rows	8	decode_ms_per_step	1.014479	decode_slot_step_tok_s	31543.279183	decode_ep_ms_per_step	0.293640	decode_dense_ms_per_step	0.000000	decode_compose_ms_per_step	0.720681	decode_checksum	4087920758	PASS
tp_ep_all_layer_item	layer	24	ratio	4	total_rows	288	dense_rows	112	control_rows	136	expert_rows	16	kv_rows	16	comp_rows	8	decode_ms_per_step	1.023130	decode_slot_step_tok_s	31276.559419	decode_ep_ms_per_step	0.295985	decode_dense_ms_per_step	0.000000	decode_compose_ms_per_step	0.726997	decode_checksum	2232151951	PASS
tp_ep_all_layer_item	layer	25	ratio	128	total_rows	232	dense_rows	80	control_rows	120	expert_rows	16	kv_rows	8	comp_rows	8	decode_ms_per_step	1.045786	decode_slot_step_tok_s	30598.995611	decode_ep_ms_per_step	0.296028	decode_dense_ms_per_step	0.000000	decode_compose_ms_per_step	0.749613	decode_checksum	2259995728	PASS
tp_ep_all_layer_item	layer	26	ratio	4	total_rows	288	dense_rows	112	control_rows	136	expert_rows	16	kv_rows	16	comp_rows	8	decode_ms_per_step	1.037405	decode_slot_step_tok_s	30846.212832	decode_ep_ms_per_step	0.287998	decode_dense_ms_per_step	0.000000	decode_compose_ms_per_step	0.749249	decode_checksum	4173975789	PASS
tp_ep_all_layer_item	layer	27	ratio	128	total_rows	232	dense_rows	80	control_rows	120	expert_rows	16	kv_rows	8	comp_rows	8	decode_ms_per_step	1.004531	decode_slot_step_tok_s	31855.667069	decode_ep_ms_per_step	0.293258	decode_dense_ms_per_step	0.000000	decode_compose_ms_per_step	0.711118	decode_checksum	1958048886	PASS
tp_ep_all_layer_item	layer	28	ratio	4	total_rows	288	dense_rows	112	control_rows	136	expert_rows	16	kv_rows	16	comp_rows	8	decode_ms_per_step	1.004717	decode_slot_step_tok_s	31849.769732	decode_ep_ms_per_step	0.291605	decode_dense_ms_per_step	0.000000	decode_compose_ms_per_step	0.712955	decode_checksum	12572607	PASS
tp_ep_all_layer_item	layer	29	ratio	128	total_rows	232	dense_rows	80	control_rows	120	expert_rows	16	kv_rows	8	comp_rows	8	decode_ms_per_step	1.003177	decode_slot_step_tok_s	31898.656056	decode_ep_ms_per_step	0.290054	decode_dense_ms_per_step	0.000000	decode_compose_ms_per_step	0.712972	decode_checksum	1939549931	PASS
tp_ep_all_layer_item	layer	30	ratio	4	total_rows	288	dense_rows	112	control_rows	136	expert_rows	16	kv_rows	16	comp_rows	8	decode_ms_per_step	1.010763	decode_slot_step_tok_s	31659.247718	decode_ep_ms_per_step	0.295919	decode_dense_ms_per_step	0.000000	decode_compose_ms_per_step	0.714688	decode_checksum	2245266299	PASS
tp_ep_all_layer_item	layer	31	ratio	128	total_rows	232	dense_rows	80	control_rows	120	expert_rows	16	kv_rows	8	comp_rows	8	decode_ms_per_step	1.011237	decode_slot_step_tok_s	31644.412371	decode_ep_ms_per_step	0.296063	decode_dense_ms_per_step	0.000000	decode_compose_ms_per_step	0.715032	decode_checksum	4092244362	PASS
tp_ep_all_layer_item	layer	32	ratio	4	total_rows	288	dense_rows	112	control_rows	136	expert_rows	16	kv_rows	16	comp_rows	8	decode_ms_per_step	1.001840	decode_slot_step_tok_s	31941.240893	decode_ep_ms_per_step	0.287721	decode_dense_ms_per_step	0.000000	decode_compose_ms_per_step	0.713966	decode_checksum	1929924991	PASS
tp_ep_all_layer_item	layer	33	ratio	128	total_rows	232	dense_rows	80	control_rows	120	expert_rows	16	kv_rows	8	comp_rows	8	decode_ms_per_step	1.003943	decode_slot_step_tok_s	31874.316383	decode_ep_ms_per_step	0.296285	decode_dense_ms_per_step	0.000000	decode_compose_ms_per_step	0.707511	decode_checksum	154974069	PASS
tp_ep_all_layer_item	layer	34	ratio	4	total_rows	288	dense_rows	112	control_rows	136	expert_rows	16	kv_rows	16	comp_rows	8	decode_ms_per_step	1.011812	decode_slot_step_tok_s	31626.418623	decode_ep_ms_per_step	0.296272	decode_dense_ms_per_step	0.000000	decode_compose_ms_per_step	0.715394	decode_checksum	4247159498	PASS
tp_ep_all_layer_item	layer	35	ratio	128	total_rows	232	dense_rows	80	control_rows	120	expert_rows	16	kv_rows	8	comp_rows	8	decode_ms_per_step	1.014357	decode_slot_step_tok_s	31547.063664	decode_ep_ms_per_step	0.300232	decode_dense_ms_per_step	0.000000	decode_compose_ms_per_step	0.713979	decode_checksum	1960134344	PASS
tp_ep_all_layer_item	layer	36	ratio	4	total_rows	288	dense_rows	112	control_rows	136	expert_rows	16	kv_rows	16	comp_rows	8	decode_ms_per_step	1.024309	decode_slot_step_tok_s	31240.586943	decode_ep_ms_per_step	0.295211	decode_dense_ms_per_step	0.000000	decode_compose_ms_per_step	0.728940	decode_checksum	2318643187	PASS
tp_ep_all_layer_item	layer	37	ratio	128	total_rows	232	dense_rows	80	control_rows	120	expert_rows	16	kv_rows	8	comp_rows	8	decode_ms_per_step	1.019577	decode_slot_step_tok_s	31385.574648	decode_ep_ms_per_step	0.297766	decode_dense_ms_per_step	0.000000	decode_compose_ms_per_step	0.721654	decode_checksum	2051082468	PASS
tp_ep_all_layer_item	layer	38	ratio	4	total_rows	288	dense_rows	112	control_rows	136	expert_rows	16	kv_rows	16	comp_rows	8	decode_ms_per_step	1.016735	decode_slot_step_tok_s	31473.300609	decode_ep_ms_per_step	0.292812	decode_dense_ms_per_step	0.000000	decode_compose_ms_per_step	0.723769	decode_checksum	2208797608	PASS
tp_ep_all_layer_item	layer	39	ratio	128	total_rows	232	dense_rows	80	control_rows	120	expert_rows	16	kv_rows	8	comp_rows	8	decode_ms_per_step	1.038696	decode_slot_step_tok_s	30807.854339	decode_ep_ms_per_step	0.297240	decode_dense_ms_per_step	0.000000	decode_compose_ms_per_step	0.741299	decode_checksum	1901862423	PASS
tp_ep_all_layer_item	layer	40	ratio	4	total_rows	288	dense_rows	112	control_rows	136	expert_rows	16	kv_rows	16	comp_rows	8	decode_ms_per_step	1.010239	decode_slot_step_tok_s	31675.662753	decode_ep_ms_per_step	0.294462	decode_dense_ms_per_step	0.000000	decode_compose_ms_per_step	0.715621	decode_checksum	1971716968	PASS
tp_ep_all_layer_item	layer	41	ratio	128	total_rows	232	dense_rows	80	control_rows	120	expert_rows	16	kv_rows	8	comp_rows	8	decode_ms_per_step	1.013692	decode_slot_step_tok_s	31567.780889	decode_ep_ms_per_step	0.294178	decode_dense_ms_per_step	0.000000	decode_compose_ms_per_step	0.719363	decode_checksum	4100126953	PASS
tp_ep_all_layer_item	layer	42	ratio	4	total_rows	288	dense_rows	112	control_rows	136	expert_rows	16	kv_rows	16	comp_rows	8	decode_ms_per_step	0.995158	decode_slot_step_tok_s	32155.708229	decode_ep_ms_per_step	0.284658	decode_dense_ms_per_step	0.000000	decode_compose_ms_per_step	0.710344	decode_checksum	260576764	PASS
tp_ep_all_layer_scaffold	layers	43	pass_layers	43	slots	32	ctx	262144	decode_steps_per_layer	50	descriptor_checks	0	predecode_probes	0	shared_api	1	shared_rank_buffers	1	shared_tp_runtime	0	shared_expert_bindings	1	overlap_ep_dense	1	sum_decode_ms_per_token	43.875315	projected_slot_step_tok_s	729.339500	sum_ep_ms	12.667618	sum_dense_ms	0.000000	sum_compose_ms	31.200853	wall_ms	14922.370777	checksum	204721433	PASS
