tp_ep_all_layer_dense_f16_cache	rows	4096	source_bytes	8640413696	cache_bytes	14451998720	cache_aligned_bytes	14451998720	max_temp_bytes	132382720	cache_ms	7685.183826	PASS
tp_ep_all_layer_turbomind_api_shared	devices	8	PASS
tp_ep_all_layer_rank_buffers_shared	devices	8	core_bytes	3933984	PASS
tp_ep_all_layer_tp_runtime_shared	devices	8	slots	32	ctx	262144	mode	local_per_layer	PASS
tp_ep_all_layer_expert_bindings_shared	layers	43	devices	8	bytes	27594326016	bytes_per_gpu	3449290752	PASS
tp_ep_all_layer_item	layer	0	ratio	0	total_rows	192	dense_rows	64	control_rows	104	expert_rows	16	kv_rows	8	comp_rows	0	decode_ms_per_step	0.924127	decode_slot_step_tok_s	34627.293241	decode_ep_ms_per_step	0.322875	decode_dense_ms_per_step	0.000000	decode_compose_ms_per_step	0.601049	decode_checksum	2089207552	PASS
tp_ep_all_layer_item	layer	1	ratio	0	total_rows	192	dense_rows	64	control_rows	104	expert_rows	16	kv_rows	8	comp_rows	0	decode_ms_per_step	0.923257	decode_slot_step_tok_s	34659.890831	decode_ep_ms_per_step	0.325727	decode_dense_ms_per_step	0.000000	decode_compose_ms_per_step	0.597335	decode_checksum	4285303765	PASS
tp_ep_all_layer_item	layer	2	ratio	4	total_rows	288	dense_rows	112	control_rows	136	expert_rows	16	kv_rows	16	comp_rows	8	decode_ms_per_step	0.876173	decode_slot_step_tok_s	36522.456757	decode_ep_ms_per_step	0.294701	decode_dense_ms_per_step	0.000000	decode_compose_ms_per_step	0.581287	decode_checksum	50639913	PASS
tp_ep_all_layer_item	layer	3	ratio	128	total_rows	232	dense_rows	80	control_rows	120	expert_rows	16	kv_rows	8	comp_rows	8	decode_ms_per_step	0.871281	decode_slot_step_tok_s	36727.549620	decode_ep_ms_per_step	0.288967	decode_dense_ms_per_step	0.000000	decode_compose_ms_per_step	0.582123	decode_checksum	199228706	PASS
tp_ep_all_layer_item	layer	4	ratio	4	total_rows	288	dense_rows	112	control_rows	136	expert_rows	16	kv_rows	16	comp_rows	8	decode_ms_per_step	0.885603	decode_slot_step_tok_s	36133.588587	decode_ep_ms_per_step	0.292537	decode_dense_ms_per_step	0.000000	decode_compose_ms_per_step	0.592865	decode_checksum	92587346	PASS
tp_ep_all_layer_item	layer	5	ratio	128	total_rows	232	dense_rows	80	control_rows	120	expert_rows	16	kv_rows	8	comp_rows	8	decode_ms_per_step	0.866153	decode_slot_step_tok_s	36944.958569	decode_ep_ms_per_step	0.290239	decode_dense_ms_per_step	0.000000	decode_compose_ms_per_step	0.575735	decode_checksum	81917469	PASS
tp_ep_all_layer_item	layer	6	ratio	4	total_rows	288	dense_rows	112	control_rows	136	expert_rows	16	kv_rows	16	comp_rows	8	decode_ms_per_step	1.240647	decode_slot_step_tok_s	25792.983515	decode_ep_ms_per_step	0.399669	decode_dense_ms_per_step	0.000000	decode_compose_ms_per_step	0.840528	decode_checksum	41493907	PASS
tp_ep_all_layer_item	layer	7	ratio	128	total_rows	232	dense_rows	80	control_rows	120	expert_rows	16	kv_rows	8	comp_rows	8	decode_ms_per_step	0.876677	decode_slot_step_tok_s	36501.451743	decode_ep_ms_per_step	0.292840	decode_dense_ms_per_step	0.000000	decode_compose_ms_per_step	0.583652	decode_checksum	4211722188	PASS
tp_ep_all_layer_item	layer	8	ratio	4	total_rows	288	dense_rows	112	control_rows	136	expert_rows	16	kv_rows	16	comp_rows	8	decode_ms_per_step	0.864533	decode_slot_step_tok_s	37014.206469	decode_ep_ms_per_step	0.290201	decode_dense_ms_per_step	0.000000	decode_compose_ms_per_step	0.574156	decode_checksum	2164440608	PASS
tp_ep_all_layer_item	layer	9	ratio	128	total_rows	232	dense_rows	80	control_rows	120	expert_rows	16	kv_rows	8	comp_rows	8	decode_ms_per_step	0.890774	decode_slot_step_tok_s	35923.831508	decode_ep_ms_per_step	0.299625	decode_dense_ms_per_step	0.000000	decode_compose_ms_per_step	0.590842	decode_checksum	22847642	PASS
tp_ep_all_layer_item	layer	10	ratio	4	total_rows	288	dense_rows	112	control_rows	136	expert_rows	16	kv_rows	16	comp_rows	8	decode_ms_per_step	0.872292	decode_slot_step_tok_s	36684.970021	decode_ep_ms_per_step	0.291350	decode_dense_ms_per_step	0.000000	decode_compose_ms_per_step	0.580760	decode_checksum	2076607066	PASS
tp_ep_all_layer_item	layer	11	ratio	128	total_rows	232	dense_rows	80	control_rows	120	expert_rows	16	kv_rows	8	comp_rows	8	decode_ms_per_step	0.873204	decode_slot_step_tok_s	36646.661025	decode_ep_ms_per_step	0.294554	decode_dense_ms_per_step	0.000000	decode_compose_ms_per_step	0.578458	decode_checksum	4156450847	PASS
tp_ep_all_layer_item	layer	12	ratio	4	total_rows	288	dense_rows	112	control_rows	136	expert_rows	16	kv_rows	16	comp_rows	8	decode_ms_per_step	0.878601	decode_slot_step_tok_s	36421.522579	decode_ep_ms_per_step	0.290702	decode_dense_ms_per_step	0.000000	decode_compose_ms_per_step	0.587404	decode_checksum	1305516	PASS
tp_ep_all_layer_item	layer	13	ratio	128	total_rows	232	dense_rows	80	control_rows	120	expert_rows	16	kv_rows	8	comp_rows	8	decode_ms_per_step	0.876424	decode_slot_step_tok_s	36512.017052	decode_ep_ms_per_step	0.290337	decode_dense_ms_per_step	0.000000	decode_compose_ms_per_step	0.585902	decode_checksum	176722357	PASS
tp_ep_all_layer_item	layer	14	ratio	4	total_rows	288	dense_rows	112	control_rows	136	expert_rows	16	kv_rows	16	comp_rows	8	decode_ms_per_step	0.871343	decode_slot_step_tok_s	36724.910998	decode_ep_ms_per_step	0.287609	decode_dense_ms_per_step	0.000000	decode_compose_ms_per_step	0.583547	decode_checksum	2093197595	PASS
tp_ep_all_layer_item	layer	15	ratio	128	total_rows	232	dense_rows	80	control_rows	120	expert_rows	16	kv_rows	8	comp_rows	8	decode_ms_per_step	0.882846	decode_slot_step_tok_s	36246.398212	decode_ep_ms_per_step	0.297585	decode_dense_ms_per_step	0.000000	decode_compose_ms_per_step	0.585085	decode_checksum	2318348388	PASS
tp_ep_all_layer_item	layer	16	ratio	4	total_rows	288	dense_rows	112	control_rows	136	expert_rows	16	kv_rows	16	comp_rows	8	decode_ms_per_step	0.872477	decode_slot_step_tok_s	36677.185454	decode_ep_ms_per_step	0.291888	decode_dense_ms_per_step	0.000000	decode_compose_ms_per_step	0.580409	decode_checksum	2413897862	PASS
tp_ep_all_layer_item	layer	17	ratio	128	total_rows	232	dense_rows	80	control_rows	120	expert_rows	16	kv_rows	8	comp_rows	8	decode_ms_per_step	0.872754	decode_slot_step_tok_s	36665.533702	decode_ep_ms_per_step	0.292243	decode_dense_ms_per_step	0.000000	decode_compose_ms_per_step	0.580328	decode_checksum	4107675936	PASS
tp_ep_all_layer_item	layer	18	ratio	4	total_rows	288	dense_rows	112	control_rows	136	expert_rows	16	kv_rows	16	comp_rows	8	decode_ms_per_step	0.882071	decode_slot_step_tok_s	36278.243151	decode_ep_ms_per_step	0.296630	decode_dense_ms_per_step	0.000000	decode_compose_ms_per_step	0.585265	decode_checksum	37361686	PASS
tp_ep_all_layer_item	layer	19	ratio	128	total_rows	232	dense_rows	80	control_rows	120	expert_rows	16	kv_rows	8	comp_rows	8	decode_ms_per_step	0.882375	decode_slot_step_tok_s	36265.746049	decode_ep_ms_per_step	0.288796	decode_dense_ms_per_step	0.000000	decode_compose_ms_per_step	0.593391	decode_checksum	2212896144	PASS
tp_ep_all_layer_item	layer	20	ratio	4	total_rows	288	dense_rows	112	control_rows	136	expert_rows	16	kv_rows	16	comp_rows	8	decode_ms_per_step	0.894129	decode_slot_step_tok_s	35789.027263	decode_ep_ms_per_step	0.299461	decode_dense_ms_per_step	0.000000	decode_compose_ms_per_step	0.594478	decode_checksum	31300357	PASS
tp_ep_all_layer_item	layer	21	ratio	128	total_rows	232	dense_rows	80	control_rows	120	expert_rows	16	kv_rows	8	comp_rows	8	decode_ms_per_step	0.867940	decode_slot_step_tok_s	36868.892697	decode_ep_ms_per_step	0.283421	decode_dense_ms_per_step	0.000000	decode_compose_ms_per_step	0.584334	decode_checksum	2043177150	PASS
tp_ep_all_layer_item	layer	22	ratio	4	total_rows	288	dense_rows	112	control_rows	136	expert_rows	16	kv_rows	16	comp_rows	8	decode_ms_per_step	0.884199	decode_slot_step_tok_s	36190.947147	decode_ep_ms_per_step	0.296719	decode_dense_ms_per_step	0.000000	decode_compose_ms_per_step	0.587302	decode_checksum	149368565	PASS
tp_ep_all_layer_item	layer	23	ratio	128	total_rows	232	dense_rows	80	control_rows	120	expert_rows	16	kv_rows	8	comp_rows	8	decode_ms_per_step	1.257582	decode_slot_step_tok_s	25445.664108	decode_ep_ms_per_step	0.396637	decode_dense_ms_per_step	0.000000	decode_compose_ms_per_step	0.860524	decode_checksum	4087920758	PASS
tp_ep_all_layer_item	layer	24	ratio	4	total_rows	288	dense_rows	112	control_rows	136	expert_rows	16	kv_rows	16	comp_rows	8	decode_ms_per_step	0.861747	decode_slot_step_tok_s	37133.866172	decode_ep_ms_per_step	0.286902	decode_dense_ms_per_step	0.000000	decode_compose_ms_per_step	0.574674	decode_checksum	2232151951	PASS
tp_ep_all_layer_item	layer	25	ratio	128	total_rows	232	dense_rows	80	control_rows	120	expert_rows	16	kv_rows	8	comp_rows	8	decode_ms_per_step	0.887552	decode_slot_step_tok_s	36054.212556	decode_ep_ms_per_step	0.299369	decode_dense_ms_per_step	0.000000	decode_compose_ms_per_step	0.588021	decode_checksum	2259995728	PASS
tp_ep_all_layer_item	layer	26	ratio	4	total_rows	288	dense_rows	112	control_rows	136	expert_rows	16	kv_rows	16	comp_rows	8	decode_ms_per_step	0.889867	decode_slot_step_tok_s	35960.434083	decode_ep_ms_per_step	0.296583	decode_dense_ms_per_step	0.000000	decode_compose_ms_per_step	0.593114	decode_checksum	4173975789	PASS
tp_ep_all_layer_item	layer	27	ratio	128	total_rows	232	dense_rows	80	control_rows	120	expert_rows	16	kv_rows	8	comp_rows	8	decode_ms_per_step	0.858001	decode_slot_step_tok_s	37296.005129	decode_ep_ms_per_step	0.286570	decode_dense_ms_per_step	0.000000	decode_compose_ms_per_step	0.571245	decode_checksum	1958048886	PASS
tp_ep_all_layer_item	layer	28	ratio	4	total_rows	288	dense_rows	112	control_rows	136	expert_rows	16	kv_rows	16	comp_rows	8	decode_ms_per_step	0.875421	decode_slot_step_tok_s	36553.845963	decode_ep_ms_per_step	0.294009	decode_dense_ms_per_step	0.000000	decode_compose_ms_per_step	0.581246	decode_checksum	12572607	PASS
tp_ep_all_layer_item	layer	29	ratio	128	total_rows	232	dense_rows	80	control_rows	120	expert_rows	16	kv_rows	8	comp_rows	8	decode_ms_per_step	0.870073	decode_slot_step_tok_s	36778.522336	decode_ep_ms_per_step	0.290332	decode_dense_ms_per_step	0.000000	decode_compose_ms_per_step	0.579557	decode_checksum	1939549931	PASS
tp_ep_all_layer_item	layer	30	ratio	4	total_rows	288	dense_rows	112	control_rows	136	expert_rows	16	kv_rows	16	comp_rows	8	decode_ms_per_step	0.868824	decode_slot_step_tok_s	36831.412038	decode_ep_ms_per_step	0.290358	decode_dense_ms_per_step	0.000000	decode_compose_ms_per_step	0.578290	decode_checksum	2245266299	PASS
tp_ep_all_layer_item	layer	31	ratio	128	total_rows	232	dense_rows	80	control_rows	120	expert_rows	16	kv_rows	8	comp_rows	8	decode_ms_per_step	0.872470	decode_slot_step_tok_s	36677.487290	decode_ep_ms_per_step	0.295238	decode_dense_ms_per_step	0.000000	decode_compose_ms_per_step	0.577042	decode_checksum	4092244362	PASS
tp_ep_all_layer_item	layer	32	ratio	4	total_rows	288	dense_rows	112	control_rows	136	expert_rows	16	kv_rows	16	comp_rows	8	decode_ms_per_step	0.871217	decode_slot_step_tok_s	36730.247644	decode_ep_ms_per_step	0.292145	decode_dense_ms_per_step	0.000000	decode_compose_ms_per_step	0.578885	decode_checksum	1929924991	PASS
tp_ep_all_layer_item	layer	33	ratio	128	total_rows	232	dense_rows	80	control_rows	120	expert_rows	16	kv_rows	8	comp_rows	8	decode_ms_per_step	0.868377	decode_slot_step_tok_s	36850.371990	decode_ep_ms_per_step	0.289889	decode_dense_ms_per_step	0.000000	decode_compose_ms_per_step	0.578300	decode_checksum	154974069	PASS
tp_ep_all_layer_item	layer	34	ratio	4	total_rows	288	dense_rows	112	control_rows	136	expert_rows	16	kv_rows	16	comp_rows	8	decode_ms_per_step	0.878732	decode_slot_step_tok_s	36416.109495	decode_ep_ms_per_step	0.292276	decode_dense_ms_per_step	0.000000	decode_compose_ms_per_step	0.586075	decode_checksum	4247159498	PASS
tp_ep_all_layer_item	layer	35	ratio	128	total_rows	232	dense_rows	80	control_rows	120	expert_rows	16	kv_rows	8	comp_rows	8	decode_ms_per_step	0.878195	decode_slot_step_tok_s	36438.375613	decode_ep_ms_per_step	0.296365	decode_dense_ms_per_step	0.000000	decode_compose_ms_per_step	0.581639	decode_checksum	1960134344	PASS
tp_ep_all_layer_item	layer	36	ratio	4	total_rows	288	dense_rows	112	control_rows	136	expert_rows	16	kv_rows	16	comp_rows	8	decode_ms_per_step	0.872042	decode_slot_step_tok_s	36695.481105	decode_ep_ms_per_step	0.294437	decode_dense_ms_per_step	0.000000	decode_compose_ms_per_step	0.577421	decode_checksum	2318643187	PASS
tp_ep_all_layer_item	layer	37	ratio	128	total_rows	232	dense_rows	80	control_rows	120	expert_rows	16	kv_rows	8	comp_rows	8	decode_ms_per_step	0.880647	decode_slot_step_tok_s	36336.935323	decode_ep_ms_per_step	0.295177	decode_dense_ms_per_step	0.000000	decode_compose_ms_per_step	0.585282	decode_checksum	2051082468	PASS
tp_ep_all_layer_item	layer	38	ratio	4	total_rows	288	dense_rows	112	control_rows	136	expert_rows	16	kv_rows	16	comp_rows	8	decode_ms_per_step	0.862860	decode_slot_step_tok_s	37085.971633	decode_ep_ms_per_step	0.287165	decode_dense_ms_per_step	0.000000	decode_compose_ms_per_step	0.575517	decode_checksum	2208797608	PASS
tp_ep_all_layer_item	layer	39	ratio	128	total_rows	232	dense_rows	80	control_rows	120	expert_rows	16	kv_rows	8	comp_rows	8	decode_ms_per_step	0.861552	decode_slot_step_tok_s	37142.288998	decode_ep_ms_per_step	0.290711	decode_dense_ms_per_step	0.000000	decode_compose_ms_per_step	0.570656	decode_checksum	1901862423	PASS
tp_ep_all_layer_item	layer	40	ratio	4	total_rows	288	dense_rows	112	control_rows	136	expert_rows	16	kv_rows	16	comp_rows	8	decode_ms_per_step	0.881646	decode_slot_step_tok_s	36295.752583	decode_ep_ms_per_step	0.296814	decode_dense_ms_per_step	0.000000	decode_compose_ms_per_step	0.584642	decode_checksum	1971716968	PASS
tp_ep_all_layer_item	layer	41	ratio	128	total_rows	232	dense_rows	80	control_rows	120	expert_rows	16	kv_rows	8	comp_rows	8	decode_ms_per_step	0.875508	decode_slot_step_tok_s	36550.201050	decode_ep_ms_per_step	0.294864	decode_dense_ms_per_step	0.000000	decode_compose_ms_per_step	0.580484	decode_checksum	4100126953	PASS
tp_ep_all_layer_item	layer	42	ratio	4	total_rows	288	dense_rows	112	control_rows	136	expert_rows	16	kv_rows	16	comp_rows	8	decode_ms_per_step	0.868794	decode_slot_step_tok_s	36832.671132	decode_ep_ms_per_step	0.288920	decode_dense_ms_per_step	0.000000	decode_compose_ms_per_step	0.579691	decode_checksum	260576764	PASS
tp_ep_all_layer_scaffold	layers	43	pass_layers	43	slots	32	ctx	262144	decode_steps_per_layer	50	descriptor_checks	0	predecode_probes	0	shared_api	1	shared_rank_buffers	1	shared_tp_runtime	0	shared_expert_bindings	1	overlap_ep_dense	1	sum_decode_ms_per_token	38.470986	projected_slot_step_tok_s	831.795688	sum_ep_ms	12.853440	sum_dense_ms	0.000000	sum_compose_ms	25.608539	wall_ms	13852.149469	checksum	204721433	PASS
