==69086== NVPROF is profiling process 69086, command: ./tools/ds4-v100-replay --serve --model /models/DSv4-Flash-256e-fixed.gguf --ctx 262144 --slots 8 --active-microbatch 8 --microbatch-wait-us 50000 --queue-policy sequential --tokens 16 --host 127.0.0.1 --port 18353 --appliance-dir /workspace/ds4-appliance
==69086== Profiling application: ./tools/ds4-v100-replay --serve --model /models/DSv4-Flash-256e-fixed.gguf --ctx 262144 --slots 8 --active-microbatch 8 --microbatch-wait-us 50000 --queue-policy sequential --tokens 16 --host 127.0.0.1 --port 18353 --appliance-dir /workspace/ds4-appliance
==69086== Profiling result:
            Type  Time(%)      Time     Calls       Avg       Min       Max  Name
 GPU activities:   38.97%  721.60ms     11088  65.079us  18.016us  162.72us  arena_f8_e4m3_b128_matmul_rows2_kernel(float*, unsigned char const *, float const *, unsigned int, unsigned int, unsigned int)
                   25.42%  470.85ms      4752  99.083us  67.936us  174.62us  void turbomind::gemm::gemm_kernel<turbomind::gemm::GemmUniversal<turbomind::gemm::Sm70, turbomind::gemm::MainloopSm70<turbomind::gemm::Tiled_MMA_v2<turbomind::gemm::SM70_MMA_884, turbomind::gemm::MMA_Map<int=8, int=128, int=64, int=8, int=32, int=8, turbomind::gemm::Blocked<int=1, int=4, turbomind::gemm::Order>, int=1, bool=0>, turbomind::gemm::Order>, turbomind::gemm::sm70_s884::Operand_A<__half>, turbomind::gemm::IteratorSm70<turbomind::gemm::Striding, turbomind::cache_policy::Default>, turbomind::gemm::Transform_Default, turbomind::gemm::VoidOperand, int=1, turbomind::gemm::sm70_s884::Operand_B_Pack<turbomind::fp4_e2m1_t>, turbomind::gemm::IteratorSm70<turbomind::gemm::Striding, turbomind::cache_policy::Stream>, turbomind::gemm::Transform_HMMA_SIMT_B, turbomind::gemm::sm70_s884::Operand_V_Pack<unsigned char>, int=32, int=2, bool=1>, turbomind::gemm::Epilogue_<__half, int=8, int=128, int=8, int=128, int=128, turbomind::gemm::Rearrange<turbomind::gemm::Tiled_MMA_v2<turbomind::gemm::SM70_MMA_884, turbomind::gemm::MMA_Map<int=8, int=128, int=64, int=8, int=32, int=8, turbomind::gemm::Blocked<int=1, int=4, turbomind::gemm::Order>, int=1, bool=0>, turbomind::gemm::Order>>, turbomind::gemm::sm70_s884::Operand_C<float, turbomind::gemm::Order>, turbomind::gemm::Striding, bool=1>, turbomind::gemm::SchedulerSm70<turbomind::gemm::Order, int=8, int=128, int=64, int=64, int=1, int=0>>, turbomind::gemm::GemmParam, turbomind::gemm::EpilogueParam, turbomind::gemm::SchedulerSm70<turbomind::gemm::Order, int=8, int=128, int=64, int=64, int=1, int=0>>(turbomind::gemm::SM70_MMA_884, int=8, int=128)
                   12.39%  229.41ms      1584  144.83us  141.57us  161.63us  arena_f8_e4m3_b128_matmul_grouped_rows2_kernel(float*, unsigned char const *, float const *, unsigned int, unsigned int, unsigned int, unsigned int)
                    4.59%  84.944ms      3168  26.813us  25.280us  30.816us  matmul_f32_kernel(float*, float const *, float const *, unsigned long, unsigned long, unsigned long)
                    2.98%  55.123ms      3168  17.399us  16.544us  20.992us  rms_norm_plain_kernel(float*, float const *, unsigned int, unsigned int, float)
                    2.91%  53.808ms      1584  33.969us  20.031us  58.592us  attention_decode_mixed_kernel(float*, float const *, float const *, float const *, float const *, float const *, unsigned int, unsigned int, unsigned int, unsigned int, unsigned int, unsigned int, unsigned int, unsigned int, unsigned int, unsigned int, unsigned int)
                    2.55%  47.251ms      3168  14.915us  9.5680us  24.672us  arena_bf16_matmul_kernel(float*, unsigned short const *, float const *, unsigned int, unsigned int, unsigned int)
                    2.40%  44.372ms      6592  6.7310us  2.2710us  12.160us  rms_norm_weight_kernel(float*, float const *, float const *, unsigned int, unsigned int, float)
                    1.48%  27.416ms      3168  8.6540us  8.1280us  12.255us  hc_split_weighted_sum_fused_kernel(float*, float*, float const *, float const *, float const *, float const *, unsigned int, unsigned int, unsigned int, unsigned int, float)
                    1.15%  21.222ms      1584  13.397us  13.119us  15.840us  tm_prefix_offsets_kernel(int*, int*, int const *, unsigned int)
                    1.00%  18.487ms      1584  11.670us  10.816us  13.344us  arena_f32_matmul_kernel(float*, float const *, float const *, unsigned int, unsigned int, unsigned int)
                    0.55%  10.207ms      1584  6.4430us  4.1910us  10.720us  router_select_warp_topk_kernel(int*, float*, float*, float const *, int const *, float const *, int const *, int, unsigned int, unsigned int, int, int)
                    0.50%  9.2684ms      3168  2.9250us  2.5910us  3.9040us  hc_expand_kernel(float*, float const *, float const *, float const *, float const *, float const *, unsigned int, unsigned int, unsigned int, unsigned int, unsigned int, int)
                    0.45%  8.3550ms      5008  1.6680us  1.3110us  10.495us  rope_tail_kernel(float*, unsigned int, unsigned int, unsigned int, unsigned int, unsigned int, unsigned int, int, float, float, float, float, float, float)
                    0.44%  8.2045ms      4983  1.6460us  1.0240us  7.6160us  [CUDA memcpy DtoH]
                    0.31%  5.6838ms      1584  3.5880us  3.1030us  4.5760us  head_rms_norm_kernel(float*, unsigned int, unsigned int, unsigned int, float)
                    0.30%  5.6323ms      4752  1.1850us     863ns  6.1430us  [CUDA memset]
                    0.18%  3.3066ms      1584  2.0870us  1.9520us  2.6880us  tm_gather_f32_to_f16_kernel(__half*, float const *, float const * const *, int const *, unsigned int, unsigned int, unsigned int)
                    0.18%  3.2879ms      1584  2.0750us  1.7910us  11.904us  swiglu_kernel(float*, float const *, float const *, unsigned int, float, float)
                    0.17%  3.2378ms      1584  2.0440us  1.7600us  8.6080us  add_kernel(float*, float const *, float const *, unsigned int)
                    0.17%  3.2221ms      1584  2.0340us  1.6630us  12.256us  compressor_store_kernel(float const *, float const *, float*, float*, void const *, unsigned long, unsigned int, unsigned int, unsigned int, unsigned int, unsigned int)
                    0.16%  2.8943ms      1584  1.8270us  1.7270us  5.5680us  tm_swiglu_half_kernel(__half*, __half const *, __half const *, float const *, unsigned int, unsigned int, float)
                    0.15%  2.8335ms      1584  1.7880us  1.7270us  2.3360us  tm_scatter_routes_kernel(int*, float*, int*, int*, int const *, float const *, unsigned int, unsigned int)
                    0.15%  2.7385ms      1584  1.7280us  1.6630us  2.2080us  tm_scatter_sum_half_to_f32_kernel(float*, __half const *, int const *, unsigned int, unsigned int, unsigned int)
                    0.12%  2.2712ms      1584  1.4330us  1.3750us  5.2480us  store_raw_kv_batch_kernel(float*, float const *, unsigned int, unsigned int, unsigned int, unsigned int)
                    0.12%  2.2510ms      1584  1.4210us  1.3440us  1.9200us  tm_count_routes_kernel(int*, int*, int const *, unsigned int, unsigned int)
                    0.10%  1.8367ms       231  7.9510us  7.4880us  15.552us  [CUDA memcpy HtoD]
                    0.04%  686.42us       256  2.6810us  1.9510us  3.6810us  compressor_update_pool_kernel(float*, float const *, float const *, unsigned int, unsigned int)
                    0.02%  454.61us       264  1.7220us  1.5670us  12.416us  embed_token_hc_kernel(float*, unsigned short const *, unsigned int, unsigned int, unsigned int)
                    0.02%  417.75us       256  1.6310us  1.4390us  2.0800us  compressor_shift_ratio4_kernel(float*, float*, unsigned int)
                    0.02%  327.17us       208  1.5720us  1.2470us  12.255us  fill_f32_kernel(float*, unsigned long, float)
                    0.02%  319.20us       256  1.2460us  1.1520us  1.6310us  f32_f16_round_kernel(float*, unsigned long)
      API calls:   68.14%  1.24935s      4752  262.91us  16.089us  1.3986ms  cudaMemcpy
                   21.87%  400.91ms     68280  5.8710us  3.0280us  1.5494ms  cudaLaunchKernel
                    3.22%  59.012ms     68259     864ns     370ns  904.37us  cudaSetDevice
                    1.98%  36.220ms     74968     483ns     227ns  683.80us  cudaGetDevice
                    1.89%  34.575ms       297  116.41us  5.3220us  301.42us  cudaDeviceSynchronize
                    1.46%  26.743ms      4752  5.6270us  2.1440us  637.55us  cudaMemset
                    0.95%  17.462ms     68280     255ns     122ns  671.72us  cudaGetLastError
                    0.50%  9.1827ms        37  248.18us  2.5230us  8.9190ms  cudaFree
                    0.00%  9.7640us         1  9.7640us  9.7640us  9.7640us  cuDeviceGetCount
