tp_ep_tensor_stats	tag	true_attn_q_a_full	layer	0	rank	0	elems	32768	finite_bad	0	first_bad	18446744073709551615	max_abs	0.221705362
tp_ep_tensor_stats	tag	true_attn_kv_normed	layer	0	rank	0	elems	16384	finite_bad	0	first_bad	18446744073709551615	max_abs	4.34364033
tp_ep_tensor_stats	tag	true_attn_q_b_shard	layer	0	rank	0	elems	131072	finite_bad	0	first_bad	18446744073709551615	max_abs	0.388993263
tp_ep_tensor_stats	tag	true_attn_q_b_shard	layer	0	rank	1	elems	131072	finite_bad	0	first_bad	18446744073709551615	max_abs	0.548253298
tp_ep_tensor_stats	tag	true_attn_q_b_shard	layer	0	rank	2	elems	131072	finite_bad	0	first_bad	18446744073709551615	max_abs	0.172012836
tp_ep_tensor_stats	tag	true_attn_q_b_shard	layer	0	rank	3	elems	131072	finite_bad	0	first_bad	18446744073709551615	max_abs	0.717421114
tp_ep_tensor_stats	tag	true_attn_q_b_shard	layer	0	rank	4	elems	131072	finite_bad	0	first_bad	18446744073709551615	max_abs	0.159261376
tp_ep_tensor_stats	tag	true_attn_q_b_shard	layer	0	rank	5	elems	131072	finite_bad	0	first_bad	18446744073709551615	max_abs	0.488450855
tp_ep_tensor_stats	tag	true_attn_q_b_shard	layer	0	rank	6	elems	131072	finite_bad	0	first_bad	18446744073709551615	max_abs	0.208499119
tp_ep_tensor_stats	tag	true_attn_q_b_shard	layer	0	rank	7	elems	131072	finite_bad	0	first_bad	18446744073709551615	max_abs	0.291844696
tp_ep_tensor_stats	tag	true_attn_q_heads_normed_shard	layer	0	rank	0	elems	131072	finite_bad	0	first_bad	18446744073709551615	max_abs	9.19402885
tp_ep_tensor_stats	tag	true_attn_q_heads_normed_shard	layer	0	rank	1	elems	131072	finite_bad	0	first_bad	18446744073709551615	max_abs	12.0362005
tp_ep_tensor_stats	tag	true_attn_q_heads_normed_shard	layer	0	rank	2	elems	131072	finite_bad	0	first_bad	18446744073709551615	max_abs	5.80534506
tp_ep_tensor_stats	tag	true_attn_q_heads_normed_shard	layer	0	rank	3	elems	131072	finite_bad	0	first_bad	18446744073709551615	max_abs	15.9490948
tp_ep_tensor_stats	tag	true_attn_q_heads_normed_shard	layer	0	rank	4	elems	131072	finite_bad	0	first_bad	18446744073709551615	max_abs	6.55214357
tp_ep_tensor_stats	tag	true_attn_q_heads_normed_shard	layer	0	rank	5	elems	131072	finite_bad	0	first_bad	18446744073709551615	max_abs	10.0689192
tp_ep_tensor_stats	tag	true_attn_q_heads_normed_shard	layer	0	rank	6	elems	131072	finite_bad	0	first_bad	18446744073709551615	max_abs	7.14046526
tp_ep_tensor_stats	tag	true_attn_q_heads_normed_shard	layer	0	rank	7	elems	131072	finite_bad	0	first_bad	18446744073709551615	max_abs	7.66013908
tp_ep_tensor_stats	tag	true_attn_raw_swa_rank0	layer	0	rank	0	elems	2097152	finite_bad	0	first_bad	18446744073709551615	max_abs	3.88085938
tp_ep_tensor_stats	tag	true_attn_raw_window_heads	layer	0	rank	0	elems	131072	finite_bad	0	first_bad	18446744073709551615	max_abs	3.81471348
tp_ep_tensor_stats	tag	true_attn_raw_window_heads	layer	0	rank	1	elems	131072	finite_bad	0	first_bad	18446744073709551615	max_abs	3.82375145
tp_ep_tensor_stats	tag	true_attn_raw_window_heads	layer	0	rank	2	elems	131072	finite_bad	0	first_bad	18446744073709551615	max_abs	3.12319326
tp_ep_tensor_stats	tag	true_attn_raw_window_heads	layer	0	rank	3	elems	131072	finite_bad	0	first_bad	18446744073709551615	max_abs	3.79884243
tp_ep_tensor_stats	tag	true_attn_raw_window_heads	layer	0	rank	4	elems	131072	finite_bad	0	first_bad	18446744073709551615	max_abs	3.47079563
tp_ep_tensor_stats	tag	true_attn_raw_window_heads	layer	0	rank	5	elems	131072	finite_bad	0	first_bad	18446744073709551615	max_abs	3.87351418
tp_ep_tensor_stats	tag	true_attn_raw_window_heads	layer	0	rank	6	elems	131072	finite_bad	0	first_bad	18446744073709551615	max_abs	3.86487079
tp_ep_tensor_stats	tag	true_attn_raw_window_heads	layer	0	rank	7	elems	131072	finite_bad	0	first_bad	18446744073709551615	max_abs	3.83641934
tp_ep_tensor_stats	tag	true_attn_q_a_full	layer	1	rank	0	elems	32768	finite_bad	0	first_bad	18446744073709551615	max_abs	0.336438328
tp_ep_tensor_stats	tag	true_attn_kv_normed	layer	1	rank	0	elems	16384	finite_bad	0	first_bad	18446744073709551615	max_abs	9.63699818
tp_ep_tensor_stats	tag	true_attn_q_b_shard	layer	1	rank	0	elems	131072	finite_bad	0	first_bad	18446744073709551615	max_abs	0.532411635
tp_ep_tensor_stats	tag	true_attn_q_b_shard	layer	1	rank	1	elems	131072	finite_bad	0	first_bad	18446744073709551615	max_abs	0.451910436
tp_ep_tensor_stats	tag	true_attn_q_b_shard	layer	1	rank	2	elems	131072	finite_bad	0	first_bad	18446744073709551615	max_abs	0.412391067
tp_ep_tensor_stats	tag	true_attn_q_b_shard	layer	1	rank	3	elems	131072	finite_bad	0	first_bad	18446744073709551615	max_abs	0.446086943
tp_ep_tensor_stats	tag	true_attn_q_b_shard	layer	1	rank	4	elems	131072	finite_bad	0	first_bad	18446744073709551615	max_abs	0.46649766
tp_ep_tensor_stats	tag	true_attn_q_b_shard	layer	1	rank	5	elems	131072	finite_bad	0	first_bad	18446744073709551615	max_abs	0.528247774
tp_ep_tensor_stats	tag	true_attn_q_b_shard	layer	1	rank	6	elems	131072	finite_bad	0	first_bad	18446744073709551615	max_abs	0.669466496
tp_ep_tensor_stats	tag	true_attn_q_b_shard	layer	1	rank	7	elems	131072	finite_bad	0	first_bad	18446744073709551615	max_abs	0.439795971
tp_ep_tensor_stats	tag	true_attn_q_heads_normed_shard	layer	1	rank	0	elems	131072	finite_bad	0	first_bad	18446744073709551615	max_abs	11.0493965
tp_ep_tensor_stats	tag	true_attn_q_heads_normed_shard	layer	1	rank	1	elems	131072	finite_bad	0	first_bad	18446744073709551615	max_abs	12.326684
tp_ep_tensor_stats	tag	true_attn_q_heads_normed_shard	layer	1	rank	2	elems	131072	finite_bad	0	first_bad	18446744073709551615	max_abs	12.2201872
tp_ep_tensor_stats	tag	true_attn_q_heads_normed_shard	layer	1	rank	3	elems	131072	finite_bad	0	first_bad	18446744073709551615	max_abs	10.1541224
tp_ep_tensor_stats	tag	true_attn_q_heads_normed_shard	layer	1	rank	4	elems	131072	finite_bad	0	first_bad	18446744073709551615	max_abs	11.0701189
tp_ep_tensor_stats	tag	true_attn_q_heads_normed_shard	layer	1	rank	5	elems	131072	finite_bad	0	first_bad	18446744073709551615	max_abs	10.9450464
tp_ep_tensor_stats	tag	true_attn_q_heads_normed_shard	layer	1	rank	6	elems	131072	finite_bad	0	first_bad	18446744073709551615	max_abs	11.1124563
tp_ep_tensor_stats	tag	true_attn_q_heads_normed_shard	layer	1	rank	7	elems	131072	finite_bad	0	first_bad	18446744073709551615	max_abs	9.67154217
tp_ep_tensor_stats	tag	true_attn_raw_swa_rank0	layer	1	rank	0	elems	2097152	finite_bad	0	first_bad	18446744073709551615	max_abs	8.4609375
tp_ep_tensor_stats	tag	true_attn_raw_window_heads	layer	1	rank	0	elems	131072	finite_bad	0	first_bad	18446744073709551615	max_abs	5.88478565
tp_ep_tensor_stats	tag	true_attn_raw_window_heads	layer	1	rank	1	elems	131072	finite_bad	0	first_bad	18446744073709551615	max_abs	4.28679514
tp_ep_tensor_stats	tag	true_attn_raw_window_heads	layer	1	rank	2	elems	131072	finite_bad	0	first_bad	18446744073709551615	max_abs	7.46295786
tp_ep_tensor_stats	tag	true_attn_raw_window_heads	layer	1	rank	3	elems	131072	finite_bad	0	first_bad	18446744073709551615	max_abs	5.60273409
tp_ep_tensor_stats	tag	true_attn_raw_window_heads	layer	1	rank	4	elems	131072	finite_bad	0	first_bad	18446744073709551615	max_abs	7.4112792
tp_ep_tensor_stats	tag	true_attn_raw_window_heads	layer	1	rank	5	elems	131072	finite_bad	0	first_bad	18446744073709551615	max_abs	7.28697824
tp_ep_tensor_stats	tag	true_attn_raw_window_heads	layer	1	rank	6	elems	131072	finite_bad	0	first_bad	18446744073709551615	max_abs	7.58123207
tp_ep_tensor_stats	tag	true_attn_raw_window_heads	layer	1	rank	7	elems	131072	finite_bad	0	first_bad	18446744073709551615	max_abs	8.09366226
tp_ep_tensor_stats	tag	true_attn_q_a_full	layer	2	rank	0	elems	32768	finite_bad	0	first_bad	18446744073709551615	max_abs	0.27031371
tp_ep_tensor_stats	tag	true_attn_kv_normed	layer	2	rank	0	elems	16384	finite_bad	0	first_bad	18446744073709551615	max_abs	2.0996778
tp_ep_tensor_stats	tag	true_attn_q_b_shard	layer	2	rank	0	elems	131072	finite_bad	0	first_bad	18446744073709551615	max_abs	0.169079423
tp_ep_tensor_stats	tag	true_attn_q_b_shard	layer	2	rank	1	elems	131072	finite_bad	0	first_bad	18446744073709551615	max_abs	0.159306705
tp_ep_tensor_stats	tag	true_attn_q_b_shard	layer	2	rank	2	elems	131072	finite_bad	0	first_bad	18446744073709551615	max_abs	0.135045767
tp_ep_tensor_stats	tag	true_attn_q_b_shard	layer	2	rank	3	elems	131072	finite_bad	0	first_bad	18446744073709551615	max_abs	0.213863105
tp_ep_tensor_stats	tag	true_attn_q_b_shard	layer	2	rank	4	elems	131072	finite_bad	0	first_bad	18446744073709551615	max_abs	0.130038112
tp_ep_tensor_stats	tag	true_attn_q_b_shard	layer	2	rank	5	elems	131072	finite_bad	0	first_bad	18446744073709551615	max_abs	0.190398127
tp_ep_tensor_stats	tag	true_attn_q_b_shard	layer	2	rank	6	elems	131072	finite_bad	0	first_bad	18446744073709551615	max_abs	0.19489716
tp_ep_tensor_stats	tag	true_attn_q_b_shard	layer	2	rank	7	elems	131072	finite_bad	0	first_bad	18446744073709551615	max_abs	0.157385394
tp_ep_tensor_stats	tag	true_attn_q_heads_normed_shard	layer	2	rank	0	elems	131072	finite_bad	0	first_bad	18446744073709551615	max_abs	6.4347887
tp_ep_tensor_stats	tag	true_attn_q_heads_normed_shard	layer	2	rank	1	elems	131072	finite_bad	0	first_bad	18446744073709551615	max_abs	6.12077045
tp_ep_tensor_stats	tag	true_attn_q_heads_normed_shard	layer	2	rank	2	elems	131072	finite_bad	0	first_bad	18446744073709551615	max_abs	5.46977329
tp_ep_tensor_stats	tag	true_attn_q_heads_normed_shard	layer	2	rank	3	elems	131072	finite_bad	0	first_bad	18446744073709551615	max_abs	5.03839207
tp_ep_tensor_stats	tag	true_attn_q_heads_normed_shard	layer	2	rank	4	elems	131072	finite_bad	0	first_bad	18446744073709551615	max_abs	6.52702332
tp_ep_tensor_stats	tag	true_attn_q_heads_normed_shard	layer	2	rank	5	elems	131072	finite_bad	0	first_bad	18446744073709551615	max_abs	5.15028143
tp_ep_tensor_stats	tag	true_attn_q_heads_normed_shard	layer	2	rank	6	elems	131072	finite_bad	0	first_bad	18446744073709551615	max_abs	7.14542294
tp_ep_tensor_stats	tag	true_attn_q_heads_normed_shard	layer	2	rank	7	elems	131072	finite_bad	0	first_bad	18446744073709551615	max_abs	3.99370146
tp_ep_tensor_stats	tag	true_attn_raw_swa_rank0	layer	2	rank	0	elems	2097152	finite_bad	0	first_bad	18446744073709551615	max_abs	2
tp_ep_tensor_stats	tag	true_attn_raw_window_heads	layer	2	rank	0	elems	131072	finite_bad	0	first_bad	18446744073709551615	max_abs	1.77579463
tp_ep_tensor_stats	tag	true_attn_raw_window_heads	layer	2	rank	1	elems	131072	finite_bad	0	first_bad	18446744073709551615	max_abs	1.89252591
tp_ep_tensor_stats	tag	true_attn_raw_window_heads	layer	2	rank	2	elems	131072	finite_bad	0	first_bad	18446744073709551615	max_abs	1.67093086
tp_ep_tensor_stats	tag	true_attn_raw_window_heads	layer	2	rank	3	elems	131072	finite_bad	0	first_bad	18446744073709551615	max_abs	1.91152108
tp_ep_tensor_stats	tag	true_attn_raw_window_heads	layer	2	rank	4	elems	131072	finite_bad	0	first_bad	18446744073709551615	max_abs	1.70467067
tp_ep_tensor_stats	tag	true_attn_raw_window_heads	layer	2	rank	5	elems	131072	finite_bad	0	first_bad	18446744073709551615	max_abs	1.65941775
tp_ep_tensor_stats	tag	true_attn_raw_window_heads	layer	2	rank	6	elems	131072	finite_bad	0	first_bad	18446744073709551615	max_abs	1.99600613
tp_ep_tensor_stats	tag	true_attn_raw_window_heads	layer	2	rank	7	elems	131072	finite_bad	0	first_bad	18446744073709551615	max_abs	1.86736488
tp_ep_tensor_stats	tag	true_attn_q_a_full	layer	0	rank	0	elems	32768	finite_bad	0	first_bad	18446744073709551615	max_abs	0.277532101
tp_ep_tensor_stats	tag	true_attn_kv_normed	layer	0	rank	0	elems	16384	finite_bad	0	first_bad	18446744073709551615	max_abs	5.32373524
tp_ep_tensor_stats	tag	true_attn_q_b_shard	layer	0	rank	0	elems	131072	finite_bad	0	first_bad	18446744073709551615	max_abs	0.398501933
tp_ep_tensor_stats	tag	true_attn_q_b_shard	layer	0	rank	1	elems	131072	finite_bad	0	first_bad	18446744073709551615	max_abs	0.542924047
tp_ep_tensor_stats	tag	true_attn_q_b_shard	layer	0	rank	2	elems	131072	finite_bad	0	first_bad	18446744073709551615	max_abs	0.676338196
tp_ep_tensor_stats	tag	true_attn_q_b_shard	layer	0	rank	3	elems	131072	finite_bad	0	first_bad	18446744073709551615	max_abs	0.604692459
tp_ep_tensor_stats	tag	true_attn_q_b_shard	layer	0	rank	4	elems	131072	finite_bad	0	first_bad	18446744073709551615	max_abs	0.402023345
tp_ep_tensor_stats	tag	true_attn_q_b_shard	layer	0	rank	5	elems	131072	finite_bad	0	first_bad	18446744073709551615	max_abs	0.449804425
tp_ep_tensor_stats	tag	true_attn_q_b_shard	layer	0	rank	6	elems	131072	finite_bad	0	first_bad	18446744073709551615	max_abs	0.39309603
tp_ep_tensor_stats	tag	true_attn_q_b_shard	layer	0	rank	7	elems	131072	finite_bad	0	first_bad	18446744073709551615	max_abs	0.432605386
tp_ep_tensor_stats	tag	true_attn_q_heads_normed_shard	layer	0	rank	0	elems	131072	finite_bad	0	first_bad	18446744073709551615	max_abs	10.3717346
tp_ep_tensor_stats	tag	true_attn_q_heads_normed_shard	layer	0	rank	1	elems	131072	finite_bad	0	first_bad	18446744073709551615	max_abs	11.4892626
tp_ep_tensor_stats	tag	true_attn_q_heads_normed_shard	layer	0	rank	2	elems	131072	finite_bad	0	first_bad	18446744073709551615	max_abs	13.1006012
tp_ep_tensor_stats	tag	true_attn_q_heads_normed_shard	layer	0	rank	3	elems	131072	finite_bad	0	first_bad	18446744073709551615	max_abs	14.9444342
tp_ep_tensor_stats	tag	true_attn_q_heads_normed_shard	layer	0	rank	4	elems	131072	finite_bad	0	first_bad	18446744073709551615	max_abs	8.66576958
tp_ep_tensor_stats	tag	true_attn_q_heads_normed_shard	layer	0	rank	5	elems	131072	finite_bad	0	first_bad	18446744073709551615	max_abs	10.4310532
tp_ep_tensor_stats	tag	true_attn_q_heads_normed_shard	layer	0	rank	6	elems	131072	finite_bad	0	first_bad	18446744073709551615	max_abs	10.6550961
tp_ep_tensor_stats	tag	true_attn_q_heads_normed_shard	layer	0	rank	7	elems	131072	finite_bad	0	first_bad	18446744073709551615	max_abs	11.6421165
tp_ep_tensor_stats	tag	true_attn_raw_swa_rank0	layer	0	rank	0	elems	2097152	finite_bad	0	first_bad	18446744073709551615	max_abs	4.47265625
tp_ep_tensor_stats	tag	true_attn_raw_window_heads	layer	0	rank	0	elems	131072	finite_bad	0	first_bad	18446744073709551615	max_abs	4.46622849
tp_ep_tensor_stats	tag	true_attn_raw_window_heads	layer	0	rank	1	elems	131072	finite_bad	0	first_bad	18446744073709551615	max_abs	4.374928
tp_ep_tensor_stats	tag	true_attn_raw_window_heads	layer	0	rank	2	elems	131072	finite_bad	0	first_bad	18446744073709551615	max_abs	4.24344206
tp_ep_tensor_stats	tag	true_attn_raw_window_heads	layer	0	rank	3	elems	131072	finite_bad	0	first_bad	18446744073709551615	max_abs	4.33608627
tp_ep_tensor_stats	tag	true_attn_raw_window_heads	layer	0	rank	4	elems	131072	finite_bad	0	first_bad	18446744073709551615	max_abs	4.20510721
tp_ep_tensor_stats	tag	true_attn_raw_window_heads	layer	0	rank	5	elems	131072	finite_bad	0	first_bad	18446744073709551615	max_abs	4.05888605
tp_ep_tensor_stats	tag	true_attn_raw_window_heads	layer	0	rank	6	elems	131072	finite_bad	0	first_bad	18446744073709551615	max_abs	4.46997929
tp_ep_tensor_stats	tag	true_attn_raw_window_heads	layer	0	rank	7	elems	131072	finite_bad	0	first_bad	18446744073709551615	max_abs	4.47182798
tp_ep_tensor_stats	tag	true_attn_q_a_full	layer	1	rank	0	elems	32768	finite_bad	0	first_bad	18446744073709551615	max_abs	0.251329064
tp_ep_tensor_stats	tag	true_attn_kv_normed	layer	1	rank	0	elems	16384	finite_bad	0	first_bad	18446744073709551615	max_abs	10.7408772
tp_ep_tensor_stats	tag	true_attn_q_b_shard	layer	1	rank	0	elems	131072	finite_bad	0	first_bad	18446744073709551615	max_abs	0.672015905
tp_ep_tensor_stats	tag	true_attn_q_b_shard	layer	1	rank	1	elems	131072	finite_bad	0	first_bad	18446744073709551615	max_abs	0.628729701
tp_ep_tensor_stats	tag	true_attn_q_b_shard	layer	1	rank	2	elems	131072	finite_bad	0	first_bad	18446744073709551615	max_abs	0.579050779
tp_ep_tensor_stats	tag	true_attn_q_b_shard	layer	1	rank	3	elems	131072	finite_bad	0	first_bad	18446744073709551615	max_abs	0.585124016
tp_ep_tensor_stats	tag	true_attn_q_b_shard	layer	1	rank	4	elems	131072	finite_bad	0	first_bad	18446744073709551615	max_abs	0.696253598
tp_ep_tensor_stats	tag	true_attn_q_b_shard	layer	1	rank	5	elems	131072	finite_bad	0	first_bad	18446744073709551615	max_abs	0.76197499
tp_ep_tensor_stats	tag	true_attn_q_b_shard	layer	1	rank	6	elems	131072	finite_bad	0	first_bad	18446744073709551615	max_abs	0.854147732
tp_ep_tensor_stats	tag	true_attn_q_b_shard	layer	1	rank	7	elems	131072	finite_bad	0	first_bad	18446744073709551615	max_abs	0.696374595
tp_ep_tensor_stats	tag	true_attn_q_heads_normed_shard	layer	1	rank	0	elems	131072	finite_bad	0	first_bad	18446744073709551615	max_abs	15.2317505
tp_ep_tensor_stats	tag	true_attn_q_heads_normed_shard	layer	1	rank	1	elems	131072	finite_bad	0	first_bad	18446744073709551615	max_abs	13.5433226
tp_ep_tensor_stats	tag	true_attn_q_heads_normed_shard	layer	1	rank	2	elems	131072	finite_bad	0	first_bad	18446744073709551615	max_abs	13.1524267
tp_ep_tensor_stats	tag	true_attn_q_heads_normed_shard	layer	1	rank	3	elems	131072	finite_bad	0	first_bad	18446744073709551615	max_abs	13.2942028
tp_ep_tensor_stats	tag	true_attn_q_heads_normed_shard	layer	1	rank	4	elems	131072	finite_bad	0	first_bad	18446744073709551615	max_abs	13.1845598
tp_ep_tensor_stats	tag	true_attn_q_heads_normed_shard	layer	1	rank	5	elems	131072	finite_bad	0	first_bad	18446744073709551615	max_abs	14.8077307
tp_ep_tensor_stats	tag	true_attn_q_heads_normed_shard	layer	1	rank	6	elems	131072	finite_bad	0	first_bad	18446744073709551615	max_abs	16.4096584
tp_ep_tensor_stats	tag	true_attn_q_heads_normed_shard	layer	1	rank	7	elems	131072	finite_bad	0	first_bad	18446744073709551615	max_abs	13.0805044
tp_ep_tensor_stats	tag	true_attn_raw_swa_rank0	layer	1	rank	0	elems	2097152	finite_bad	0	first_bad	18446744073709551615	max_abs	8.8671875
tp_ep_tensor_stats	tag	true_attn_raw_window_heads	layer	1	rank	0	elems	131072	finite_bad	0	first_bad	18446744073709551615	max_abs	8.36879826
tp_ep_tensor_stats	tag	true_attn_raw_window_heads	layer	1	rank	1	elems	131072	finite_bad	0	first_bad	18446744073709551615	max_abs	1.61204982
tp_ep_tensor_stats	tag	true_attn_raw_window_heads	layer	1	rank	2	elems	131072	finite_bad	0	first_bad	18446744073709551615	max_abs	2.30023623
tp_ep_tensor_stats	tag	true_attn_raw_window_heads	layer	1	rank	3	elems	131072	finite_bad	0	first_bad	18446744073709551615	max_abs	4.34383202
tp_ep_tensor_stats	tag	true_attn_raw_window_heads	layer	1	rank	4	elems	131072	finite_bad	0	first_bad	18446744073709551615	max_abs	6.2346921
tp_ep_tensor_stats	tag	true_attn_raw_window_heads	layer	1	rank	5	elems	131072	finite_bad	0	first_bad	18446744073709551615	max_abs	7.12262964
tp_ep_tensor_stats	tag	true_attn_raw_window_heads	layer	1	rank	6	elems	131072	finite_bad	0	first_bad	18446744073709551615	max_abs	2.55563354
tp_ep_tensor_stats	tag	true_attn_raw_window_heads	layer	1	rank	7	elems	131072	finite_bad	0	first_bad	18446744073709551615	max_abs	1.61046112
tp_ep_tensor_stats	tag	true_attn_q_a_full	layer	2	rank	0	elems	32768	finite_bad	0	first_bad	18446744073709551615	max_abs	0.276134729
tp_ep_tensor_stats	tag	true_attn_kv_normed	layer	2	rank	0	elems	16384	finite_bad	0	first_bad	18446744073709551615	max_abs	1.83590186
tp_ep_tensor_stats	tag	true_attn_q_b_shard	layer	2	rank	0	elems	131072	finite_bad	0	first_bad	18446744073709551615	max_abs	0.180079922
tp_ep_tensor_stats	tag	true_attn_q_b_shard	layer	2	rank	1	elems	131072	finite_bad	0	first_bad	18446744073709551615	max_abs	0.197092041
tp_ep_tensor_stats	tag	true_attn_q_b_shard	layer	2	rank	2	elems	131072	finite_bad	0	first_bad	18446744073709551615	max_abs	0.110807925
tp_ep_tensor_stats	tag	true_attn_q_b_shard	layer	2	rank	3	elems	131072	finite_bad	0	first_bad	18446744073709551615	max_abs	0.133535936
tp_ep_tensor_stats	tag	true_attn_q_b_shard	layer	2	rank	4	elems	131072	finite_bad	0	first_bad	18446744073709551615	max_abs	0.132047653
tp_ep_tensor_stats	tag	true_attn_q_b_shard	layer	2	rank	5	elems	131072	finite_bad	0	first_bad	18446744073709551615	max_abs	0.201655626
tp_ep_tensor_stats	tag	true_attn_q_b_shard	layer	2	rank	6	elems	131072	finite_bad	0	first_bad	18446744073709551615	max_abs	0.141986966
tp_ep_tensor_stats	tag	true_attn_q_b_shard	layer	2	rank	7	elems	131072	finite_bad	0	first_bad	18446744073709551615	max_abs	0.20895195
tp_ep_tensor_stats	tag	true_attn_q_heads_normed_shard	layer	2	rank	0	elems	131072	finite_bad	0	first_bad	18446744073709551615	max_abs	7.55093575
tp_ep_tensor_stats	tag	true_attn_q_heads_normed_shard	layer	2	rank	1	elems	131072	finite_bad	0	first_bad	18446744073709551615	max_abs	5.64717245
tp_ep_tensor_stats	tag	true_attn_q_heads_normed_shard	layer	2	rank	2	elems	131072	finite_bad	0	first_bad	18446744073709551615	max_abs	4.93782425
tp_ep_tensor_stats	tag	true_attn_q_heads_normed_shard	layer	2	rank	3	elems	131072	finite_bad	0	first_bad	18446744073709551615	max_abs	3.91745496
tp_ep_tensor_stats	tag	true_attn_q_heads_normed_shard	layer	2	rank	4	elems	131072	finite_bad	0	first_bad	18446744073709551615	max_abs	5.46167278
tp_ep_tensor_stats	tag	true_attn_q_heads_normed_shard	layer	2	rank	5	elems	131072	finite_bad	0	first_bad	18446744073709551615	max_abs	8.38698959
tp_ep_tensor_stats	tag	true_attn_q_heads_normed_shard	layer	2	rank	6	elems	131072	finite_bad	0	first_bad	18446744073709551615	max_abs	4.49173594
tp_ep_tensor_stats	tag	true_attn_q_heads_normed_shard	layer	2	rank	7	elems	131072	finite_bad	0	first_bad	18446744073709551615	max_abs	8.58359623
tp_ep_tensor_stats	tag	true_attn_raw_swa_rank0	layer	2	rank	0	elems	2097152	finite_bad	0	first_bad	18446744073709551615	max_abs	2
tp_ep_tensor_stats	tag	true_attn_raw_window_heads	layer	2	rank	0	elems	131072	finite_bad	0	first_bad	18446744073709551615	max_abs	1.62655497
tp_ep_tensor_stats	tag	true_attn_raw_window_heads	layer	2	rank	1	elems	131072	finite_bad	0	first_bad	18446744073709551615	max_abs	1.8117547
tp_ep_tensor_stats	tag	true_attn_raw_window_heads	layer	2	rank	2	elems	131072	finite_bad	0	first_bad	18446744073709551615	max_abs	1.69941807
tp_ep_tensor_stats	tag	true_attn_raw_window_heads	layer	2	rank	3	elems	131072	finite_bad	0	first_bad	18446744073709551615	max_abs	1.43812275
tp_ep_tensor_stats	tag	true_attn_raw_window_heads	layer	2	rank	4	elems	131072	finite_bad	0	first_bad	18446744073709551615	max_abs	1.75232744
tp_ep_tensor_stats	tag	true_attn_raw_window_heads	layer	2	rank	5	elems	131072	finite_bad	0	first_bad	18446744073709551615	max_abs	1.49834371
tp_ep_tensor_stats	tag	true_attn_raw_window_heads	layer	2	rank	6	elems	131072	finite_bad	0	first_bad	18446744073709551615	max_abs	1.87021244
tp_ep_tensor_stats	tag	true_attn_raw_window_heads	layer	2	rank	7	elems	131072	finite_bad	0	first_bad	18446744073709551615	max_abs	1.66217995
tp_ep_tensor_stats	tag	true_attn_q_a_full	layer	0	rank	0	elems	32768	finite_bad	0	first_bad	18446744073709551615	max_abs	0.244280323
tp_ep_tensor_stats	tag	true_attn_kv_normed	layer	0	rank	0	elems	16384	finite_bad	0	first_bad	18446744073709551615	max_abs	5.51127529
tp_ep_tensor_stats	tag	true_attn_q_b_shard	layer	0	rank	0	elems	131072	finite_bad	0	first_bad	18446744073709551615	max_abs	0.500051975
tp_ep_tensor_stats	tag	true_attn_q_b_shard	layer	0	rank	1	elems	131072	finite_bad	0	first_bad	18446744073709551615	max_abs	0.569251955
tp_ep_tensor_stats	tag	true_attn_q_b_shard	layer	0	rank	2	elems	131072	finite_bad	0	first_bad	18446744073709551615	max_abs	0.678106606
tp_ep_tensor_stats	tag	true_attn_q_b_shard	layer	0	rank	3	elems	131072	finite_bad	0	first_bad	18446744073709551615	max_abs	0.911230028
tp_ep_tensor_stats	tag	true_attn_q_b_shard	layer	0	rank	4	elems	131072	finite_bad	0	first_bad	18446744073709551615	max_abs	0.47363776
tp_ep_tensor_stats	tag	true_attn_q_b_shard	layer	0	rank	5	elems	131072	finite_bad	0	first_bad	18446744073709551615	max_abs	0.507362485
tp_ep_tensor_stats	tag	true_attn_q_b_shard	layer	0	rank	6	elems	131072	finite_bad	0	first_bad	18446744073709551615	max_abs	0.385638744
tp_ep_tensor_stats	tag	true_attn_q_b_shard	layer	0	rank	7	elems	131072	finite_bad	0	first_bad	18446744073709551615	max_abs	0.48644191
tp_ep_tensor_stats	tag	true_attn_q_heads_normed_shard	layer	0	rank	0	elems	131072	finite_bad	0	first_bad	18446744073709551615	max_abs	11.1302214
tp_ep_tensor_stats	tag	true_attn_q_heads_normed_shard	layer	0	rank	1	elems	131072	finite_bad	0	first_bad	18446744073709551615	max_abs	12.3510399
tp_ep_tensor_stats	tag	true_attn_q_heads_normed_shard	layer	0	rank	2	elems	131072	finite_bad	0	first_bad	18446744073709551615	max_abs	13.1563959
tp_ep_tensor_stats	tag	true_attn_q_heads_normed_shard	layer	0	rank	3	elems	131072	finite_bad	0	first_bad	18446744073709551615	max_abs	15.8379087
tp_ep_tensor_stats	tag	true_attn_q_heads_normed_shard	layer	0	rank	4	elems	131072	finite_bad	0	first_bad	18446744073709551615	max_abs	10.3194351
tp_ep_tensor_stats	tag	true_attn_q_heads_normed_shard	layer	0	rank	5	elems	131072	finite_bad	0	first_bad	18446744073709551615	max_abs	12.5312309
tp_ep_tensor_stats	tag	true_attn_q_heads_normed_shard	layer	0	rank	6	elems	131072	finite_bad	0	first_bad	18446744073709551615	max_abs	11.1481838
tp_ep_tensor_stats	tag	true_attn_q_heads_normed_shard	layer	0	rank	7	elems	131072	finite_bad	0	first_bad	18446744073709551615	max_abs	10.6019773
tp_ep_tensor_stats	tag	true_attn_raw_swa_rank0	layer	0	rank	0	elems	2097152	finite_bad	0	first_bad	18446744073709551615	max_abs	4.734375
tp_ep_tensor_stats	tag	true_attn_raw_window_heads	layer	0	rank	0	elems	131072	finite_bad	0	first_bad	18446744073709551615	max_abs	4.71925259
tp_ep_tensor_stats	tag	true_attn_raw_window_heads	layer	0	rank	1	elems	131072	finite_bad	0	first_bad	18446744073709551615	max_abs	4.61899185
tp_ep_tensor_stats	tag	true_attn_raw_window_heads	layer	0	rank	2	elems	131072	finite_bad	0	first_bad	18446744073709551615	max_abs	4.49894476
tp_ep_tensor_stats	tag	true_attn_raw_window_heads	layer	0	rank	3	elems	131072	finite_bad	0	first_bad	18446744073709551615	max_abs	4.62140942
tp_ep_tensor_stats	tag	true_attn_raw_window_heads	layer	0	rank	4	elems	131072	finite_bad	0	first_bad	18446744073709551615	max_abs	4.50725317
tp_ep_tensor_stats	tag	true_attn_raw_window_heads	layer	0	rank	5	elems	131072	finite_bad	0	first_bad	18446744073709551615	max_abs	4.09418678
tp_ep_tensor_stats	tag	true_attn_raw_window_heads	layer	0	rank	6	elems	131072	finite_bad	0	first_bad	18446744073709551615	max_abs	4.73076963
tp_ep_tensor_stats	tag	true_attn_raw_window_heads	layer	0	rank	7	elems	131072	finite_bad	0	first_bad	18446744073709551615	max_abs	4.73297262
tp_ep_tensor_stats	tag	true_attn_q_a_full	layer	1	rank	0	elems	32768	finite_bad	0	first_bad	18446744073709551615	max_abs	0.258830756
tp_ep_tensor_stats	tag	true_attn_kv_normed	layer	1	rank	0	elems	16384	finite_bad	0	first_bad	18446744073709551615	max_abs	10.667901
tp_ep_tensor_stats	tag	true_attn_q_b_shard	layer	1	rank	0	elems	131072	finite_bad	0	first_bad	18446744073709551615	max_abs	0.795327127
tp_ep_tensor_stats	tag	true_attn_q_b_shard	layer	1	rank	1	elems	131072	finite_bad	0	first_bad	18446744073709551615	max_abs	0.68132484
tp_ep_tensor_stats	tag	true_attn_q_b_shard	layer	1	rank	2	elems	131072	finite_bad	0	first_bad	18446744073709551615	max_abs	0.631202042
tp_ep_tensor_stats	tag	true_attn_q_b_shard	layer	1	rank	3	elems	131072	finite_bad	0	first_bad	18446744073709551615	max_abs	0.715075374
tp_ep_tensor_stats	tag	true_attn_q_b_shard	layer	1	rank	4	elems	131072	finite_bad	0	first_bad	18446744073709551615	max_abs	0.853963673
tp_ep_tensor_stats	tag	true_attn_q_b_shard	layer	1	rank	5	elems	131072	finite_bad	0	first_bad	18446744073709551615	max_abs	0.769533396
tp_ep_tensor_stats	tag	true_attn_q_b_shard	layer	1	rank	6	elems	131072	finite_bad	0	first_bad	18446744073709551615	max_abs	0.799096286
tp_ep_tensor_stats	tag	true_attn_q_b_shard	layer	1	rank	7	elems	131072	finite_bad	0	first_bad	18446744073709551615	max_abs	0.6874336
tp_ep_tensor_stats	tag	true_attn_q_heads_normed_shard	layer	1	rank	0	elems	131072	finite_bad	0	first_bad	18446744073709551615	max_abs	15.355752
tp_ep_tensor_stats	tag	true_attn_q_heads_normed_shard	layer	1	rank	1	elems	131072	finite_bad	0	first_bad	18446744073709551615	max_abs	13.1689978
tp_ep_tensor_stats	tag	true_attn_q_heads_normed_shard	layer	1	rank	2	elems	131072	finite_bad	0	first_bad	18446744073709551615	max_abs	14.9763746
tp_ep_tensor_stats	tag	true_attn_q_heads_normed_shard	layer	1	rank	3	elems	131072	finite_bad	0	first_bad	18446744073709551615	max_abs	15.1527414
tp_ep_tensor_stats	tag	true_attn_q_heads_normed_shard	layer	1	rank	4	elems	131072	finite_bad	0	first_bad	18446744073709551615	max_abs	15.1704788
tp_ep_tensor_stats	tag	true_attn_q_heads_normed_shard	layer	1	rank	5	elems	131072	finite_bad	0	first_bad	18446744073709551615	max_abs	15.2649364
tp_ep_tensor_stats	tag	true_attn_q_heads_normed_shard	layer	1	rank	6	elems	131072	finite_bad	0	first_bad	18446744073709551615	max_abs	16.2142525
tp_ep_tensor_stats	tag	true_attn_q_heads_normed_shard	layer	1	rank	7	elems	131072	finite_bad	0	first_bad	18446744073709551615	max_abs	14.4406919
tp_ep_tensor_stats	tag	true_attn_raw_swa_rank0	layer	1	rank	0	elems	2097152	finite_bad	0	first_bad	18446744073709551615	max_abs	8.984375
tp_ep_tensor_stats	tag	true_attn_raw_window_heads	layer	1	rank	0	elems	131072	finite_bad	0	first_bad	18446744073709551615	max_abs	7.93975163
tp_ep_tensor_stats	tag	true_attn_raw_window_heads	layer	1	rank	1	elems	131072	finite_bad	0	first_bad	18446744073709551615	max_abs	4.65567493
tp_ep_tensor_stats	tag	true_attn_raw_window_heads	layer	1	rank	2	elems	131072	finite_bad	0	first_bad	18446744073709551615	max_abs	5.00779343
tp_ep_tensor_stats	tag	true_attn_raw_window_heads	layer	1	rank	3	elems	131072	finite_bad	0	first_bad	18446744073709551615	max_abs	5.70573378
tp_ep_tensor_stats	tag	true_attn_raw_window_heads	layer	1	rank	4	elems	131072	finite_bad	0	first_bad	18446744073709551615	max_abs	7.55682659
tp_ep_tensor_stats	tag	true_attn_raw_window_heads	layer	1	rank	5	elems	131072	finite_bad	0	first_bad	18446744073709551615	max_abs	7.87462616
tp_ep_tensor_stats	tag	true_attn_raw_window_heads	layer	1	rank	6	elems	131072	finite_bad	0	first_bad	18446744073709551615	max_abs	4.22170067
tp_ep_tensor_stats	tag	true_attn_raw_window_heads	layer	1	rank	7	elems	131072	finite_bad	0	first_bad	18446744073709551615	max_abs	4.95601368
tp_ep_tensor_stats	tag	true_attn_q_a_full	layer	2	rank	0	elems	32768	finite_bad	0	first_bad	18446744073709551615	max_abs	0.275452912
tp_ep_tensor_stats	tag	true_attn_kv_normed	layer	2	rank	0	elems	16384	finite_bad	0	first_bad	18446744073709551615	max_abs	2.03312778
tp_ep_tensor_stats	tag	true_attn_q_b_shard	layer	2	rank	0	elems	131072	finite_bad	0	first_bad	18446744073709551615	max_abs	0.21899195
tp_ep_tensor_stats	tag	true_attn_q_b_shard	layer	2	rank	1	elems	131072	finite_bad	0	first_bad	18446744073709551615	max_abs	0.179332986
tp_ep_tensor_stats	tag	true_attn_q_b_shard	layer	2	rank	2	elems	131072	finite_bad	0	first_bad	18446744073709551615	max_abs	0.139279693
tp_ep_tensor_stats	tag	true_attn_q_b_shard	layer	2	rank	3	elems	131072	finite_bad	0	first_bad	18446744073709551615	max_abs	0.189848319
tp_ep_tensor_stats	tag	true_attn_q_b_shard	layer	2	rank	4	elems	131072	finite_bad	0	first_bad	18446744073709551615	max_abs	0.177388459
tp_ep_tensor_stats	tag	true_attn_q_b_shard	layer	2	rank	5	elems	131072	finite_bad	0	first_bad	18446744073709551615	max_abs	0.271752119
tp_ep_tensor_stats	tag	true_attn_q_b_shard	layer	2	rank	6	elems	131072	finite_bad	0	first_bad	18446744073709551615	max_abs	0.157126963
tp_ep_tensor_stats	tag	true_attn_q_b_shard	layer	2	rank	7	elems	131072	finite_bad	0	first_bad	18446744073709551615	max_abs	0.246260092
tp_ep_tensor_stats	tag	true_attn_q_heads_normed_shard	layer	2	rank	0	elems	131072	finite_bad	0	first_bad	18446744073709551615	max_abs	8.10754108
tp_ep_tensor_stats	tag	true_attn_q_heads_normed_shard	layer	2	rank	1	elems	131072	finite_bad	0	first_bad	18446744073709551615	max_abs	5.79648018
tp_ep_tensor_stats	tag	true_attn_q_heads_normed_shard	layer	2	rank	2	elems	131072	finite_bad	0	first_bad	18446744073709551615	max_abs	5.41680813
tp_ep_tensor_stats	tag	true_attn_q_heads_normed_shard	layer	2	rank	3	elems	131072	finite_bad	0	first_bad	18446744073709551615	max_abs	4.95836496
tp_ep_tensor_stats	tag	true_attn_q_heads_normed_shard	layer	2	rank	4	elems	131072	finite_bad	0	first_bad	18446744073709551615	max_abs	5.05222368
tp_ep_tensor_stats	tag	true_attn_q_heads_normed_shard	layer	2	rank	5	elems	131072	finite_bad	0	first_bad	18446744073709551615	max_abs	6.44616795
tp_ep_tensor_stats	tag	true_attn_q_heads_normed_shard	layer	2	rank	6	elems	131072	finite_bad	0	first_bad	18446744073709551615	max_abs	5.52430153
tp_ep_tensor_stats	tag	true_attn_q_heads_normed_shard	layer	2	rank	7	elems	131072	finite_bad	0	first_bad	18446744073709551615	max_abs	4.99611855
tp_ep_tensor_stats	tag	true_attn_raw_swa_rank0	layer	2	rank	0	elems	2097152	finite_bad	0	first_bad	18446744073709551615	max_abs	2
tp_ep_tensor_stats	tag	true_attn_raw_window_heads	layer	2	rank	0	elems	131072	finite_bad	0	first_bad	18446744073709551615	max_abs	1.78632009
tp_ep_tensor_stats	tag	true_attn_raw_window_heads	layer	2	rank	1	elems	131072	finite_bad	0	first_bad	18446744073709551615	max_abs	1.83584404
tp_ep_tensor_stats	tag	true_attn_raw_window_heads	layer	2	rank	2	elems	131072	finite_bad	0	first_bad	18446744073709551615	max_abs	1.66852677
tp_ep_tensor_stats	tag	true_attn_raw_window_heads	layer	2	rank	3	elems	131072	finite_bad	0	first_bad	18446744073709551615	max_abs	1.64133394
tp_ep_tensor_stats	tag	true_attn_raw_window_heads	layer	2	rank	4	elems	131072	finite_bad	0	first_bad	18446744073709551615	max_abs	1.69700015
tp_ep_tensor_stats	tag	true_attn_raw_window_heads	layer	2	rank	5	elems	131072	finite_bad	0	first_bad	18446744073709551615	max_abs	1.51250994
tp_ep_tensor_stats	tag	true_attn_raw_window_heads	layer	2	rank	6	elems	131072	finite_bad	0	first_bad	18446744073709551615	max_abs	1.87220907
tp_ep_tensor_stats	tag	true_attn_raw_window_heads	layer	2	rank	7	elems	131072	finite_bad	0	first_bad	18446744073709551615	max_abs	1.64955056
tp_ep_tensor_stats	tag	true_attn_q_a_full	layer	0	rank	0	elems	32768	finite_bad	0	first_bad	18446744073709551615	max_abs	0.224625707
tp_ep_tensor_stats	tag	true_attn_kv_normed	layer	0	rank	0	elems	16384	finite_bad	0	first_bad	18446744073709551615	max_abs	6.05042362
tp_ep_tensor_stats	tag	true_attn_q_b_shard	layer	0	rank	0	elems	131072	finite_bad	0	first_bad	18446744073709551615	max_abs	0.386838824
tp_ep_tensor_stats	tag	true_attn_q_b_shard	layer	0	rank	1	elems	131072	finite_bad	0	first_bad	18446744073709551615	max_abs	0.581781507
tp_ep_tensor_stats	tag	true_attn_q_b_shard	layer	0	rank	2	elems	131072	finite_bad	0	first_bad	18446744073709551615	max_abs	0.665604115
tp_ep_tensor_stats	tag	true_attn_q_b_shard	layer	0	rank	3	elems	131072	finite_bad	0	first_bad	18446744073709551615	max_abs	0.671056449
tp_ep_tensor_stats	tag	true_attn_q_b_shard	layer	0	rank	4	elems	131072	finite_bad	0	first_bad	18446744073709551615	max_abs	0.464463681
tp_ep_tensor_stats	tag	true_attn_q_b_shard	layer	0	rank	5	elems	131072	finite_bad	0	first_bad	18446744073709551615	max_abs	0.55240643
tp_ep_tensor_stats	tag	true_attn_q_b_shard	layer	0	rank	6	elems	131072	finite_bad	0	first_bad	18446744073709551615	max_abs	0.416815251
tp_ep_tensor_stats	tag	true_attn_q_b_shard	layer	0	rank	7	elems	131072	finite_bad	0	first_bad	18446744073709551615	max_abs	0.466748506
tp_ep_tensor_stats	tag	true_attn_q_heads_normed_shard	layer	0	rank	0	elems	131072	finite_bad	0	first_bad	18446744073709551615	max_abs	10.1991024
tp_ep_tensor_stats	tag	true_attn_q_heads_normed_shard	layer	0	rank	1	elems	131072	finite_bad	0	first_bad	18446744073709551615	max_abs	11.9939194
tp_ep_tensor_stats	tag	true_attn_q_heads_normed_shard	layer	0	rank	2	elems	131072	finite_bad	0	first_bad	18446744073709551615	max_abs	13.3857794
tp_ep_tensor_stats	tag	true_attn_q_heads_normed_shard	layer	0	rank	3	elems	131072	finite_bad	0	first_bad	18446744073709551615	max_abs	15.2487183
tp_ep_tensor_stats	tag	true_attn_q_heads_normed_shard	layer	0	rank	4	elems	131072	finite_bad	0	first_bad	18446744073709551615	max_abs	10.4235573
tp_ep_tensor_stats	tag	true_attn_q_heads_normed_shard	layer	0	rank	5	elems	131072	finite_bad	0	first_bad	18446744073709551615	max_abs	13.0710907
tp_ep_tensor_stats	tag	true_attn_q_heads_normed_shard	layer	0	rank	6	elems	131072	finite_bad	0	first_bad	18446744073709551615	max_abs	11.902524
tp_ep_tensor_stats	tag	true_attn_q_heads_normed_shard	layer	0	rank	7	elems	131072	finite_bad	0	first_bad	18446744073709551615	max_abs	10.8198605
tp_ep_tensor_stats	tag	true_attn_raw_swa_rank0	layer	0	rank	0	elems	2097152	finite_bad	0	first_bad	18446744073709551615	max_abs	4.76171875
tp_ep_tensor_stats	tag	true_attn_raw_window_heads	layer	0	rank	0	elems	131072	finite_bad	0	first_bad	18446744073709551615	max_abs	4.75896692
tp_ep_tensor_stats	tag	true_attn_raw_window_heads	layer	0	rank	1	elems	131072	finite_bad	0	first_bad	18446744073709551615	max_abs	4.67607164
tp_ep_tensor_stats	tag	true_attn_raw_window_heads	layer	0	rank	2	elems	131072	finite_bad	0	first_bad	18446744073709551615	max_abs	4.39570665
tp_ep_tensor_stats	tag	true_attn_raw_window_heads	layer	0	rank	3	elems	131072	finite_bad	0	first_bad	18446744073709551615	max_abs	4.67563295
tp_ep_tensor_stats	tag	true_attn_raw_window_heads	layer	0	rank	4	elems	131072	finite_bad	0	first_bad	18446744073709551615	max_abs	4.73126936
tp_ep_tensor_stats	tag	true_attn_raw_window_heads	layer	0	rank	5	elems	131072	finite_bad	0	first_bad	18446744073709551615	max_abs	4.34353018
tp_ep_tensor_stats	tag	true_attn_raw_window_heads	layer	0	rank	6	elems	131072	finite_bad	0	first_bad	18446744073709551615	max_abs	4.75979567
tp_ep_tensor_stats	tag	true_attn_raw_window_heads	layer	0	rank	7	elems	131072	finite_bad	0	first_bad	18446744073709551615	max_abs	4.75971985
tp_ep_tensor_stats	tag	true_attn_q_a_full	layer	1	rank	0	elems	32768	finite_bad	0	first_bad	18446744073709551615	max_abs	0.260637611
tp_ep_tensor_stats	tag	true_attn_kv_normed	layer	1	rank	0	elems	16384	finite_bad	0	first_bad	18446744073709551615	max_abs	11.2461939
tp_ep_tensor_stats	tag	true_attn_q_b_shard	layer	1	rank	0	elems	131072	finite_bad	0	first_bad	18446744073709551615	max_abs	0.73736763
tp_ep_tensor_stats	tag	true_attn_q_b_shard	layer	1	rank	1	elems	131072	finite_bad	0	first_bad	18446744073709551615	max_abs	0.660099566
tp_ep_tensor_stats	tag	true_attn_q_b_shard	layer	1	rank	2	elems	131072	finite_bad	0	first_bad	18446744073709551615	max_abs	0.618272245
tp_ep_tensor_stats	tag	true_attn_q_b_shard	layer	1	rank	3	elems	131072	finite_bad	0	first_bad	18446744073709551615	max_abs	0.636804938
tp_ep_tensor_stats	tag	true_attn_q_b_shard	layer	1	rank	4	elems	131072	finite_bad	0	first_bad	18446744073709551615	max_abs	0.891079128
tp_ep_tensor_stats	tag	true_attn_q_b_shard	layer	1	rank	5	elems	131072	finite_bad	0	first_bad	18446744073709551615	max_abs	0.721584201
tp_ep_tensor_stats	tag	true_attn_q_b_shard	layer	1	rank	6	elems	131072	finite_bad	0	first_bad	18446744073709551615	max_abs	0.667388141
tp_ep_tensor_stats	tag	true_attn_q_b_shard	layer	1	rank	7	elems	131072	finite_bad	0	first_bad	18446744073709551615	max_abs	0.743546486
tp_ep_tensor_stats	tag	true_attn_q_heads_normed_shard	layer	1	rank	0	elems	131072	finite_bad	0	first_bad	18446744073709551615	max_abs	14.9783478
tp_ep_tensor_stats	tag	true_attn_q_heads_normed_shard	layer	1	rank	1	elems	131072	finite_bad	0	first_bad	18446744073709551615	max_abs	15.4573736
tp_ep_tensor_stats	tag	true_attn_q_heads_normed_shard	layer	1	rank	2	elems	131072	finite_bad	0	first_bad	18446744073709551615	max_abs	14.1364069
tp_ep_tensor_stats	tag	true_attn_q_heads_normed_shard	layer	1	rank	3	elems	131072	finite_bad	0	first_bad	18446744073709551615	max_abs	14.5373049
tp_ep_tensor_stats	tag	true_attn_q_heads_normed_shard	layer	1	rank	4	elems	131072	finite_bad	0	first_bad	18446744073709551615	max_abs	15.094573
tp_ep_tensor_stats	tag	true_attn_q_heads_normed_shard	layer	1	rank	5	elems	131072	finite_bad	0	first_bad	18446744073709551615	max_abs	15.0470638
tp_ep_tensor_stats	tag	true_attn_q_heads_normed_shard	layer	1	rank	6	elems	131072	finite_bad	0	first_bad	18446744073709551615	max_abs	16.5320778
tp_ep_tensor_stats	tag	true_attn_q_heads_normed_shard	layer	1	rank	7	elems	131072	finite_bad	0	first_bad	18446744073709551615	max_abs	16.3424168
tp_ep_tensor_stats	tag	true_attn_raw_swa_rank0	layer	1	rank	0	elems	2097152	finite_bad	0	first_bad	18446744073709551615	max_abs	9.5703125
tp_ep_tensor_stats	tag	true_attn_raw_window_heads	layer	1	rank	0	elems	131072	finite_bad	0	first_bad	18446744073709551615	max_abs	8.47262669
tp_ep_tensor_stats	tag	true_attn_raw_window_heads	layer	1	rank	1	elems	131072	finite_bad	0	first_bad	18446744073709551615	max_abs	4.50847006
tp_ep_tensor_stats	tag	true_attn_raw_window_heads	layer	1	rank	2	elems	131072	finite_bad	0	first_bad	18446744073709551615	max_abs	4.05429316
tp_ep_tensor_stats	tag	true_attn_raw_window_heads	layer	1	rank	3	elems	131072	finite_bad	0	first_bad	18446744073709551615	max_abs	5.3414731
tp_ep_tensor_stats	tag	true_attn_raw_window_heads	layer	1	rank	4	elems	131072	finite_bad	0	first_bad	18446744073709551615	max_abs	8.58819771
tp_ep_tensor_stats	tag	true_attn_raw_window_heads	layer	1	rank	5	elems	131072	finite_bad	0	first_bad	18446744073709551615	max_abs	7.83770895
tp_ep_tensor_stats	tag	true_attn_raw_window_heads	layer	1	rank	6	elems	131072	finite_bad	0	first_bad	18446744073709551615	max_abs	3.54478526
tp_ep_tensor_stats	tag	true_attn_raw_window_heads	layer	1	rank	7	elems	131072	finite_bad	0	first_bad	18446744073709551615	max_abs	4.91311169
tp_ep_tensor_stats	tag	true_attn_q_a_full	layer	2	rank	0	elems	32768	finite_bad	0	first_bad	18446744073709551615	max_abs	0.302741587
tp_ep_tensor_stats	tag	true_attn_kv_normed	layer	2	rank	0	elems	16384	finite_bad	0	first_bad	18446744073709551615	max_abs	2.23608136
tp_ep_tensor_stats	tag	true_attn_q_b_shard	layer	2	rank	0	elems	131072	finite_bad	0	first_bad	18446744073709551615	max_abs	0.197605252
tp_ep_tensor_stats	tag	true_attn_q_b_shard	layer	2	rank	1	elems	131072	finite_bad	0	first_bad	18446744073709551615	max_abs	0.206933498
tp_ep_tensor_stats	tag	true_attn_q_b_shard	layer	2	rank	2	elems	131072	finite_bad	0	first_bad	18446744073709551615	max_abs	0.117827632
tp_ep_tensor_stats	tag	true_attn_q_b_shard	layer	2	rank	3	elems	131072	finite_bad	0	first_bad	18446744073709551615	max_abs	0.168334275
tp_ep_tensor_stats	tag	true_attn_q_b_shard	layer	2	rank	4	elems	131072	finite_bad	0	first_bad	18446744073709551615	max_abs	0.165779248
tp_ep_tensor_stats	tag	true_attn_q_b_shard	layer	2	rank	5	elems	131072	finite_bad	0	first_bad	18446744073709551615	max_abs	0.230289608
tp_ep_tensor_stats	tag	true_attn_q_b_shard	layer	2	rank	6	elems	131072	finite_bad	0	first_bad	18446744073709551615	max_abs	0.181980059
tp_ep_tensor_stats	tag	true_attn_q_b_shard	layer	2	rank	7	elems	131072	finite_bad	0	first_bad	18446744073709551615	max_abs	0.237826988
tp_ep_tensor_stats	tag	true_attn_q_heads_normed_shard	layer	2	rank	0	elems	131072	finite_bad	0	first_bad	18446744073709551615	max_abs	9.13708687
tp_ep_tensor_stats	tag	true_attn_q_heads_normed_shard	layer	2	rank	1	elems	131072	finite_bad	0	first_bad	18446744073709551615	max_abs	7.31882572
tp_ep_tensor_stats	tag	true_attn_q_heads_normed_shard	layer	2	rank	2	elems	131072	finite_bad	0	first_bad	18446744073709551615	max_abs	5.93178749
tp_ep_tensor_stats	tag	true_attn_q_heads_normed_shard	layer	2	rank	3	elems	131072	finite_bad	0	first_bad	18446744073709551615	max_abs	5.97411203
tp_ep_tensor_stats	tag	true_attn_q_heads_normed_shard	layer	2	rank	4	elems	131072	finite_bad	0	first_bad	18446744073709551615	max_abs	6.00440407
tp_ep_tensor_stats	tag	true_attn_q_heads_normed_shard	layer	2	rank	5	elems	131072	finite_bad	0	first_bad	18446744073709551615	max_abs	7.19359207
tp_ep_tensor_stats	tag	true_attn_q_heads_normed_shard	layer	2	rank	6	elems	131072	finite_bad	0	first_bad	18446744073709551615	max_abs	5.13915014
tp_ep_tensor_stats	tag	true_attn_q_heads_normed_shard	layer	2	rank	7	elems	131072	finite_bad	0	first_bad	18446744073709551615	max_abs	5.88144016
tp_ep_tensor_stats	tag	true_attn_raw_swa_rank0	layer	2	rank	0	elems	2097152	finite_bad	0	first_bad	18446744073709551615	max_abs	2.25
tp_ep_tensor_stats	tag	true_attn_raw_window_heads	layer	2	rank	0	elems	131072	finite_bad	0	first_bad	18446744073709551615	max_abs	2.02273107
tp_ep_tensor_stats	tag	true_attn_raw_window_heads	layer	2	rank	1	elems	131072	finite_bad	0	first_bad	18446744073709551615	max_abs	2.35218287
tp_ep_tensor_stats	tag	true_attn_raw_window_heads	layer	2	rank	2	elems	131072	finite_bad	0	first_bad	18446744073709551615	max_abs	2.41597199
tp_ep_tensor_stats	tag	true_attn_raw_window_heads	layer	2	rank	3	elems	131072	finite_bad	0	first_bad	18446744073709551615	max_abs	2.29435396
tp_ep_tensor_stats	tag	true_attn_raw_window_heads	layer	2	rank	4	elems	131072	finite_bad	0	first_bad	18446744073709551615	max_abs	2.24329543
tp_ep_tensor_stats	tag	true_attn_raw_window_heads	layer	2	rank	5	elems	131072	finite_bad	0	first_bad	18446744073709551615	max_abs	2.38055182
tp_ep_tensor_stats	tag	true_attn_raw_window_heads	layer	2	rank	6	elems	131072	finite_bad	0	first_bad	18446744073709551615	max_abs	2.30737567
tp_ep_tensor_stats	tag	true_attn_raw_window_heads	layer	2	rank	7	elems	131072	finite_bad	0	first_bad	18446744073709551615	max_abs	2.25066137
tp_ep_tensor_stats	tag	true_attn_q_a_full	layer	0	rank	0	elems	32768	finite_bad	0	first_bad	18446744073709551615	max_abs	0.230343699
tp_ep_tensor_stats	tag	true_attn_kv_normed	layer	0	rank	0	elems	16384	finite_bad	0	first_bad	18446744073709551615	max_abs	5.47270679
tp_ep_tensor_stats	tag	true_attn_q_b_shard	layer	0	rank	0	elems	131072	finite_bad	0	first_bad	18446744073709551615	max_abs	0.502140403
tp_ep_tensor_stats	tag	true_attn_q_b_shard	layer	0	rank	1	elems	131072	finite_bad	0	first_bad	18446744073709551615	max_abs	0.632437646
tp_ep_tensor_stats	tag	true_attn_q_b_shard	layer	0	rank	2	elems	131072	finite_bad	0	first_bad	18446744073709551615	max_abs	0.691382706
tp_ep_tensor_stats	tag	true_attn_q_b_shard	layer	0	rank	3	elems	131072	finite_bad	0	first_bad	18446744073709551615	max_abs	1.00110388
tp_ep_tensor_stats	tag	true_attn_q_b_shard	layer	0	rank	4	elems	131072	finite_bad	0	first_bad	18446744073709551615	max_abs	0.476716161
tp_ep_tensor_stats	tag	true_attn_q_b_shard	layer	0	rank	5	elems	131072	finite_bad	0	first_bad	18446744073709551615	max_abs	0.538092911
tp_ep_tensor_stats	tag	true_attn_q_b_shard	layer	0	rank	6	elems	131072	finite_bad	0	first_bad	18446744073709551615	max_abs	0.366213262
tp_ep_tensor_stats	tag	true_attn_q_b_shard	layer	0	rank	7	elems	131072	finite_bad	0	first_bad	18446744073709551615	max_abs	0.4863168
tp_ep_tensor_stats	tag	true_attn_q_heads_normed_shard	layer	0	rank	0	elems	131072	finite_bad	0	first_bad	18446744073709551615	max_abs	10.3413677
tp_ep_tensor_stats	tag	true_attn_q_heads_normed_shard	layer	0	rank	1	elems	131072	finite_bad	0	first_bad	18446744073709551615	max_abs	12.3661938
tp_ep_tensor_stats	tag	true_attn_q_heads_normed_shard	layer	0	rank	2	elems	131072	finite_bad	0	first_bad	18446744073709551615	max_abs	12.8807974
tp_ep_tensor_stats	tag	true_attn_q_heads_normed_shard	layer	0	rank	3	elems	131072	finite_bad	0	first_bad	18446744073709551615	max_abs	16.0089951
tp_ep_tensor_stats	tag	true_attn_q_heads_normed_shard	layer	0	rank	4	elems	131072	finite_bad	0	first_bad	18446744073709551615	max_abs	9.98652363
tp_ep_tensor_stats	tag	true_attn_q_heads_normed_shard	layer	0	rank	5	elems	131072	finite_bad	0	first_bad	18446744073709551615	max_abs	12.9935274
tp_ep_tensor_stats	tag	true_attn_q_heads_normed_shard	layer	0	rank	6	elems	131072	finite_bad	0	first_bad	18446744073709551615	max_abs	11.5172052
tp_ep_tensor_stats	tag	true_attn_q_heads_normed_shard	layer	0	rank	7	elems	131072	finite_bad	0	first_bad	18446744073709551615	max_abs	12.3224745
tp_ep_tensor_stats	tag	true_attn_raw_swa_rank0	layer	0	rank	0	elems	2097152	finite_bad	0	first_bad	18446744073709551615	max_abs	4.76171875
tp_ep_tensor_stats	tag	true_attn_raw_window_heads	layer	0	rank	0	elems	131072	finite_bad	0	first_bad	18446744073709551615	max_abs	4.50648737
tp_ep_tensor_stats	tag	true_attn_raw_window_heads	layer	0	rank	1	elems	131072	finite_bad	0	first_bad	18446744073709551615	max_abs	4.34878302
tp_ep_tensor_stats	tag	true_attn_raw_window_heads	layer	0	rank	2	elems	131072	finite_bad	0	first_bad	18446744073709551615	max_abs	4.27805281
tp_ep_tensor_stats	tag	true_attn_raw_window_heads	layer	0	rank	3	elems	131072	finite_bad	0	first_bad	18446744073709551615	max_abs	4.38383102
tp_ep_tensor_stats	tag	true_attn_raw_window_heads	layer	0	rank	4	elems	131072	finite_bad	0	first_bad	18446744073709551615	max_abs	4.32993746
tp_ep_tensor_stats	tag	true_attn_raw_window_heads	layer	0	rank	5	elems	131072	finite_bad	0	first_bad	18446744073709551615	max_abs	3.86899471
tp_ep_tensor_stats	tag	true_attn_raw_window_heads	layer	0	rank	6	elems	131072	finite_bad	0	first_bad	18446744073709551615	max_abs	4.5131712
tp_ep_tensor_stats	tag	true_attn_raw_window_heads	layer	0	rank	7	elems	131072	finite_bad	0	first_bad	18446744073709551615	max_abs	4.51312494
tp_ep_tensor_stats	tag	true_attn_q_a_full	layer	1	rank	0	elems	32768	finite_bad	0	first_bad	18446744073709551615	max_abs	0.250592262
tp_ep_tensor_stats	tag	true_attn_kv_normed	layer	1	rank	0	elems	16384	finite_bad	0	first_bad	18446744073709551615	max_abs	10.2049961
tp_ep_tensor_stats	tag	true_attn_q_b_shard	layer	1	rank	0	elems	131072	finite_bad	0	first_bad	18446744073709551615	max_abs	0.688019454
tp_ep_tensor_stats	tag	true_attn_q_b_shard	layer	1	rank	1	elems	131072	finite_bad	0	first_bad	18446744073709551615	max_abs	0.603320599
tp_ep_tensor_stats	tag	true_attn_q_b_shard	layer	1	rank	2	elems	131072	finite_bad	0	first_bad	18446744073709551615	max_abs	0.660662413
tp_ep_tensor_stats	tag	true_attn_q_b_shard	layer	1	rank	3	elems	131072	finite_bad	0	first_bad	18446744073709551615	max_abs	0.613435507
tp_ep_tensor_stats	tag	true_attn_q_b_shard	layer	1	rank	4	elems	131072	finite_bad	0	first_bad	18446744073709551615	max_abs	0.886366963
tp_ep_tensor_stats	tag	true_attn_q_b_shard	layer	1	rank	5	elems	131072	finite_bad	0	first_bad	18446744073709551615	max_abs	0.666860402
tp_ep_tensor_stats	tag	true_attn_q_b_shard	layer	1	rank	6	elems	131072	finite_bad	0	first_bad	18446744073709551615	max_abs	0.829478145
tp_ep_tensor_stats	tag	true_attn_q_b_shard	layer	1	rank	7	elems	131072	finite_bad	0	first_bad	18446744073709551615	max_abs	0.756944716
tp_ep_tensor_stats	tag	true_attn_q_heads_normed_shard	layer	1	rank	0	elems	131072	finite_bad	0	first_bad	18446744073709551615	max_abs	15.5740242
tp_ep_tensor_stats	tag	true_attn_q_heads_normed_shard	layer	1	rank	1	elems	131072	finite_bad	0	first_bad	18446744073709551615	max_abs	14.605504
tp_ep_tensor_stats	tag	true_attn_q_heads_normed_shard	layer	1	rank	2	elems	131072	finite_bad	0	first_bad	18446744073709551615	max_abs	16.0534782
tp_ep_tensor_stats	tag	true_attn_q_heads_normed_shard	layer	1	rank	3	elems	131072	finite_bad	0	first_bad	18446744073709551615	max_abs	15.3898945
tp_ep_tensor_stats	tag	true_attn_q_heads_normed_shard	layer	1	rank	4	elems	131072	finite_bad	0	first_bad	18446744073709551615	max_abs	16.3986435
tp_ep_tensor_stats	tag	true_attn_q_heads_normed_shard	layer	1	rank	5	elems	131072	finite_bad	0	first_bad	18446744073709551615	max_abs	14.3488321
tp_ep_tensor_stats	tag	true_attn_q_heads_normed_shard	layer	1	rank	6	elems	131072	finite_bad	0	first_bad	18446744073709551615	max_abs	17.0629749
tp_ep_tensor_stats	tag	true_attn_q_heads_normed_shard	layer	1	rank	7	elems	131072	finite_bad	0	first_bad	18446744073709551615	max_abs	16.03899
tp_ep_tensor_stats	tag	true_attn_raw_swa_rank0	layer	1	rank	0	elems	2097152	finite_bad	0	first_bad	18446744073709551615	max_abs	9.5703125
tp_ep_tensor_stats	tag	true_attn_raw_window_heads	layer	1	rank	0	elems	131072	finite_bad	0	first_bad	18446744073709551615	max_abs	7.53084707
tp_ep_tensor_stats	tag	true_attn_raw_window_heads	layer	1	rank	1	elems	131072	finite_bad	0	first_bad	18446744073709551615	max_abs	4.47886992
tp_ep_tensor_stats	tag	true_attn_raw_window_heads	layer	1	rank	2	elems	131072	finite_bad	0	first_bad	18446744073709551615	max_abs	3.27816558
tp_ep_tensor_stats	tag	true_attn_raw_window_heads	layer	1	rank	3	elems	131072	finite_bad	0	first_bad	18446744073709551615	max_abs	5.3441186
tp_ep_tensor_stats	tag	true_attn_raw_window_heads	layer	1	rank	4	elems	131072	finite_bad	0	first_bad	18446744073709551615	max_abs	8.01900005
tp_ep_tensor_stats	tag	true_attn_raw_window_heads	layer	1	rank	5	elems	131072	finite_bad	0	first_bad	18446744073709551615	max_abs	7.56753922
tp_ep_tensor_stats	tag	true_attn_raw_window_heads	layer	1	rank	6	elems	131072	finite_bad	0	first_bad	18446744073709551615	max_abs	4.28776073
tp_ep_tensor_stats	tag	true_attn_raw_window_heads	layer	1	rank	7	elems	131072	finite_bad	0	first_bad	18446744073709551615	max_abs	5.39047289
tp_ep_tensor_stats	tag	true_attn_q_a_full	layer	2	rank	0	elems	32768	finite_bad	0	first_bad	18446744073709551615	max_abs	0.362250984
tp_ep_tensor_stats	tag	true_attn_kv_normed	layer	2	rank	0	elems	16384	finite_bad	0	first_bad	18446744073709551615	max_abs	2.87993431
tp_ep_tensor_stats	tag	true_attn_q_b_shard	layer	2	rank	0	elems	131072	finite_bad	0	first_bad	18446744073709551615	max_abs	0.180873141
tp_ep_tensor_stats	tag	true_attn_q_b_shard	layer	2	rank	1	elems	131072	finite_bad	0	first_bad	18446744073709551615	max_abs	0.194145396
tp_ep_tensor_stats	tag	true_attn_q_b_shard	layer	2	rank	2	elems	131072	finite_bad	0	first_bad	18446744073709551615	max_abs	0.138033956
tp_ep_tensor_stats	tag	true_attn_q_b_shard	layer	2	rank	3	elems	131072	finite_bad	0	first_bad	18446744073709551615	max_abs	0.167738736
tp_ep_tensor_stats	tag	true_attn_q_b_shard	layer	2	rank	4	elems	131072	finite_bad	0	first_bad	18446744073709551615	max_abs	0.18118614
tp_ep_tensor_stats	tag	true_attn_q_b_shard	layer	2	rank	5	elems	131072	finite_bad	0	first_bad	18446744073709551615	max_abs	0.203888014
tp_ep_tensor_stats	tag	true_attn_q_b_shard	layer	2	rank	6	elems	131072	finite_bad	0	first_bad	18446744073709551615	max_abs	0.172103807
tp_ep_tensor_stats	tag	true_attn_q_b_shard	layer	2	rank	7	elems	131072	finite_bad	0	first_bad	18446744073709551615	max_abs	0.217989668
tp_ep_tensor_stats	tag	true_attn_q_heads_normed_shard	layer	2	rank	0	elems	131072	finite_bad	0	first_bad	18446744073709551615	max_abs	7.91853857
tp_ep_tensor_stats	tag	true_attn_q_heads_normed_shard	layer	2	rank	1	elems	131072	finite_bad	0	first_bad	18446744073709551615	max_abs	6.63515234
tp_ep_tensor_stats	tag	true_attn_q_heads_normed_shard	layer	2	rank	2	elems	131072	finite_bad	0	first_bad	18446744073709551615	max_abs	5.70945024
tp_ep_tensor_stats	tag	true_attn_q_heads_normed_shard	layer	2	rank	3	elems	131072	finite_bad	0	first_bad	18446744073709551615	max_abs	5.1871438
tp_ep_tensor_stats	tag	true_attn_q_heads_normed_shard	layer	2	rank	4	elems	131072	finite_bad	0	first_bad	18446744073709551615	max_abs	5.17006445
tp_ep_tensor_stats	tag	true_attn_q_heads_normed_shard	layer	2	rank	5	elems	131072	finite_bad	0	first_bad	18446744073709551615	max_abs	8.81254578
tp_ep_tensor_stats	tag	true_attn_q_heads_normed_shard	layer	2	rank	6	elems	131072	finite_bad	0	first_bad	18446744073709551615	max_abs	5.1837945
tp_ep_tensor_stats	tag	true_attn_q_heads_normed_shard	layer	2	rank	7	elems	131072	finite_bad	0	first_bad	18446744073709551615	max_abs	5.13139677
tp_ep_tensor_stats	tag	true_attn_raw_swa_rank0	layer	2	rank	0	elems	2097152	finite_bad	0	first_bad	18446744073709551615	max_abs	2.25
tp_ep_tensor_stats	tag	true_attn_raw_window_heads	layer	2	rank	0	elems	131072	finite_bad	0	first_bad	18446744073709551615	max_abs	2.52678871
tp_ep_tensor_stats	tag	true_attn_raw_window_heads	layer	2	rank	1	elems	131072	finite_bad	0	first_bad	18446744073709551615	max_abs	2.20352006
tp_ep_tensor_stats	tag	true_attn_raw_window_heads	layer	2	rank	2	elems	131072	finite_bad	0	first_bad	18446744073709551615	max_abs	2.45403266
tp_ep_tensor_stats	tag	true_attn_raw_window_heads	layer	2	rank	3	elems	131072	finite_bad	0	first_bad	18446744073709551615	max_abs	2.26479149
tp_ep_tensor_stats	tag	true_attn_raw_window_heads	layer	2	rank	4	elems	131072	finite_bad	0	first_bad	18446744073709551615	max_abs	2.24476981
tp_ep_tensor_stats	tag	true_attn_raw_window_heads	layer	2	rank	5	elems	131072	finite_bad	0	first_bad	18446744073709551615	max_abs	2.23669291
tp_ep_tensor_stats	tag	true_attn_raw_window_heads	layer	2	rank	6	elems	131072	finite_bad	0	first_bad	18446744073709551615	max_abs	2.36414695
tp_ep_tensor_stats	tag	true_attn_raw_window_heads	layer	2	rank	7	elems	131072	finite_bad	0	first_bad	18446744073709551615	max_abs	2.59477901
tp_ep_tensor_stats	tag	true_attn_q_a_full	layer	0	rank	0	elems	32768	finite_bad	0	first_bad	18446744073709551615	max_abs	0.274382353
tp_ep_tensor_stats	tag	true_attn_kv_normed	layer	0	rank	0	elems	16384	finite_bad	0	first_bad	18446744073709551615	max_abs	5.80927372
tp_ep_tensor_stats	tag	true_attn_q_b_shard	layer	0	rank	0	elems	131072	finite_bad	0	first_bad	18446744073709551615	max_abs	0.474031389
tp_ep_tensor_stats	tag	true_attn_q_b_shard	layer	0	rank	1	elems	131072	finite_bad	0	first_bad	18446744073709551615	max_abs	0.56944865
tp_ep_tensor_stats	tag	true_attn_q_b_shard	layer	0	rank	2	elems	131072	finite_bad	0	first_bad	18446744073709551615	max_abs	0.676490784
tp_ep_tensor_stats	tag	true_attn_q_b_shard	layer	0	rank	3	elems	131072	finite_bad	0	first_bad	18446744073709551615	max_abs	0.663842738
tp_ep_tensor_stats	tag	true_attn_q_b_shard	layer	0	rank	4	elems	131072	finite_bad	0	first_bad	18446744073709551615	max_abs	0.449142039
tp_ep_tensor_stats	tag	true_attn_q_b_shard	layer	0	rank	5	elems	131072	finite_bad	0	first_bad	18446744073709551615	max_abs	0.576925039
tp_ep_tensor_stats	tag	true_attn_q_b_shard	layer	0	rank	6	elems	131072	finite_bad	0	first_bad	18446744073709551615	max_abs	0.378785521
tp_ep_tensor_stats	tag	true_attn_q_b_shard	layer	0	rank	7	elems	131072	finite_bad	0	first_bad	18446744073709551615	max_abs	0.462492198
tp_ep_tensor_stats	tag	true_attn_q_heads_normed_shard	layer	0	rank	0	elems	131072	finite_bad	0	first_bad	18446744073709551615	max_abs	10.5770674
tp_ep_tensor_stats	tag	true_attn_q_heads_normed_shard	layer	0	rank	1	elems	131072	finite_bad	0	first_bad	18446744073709551615	max_abs	12.0388861
tp_ep_tensor_stats	tag	true_attn_q_heads_normed_shard	layer	0	rank	2	elems	131072	finite_bad	0	first_bad	18446744073709551615	max_abs	13.2051058
tp_ep_tensor_stats	tag	true_attn_q_heads_normed_shard	layer	0	rank	3	elems	131072	finite_bad	0	first_bad	18446744073709551615	max_abs	15.3031311
tp_ep_tensor_stats	tag	true_attn_q_heads_normed_shard	layer	0	rank	4	elems	131072	finite_bad	0	first_bad	18446744073709551615	max_abs	9.70998192
tp_ep_tensor_stats	tag	true_attn_q_heads_normed_shard	layer	0	rank	5	elems	131072	finite_bad	0	first_bad	18446744073709551615	max_abs	11.7858849
tp_ep_tensor_stats	tag	true_attn_q_heads_normed_shard	layer	0	rank	6	elems	131072	finite_bad	0	first_bad	18446744073709551615	max_abs	11.3041792
tp_ep_tensor_stats	tag	true_attn_q_heads_normed_shard	layer	0	rank	7	elems	131072	finite_bad	0	first_bad	18446744073709551615	max_abs	9.9512558
tp_ep_tensor_stats	tag	true_attn_raw_swa_rank0	layer	0	rank	0	elems	2097152	finite_bad	0	first_bad	18446744073709551615	max_abs	5.19921875
tp_ep_tensor_stats	tag	true_attn_raw_window_heads	layer	0	rank	0	elems	131072	finite_bad	0	first_bad	18446744073709551615	max_abs	5.19424009
tp_ep_tensor_stats	tag	true_attn_raw_window_heads	layer	0	rank	1	elems	131072	finite_bad	0	first_bad	18446744073709551615	max_abs	5.05367613
tp_ep_tensor_stats	tag	true_attn_raw_window_heads	layer	0	rank	2	elems	131072	finite_bad	0	first_bad	18446744073709551615	max_abs	4.91445065
tp_ep_tensor_stats	tag	true_attn_raw_window_heads	layer	0	rank	3	elems	131072	finite_bad	0	first_bad	18446744073709551615	max_abs	5.05540419
tp_ep_tensor_stats	tag	true_attn_raw_window_heads	layer	0	rank	4	elems	131072	finite_bad	0	first_bad	18446744073709551615	max_abs	5.10993958
tp_ep_tensor_stats	tag	true_attn_raw_window_heads	layer	0	rank	5	elems	131072	finite_bad	0	first_bad	18446744073709551615	max_abs	4.70977592
tp_ep_tensor_stats	tag	true_attn_raw_window_heads	layer	0	rank	6	elems	131072	finite_bad	0	first_bad	18446744073709551615	max_abs	5.19628429
tp_ep_tensor_stats	tag	true_attn_raw_window_heads	layer	0	rank	7	elems	131072	finite_bad	0	first_bad	18446744073709551615	max_abs	5.19669914
tp_ep_tensor_stats	tag	true_attn_q_a_full	layer	1	rank	0	elems	32768	finite_bad	0	first_bad	18446744073709551615	max_abs	0.31944856
tp_ep_tensor_stats	tag	true_attn_kv_normed	layer	1	rank	0	elems	16384	finite_bad	0	first_bad	18446744073709551615	max_abs	10.8228397
tp_ep_tensor_stats	tag	true_attn_q_b_shard	layer	1	rank	0	elems	131072	finite_bad	0	first_bad	18446744073709551615	max_abs	0.665021539
tp_ep_tensor_stats	tag	true_attn_q_b_shard	layer	1	rank	1	elems	131072	finite_bad	0	first_bad	18446744073709551615	max_abs	0.733141243
tp_ep_tensor_stats	tag	true_attn_q_b_shard	layer	1	rank	2	elems	131072	finite_bad	0	first_bad	18446744073709551615	max_abs	0.665002584
tp_ep_tensor_stats	tag	true_attn_q_b_shard	layer	1	rank	3	elems	131072	finite_bad	0	first_bad	18446744073709551615	max_abs	0.614573359
tp_ep_tensor_stats	tag	true_attn_q_b_shard	layer	1	rank	4	elems	131072	finite_bad	0	first_bad	18446744073709551615	max_abs	0.941111326
tp_ep_tensor_stats	tag	true_attn_q_b_shard	layer	1	rank	5	elems	131072	finite_bad	0	first_bad	18446744073709551615	max_abs	0.707364202
tp_ep_tensor_stats	tag	true_attn_q_b_shard	layer	1	rank	6	elems	131072	finite_bad	0	first_bad	18446744073709551615	max_abs	0.769272745
tp_ep_tensor_stats	tag	true_attn_q_b_shard	layer	1	rank	7	elems	131072	finite_bad	0	first_bad	18446744073709551615	max_abs	0.775685906
tp_ep_tensor_stats	tag	true_attn_q_heads_normed_shard	layer	1	rank	0	elems	131072	finite_bad	0	first_bad	18446744073709551615	max_abs	14.3434896
tp_ep_tensor_stats	tag	true_attn_q_heads_normed_shard	layer	1	rank	1	elems	131072	finite_bad	0	first_bad	18446744073709551615	max_abs	15.5728226
tp_ep_tensor_stats	tag	true_attn_q_heads_normed_shard	layer	1	rank	2	elems	131072	finite_bad	0	first_bad	18446744073709551615	max_abs	14.3467436
tp_ep_tensor_stats	tag	true_attn_q_heads_normed_shard	layer	1	rank	3	elems	131072	finite_bad	0	first_bad	18446744073709551615	max_abs	14.4390907
tp_ep_tensor_stats	tag	true_attn_q_heads_normed_shard	layer	1	rank	4	elems	131072	finite_bad	0	first_bad	18446744073709551615	max_abs	15.9710083
tp_ep_tensor_stats	tag	true_attn_q_heads_normed_shard	layer	1	rank	5	elems	131072	finite_bad	0	first_bad	18446744073709551615	max_abs	14.308835
tp_ep_tensor_stats	tag	true_attn_q_heads_normed_shard	layer	1	rank	6	elems	131072	finite_bad	0	first_bad	18446744073709551615	max_abs	16.1906242
tp_ep_tensor_stats	tag	true_attn_q_heads_normed_shard	layer	1	rank	7	elems	131072	finite_bad	0	first_bad	18446744073709551615	max_abs	14.5282984
tp_ep_tensor_stats	tag	true_attn_raw_swa_rank0	layer	1	rank	0	elems	2097152	finite_bad	0	first_bad	18446744073709551615	max_abs	9.5703125
tp_ep_tensor_stats	tag	true_attn_raw_window_heads	layer	1	rank	0	elems	131072	finite_bad	0	first_bad	18446744073709551615	max_abs	8.41323948
tp_ep_tensor_stats	tag	true_attn_raw_window_heads	layer	1	rank	1	elems	131072	finite_bad	0	first_bad	18446744073709551615	max_abs	6.96653032
tp_ep_tensor_stats	tag	true_attn_raw_window_heads	layer	1	rank	2	elems	131072	finite_bad	0	first_bad	18446744073709551615	max_abs	6.49848604
tp_ep_tensor_stats	tag	true_attn_raw_window_heads	layer	1	rank	3	elems	131072	finite_bad	0	first_bad	18446744073709551615	max_abs	6.62377644
tp_ep_tensor_stats	tag	true_attn_raw_window_heads	layer	1	rank	4	elems	131072	finite_bad	0	first_bad	18446744073709551615	max_abs	8.94959354
tp_ep_tensor_stats	tag	true_attn_raw_window_heads	layer	1	rank	5	elems	131072	finite_bad	0	first_bad	18446744073709551615	max_abs	8.46415615
tp_ep_tensor_stats	tag	true_attn_raw_window_heads	layer	1	rank	6	elems	131072	finite_bad	0	first_bad	18446744073709551615	max_abs	6.60053635
tp_ep_tensor_stats	tag	true_attn_raw_window_heads	layer	1	rank	7	elems	131072	finite_bad	0	first_bad	18446744073709551615	max_abs	5.70713758
tp_ep_tensor_stats	tag	true_attn_q_a_full	layer	2	rank	0	elems	32768	finite_bad	0	first_bad	18446744073709551615	max_abs	0.346641272
tp_ep_tensor_stats	tag	true_attn_kv_normed	layer	2	rank	0	elems	16384	finite_bad	0	first_bad	18446744073709551615	max_abs	4.5740056
tp_ep_tensor_stats	tag	true_attn_q_b_shard	layer	2	rank	0	elems	131072	finite_bad	0	first_bad	18446744073709551615	max_abs	0.202968702
tp_ep_tensor_stats	tag	true_attn_q_b_shard	layer	2	rank	1	elems	131072	finite_bad	0	first_bad	18446744073709551615	max_abs	0.196385607
tp_ep_tensor_stats	tag	true_attn_q_b_shard	layer	2	rank	2	elems	131072	finite_bad	0	first_bad	18446744073709551615	max_abs	0.122487776
tp_ep_tensor_stats	tag	true_attn_q_b_shard	layer	2	rank	3	elems	131072	finite_bad	0	first_bad	18446744073709551615	max_abs	0.187200189
tp_ep_tensor_stats	tag	true_attn_q_b_shard	layer	2	rank	4	elems	131072	finite_bad	0	first_bad	18446744073709551615	max_abs	0.211501241
tp_ep_tensor_stats	tag	true_attn_q_b_shard	layer	2	rank	5	elems	131072	finite_bad	0	first_bad	18446744073709551615	max_abs	0.315923363
tp_ep_tensor_stats	tag	true_attn_q_b_shard	layer	2	rank	6	elems	131072	finite_bad	0	first_bad	18446744073709551615	max_abs	0.18076323
tp_ep_tensor_stats	tag	true_attn_q_b_shard	layer	2	rank	7	elems	131072	finite_bad	0	first_bad	18446744073709551615	max_abs	0.231532663
tp_ep_tensor_stats	tag	true_attn_q_heads_normed_shard	layer	2	rank	0	elems	131072	finite_bad	0	first_bad	18446744073709551615	max_abs	8.26659775
tp_ep_tensor_stats	tag	true_attn_q_heads_normed_shard	layer	2	rank	1	elems	131072	finite_bad	0	first_bad	18446744073709551615	max_abs	5.84555864
tp_ep_tensor_stats	tag	true_attn_q_heads_normed_shard	layer	2	rank	2	elems	131072	finite_bad	0	first_bad	18446744073709551615	max_abs	5.10651112
tp_ep_tensor_stats	tag	true_attn_q_heads_normed_shard	layer	2	rank	3	elems	131072	finite_bad	0	first_bad	18446744073709551615	max_abs	4.96502495
tp_ep_tensor_stats	tag	true_attn_q_heads_normed_shard	layer	2	rank	4	elems	131072	finite_bad	0	first_bad	18446744073709551615	max_abs	6.96359348
tp_ep_tensor_stats	tag	true_attn_q_heads_normed_shard	layer	2	rank	5	elems	131072	finite_bad	0	first_bad	18446744073709551615	max_abs	7.58528519
tp_ep_tensor_stats	tag	true_attn_q_heads_normed_shard	layer	2	rank	6	elems	131072	finite_bad	0	first_bad	18446744073709551615	max_abs	6.98215866
tp_ep_tensor_stats	tag	true_attn_q_heads_normed_shard	layer	2	rank	7	elems	131072	finite_bad	0	first_bad	18446744073709551615	max_abs	6.34544325
tp_ep_tensor_stats	tag	true_attn_raw_swa_rank0	layer	2	rank	0	elems	2097152	finite_bad	0	first_bad	18446744073709551615	max_abs	3.85546875
tp_ep_tensor_stats	tag	true_attn_raw_window_heads	layer	2	rank	0	elems	131072	finite_bad	0	first_bad	18446744073709551615	max_abs	3.67358446
tp_ep_tensor_stats	tag	true_attn_raw_window_heads	layer	2	rank	1	elems	131072	finite_bad	0	first_bad	18446744073709551615	max_abs	3.75250912
tp_ep_tensor_stats	tag	true_attn_raw_window_heads	layer	2	rank	2	elems	131072	finite_bad	0	first_bad	18446744073709551615	max_abs	3.18474293
tp_ep_tensor_stats	tag	true_attn_raw_window_heads	layer	2	rank	3	elems	131072	finite_bad	0	first_bad	18446744073709551615	max_abs	3.22976661
tp_ep_tensor_stats	tag	true_attn_raw_window_heads	layer	2	rank	4	elems	131072	finite_bad	0	first_bad	18446744073709551615	max_abs	3.52715731
tp_ep_tensor_stats	tag	true_attn_raw_window_heads	layer	2	rank	5	elems	131072	finite_bad	0	first_bad	18446744073709551615	max_abs	3.07699704
tp_ep_tensor_stats	tag	true_attn_raw_window_heads	layer	2	rank	6	elems	131072	finite_bad	0	first_bad	18446744073709551615	max_abs	3.84913111
tp_ep_tensor_stats	tag	true_attn_raw_window_heads	layer	2	rank	7	elems	131072	finite_bad	0	first_bad	18446744073709551615	max_abs	3.12351298
tp_ep_tensor_stats	tag	true_attn_q_a_full	layer	0	rank	0	elems	32768	finite_bad	0	first_bad	18446744073709551615	max_abs	0.272616923
tp_ep_tensor_stats	tag	true_attn_kv_normed	layer	0	rank	0	elems	16384	finite_bad	0	first_bad	18446744073709551615	max_abs	6.05042362
tp_ep_tensor_stats	tag	true_attn_q_b_shard	layer	0	rank	0	elems	131072	finite_bad	0	first_bad	18446744073709551615	max_abs	0.616273165
tp_ep_tensor_stats	tag	true_attn_q_b_shard	layer	0	rank	1	elems	131072	finite_bad	0	first_bad	18446744073709551615	max_abs	0.662844956
tp_ep_tensor_stats	tag	true_attn_q_b_shard	layer	0	rank	2	elems	131072	finite_bad	0	first_bad	18446744073709551615	max_abs	0.61995101
tp_ep_tensor_stats	tag	true_attn_q_b_shard	layer	0	rank	3	elems	131072	finite_bad	0	first_bad	18446744073709551615	max_abs	0.94037962
tp_ep_tensor_stats	tag	true_attn_q_b_shard	layer	0	rank	4	elems	131072	finite_bad	0	first_bad	18446744073709551615	max_abs	0.464463681
tp_ep_tensor_stats	tag	true_attn_q_b_shard	layer	0	rank	5	elems	131072	finite_bad	0	first_bad	18446744073709551615	max_abs	0.681749582
tp_ep_tensor_stats	tag	true_attn_q_b_shard	layer	0	rank	6	elems	131072	finite_bad	0	first_bad	18446744073709551615	max_abs	0.416815251
tp_ep_tensor_stats	tag	true_attn_q_b_shard	layer	0	rank	7	elems	131072	finite_bad	0	first_bad	18446744073709551615	max_abs	0.466748506
tp_ep_tensor_stats	tag	true_attn_q_heads_normed_shard	layer	0	rank	0	elems	131072	finite_bad	0	first_bad	18446744073709551615	max_abs	11.6143589
tp_ep_tensor_stats	tag	true_attn_q_heads_normed_shard	layer	0	rank	1	elems	131072	finite_bad	0	first_bad	18446744073709551615	max_abs	13.0117035
tp_ep_tensor_stats	tag	true_attn_q_heads_normed_shard	layer	0	rank	2	elems	131072	finite_bad	0	first_bad	18446744073709551615	max_abs	12.9350672
tp_ep_tensor_stats	tag	true_attn_q_heads_normed_shard	layer	0	rank	3	elems	131072	finite_bad	0	first_bad	18446744073709551615	max_abs	15.770031
tp_ep_tensor_stats	tag	true_attn_q_heads_normed_shard	layer	0	rank	4	elems	131072	finite_bad	0	first_bad	18446744073709551615	max_abs	10.0107994
tp_ep_tensor_stats	tag	true_attn_q_heads_normed_shard	layer	0	rank	5	elems	131072	finite_bad	0	first_bad	18446744073709551615	max_abs	12.8751965
tp_ep_tensor_stats	tag	true_attn_q_heads_normed_shard	layer	0	rank	6	elems	131072	finite_bad	0	first_bad	18446744073709551615	max_abs	10.9022121
tp_ep_tensor_stats	tag	true_attn_q_heads_normed_shard	layer	0	rank	7	elems	131072	finite_bad	0	first_bad	18446744073709551615	max_abs	11.5436153
tp_ep_tensor_stats	tag	true_attn_raw_swa_rank0	layer	0	rank	0	elems	2097152	finite_bad	0	first_bad	18446744073709551615	max_abs	5.37109375
tp_ep_tensor_stats	tag	true_attn_raw_window_heads	layer	0	rank	0	elems	131072	finite_bad	0	first_bad	18446744073709551615	max_abs	5.36650944
tp_ep_tensor_stats	tag	true_attn_raw_window_heads	layer	0	rank	1	elems	131072	finite_bad	0	first_bad	18446744073709551615	max_abs	5.05653954
tp_ep_tensor_stats	tag	true_attn_raw_window_heads	layer	0	rank	2	elems	131072	finite_bad	0	first_bad	18446744073709551615	max_abs	5.12650013
tp_ep_tensor_stats	tag	true_attn_raw_window_heads	layer	0	rank	3	elems	131072	finite_bad	0	first_bad	18446744073709551615	max_abs	5.16084671
tp_ep_tensor_stats	tag	true_attn_raw_window_heads	layer	0	rank	4	elems	131072	finite_bad	0	first_bad	18446744073709551615	max_abs	5.05343056
tp_ep_tensor_stats	tag	true_attn_raw_window_heads	layer	0	rank	5	elems	131072	finite_bad	0	first_bad	18446744073709551615	max_abs	4.74193096
tp_ep_tensor_stats	tag	true_attn_raw_window_heads	layer	0	rank	6	elems	131072	finite_bad	0	first_bad	18446744073709551615	max_abs	5.36898899
tp_ep_tensor_stats	tag	true_attn_raw_window_heads	layer	0	rank	7	elems	131072	finite_bad	0	first_bad	18446744073709551615	max_abs	5.36938953
tp_ep_tensor_stats	tag	true_attn_q_a_full	layer	1	rank	0	elems	32768	finite_bad	0	first_bad	18446744073709551615	max_abs	0.305516213
tp_ep_tensor_stats	tag	true_attn_kv_normed	layer	1	rank	0	elems	16384	finite_bad	0	first_bad	18446744073709551615	max_abs	11.353878
tp_ep_tensor_stats	tag	true_attn_q_b_shard	layer	1	rank	0	elems	131072	finite_bad	0	first_bad	18446744073709551615	max_abs	0.728194714
tp_ep_tensor_stats	tag	true_attn_q_b_shard	layer	1	rank	1	elems	131072	finite_bad	0	first_bad	18446744073709551615	max_abs	0.745665491
tp_ep_tensor_stats	tag	true_attn_q_b_shard	layer	1	rank	2	elems	131072	finite_bad	0	first_bad	18446744073709551615	max_abs	0.766668916
tp_ep_tensor_stats	tag	true_attn_q_b_shard	layer	1	rank	3	elems	131072	finite_bad	0	first_bad	18446744073709551615	max_abs	0.669035375
tp_ep_tensor_stats	tag	true_attn_q_b_shard	layer	1	rank	4	elems	131072	finite_bad	0	first_bad	18446744073709551615	max_abs	0.98039937
tp_ep_tensor_stats	tag	true_attn_q_b_shard	layer	1	rank	5	elems	131072	finite_bad	0	first_bad	18446744073709551615	max_abs	0.792579532
tp_ep_tensor_stats	tag	true_attn_q_b_shard	layer	1	rank	6	elems	131072	finite_bad	0	first_bad	18446744073709551615	max_abs	0.774017692
tp_ep_tensor_stats	tag	true_attn_q_b_shard	layer	1	rank	7	elems	131072	finite_bad	0	first_bad	18446744073709551615	max_abs	0.800724506
tp_ep_tensor_stats	tag	true_attn_q_heads_normed_shard	layer	1	rank	0	elems	131072	finite_bad	0	first_bad	18446744073709551615	max_abs	16.4153156
tp_ep_tensor_stats	tag	true_attn_q_heads_normed_shard	layer	1	rank	1	elems	131072	finite_bad	0	first_bad	18446744073709551615	max_abs	15.5672379
tp_ep_tensor_stats	tag	true_attn_q_heads_normed_shard	layer	1	rank	2	elems	131072	finite_bad	0	first_bad	18446744073709551615	max_abs	15.72509
tp_ep_tensor_stats	tag	true_attn_q_heads_normed_shard	layer	1	rank	3	elems	131072	finite_bad	0	first_bad	18446744073709551615	max_abs	15.6285219
tp_ep_tensor_stats	tag	true_attn_q_heads_normed_shard	layer	1	rank	4	elems	131072	finite_bad	0	first_bad	18446744073709551615	max_abs	16.6797523
tp_ep_tensor_stats	tag	true_attn_q_heads_normed_shard	layer	1	rank	5	elems	131072	finite_bad	0	first_bad	18446744073709551615	max_abs	16.1899357
tp_ep_tensor_stats	tag	true_attn_q_heads_normed_shard	layer	1	rank	6	elems	131072	finite_bad	0	first_bad	18446744073709551615	max_abs	16.6392288
tp_ep_tensor_stats	tag	true_attn_q_heads_normed_shard	layer	1	rank	7	elems	131072	finite_bad	0	first_bad	18446744073709551615	max_abs	15.4160585
tp_ep_tensor_stats	tag	true_attn_raw_swa_rank0	layer	1	rank	0	elems	2097152	finite_bad	0	first_bad	18446744073709551615	max_abs	9.9375
tp_ep_tensor_stats	tag	true_attn_raw_window_heads	layer	1	rank	0	elems	131072	finite_bad	0	first_bad	18446744073709551615	max_abs	9.1933794
tp_ep_tensor_stats	tag	true_attn_raw_window_heads	layer	1	rank	1	elems	131072	finite_bad	0	first_bad	18446744073709551615	max_abs	4.66828346
tp_ep_tensor_stats	tag	true_attn_raw_window_heads	layer	1	rank	2	elems	131072	finite_bad	0	first_bad	18446744073709551615	max_abs	5.62674236
tp_ep_tensor_stats	tag	true_attn_raw_window_heads	layer	1	rank	3	elems	131072	finite_bad	0	first_bad	18446744073709551615	max_abs	5.73510218
tp_ep_tensor_stats	tag	true_attn_raw_window_heads	layer	1	rank	4	elems	131072	finite_bad	0	first_bad	18446744073709551615	max_abs	7.64858389
tp_ep_tensor_stats	tag	true_attn_raw_window_heads	layer	1	rank	5	elems	131072	finite_bad	0	first_bad	18446744073709551615	max_abs	8.79408741
tp_ep_tensor_stats	tag	true_attn_raw_window_heads	layer	1	rank	6	elems	131072	finite_bad	0	first_bad	18446744073709551615	max_abs	4.32784796
tp_ep_tensor_stats	tag	true_attn_raw_window_heads	layer	1	rank	7	elems	131072	finite_bad	0	first_bad	18446744073709551615	max_abs	4.53673267
tp_ep_tensor_stats	tag	true_attn_q_a_full	layer	2	rank	0	elems	32768	finite_bad	0	first_bad	18446744073709551615	max_abs	0.38222912
tp_ep_tensor_stats	tag	true_attn_kv_normed	layer	2	rank	0	elems	16384	finite_bad	0	first_bad	18446744073709551615	max_abs	2.51162553
tp_ep_tensor_stats	tag	true_attn_q_b_shard	layer	2	rank	0	elems	131072	finite_bad	0	first_bad	18446744073709551615	max_abs	0.217435405
tp_ep_tensor_stats	tag	true_attn_q_b_shard	layer	2	rank	1	elems	131072	finite_bad	0	first_bad	18446744073709551615	max_abs	0.246976361
tp_ep_tensor_stats	tag	true_attn_q_b_shard	layer	2	rank	2	elems	131072	finite_bad	0	first_bad	18446744073709551615	max_abs	0.138985023
tp_ep_tensor_stats	tag	true_attn_q_b_shard	layer	2	rank	3	elems	131072	finite_bad	0	first_bad	18446744073709551615	max_abs	0.258446723
tp_ep_tensor_stats	tag	true_attn_q_b_shard	layer	2	rank	4	elems	131072	finite_bad	0	first_bad	18446744073709551615	max_abs	0.282365501
tp_ep_tensor_stats	tag	true_attn_q_b_shard	layer	2	rank	5	elems	131072	finite_bad	0	first_bad	18446744073709551615	max_abs	0.25648576
tp_ep_tensor_stats	tag	true_attn_q_b_shard	layer	2	rank	6	elems	131072	finite_bad	0	first_bad	18446744073709551615	max_abs	0.188378543
tp_ep_tensor_stats	tag	true_attn_q_b_shard	layer	2	rank	7	elems	131072	finite_bad	0	first_bad	18446744073709551615	max_abs	0.344347537
tp_ep_tensor_stats	tag	true_attn_q_heads_normed_shard	layer	2	rank	0	elems	131072	finite_bad	0	first_bad	18446744073709551615	max_abs	9.17223263
tp_ep_tensor_stats	tag	true_attn_q_heads_normed_shard	layer	2	rank	1	elems	131072	finite_bad	0	first_bad	18446744073709551615	max_abs	8.26307201
tp_ep_tensor_stats	tag	true_attn_q_heads_normed_shard	layer	2	rank	2	elems	131072	finite_bad	0	first_bad	18446744073709551615	max_abs	5.55488586
tp_ep_tensor_stats	tag	true_attn_q_heads_normed_shard	layer	2	rank	3	elems	131072	finite_bad	0	first_bad	18446744073709551615	max_abs	5.12337732
tp_ep_tensor_stats	tag	true_attn_q_heads_normed_shard	layer	2	rank	4	elems	131072	finite_bad	0	first_bad	18446744073709551615	max_abs	7.28785896
tp_ep_tensor_stats	tag	true_attn_q_heads_normed_shard	layer	2	rank	5	elems	131072	finite_bad	0	first_bad	18446744073709551615	max_abs	6.78997993
tp_ep_tensor_stats	tag	true_attn_q_heads_normed_shard	layer	2	rank	6	elems	131072	finite_bad	0	first_bad	18446744073709551615	max_abs	6.2885375
tp_ep_tensor_stats	tag	true_attn_q_heads_normed_shard	layer	2	rank	7	elems	131072	finite_bad	0	first_bad	18446744073709551615	max_abs	7.38476086
tp_ep_tensor_stats	tag	true_attn_raw_swa_rank0	layer	2	rank	0	elems	2097152	finite_bad	0	first_bad	18446744073709551615	max_abs	3.85546875
tp_ep_tensor_stats	tag	true_attn_raw_window_heads	layer	2	rank	0	elems	131072	finite_bad	0	first_bad	18446744073709551615	max_abs	2.28606701
tp_ep_tensor_stats	tag	true_attn_raw_window_heads	layer	2	rank	1	elems	131072	finite_bad	0	first_bad	18446744073709551615	max_abs	2.42364216
tp_ep_tensor_stats	tag	true_attn_raw_window_heads	layer	2	rank	2	elems	131072	finite_bad	0	first_bad	18446744073709551615	max_abs	2.37256503
tp_ep_tensor_stats	tag	true_attn_raw_window_heads	layer	2	rank	3	elems	131072	finite_bad	0	first_bad	18446744073709551615	max_abs	2.38111782
tp_ep_tensor_stats	tag	true_attn_raw_window_heads	layer	2	rank	4	elems	131072	finite_bad	0	first_bad	18446744073709551615	max_abs	2.53050423
tp_ep_tensor_stats	tag	true_attn_raw_window_heads	layer	2	rank	5	elems	131072	finite_bad	0	first_bad	18446744073709551615	max_abs	1.97451162
tp_ep_tensor_stats	tag	true_attn_raw_window_heads	layer	2	rank	6	elems	131072	finite_bad	0	first_bad	18446744073709551615	max_abs	2.49871874
tp_ep_tensor_stats	tag	true_attn_raw_window_heads	layer	2	rank	7	elems	131072	finite_bad	0	first_bad	18446744073709551615	max_abs	2.35803556
tp_ep_tensor_stats	tag	true_attn_q_a_full	layer	0	rank	0	elems	32768	finite_bad	0	first_bad	18446744073709551615	max_abs	0.265825629
tp_ep_tensor_stats	tag	true_attn_kv_normed	layer	0	rank	0	elems	16384	finite_bad	0	first_bad	18446744073709551615	max_abs	5.46450949
tp_ep_tensor_stats	tag	true_attn_q_b_shard	layer	0	rank	0	elems	131072	finite_bad	0	first_bad	18446744073709551615	max_abs	0.457673937
tp_ep_tensor_stats	tag	true_attn_q_b_shard	layer	0	rank	1	elems	131072	finite_bad	0	first_bad	18446744073709551615	max_abs	0.561230242
tp_ep_tensor_stats	tag	true_attn_q_b_shard	layer	0	rank	2	elems	131072	finite_bad	0	first_bad	18446744073709551615	max_abs	0.734379888
tp_ep_tensor_stats	tag	true_attn_q_b_shard	layer	0	rank	3	elems	131072	finite_bad	0	first_bad	18446744073709551615	max_abs	0.715042353
tp_ep_tensor_stats	tag	true_attn_q_b_shard	layer	0	rank	4	elems	131072	finite_bad	0	first_bad	18446744073709551615	max_abs	0.476716161
tp_ep_tensor_stats	tag	true_attn_q_b_shard	layer	0	rank	5	elems	131072	finite_bad	0	first_bad	18446744073709551615	max_abs	0.545717478
tp_ep_tensor_stats	tag	true_attn_q_b_shard	layer	0	rank	6	elems	131072	finite_bad	0	first_bad	18446744073709551615	max_abs	0.390069097
tp_ep_tensor_stats	tag	true_attn_q_b_shard	layer	0	rank	7	elems	131072	finite_bad	0	first_bad	18446744073709551615	max_abs	0.461950243
tp_ep_tensor_stats	tag	true_attn_q_heads_normed_shard	layer	0	rank	0	elems	131072	finite_bad	0	first_bad	18446744073709551615	max_abs	11.4815817
tp_ep_tensor_stats	tag	true_attn_q_heads_normed_shard	layer	0	rank	1	elems	131072	finite_bad	0	first_bad	18446744073709551615	max_abs	12.2841053
tp_ep_tensor_stats	tag	true_attn_q_heads_normed_shard	layer	0	rank	2	elems	131072	finite_bad	0	first_bad	18446744073709551615	max_abs	12.9570589
tp_ep_tensor_stats	tag	true_attn_q_heads_normed_shard	layer	0	rank	3	elems	131072	finite_bad	0	first_bad	18446744073709551615	max_abs	15.1173906
tp_ep_tensor_stats	tag	true_attn_q_heads_normed_shard	layer	0	rank	4	elems	131072	finite_bad	0	first_bad	18446744073709551615	max_abs	9.70172596
tp_ep_tensor_stats	tag	true_attn_q_heads_normed_shard	layer	0	rank	5	elems	131072	finite_bad	0	first_bad	18446744073709551615	max_abs	12.7701406
tp_ep_tensor_stats	tag	true_attn_q_heads_normed_shard	layer	0	rank	6	elems	131072	finite_bad	0	first_bad	18446744073709551615	max_abs	11.0155191
tp_ep_tensor_stats	tag	true_attn_q_heads_normed_shard	layer	0	rank	7	elems	131072	finite_bad	0	first_bad	18446744073709551615	max_abs	12.9785852
tp_ep_tensor_stats	tag	true_attn_raw_swa_rank0	layer	0	rank	0	elems	2097152	finite_bad	0	first_bad	18446744073709551615	max_abs	5.37109375
tp_ep_tensor_stats	tag	true_attn_raw_window_heads	layer	0	rank	0	elems	131072	finite_bad	0	first_bad	18446744073709551615	max_abs	4.11617327
tp_ep_tensor_stats	tag	true_attn_raw_window_heads	layer	0	rank	1	elems	131072	finite_bad	0	first_bad	18446744073709551615	max_abs	3.98621559
tp_ep_tensor_stats	tag	true_attn_raw_window_heads	layer	0	rank	2	elems	131072	finite_bad	0	first_bad	18446744073709551615	max_abs	3.97977042
tp_ep_tensor_stats	tag	true_attn_raw_window_heads	layer	0	rank	3	elems	131072	finite_bad	0	first_bad	18446744073709551615	max_abs	4.02785826
tp_ep_tensor_stats	tag	true_attn_raw_window_heads	layer	0	rank	4	elems	131072	finite_bad	0	first_bad	18446744073709551615	max_abs	4.00716877
tp_ep_tensor_stats	tag	true_attn_raw_window_heads	layer	0	rank	5	elems	131072	finite_bad	0	first_bad	18446744073709551615	max_abs	3.87690043
tp_ep_tensor_stats	tag	true_attn_raw_window_heads	layer	0	rank	6	elems	131072	finite_bad	0	first_bad	18446744073709551615	max_abs	4.12650013
tp_ep_tensor_stats	tag	true_attn_raw_window_heads	layer	0	rank	7	elems	131072	finite_bad	0	first_bad	18446744073709551615	max_abs	4.12706804
tp_ep_tensor_stats	tag	true_attn_q_a_full	layer	1	rank	0	elems	32768	finite_bad	0	first_bad	18446744073709551615	max_abs	0.263658285
tp_ep_tensor_stats	tag	true_attn_kv_normed	layer	1	rank	0	elems	16384	finite_bad	0	first_bad	18446744073709551615	max_abs	11.4304323
tp_ep_tensor_stats	tag	true_attn_q_b_shard	layer	1	rank	0	elems	131072	finite_bad	0	first_bad	18446744073709551615	max_abs	0.747895658
tp_ep_tensor_stats	tag	true_attn_q_b_shard	layer	1	rank	1	elems	131072	finite_bad	0	first_bad	18446744073709551615	max_abs	0.687710285
tp_ep_tensor_stats	tag	true_attn_q_b_shard	layer	1	rank	2	elems	131072	finite_bad	0	first_bad	18446744073709551615	max_abs	0.691976726
tp_ep_tensor_stats	tag	true_attn_q_b_shard	layer	1	rank	3	elems	131072	finite_bad	0	first_bad	18446744073709551615	max_abs	0.625059664
tp_ep_tensor_stats	tag	true_attn_q_b_shard	layer	1	rank	4	elems	131072	finite_bad	0	first_bad	18446744073709551615	max_abs	1.00866044
tp_ep_tensor_stats	tag	true_attn_q_b_shard	layer	1	rank	5	elems	131072	finite_bad	0	first_bad	18446744073709551615	max_abs	0.79781276
tp_ep_tensor_stats	tag	true_attn_q_b_shard	layer	1	rank	6	elems	131072	finite_bad	0	first_bad	18446744073709551615	max_abs	0.890920639
tp_ep_tensor_stats	tag	true_attn_q_b_shard	layer	1	rank	7	elems	131072	finite_bad	0	first_bad	18446744073709551615	max_abs	0.741096497
tp_ep_tensor_stats	tag	true_attn_q_heads_normed_shard	layer	1	rank	0	elems	131072	finite_bad	0	first_bad	18446744073709551615	max_abs	16.2210598
tp_ep_tensor_stats	tag	true_attn_q_heads_normed_shard	layer	1	rank	1	elems	131072	finite_bad	0	first_bad	18446744073709551615	max_abs	14.93573
tp_ep_tensor_stats	tag	true_attn_q_heads_normed_shard	layer	1	rank	2	elems	131072	finite_bad	0	first_bad	18446744073709551615	max_abs	15.6039991
tp_ep_tensor_stats	tag	true_attn_q_heads_normed_shard	layer	1	rank	3	elems	131072	finite_bad	0	first_bad	18446744073709551615	max_abs	14.8971195
tp_ep_tensor_stats	tag	true_attn_q_heads_normed_shard	layer	1	rank	4	elems	131072	finite_bad	0	first_bad	18446744073709551615	max_abs	16.0547523
tp_ep_tensor_stats	tag	true_attn_q_heads_normed_shard	layer	1	rank	5	elems	131072	finite_bad	0	first_bad	18446744073709551615	max_abs	15.3153191
tp_ep_tensor_stats	tag	true_attn_q_heads_normed_shard	layer	1	rank	6	elems	131072	finite_bad	0	first_bad	18446744073709551615	max_abs	17.4702129
tp_ep_tensor_stats	tag	true_attn_q_heads_normed_shard	layer	1	rank	7	elems	131072	finite_bad	0	first_bad	18446744073709551615	max_abs	15.6145887
tp_ep_tensor_stats	tag	true_attn_raw_swa_rank0	layer	1	rank	0	elems	2097152	finite_bad	0	first_bad	18446744073709551615	max_abs	10.0625
tp_ep_tensor_stats	tag	true_attn_raw_window_heads	layer	1	rank	0	elems	131072	finite_bad	0	first_bad	18446744073709551615	max_abs	8.18242741
tp_ep_tensor_stats	tag	true_attn_raw_window_heads	layer	1	rank	1	elems	131072	finite_bad	0	first_bad	18446744073709551615	max_abs	3.87259507
tp_ep_tensor_stats	tag	true_attn_raw_window_heads	layer	1	rank	2	elems	131072	finite_bad	0	first_bad	18446744073709551615	max_abs	3.23574638
tp_ep_tensor_stats	tag	true_attn_raw_window_heads	layer	1	rank	3	elems	131072	finite_bad	0	first_bad	18446744073709551615	max_abs	6.98797894
tp_ep_tensor_stats	tag	true_attn_raw_window_heads	layer	1	rank	4	elems	131072	finite_bad	0	first_bad	18446744073709551615	max_abs	7.9504137
tp_ep_tensor_stats	tag	true_attn_raw_window_heads	layer	1	rank	5	elems	131072	finite_bad	0	first_bad	18446744073709551615	max_abs	7.79901886
tp_ep_tensor_stats	tag	true_attn_raw_window_heads	layer	1	rank	6	elems	131072	finite_bad	0	first_bad	18446744073709551615	max_abs	3.67114377
tp_ep_tensor_stats	tag	true_attn_raw_window_heads	layer	1	rank	7	elems	131072	finite_bad	0	first_bad	18446744073709551615	max_abs	4.86967659
tp_ep_tensor_stats	tag	true_attn_q_a_full	layer	2	rank	0	elems	32768	finite_bad	0	first_bad	18446744073709551615	max_abs	0.365491718
tp_ep_tensor_stats	tag	true_attn_kv_normed	layer	2	rank	0	elems	16384	finite_bad	0	first_bad	18446744073709551615	max_abs	2.58435202
tp_ep_tensor_stats	tag	true_attn_q_b_shard	layer	2	rank	0	elems	131072	finite_bad	0	first_bad	18446744073709551615	max_abs	0.203442708
tp_ep_tensor_stats	tag	true_attn_q_b_shard	layer	2	rank	1	elems	131072	finite_bad	0	first_bad	18446744073709551615	max_abs	0.194145396
tp_ep_tensor_stats	tag	true_attn_q_b_shard	layer	2	rank	2	elems	131072	finite_bad	0	first_bad	18446744073709551615	max_abs	0.154634371
tp_ep_tensor_stats	tag	true_attn_q_b_shard	layer	2	rank	3	elems	131072	finite_bad	0	first_bad	18446744073709551615	max_abs	0.207003862
tp_ep_tensor_stats	tag	true_attn_q_b_shard	layer	2	rank	4	elems	131072	finite_bad	0	first_bad	18446744073709551615	max_abs	0.179204345
tp_ep_tensor_stats	tag	true_attn_q_b_shard	layer	2	rank	5	elems	131072	finite_bad	0	first_bad	18446744073709551615	max_abs	0.247385338
tp_ep_tensor_stats	tag	true_attn_q_b_shard	layer	2	rank	6	elems	131072	finite_bad	0	first_bad	18446744073709551615	max_abs	0.175394759
tp_ep_tensor_stats	tag	true_attn_q_b_shard	layer	2	rank	7	elems	131072	finite_bad	0	first_bad	18446744073709551615	max_abs	0.221869707
tp_ep_tensor_stats	tag	true_attn_q_heads_normed_shard	layer	2	rank	0	elems	131072	finite_bad	0	first_bad	18446744073709551615	max_abs	9.66099167
tp_ep_tensor_stats	tag	true_attn_q_heads_normed_shard	layer	2	rank	1	elems	131072	finite_bad	0	first_bad	18446744073709551615	max_abs	6.17442656
tp_ep_tensor_stats	tag	true_attn_q_heads_normed_shard	layer	2	rank	2	elems	131072	finite_bad	0	first_bad	18446744073709551615	max_abs	7.47915602
tp_ep_tensor_stats	tag	true_attn_q_heads_normed_shard	layer	2	rank	3	elems	131072	finite_bad	0	first_bad	18446744073709551615	max_abs	6.36352348
tp_ep_tensor_stats	tag	true_attn_q_heads_normed_shard	layer	2	rank	4	elems	131072	finite_bad	0	first_bad	18446744073709551615	max_abs	5.85900068
tp_ep_tensor_stats	tag	true_attn_q_heads_normed_shard	layer	2	rank	5	elems	131072	finite_bad	0	first_bad	18446744073709551615	max_abs	8.81227207
tp_ep_tensor_stats	tag	true_attn_q_heads_normed_shard	layer	2	rank	6	elems	131072	finite_bad	0	first_bad	18446744073709551615	max_abs	5.65821838
tp_ep_tensor_stats	tag	true_attn_q_heads_normed_shard	layer	2	rank	7	elems	131072	finite_bad	0	first_bad	18446744073709551615	max_abs	4.95986938
tp_ep_tensor_stats	tag	true_attn_raw_swa_rank0	layer	2	rank	0	elems	2097152	finite_bad	0	first_bad	18446744073709551615	max_abs	3.85546875
tp_ep_tensor_stats	tag	true_attn_raw_window_heads	layer	2	rank	0	elems	131072	finite_bad	0	first_bad	18446744073709551615	max_abs	2.19139981
tp_ep_tensor_stats	tag	true_attn_raw_window_heads	layer	2	rank	1	elems	131072	finite_bad	0	first_bad	18446744073709551615	max_abs	2.4141376
tp_ep_tensor_stats	tag	true_attn_raw_window_heads	layer	2	rank	2	elems	131072	finite_bad	0	first_bad	18446744073709551615	max_abs	2.93450975
tp_ep_tensor_stats	tag	true_attn_raw_window_heads	layer	2	rank	3	elems	131072	finite_bad	0	first_bad	18446744073709551615	max_abs	2.83043623
tp_ep_tensor_stats	tag	true_attn_raw_window_heads	layer	2	rank	4	elems	131072	finite_bad	0	first_bad	18446744073709551615	max_abs	2.44607997
tp_ep_tensor_stats	tag	true_attn_raw_window_heads	layer	2	rank	5	elems	131072	finite_bad	0	first_bad	18446744073709551615	max_abs	2.43005967
tp_ep_tensor_stats	tag	true_attn_raw_window_heads	layer	2	rank	6	elems	131072	finite_bad	0	first_bad	18446744073709551615	max_abs	2.49516344
tp_ep_tensor_stats	tag	true_attn_raw_window_heads	layer	2	rank	7	elems	131072	finite_bad	0	first_bad	18446744073709551615	max_abs	2.30999255
