==91324== NVPROF is profiling process 91324, command: ./tools/ds4-v100-replay --serve --model /models/DSv4-Flash-256e-fixed.gguf --ctx 262144 --slots 8 --active-microbatch 8 --microbatch-wait-us 50000 --queue-policy sequential --tokens 16 --host 127.0.0.1 --port 18621 --appliance-dir /workspace/ds4-appliance
==91324== Profiling application: ./tools/ds4-v100-replay --serve --model /models/DSv4-Flash-256e-fixed.gguf --ctx 262144 --slots 8 --active-microbatch 8 --microbatch-wait-us 50000 --queue-policy sequential --tokens 16 --host 127.0.0.1 --port 18621 --appliance-dir /workspace/ds4-appliance
==91324== Profiling result:
            Type  Time(%)      Time     Calls       Avg       Min       Max  Name
 GPU activities:   41.65%  813.77ms     12341  65.940us  17.760us  162.75us  arena_f8_e4m3_b128_matmul_rows2_kernel(float*, unsigned char const *, float const *, unsigned int, unsigned int, unsigned int)
                   20.72%  404.88ms      3526  114.83us  68.160us  191.45us  void turbomind::gemm::gemm_kernel<turbomind::gemm::GemmUniversal<turbomind::gemm::Sm70, turbomind::gemm::MainloopSm70<turbomind::gemm::Tiled_MMA_v2<turbomind::gemm::SM70_MMA_884, turbomind::gemm::MMA_Map<int=8, int=128, int=64, int=8, int=32, int=8, turbomind::gemm::Blocked<int=1, int=4, turbomind::gemm::Order>, int=1, bool=0>, turbomind::gemm::Order>, turbomind::gemm::sm70_s884::Operand_A<__half>, turbomind::gemm::IteratorSm70<turbomind::gemm::Striding, turbomind::cache_policy::Default>, turbomind::gemm::Transform_Default, turbomind::gemm::VoidOperand, int=1, turbomind::gemm::sm70_s884::Operand_B_Pack<turbomind::fp4_e2m1_t>, turbomind::gemm::IteratorSm70<turbomind::gemm::Striding, turbomind::cache_policy::Stream>, turbomind::gemm::Transform_HMMA_SIMT_B, turbomind::gemm::sm70_s884::Operand_V_Pack<unsigned char>, int=32, int=2, bool=1>, turbomind::gemm::Epilogue_<__half, int=8, int=128, int=8, int=128, int=128, turbomind::gemm::Rearrange<turbomind::gemm::Tiled_MMA_v2<turbomind::gemm::SM70_MMA_884, turbomind::gemm::MMA_Map<int=8, int=128, int=64, int=8, int=32, int=8, turbomind::gemm::Blocked<int=1, int=4, turbomind::gemm::Order>, int=1, bool=0>, turbomind::gemm::Order>>, turbomind::gemm::sm70_s884::Operand_C<float, turbomind::gemm::Order>, turbomind::gemm::Striding, bool=1>, turbomind::gemm::SchedulerSm70<turbomind::gemm::Order, int=8, int=128, int=64, int=64, int=1, int=0>>, turbomind::gemm::GemmParam, turbomind::gemm::EpilogueParam, turbomind::gemm::SchedulerSm70<turbomind::gemm::Order, int=8, int=128, int=64, int=64, int=1, int=0>>(turbomind::gemm::SM70_MMA_884, int=8, int=128)
                   12.93%  252.71ms      1763  143.34us  138.72us  156.96us  arena_f8_e4m3_b128_matmul_grouped_rows2_ds4_attn_o_kernel(float*, unsigned char const *, float const *, unsigned int)
                    4.90%  95.731ms      3526  27.150us  25.280us  30.943us  matmul_f32_kernel(float*, float const *, float const *, unsigned long, unsigned long, unsigned long)
                    3.20%  62.557ms      3526  17.741us  16.544us  21.056us  rms_norm_plain_kernel(float*, float const *, unsigned int, unsigned int, float)
                    3.11%  60.713ms      1763  34.437us  20.031us  62.080us  attention_decode_mixed_kernel(float*, float const *, float const *, float const *, float const *, float const *, unsigned int, unsigned int, unsigned int, unsigned int, unsigned int, unsigned int, unsigned int, unsigned int, unsigned int, unsigned int, unsigned int)
                    2.72%  53.116ms      3526  15.064us  9.6000us  25.279us  arena_bf16_matmul_kernel(float*, unsigned short const *, float const *, unsigned int, unsigned int, unsigned int)
                    2.57%  50.132ms      7340  6.8290us  2.2710us  12.224us  rms_norm_weight_kernel(float*, float const *, float const *, unsigned int, unsigned int, float)
                    1.57%  30.643ms      3526  8.6900us  8.1270us  11.616us  hc_split_weighted_sum_fused_kernel(float*, float*, float const *, float const *, float const *, float const *, unsigned int, unsigned int, unsigned int, unsigned int, float)
                    1.25%  24.336ms      1763  13.803us  13.119us  16.416us  tm_prefix_offsets_kernel(int*, int*, int const *, unsigned int)
                    1.06%  20.734ms      1763  11.760us  10.880us  13.632us  arena_f32_matmul_kernel(float*, float const *, float const *, unsigned int, unsigned int, unsigned int)
                    0.58%  11.367ms      1763  6.4470us  3.8710us  11.839us  router_select_warp_topk_kernel(int*, float*, float*, float const *, int const *, float const *, int const *, int, unsigned int, unsigned int, int, int)
                    0.54%  10.528ms      3526  2.9850us  2.5600us  4.7360us  hc_expand_kernel(float*, float const *, float const *, float const *, float const *, float const *, unsigned int, unsigned int, unsigned int, unsigned int, unsigned int, int)
                    0.49%  9.5853ms      5577  1.7180us  1.3110us  7.0080us  rope_tail_kernel(float*, unsigned int, unsigned int, unsigned int, unsigned int, unsigned int, unsigned int, int, float, float, float, float, float, float)
                    0.34%  6.6874ms      3787  1.7650us  1.4070us  12.096us  [CUDA memcpy DtoH]
                    0.33%  6.4131ms      1763  3.6370us  3.1030us  6.9120us  head_rms_norm_kernel(float*, unsigned int, unsigned int, unsigned int, float)
                    0.30%  5.9096ms      5289  1.1170us     863ns  11.968us  [CUDA memset]
                    0.20%  3.8248ms      1763  2.1690us  1.6960us  3.4240us  compressor_store_kernel(float const *, float const *, float*, float*, void const *, unsigned long, unsigned int, unsigned int, unsigned int, unsigned int, unsigned int)
                    0.19%  3.7288ms      1763  2.1150us  1.7920us  10.656us  swiglu_kernel(float*, float const *, float const *, unsigned int, float, float)
                    0.19%  3.6680ms      1763  2.0800us  1.5680us  10.272us  add_kernel(float*, float const *, float const *, unsigned int)
                    0.18%  3.5880ms      1763  2.0350us  1.8870us  2.8160us  tm_gather_f32_to_f16_kernel(__half*, float const *, float const * const *, int const *, unsigned int, unsigned int, unsigned int)
                    0.16%  3.2194ms      1763  1.8260us  1.7270us  2.3680us  tm_scatter_routes_kernel(int*, float*, int*, int*, int const *, float const *, unsigned int, unsigned int)
                    0.16%  3.1128ms      1763  1.7650us  1.6630us  2.2400us  tm_scatter_sum_half_to_f32_kernel(float*, __half const *, int const *, unsigned int, unsigned int, unsigned int)
                    0.15%  2.9383ms      1763  1.6660us  1.5350us  5.1840us  tm_swiglu_fused_gate_up_half_kernel(__half*, __half const *, float const *, unsigned int, unsigned int, float)
                    0.13%  2.5828ms      1763  1.4640us  1.3750us  2.2720us  tm_count_routes_kernel(int*, int*, int const *, unsigned int, unsigned int)
                    0.13%  2.5746ms      1763  1.4600us  1.3750us  1.7600us  store_raw_kv_batch_kernel(float*, float const *, unsigned int, unsigned int, unsigned int, unsigned int)
                    0.11%  2.0761ms       261  7.9540us  7.4880us  13.504us  [CUDA memcpy HtoD]
                    0.04%  836.09us       288  2.9030us  1.9190us  4.6400us  compressor_update_pool_kernel(float*, float const *, float const *, unsigned int, unsigned int)
                    0.03%  626.99us       294  2.1320us  1.6310us  13.632us  embed_token_hc_kernel(float*, unsigned short const *, unsigned int, unsigned int, unsigned int)
                    0.03%  618.19us       416  1.4860us  1.2470us  2.3360us  fill_f32_kernel(float*, unsigned long, float)
                    0.02%  479.17us       288  1.6630us  1.4390us  2.3680us  compressor_shift_ratio4_kernel(float*, float*, unsigned int)
                    0.02%  364.77us       288  1.2660us  1.1520us  1.5040us  f32_f16_round_kernel(float*, unsigned long)
      API calls:   69.41%  1.31900s      3526  374.08us  15.299us  928.70us  cudaMemcpy
                   21.26%  403.97ms     74433  5.4270us  3.2710us  1.6258ms  cudaLaunchKernel
                    2.84%  53.926ms     75829     711ns     358ns  618.57us  cudaSetDevice
                    2.21%  41.994ms       325  129.21us  8.7790us  631.44us  cudaDeviceSynchronize
                    2.02%  38.472ms     81688     470ns     224ns  654.36us  cudaGetDevice
                    1.41%  26.831ms      5289  5.0730us  2.1580us  537.09us  cudaMemset
                    0.80%  15.231ms     74433     204ns     114ns  745.25us  cudaGetLastError
                    0.05%  978.52us        33  29.652us  18.704us  270.54us  cudaMemcpyPeer
                    0.00%  7.2800us         1  7.2800us  7.2800us  7.2800us  cuDeviceGetCount
==91324== Warning: Some profiling data are not recorded.
