==46819== NVPROF is profiling process 46819, command: ./tools/ds4-v100-replay --serve --model /models/DSv4-Flash-256e-fixed.gguf --ctx 1048576 --slots 4 --active-microbatch 4 --microbatch-wait-us 50000 --queue-policy sequential --tokens 16 --host 127.0.0.1 --port 18180 --appliance-dir /workspace/ds4-applianc
==46819== Profiling application: ./tools/ds4-v100-replay --serve --model /models/DSv4-Flash-256e-fixed.gguf --ctx 1048576 --slots 4 --active-microbatch 4 --microbatch-wait-us 50000 --queue-policy sequential --tokens 16 --host 127.0.0.1 --port 18180 --appliance-dir /workspace/ds4-applianc
==46819== Profiling result:
            Type  Time(%)      Time     Calls       Avg       Min       Max  Name
 GPU activities:   45.84%  524.77ms      5544  94.654us  17.087us  281.31us  arena_f8_e4m3_b128_matmul_kernel(float*, unsigned char const *, float const *, unsigned int, unsigned int, unsigned int)
                   20.72%  237.22ms      2376  99.840us  69.760us  175.46us  void turbomind::gemm::gemm_kernel<turbomind::gemm::GemmUniversal<turbomind::gemm::Sm70, turbomind::gemm::MainloopSm70<turbomind::gemm::Tiled_MMA_v2<turbomind::gemm::SM70_MMA_884, turbomind::gemm::MMA_Map<int=8, int=128, int=64, int=8, int=32, int=8, turbomind::gemm::Blocked<int=1, int=4, turbomind::gemm::Order>, int=1, bool=0>, turbomind::gemm::Order>, turbomind::gemm::sm70_s884::Operand_A<__half>, turbomind::gemm::IteratorSm70<turbomind::gemm::Striding, turbomind::cache_policy::Default>, turbomind::gemm::Transform_Default, turbomind::gemm::VoidOperand, int=1, turbomind::gemm::sm70_s884::Operand_B_Pack<turbomind::fp4_e2m1_t>, turbomind::gemm::IteratorSm70<turbomind::gemm::Striding, turbomind::cache_policy::Stream>, turbomind::gemm::Transform_HMMA_SIMT_B, turbomind::gemm::sm70_s884::Operand_V_Pack<unsigned char>, int=32, int=2, bool=1>, turbomind::gemm::Epilogue_<__half, int=8, int=128, int=8, int=128, int=128, turbomind::gemm::Rearrange<turbomind::gemm::Tiled_MMA_v2<turbomind::gemm::SM70_MMA_884, turbomind::gemm::MMA_Map<int=8, int=128, int=64, int=8, int=32, int=8, turbomind::gemm::Blocked<int=1, int=4, turbomind::gemm::Order>, int=1, bool=0>, turbomind::gemm::Order>>, turbomind::gemm::sm70_s884::Operand_C<float, turbomind::gemm::Order>, turbomind::gemm::Striding, bool=1>, turbomind::gemm::SchedulerSm70<turbomind::gemm::Order, int=8, int=128, int=64, int=64, int=1, int=0>>, turbomind::gemm::GemmParam, turbomind::gemm::EpilogueParam, turbomind::gemm::SchedulerSm70<turbomind::gemm::Order, int=8, int=128, int=64, int=64, int=1, int=0>>(turbomind::gemm::SM70_MMA_884, int=8, int=128)
                   14.50%  165.94ms       792  209.52us  204.61us  238.88us  arena_f8_e4m3_b128_matmul_grouped_kernel(float*, unsigned char const *, float const *, unsigned int, unsigned int, unsigned int, unsigned int)
                    3.72%  42.581ms      1584  26.882us  25.440us  31.135us  matmul_f32_kernel(float*, float const *, float const *, unsigned long, unsigned long, unsigned long)
                    2.42%  27.742ms      1584  17.513us  16.512us  20.768us  rms_norm_plain_kernel(float*, float const *, unsigned int, unsigned int, float)
                    2.35%  26.911ms       792  33.978us  20.096us  56.255us  attention_decode_mixed_kernel(float*, float const *, float const *, float const *, float const *, float const *, unsigned int, unsigned int, unsigned int, unsigned int, unsigned int, unsigned int, unsigned int, unsigned int, unsigned int, unsigned int, unsigned int)
                    2.06%  23.615ms      1584  14.908us  9.6000us  24.416us  arena_bf16_matmul_kernel(float*, unsigned short const *, float const *, unsigned int, unsigned int, unsigned int)
                    1.94%  22.247ms      3296  6.7490us  2.2710us  12.096us  rms_norm_weight_kernel(float*, float const *, float const *, unsigned int, unsigned int, float)
                    1.19%  13.627ms      1584  8.6020us  8.1280us  10.655us  hc_split_weighted_sum_fused_kernel(float*, float*, float const *, float const *, float const *, float const *, unsigned int, unsigned int, unsigned int, unsigned int, float)
                    0.92%  10.523ms       792  13.286us  12.928us  15.584us  tm_prefix_offsets_kernel(int*, int*, int const *, unsigned int)
                    0.81%  9.2750ms       792  11.710us  10.944us  13.280us  arena_f32_matmul_kernel(float*, float const *, float const *, unsigned int, unsigned int, unsigned int)
                    0.46%  5.2598ms       792  6.6410us  4.1270us  11.488us  router_select_warp_topk_kernel(int*, float*, float*, float const *, int const *, float const *, int const *, int, unsigned int, unsigned int, int, int)
                    0.42%  4.7867ms      2607  1.8360us  1.3760us  8.0960us  [CUDA memcpy DtoH]
                    0.41%  4.7466ms      1584  2.9960us  2.5910us  3.9680us  hc_expand_kernel(float*, float const *, float const *, float const *, float const *, float const *, unsigned int, unsigned int, unsigned int, unsigned int, unsigned int, int)
                    0.37%  4.1973ms      2504  1.6760us  1.3120us  8.6400us  rope_tail_kernel(float*, unsigned int, unsigned int, unsigned int, unsigned int, unsigned int, unsigned int, int, float, float, float, float, float, float)
                    0.23%  2.6507ms      2376  1.1150us     895ns  9.2800us  [CUDA memset]
                    0.23%  2.6420ms       792  3.3350us  3.0710us  13.728us  head_rms_norm_kernel(float*, unsigned int, unsigned int, unsigned int, float)
                    0.16%  1.8301ms       231  7.9220us  7.5200us  9.1200us  [CUDA memcpy HtoD]
                    0.15%  1.6606ms       792  2.0960us  1.7920us  11.456us  swiglu_kernel(float*, float const *, float const *, unsigned int, float, float)
                    0.14%  1.6514ms       792  2.0850us  1.8880us  8.3520us  add_kernel(float*, float const *, float const *, unsigned int)
                    0.14%  1.6381ms       792  2.0680us  1.6950us  3.0720us  compressor_store_kernel(float const *, float const *, float*, float*, void const *, unsigned long, unsigned int, unsigned int, unsigned int, unsigned int, unsigned int)
                    0.14%  1.5544ms       792  1.9620us  1.8870us  2.5600us  tm_gather_f32_to_f16_kernel(__half*, float const *, float const * const *, int const *, unsigned int, unsigned int, unsigned int)
                    0.13%  1.4539ms       792  1.8350us  1.7270us  2.4000us  tm_swiglu_half_kernel(__half*, __half const *, __half const *, float const *, unsigned int, unsigned int, float)
                    0.13%  1.4383ms       792  1.8150us  1.7270us  2.4330us  tm_scatter_routes_kernel(int*, float*, int*, int*, int const *, float const *, unsigned int, unsigned int)
                    0.12%  1.3785ms       792  1.7400us  1.6630us  2.2080us  tm_scatter_sum_half_to_f32_kernel(float*, __half const *, int const *, unsigned int, unsigned int, unsigned int)
                    0.10%  1.1470ms       792  1.4480us  1.3750us  1.7920us  store_raw_kv_batch_kernel(float*, float const *, unsigned int, unsigned int, unsigned int, unsigned int)
                    0.10%  1.1374ms       792  1.4360us  1.3750us  1.8250us  tm_count_routes_kernel(int*, int*, int const *, unsigned int, unsigned int)
                    0.03%  350.13us       128  2.7350us  1.9510us  4.0010us  compressor_update_pool_kernel(float*, float const *, float const *, unsigned int, unsigned int)
                    0.02%  222.78us       132  1.6870us  1.5670us  2.2720us  embed_token_hc_kernel(float*, unsigned short const *, unsigned int, unsigned int, unsigned int)
                    0.02%  214.87us       128  1.6780us  1.4390us  2.3360us  compressor_shift_ratio4_kernel(float*, float*, unsigned int)
                    0.01%  160.32us       128  1.2520us  1.1830us  1.4720us  f32_f16_round_kernel(float*, unsigned long)
                    0.01%  154.75us       104  1.4870us  1.2480us  1.8880us  fill_f32_kernel(float*, unsigned long, float)
      API calls:   73.98%  857.04ms      2376  360.71us  20.077us  1.4042ms  cudaMemcpy
                   17.25%  199.78ms     34140  5.8510us  3.1840us  886.99us  cudaLaunchKernel
                    2.34%  27.056ms     34255     789ns     366ns  619.01us  cudaSetDevice
                    2.18%  25.223ms       165  152.87us  10.511us  235.21us  cudaDeviceSynchronize
                    1.65%  19.144ms     37484     510ns     251ns  684.45us  cudaGetDevice
                    1.13%  13.083ms      2376  5.5060us  2.3410us  397.52us  cudaMemset
                    0.76%  8.8231ms        37  238.46us  2.6750us  8.5188ms  cudaFree
                    0.72%  8.2912ms     34140     242ns     124ns  714.22us  cudaGetLastError
                    0.00%  5.6240us         1  5.6240us  5.6240us  5.6240us  cuDeviceGetCount
