ds4-v100-tp-ep-http-bench: PASS report=/workspace/s602-artifacts/d32b/sustained_http.tsv json=/workspace/s602-artifacts/d32b/sustained_http.json
=== bench rc=0
=== summary row:
selected-token	64	64	262144	32	128	4	32	128	8192	8064	80.281340	102.041147	106.910965	139.346354	147.372114	411.493389	0.000000	230.789118	92.257422	45.197792	93.333904	15.269407	46.000000	29616.000000
=== tolerance vs /workspace/s597-phase01-artifacts/phase0-full-control:
pairs=128 ctl_only=0 cand_only=0
batch=4 slot=0 first_ck_step=1 first_tok_step=1
batch=4 slot=1 first_ck_step=1 first_tok_step=1
batch=4 slot=2 first_ck_step=1 first_tok_step=1
batch=4 slot=3 first_ck_step=1 first_tok_step=1
batch=4 slot=4 first_ck_step=1 first_tok_step=None
batch=4 slot=5 first_ck_step=1 first_tok_step=None
batch=4 slot=6 first_ck_step=1 first_tok_step=None
batch=4 slot=7 first_ck_step=1 first_tok_step=None
selected_token_agreement: 0.96875 (124/128)
sequence_agreement: 0.969238 (7940/8192)
first_ck_step histogram: {1: 32, None: 96}
first_tok_step histogram: {1: 4, None: 124}
=== s600/s601/s602 flag lines in server.log:
tp_ep_nccl	devices	8	compose_reduce_scatter	0	attention_output_allgather	0	hc_current_nccl	1	full_current_broadcast	1	transport_sweep	1	PASS
tp_ep_s602_init	transport	kernel	mask	0xff	verify	0	rings	1	delta	1	min_chunk	0	nchannels	1	stage_kib	284	PASS
