tp_ep_all_layer_dense_f16_cache	rows	4096	source_bytes	8640413696	cache_bytes	14451998720	cache_aligned_bytes	14451998720	max_temp_bytes	132382720	cache_ms	7639.941850	PASS
tp_ep_all_layer_turbomind_api_shared	devices	8	PASS
tp_ep_all_layer_rank_buffers_shared	devices	8	core_bytes	3933984	PASS
tp_ep_all_layer_tp_runtime_shared	devices	8	slots	32	ctx	262144	mode	local_per_layer	PASS
tp_ep_all_layer_expert_bindings_shared	layers	43	devices	8	mode	local_per_layer	PASS
tp_ep_all_layer_item	layer	0	ratio	0	total_rows	192	dense_rows	64	control_rows	104	expert_rows	16	kv_rows	8	comp_rows	0	decode_ms_per_step	1.049137	decode_slot_step_tok_s	30501.245652	decode_ep_ms_per_step	0.308723	decode_dense_ms_per_step	0.179028	decode_compose_ms_per_step	0.561218	decode_checksum	2089207552	PASS
tp_ep_all_layer_item	layer	1	ratio	0	total_rows	192	dense_rows	64	control_rows	104	expert_rows	16	kv_rows	8	comp_rows	0	decode_ms_per_step	1.029137	decode_slot_step_tok_s	31094.017348	decode_ep_ms_per_step	0.288529	decode_dense_ms_per_step	0.179741	decode_compose_ms_per_step	0.560694	decode_checksum	4285303765	PASS
tp_ep_all_layer_item	layer	2	ratio	4	total_rows	288	dense_rows	112	control_rows	136	expert_rows	16	kv_rows	16	comp_rows	8	decode_ms_per_step	1.014984	decode_slot_step_tok_s	31527.599280	decode_ep_ms_per_step	0.272384	decode_dense_ms_per_step	0.179763	decode_compose_ms_per_step	0.562672	decode_checksum	50639913	PASS
tp_ep_all_layer_item	layer	3	ratio	128	total_rows	232	dense_rows	80	control_rows	120	expert_rows	16	kv_rows	8	comp_rows	8	decode_ms_per_step	1.000465	decode_slot_step_tok_s	31985.132031	decode_ep_ms_per_step	0.269348	decode_dense_ms_per_step	0.174484	decode_compose_ms_per_step	0.556485	decode_checksum	199228706	PASS
tp_ep_all_layer_item	layer	4	ratio	4	total_rows	288	dense_rows	112	control_rows	136	expert_rows	16	kv_rows	16	comp_rows	8	decode_ms_per_step	1.005362	decode_slot_step_tok_s	31829.329227	decode_ep_ms_per_step	0.272720	decode_dense_ms_per_step	0.177598	decode_compose_ms_per_step	0.554885	decode_checksum	92587346	PASS
tp_ep_all_layer_item	layer	5	ratio	128	total_rows	232	dense_rows	80	control_rows	120	expert_rows	16	kv_rows	8	comp_rows	8	decode_ms_per_step	1.008547	decode_slot_step_tok_s	31728.823266	decode_ep_ms_per_step	0.270888	decode_dense_ms_per_step	0.182061	decode_compose_ms_per_step	0.555444	decode_checksum	81917469	PASS
tp_ep_all_layer_item	layer	6	ratio	4	total_rows	288	dense_rows	112	control_rows	136	expert_rows	16	kv_rows	16	comp_rows	8	decode_ms_per_step	1.028485	decode_slot_step_tok_s	31113.735209	decode_ep_ms_per_step	0.275479	decode_dense_ms_per_step	0.183344	decode_compose_ms_per_step	0.569495	decode_checksum	41493907	PASS
tp_ep_all_layer_item	layer	7	ratio	128	total_rows	232	dense_rows	80	control_rows	120	expert_rows	16	kv_rows	8	comp_rows	8	decode_ms_per_step	1.009480	decode_slot_step_tok_s	31699.481937	decode_ep_ms_per_step	0.273606	decode_dense_ms_per_step	0.178494	decode_compose_ms_per_step	0.557214	decode_checksum	4211722188	PASS
tp_ep_all_layer_item	layer	8	ratio	4	total_rows	288	dense_rows	112	control_rows	136	expert_rows	16	kv_rows	16	comp_rows	8	decode_ms_per_step	1.016818	decode_slot_step_tok_s	31470.727817	decode_ep_ms_per_step	0.269790	decode_dense_ms_per_step	0.181511	decode_compose_ms_per_step	0.565353	decode_checksum	2164440608	PASS
tp_ep_all_layer_item	layer	9	ratio	128	total_rows	232	dense_rows	80	control_rows	120	expert_rows	16	kv_rows	8	comp_rows	8	decode_ms_per_step	1.009270	decode_slot_step_tok_s	31706.069517	decode_ep_ms_per_step	0.275168	decode_dense_ms_per_step	0.176922	decode_compose_ms_per_step	0.557013	decode_checksum	22847642	PASS
tp_ep_all_layer_item	layer	10	ratio	4	total_rows	288	dense_rows	112	control_rows	136	expert_rows	16	kv_rows	16	comp_rows	8	decode_ms_per_step	1.011569	decode_slot_step_tok_s	31634.030332	decode_ep_ms_per_step	0.270275	decode_dense_ms_per_step	0.178960	decode_compose_ms_per_step	0.562163	decode_checksum	2076607066	PASS
tp_ep_all_layer_item	layer	11	ratio	128	total_rows	232	dense_rows	80	control_rows	120	expert_rows	16	kv_rows	8	comp_rows	8	decode_ms_per_step	0.998907	decode_slot_step_tok_s	32035.000160	decode_ep_ms_per_step	0.271973	decode_dense_ms_per_step	0.176655	decode_compose_ms_per_step	0.550108	decode_checksum	4156450847	PASS
tp_ep_all_layer_item	layer	12	ratio	4	total_rows	288	dense_rows	112	control_rows	136	expert_rows	16	kv_rows	16	comp_rows	8	decode_ms_per_step	1.003517	decode_slot_step_tok_s	31887.841533	decode_ep_ms_per_step	0.272715	decode_dense_ms_per_step	0.177051	decode_compose_ms_per_step	0.553593	decode_checksum	1305516	PASS
tp_ep_all_layer_item	layer	13	ratio	128	total_rows	232	dense_rows	80	control_rows	120	expert_rows	16	kv_rows	8	comp_rows	8	decode_ms_per_step	1.009933	decode_slot_step_tok_s	31685.267701	decode_ep_ms_per_step	0.272194	decode_dense_ms_per_step	0.176401	decode_compose_ms_per_step	0.561162	decode_checksum	176722357	PASS
tp_ep_all_layer_item	layer	14	ratio	4	total_rows	288	dense_rows	112	control_rows	136	expert_rows	16	kv_rows	16	comp_rows	8	decode_ms_per_step	0.991949	decode_slot_step_tok_s	32259.727583	decode_ep_ms_per_step	0.268181	decode_dense_ms_per_step	0.173618	decode_compose_ms_per_step	0.549992	decode_checksum	2093197595	PASS
tp_ep_all_layer_item	layer	15	ratio	128	total_rows	232	dense_rows	80	control_rows	120	expert_rows	16	kv_rows	8	comp_rows	8	decode_ms_per_step	1.003131	decode_slot_step_tok_s	31900.111818	decode_ep_ms_per_step	0.277411	decode_dense_ms_per_step	0.173487	decode_compose_ms_per_step	0.552069	decode_checksum	2318348388	PASS
tp_ep_all_layer_item	layer	16	ratio	4	total_rows	288	dense_rows	112	control_rows	136	expert_rows	16	kv_rows	16	comp_rows	8	decode_ms_per_step	1.009930	decode_slot_step_tok_s	31685.378764	decode_ep_ms_per_step	0.269961	decode_dense_ms_per_step	0.175381	decode_compose_ms_per_step	0.564418	decode_checksum	2413897862	PASS
tp_ep_all_layer_item	layer	17	ratio	128	total_rows	232	dense_rows	80	control_rows	120	expert_rows	16	kv_rows	8	comp_rows	8	decode_ms_per_step	1.009275	decode_slot_step_tok_s	31705.932549	decode_ep_ms_per_step	0.273188	decode_dense_ms_per_step	0.175615	decode_compose_ms_per_step	0.560295	decode_checksum	4107675936	PASS
tp_ep_all_layer_item	layer	18	ratio	4	total_rows	288	dense_rows	112	control_rows	136	expert_rows	16	kv_rows	16	comp_rows	8	decode_ms_per_step	0.998954	decode_slot_step_tok_s	32033.499994	decode_ep_ms_per_step	0.270227	decode_dense_ms_per_step	0.173130	decode_compose_ms_per_step	0.555417	decode_checksum	37361686	PASS
tp_ep_all_layer_item	layer	19	ratio	128	total_rows	232	dense_rows	80	control_rows	120	expert_rows	16	kv_rows	8	comp_rows	8	decode_ms_per_step	1.005230	decode_slot_step_tok_s	31833.498072	decode_ep_ms_per_step	0.273810	decode_dense_ms_per_step	0.176339	decode_compose_ms_per_step	0.554931	decode_checksum	2212896144	PASS
tp_ep_all_layer_item	layer	20	ratio	4	total_rows	288	dense_rows	112	control_rows	136	expert_rows	16	kv_rows	16	comp_rows	8	decode_ms_per_step	1.004369	decode_slot_step_tok_s	31860.810950	decode_ep_ms_per_step	0.274956	decode_dense_ms_per_step	0.174733	decode_compose_ms_per_step	0.554500	decode_checksum	31300357	PASS
tp_ep_all_layer_item	layer	21	ratio	128	total_rows	232	dense_rows	80	control_rows	120	expert_rows	16	kv_rows	8	comp_rows	8	decode_ms_per_step	1.005037	decode_slot_step_tok_s	31839.623181	decode_ep_ms_per_step	0.269396	decode_dense_ms_per_step	0.178686	decode_compose_ms_per_step	0.556808	decode_checksum	2043177150	PASS
tp_ep_all_layer_item	layer	22	ratio	4	total_rows	288	dense_rows	112	control_rows	136	expert_rows	16	kv_rows	16	comp_rows	8	decode_ms_per_step	1.000438	decode_slot_step_tok_s	31985.999088	decode_ep_ms_per_step	0.269864	decode_dense_ms_per_step	0.177562	decode_compose_ms_per_step	0.552844	decode_checksum	149368565	PASS
tp_ep_all_layer_item	layer	23	ratio	128	total_rows	232	dense_rows	80	control_rows	120	expert_rows	16	kv_rows	8	comp_rows	8	decode_ms_per_step	1.002413	decode_slot_step_tok_s	31922.962868	decode_ep_ms_per_step	0.273453	decode_dense_ms_per_step	0.177976	decode_compose_ms_per_step	0.550829	decode_checksum	4087920758	PASS
tp_ep_all_layer_item	layer	24	ratio	4	total_rows	288	dense_rows	112	control_rows	136	expert_rows	16	kv_rows	16	comp_rows	8	decode_ms_per_step	0.999307	decode_slot_step_tok_s	32022.192660	decode_ep_ms_per_step	0.272787	decode_dense_ms_per_step	0.178288	decode_compose_ms_per_step	0.548059	decode_checksum	2232151951	PASS
tp_ep_all_layer_item	layer	25	ratio	128	total_rows	232	dense_rows	80	control_rows	120	expert_rows	16	kv_rows	8	comp_rows	8	decode_ms_per_step	0.992805	decode_slot_step_tok_s	32231.896245	decode_ep_ms_per_step	0.270169	decode_dense_ms_per_step	0.176368	decode_compose_ms_per_step	0.546100	decode_checksum	2259995728	PASS
tp_ep_all_layer_item	layer	26	ratio	4	total_rows	288	dense_rows	112	control_rows	136	expert_rows	16	kv_rows	16	comp_rows	8	decode_ms_per_step	1.015811	decode_slot_step_tok_s	31501.930537	decode_ep_ms_per_step	0.272115	decode_dense_ms_per_step	0.173301	decode_compose_ms_per_step	0.570235	decode_checksum	4173975789	PASS
tp_ep_all_layer_item	layer	27	ratio	128	total_rows	232	dense_rows	80	control_rows	120	expert_rows	16	kv_rows	8	comp_rows	8	decode_ms_per_step	1.002858	decode_slot_step_tok_s	31908.806545	decode_ep_ms_per_step	0.274159	decode_dense_ms_per_step	0.178660	decode_compose_ms_per_step	0.549866	decode_checksum	1958048886	PASS
tp_ep_all_layer_item	layer	28	ratio	4	total_rows	288	dense_rows	112	control_rows	136	expert_rows	16	kv_rows	16	comp_rows	8	decode_ms_per_step	1.003019	decode_slot_step_tok_s	31903.674512	decode_ep_ms_per_step	0.271606	decode_dense_ms_per_step	0.177822	decode_compose_ms_per_step	0.553429	decode_checksum	12572607	PASS
tp_ep_all_layer_item	layer	29	ratio	128	total_rows	232	dense_rows	80	control_rows	120	expert_rows	16	kv_rows	8	comp_rows	8	decode_ms_per_step	1.005171	decode_slot_step_tok_s	31835.387488	decode_ep_ms_per_step	0.270023	decode_dense_ms_per_step	0.183518	decode_compose_ms_per_step	0.551469	decode_checksum	1939549931	PASS
tp_ep_all_layer_item	layer	30	ratio	4	total_rows	288	dense_rows	112	control_rows	136	expert_rows	16	kv_rows	16	comp_rows	8	decode_ms_per_step	1.000093	decode_slot_step_tok_s	31997.038994	decode_ep_ms_per_step	0.273652	decode_dense_ms_per_step	0.175236	decode_compose_ms_per_step	0.551043	decode_checksum	2245266299	PASS
tp_ep_all_layer_item	layer	31	ratio	128	total_rows	232	dense_rows	80	control_rows	120	expert_rows	16	kv_rows	8	comp_rows	8	decode_ms_per_step	1.012318	decode_slot_step_tok_s	31610.616007	decode_ep_ms_per_step	0.274549	decode_dense_ms_per_step	0.179011	decode_compose_ms_per_step	0.558597	decode_checksum	4092244362	PASS
tp_ep_all_layer_item	layer	32	ratio	4	total_rows	288	dense_rows	112	control_rows	136	expert_rows	16	kv_rows	16	comp_rows	8	decode_ms_per_step	1.000484	decode_slot_step_tok_s	31984.506705	decode_ep_ms_per_step	0.268179	decode_dense_ms_per_step	0.181264	decode_compose_ms_per_step	0.550873	decode_checksum	1929924991	PASS
tp_ep_all_layer_item	layer	33	ratio	128	total_rows	232	dense_rows	80	control_rows	120	expert_rows	16	kv_rows	8	comp_rows	8	decode_ms_per_step	0.994987	decode_slot_step_tok_s	32161.212581	decode_ep_ms_per_step	0.270341	decode_dense_ms_per_step	0.175919	decode_compose_ms_per_step	0.548563	decode_checksum	154974069	PASS
tp_ep_all_layer_item	layer	34	ratio	4	total_rows	288	dense_rows	112	control_rows	136	expert_rows	16	kv_rows	16	comp_rows	8	decode_ms_per_step	0.997661	decode_slot_step_tok_s	32075.017693	decode_ep_ms_per_step	0.273092	decode_dense_ms_per_step	0.174023	decode_compose_ms_per_step	0.550375	decode_checksum	4247159498	PASS
tp_ep_all_layer_item	layer	35	ratio	128	total_rows	232	dense_rows	80	control_rows	120	expert_rows	16	kv_rows	8	comp_rows	8	decode_ms_per_step	1.002494	decode_slot_step_tok_s	31920.393730	decode_ep_ms_per_step	0.273452	decode_dense_ms_per_step	0.176557	decode_compose_ms_per_step	0.552313	decode_checksum	1960134344	PASS
tp_ep_all_layer_item	layer	36	ratio	4	total_rows	288	dense_rows	112	control_rows	136	expert_rows	16	kv_rows	16	comp_rows	8	decode_ms_per_step	0.996650	decode_slot_step_tok_s	32107.562904	decode_ep_ms_per_step	0.270492	decode_dense_ms_per_step	0.174168	decode_compose_ms_per_step	0.551831	decode_checksum	2318643187	PASS
tp_ep_all_layer_item	layer	37	ratio	128	total_rows	232	dense_rows	80	control_rows	120	expert_rows	16	kv_rows	8	comp_rows	8	decode_ms_per_step	1.032232	decode_slot_step_tok_s	31000.797185	decode_ep_ms_per_step	0.278578	decode_dense_ms_per_step	0.183972	decode_compose_ms_per_step	0.569491	decode_checksum	2051082468	PASS
tp_ep_all_layer_item	layer	38	ratio	4	total_rows	288	dense_rows	112	control_rows	136	expert_rows	16	kv_rows	16	comp_rows	8	decode_ms_per_step	0.999823	decode_slot_step_tok_s	32005.655399	decode_ep_ms_per_step	0.270963	decode_dense_ms_per_step	0.172877	decode_compose_ms_per_step	0.555821	decode_checksum	2208797608	PASS
tp_ep_all_layer_item	layer	39	ratio	128	total_rows	232	dense_rows	80	control_rows	120	expert_rows	16	kv_rows	8	comp_rows	8	decode_ms_per_step	1.014042	decode_slot_step_tok_s	31556.875825	decode_ep_ms_per_step	0.274476	decode_dense_ms_per_step	0.179106	decode_compose_ms_per_step	0.560279	decode_checksum	1901862423	PASS
tp_ep_all_layer_item	layer	40	ratio	4	total_rows	288	dense_rows	112	control_rows	136	expert_rows	16	kv_rows	16	comp_rows	8	decode_ms_per_step	1.383990	decode_slot_step_tok_s	23121.557020	decode_ep_ms_per_step	0.311753	decode_dense_ms_per_step	0.278267	decode_compose_ms_per_step	0.793775	decode_checksum	1971716968	PASS
tp_ep_all_layer_item	layer	41	ratio	128	total_rows	232	dense_rows	80	control_rows	120	expert_rows	16	kv_rows	8	comp_rows	8	decode_ms_per_step	0.999178	decode_slot_step_tok_s	32026.309613	decode_ep_ms_per_step	0.270537	decode_dense_ms_per_step	0.173444	decode_compose_ms_per_step	0.555026	decode_checksum	4100126953	PASS
tp_ep_all_layer_item	layer	42	ratio	4	total_rows	288	dense_rows	112	control_rows	136	expert_rows	16	kv_rows	16	comp_rows	8	decode_ms_per_step	1.008875	decode_slot_step_tok_s	31718.487638	decode_ep_ms_per_step	0.275398	decode_dense_ms_per_step	0.178877	decode_compose_ms_per_step	0.554434	decode_checksum	260576764	PASS
tp_ep_all_layer_scaffold	layers	43	pass_layers	43	slots	32	ctx	262144	decode_steps_per_layer	50	descriptor_checks	0	predecode_probes	0	shared_api	1	shared_rank_buffers	1	shared_tp_runtime	0	shared_expert_bindings	0	sum_decode_ms_per_token	43.688136	projected_slot_step_tok_s	732.464293	sum_ep_ms	11.800559	sum_dense_ms	7.729216	sum_compose_ms	24.151182	wall_ms	35770.339339	checksum	204721433	PASS
