tp_ep_all_layer_dense_f16_cache	rows	4096	source_bytes	8640413696	cache_bytes	14451998720	cache_aligned_bytes	14451998720	max_temp_bytes	132382720	cache_ms	8683.426514	PASS
tp_ep_all_layer_turbomind_api_shared	devices	8	PASS
tp_ep_all_layer_rank_buffers_shared	devices	8	core_bytes	44067872	PASS
tp_ep_all_layer_tp_runtime_shared	devices	8	slots	32	ctx	262144	kv_bytes_per_gpu	3707940864	comp_state_bytes_per_gpu	1803550720	scratch_bytes_per_gpu	1610612736	total_bytes_per_gpu	7122628608	PASS
tp_ep_all_layer_expert_bindings_shared	layers	43	devices	8	bytes	147169738752	bytes_per_gpu	18396217344	PASS
tp_ep_all_layer_dense_ops_shared	layers	43	devices	8	loaded_bytes	6522290176	PASS
tp_ep_resident_serving_loop	layers	43	mode	direct_decode	PASS
tp_ep_hc_final_expand_shared	layers	43	slots	32	control_bytes	326664008	PASS
tp_ep_diagnostic_output_head_shared	slots	32	vocab	129280	rows_per_gpu	16160	output_weight_bytes	1059061760	logits_bytes	16547840	proxy_hc	0	PASS
tp_ep_token_embedding_shared	slots	32	vocab	129280	rows_per_gpu	16160	weight_bytes	1059061760	device	0	PASS
tp_ep_http_tokenizer	model	/models/DSv4-Flash-256e-fixed.gguf	PASS
tp_ep_http_serving	http://127.0.0.1:18325/v100/selected-token	PASS
tp_ep_http_completions	http://127.0.0.1:18325/v1/completions	DIAGNOSTIC
tp_ep_http_chat_completions	http://127.0.0.1:18325/v1/chat/completions	DIAGNOSTIC
tp_ep_true_attention_projection_prefix	layer	0	slots	32	q_a_cols	1024	kv_cols	512	q_width	32768	ms	65.683508	PASS
tp_ep_compressed_kv_projection	layer	0	slots	32	ratio	0	emitted_compressed_rows	0	visible_compressed_rows	0	indexer_topk_count	0	PASS
tp_ep_true_attention_rope	layer	0	slots	32	local_heads	8	head_dim	512	rotary_dim	64	freq_base	10000.0	freq_scale	1.000000000	position	262143	PASS
tp_ep_true_attention_state_update	layer	0	slots	32	local_heads	8	head_dim	512	raw_rows	128	raw_row	127	kv_width	512	ms	0.986203	PASS
tp_ep_true_attention_raw_window	layer	0	slots	32	local_heads	8	head_dim	512	raw_rows	128	raw_row	127	valid_rows	1	ms	0.610277	PASS
tp_ep_true_attention_output_projection	layer	0	slots	32	head_input_cols	4096	out_a_cols	8192	out_b_shard_cols	512	heads_max	4.25755453	heads_bad	0	out_a_max	1.75421047	out_a_bad	0	out_b_max	5.73138714	out_b_bad	0	ms	29.184922	PASS
tp_ep_post_attention_ffn_input	layer	0	slots	32	total_routes	6	post_max	5.67691994	post_bad	0	ffn_norm_max	2.53589749	ffn_norm_bad	0	route_inv_scale_max	1	route_inv_scale_bad	0	ms	4.400143	PASS
tp_ep_token_major_item	step	0	layer	0	ratio	0	position	262143	decode_ms_per_step	169.444159	decode_slot_step_tok_s	188.852777	decode_ep_ms_per_step	23.364476	decode_dense_ms_per_step	0.000000	decode_compose_ms_per_step	1.570373	decode_compose_reduce_ms_per_step	0.372850	decode_compose_copy_ms_per_step	0.694036	decode_compose_final_ms_per_step	0.503487	decode_hc_current_input_ms_per_step	142.870278	decode_final_hc_ms_per_step	0.879645	decode_checksum	4335129936	decode_finite_bad	0	rc	0	PASS
tp_ep_true_attention_projection_prefix	layer	1	slots	32	q_a_cols	1024	kv_cols	512	q_width	32768	ms	1.413730	PASS
tp_ep_compressed_kv_projection	layer	1	slots	32	ratio	0	emitted_compressed_rows	0	visible_compressed_rows	0	indexer_topk_count	0	PASS
tp_ep_true_attention_rope	layer	1	slots	32	local_heads	8	head_dim	512	rotary_dim	64	freq_base	10000.0	freq_scale	1.000000000	position	262143	PASS
tp_ep_true_attention_state_update	layer	1	slots	32	local_heads	8	head_dim	512	raw_rows	128	raw_row	127	kv_width	512	ms	0.316817	PASS
tp_ep_true_attention_raw_window	layer	1	slots	32	local_heads	8	head_dim	512	raw_rows	128	raw_row	127	valid_rows	1	ms	0.203418	PASS
tp_ep_true_attention_output_projection	layer	1	slots	32	head_input_cols	4096	out_a_cols	8192	out_b_shard_cols	512	heads_max	8.77455044	heads_bad	0	out_a_max	2.0957191	out_a_bad	0	out_b_max	5.47986507	out_b_bad	0	ms	19.292108	PASS
tp_ep_post_attention_ffn_input	layer	1	slots	32	total_routes	6	post_max	5.43686724	post_bad	0	ffn_norm_max	0.976501942	ffn_norm_bad	0	route_inv_scale_max	1	route_inv_scale_bad	0	ms	3.926257	PASS
tp_ep_token_major_item	step	0	layer	1	ratio	0	position	262143	decode_ms_per_step	86.343928	decode_slot_step_tok_s	370.610890	decode_ep_ms_per_step	21.446878	decode_dense_ms_per_step	0.000000	decode_compose_ms_per_step	0.905194	decode_compose_reduce_ms_per_step	0.273738	decode_compose_copy_ms_per_step	0.426617	decode_compose_final_ms_per_step	0.204839	decode_hc_current_input_ms_per_step	62.197541	decode_final_hc_ms_per_step	0.585194	decode_checksum	7538633920	decode_finite_bad	0	rc	0	PASS
tp_ep_true_attention_projection_prefix	layer	2	slots	32	q_a_cols	1024	kv_cols	512	q_width	32768	ms	1.366508	PASS
tp_ep_compressed_kv_projection	layer	2	slots	32	ratio	4	emitted_compressed_rows	1	visible_compressed_rows	1	indexer_topk_count	512	attn_comp_width	1024	attn_kv_max	0.445427775	attn_kv_bad	0	attn_gate_max	0.862345576	attn_gate_bad	0	index_q_max	1.03090703	index_q_bad	0	index_w_max	3.53687477	index_w_bad	0	index_kv_max	0.751456618	index_kv_bad	0	index_gate_max	1.96147048	index_gate_bad	0	ms	4.848730	PASS
tp_ep_true_attention_rope	layer	2	slots	32	local_heads	8	head_dim	512	rotary_dim	64	freq_base	160000.0	freq_scale	0.062500000	position	262143	PASS
tp_ep_true_attention_state_update	layer	2	slots	32	local_heads	8	head_dim	512	raw_rows	128	raw_row	127	kv_width	512	ms	0.282046	PASS
tp_ep_true_attention_raw_window	layer	2	slots	32	local_heads	8	head_dim	512	raw_rows	128	raw_row	127	valid_rows	1	ms	0.193872	PASS
tp_ep_true_attention_output_projection	layer	2	slots	32	head_input_cols	4096	out_a_cols	8192	out_b_shard_cols	512	heads_max	1.74714434	heads_bad	0	out_a_max	1.70865452	out_a_bad	0	out_b_max	3.98141432	out_b_bad	0	ms	19.203213	PASS
tp_ep_post_attention_ffn_input	layer	2	slots	32	total_routes	6	post_max	3.96639776	post_bad	0	ffn_norm_max	1.15017271	ffn_norm_bad	0	route_inv_scale_max	1	route_inv_scale_bad	0	ms	3.873008	PASS
tp_ep_token_major_item	step	0	layer	2	ratio	4	position	262143	decode_ms_per_step	84.531441	decode_slot_step_tok_s	378.557370	decode_ep_ms_per_step	21.026374	decode_dense_ms_per_step	0.000000	decode_compose_ms_per_step	0.735584	decode_compose_reduce_ms_per_step	0.108359	decode_compose_copy_ms_per_step	0.414121	decode_compose_final_ms_per_step	0.213104	decode_hc_current_input_ms_per_step	61.428634	decode_final_hc_ms_per_step	0.597770	decode_checksum	4321802729	decode_finite_bad	0	rc	0	PASS
tp_ep_true_attention_projection_prefix	layer	3	slots	32	q_a_cols	1024	kv_cols	512	q_width	32768	ms	1.282919	PASS
tp_ep_compressed_kv_projection	layer	3	slots	32	ratio	128	emitted_compressed_rows	1	visible_compressed_rows	1	indexer_topk_count	0	attn_comp_width	512	attn_kv_max	0.42015028	attn_kv_bad	0	attn_gate_max	0.700011671	attn_gate_bad	0	index_q_max	0	index_q_bad	0	index_w_max	0	index_w_bad	0	index_kv_max	0	index_kv_bad	0	index_gate_max	0	index_gate_bad	0	ms	1.179327	PASS
tp_ep_true_attention_rope	layer	3	slots	32	local_heads	8	head_dim	512	rotary_dim	64	freq_base	160000.0	freq_scale	0.062500000	position	262143	PASS
tp_ep_true_attention_state_update	layer	3	slots	32	local_heads	8	head_dim	512	raw_rows	128	raw_row	127	kv_width	512	ms	0.254453	PASS
tp_ep_true_attention_raw_window	layer	3	slots	32	local_heads	8	head_dim	512	raw_rows	128	raw_row	127	valid_rows	1	ms	0.146823	PASS
tp_ep_true_attention_output_projection	layer	3	slots	32	head_input_cols	4096	out_a_cols	8192	out_b_shard_cols	512	heads_max	1.99322736	heads_bad	0	out_a_max	1.81087518	out_a_bad	0	out_b_max	5.19385195	out_b_bad	0	ms	19.720407	PASS
tp_ep_post_attention_ffn_input	layer	3	slots	32	total_routes	6	post_max	4.9656024	post_bad	0	ffn_norm_max	0.882955909	ffn_norm_bad	0	route_inv_scale_max	1	route_inv_scale_bad	0	ms	3.584175	PASS
tp_ep_token_major_item	step	0	layer	3	ratio	128	position	262143	decode_ms_per_step	51.262609	decode_slot_step_tok_s	624.236663	decode_ep_ms_per_step	21.144741	decode_dense_ms_per_step	0.000000	decode_compose_ms_per_step	0.748105	decode_compose_reduce_ms_per_step	0.147657	decode_compose_copy_ms_per_step	0.398088	decode_compose_final_ms_per_step	0.202360	decode_hc_current_input_ms_per_step	28.772878	decode_final_hc_ms_per_step	0.596206	decode_checksum	5281930792	decode_finite_bad	0	rc	0	PASS
tp_ep_true_attention_projection_prefix	layer	4	slots	32	q_a_cols	1024	kv_cols	512	q_width	32768	ms	1.285603	PASS
tp_ep_compressed_kv_projection	layer	4	slots	32	ratio	4	emitted_compressed_rows	1	visible_compressed_rows	1	indexer_topk_count	512	attn_comp_width	1024	attn_kv_max	0.31053409	attn_kv_bad	0	attn_gate_max	0.806448221	attn_gate_bad	0	index_q_max	0.672949314	index_q_bad	0	index_w_max	4.20170689	index_w_bad	0	index_kv_max	0.321098596	index_kv_bad	0	index_gate_max	1.00691366	index_gate_bad	0	ms	4.411131	PASS
tp_ep_true_attention_rope	layer	4	slots	32	local_heads	8	head_dim	512	rotary_dim	64	freq_base	160000.0	freq_scale	0.062500000	position	262143	PASS
tp_ep_true_attention_state_update	layer	4	slots	32	local_heads	8	head_dim	512	raw_rows	128	raw_row	127	kv_width	512	ms	0.269790	PASS
tp_ep_true_attention_raw_window	layer	4	slots	32	local_heads	8	head_dim	512	raw_rows	128	raw_row	127	valid_rows	1	ms	0.136263	PASS
tp_ep_true_attention_output_projection	layer	4	slots	32	head_input_cols	4096	out_a_cols	8192	out_b_shard_cols	512	heads_max	2.26832438	heads_bad	0	out_a_max	1.03647292	out_a_bad	0	out_b_max	3.69291639	out_b_bad	0	ms	19.204903	PASS
tp_ep_post_attention_ffn_input	layer	4	slots	32	total_routes	6	post_max	3.47628593	post_bad	0	ffn_norm_max	0.94902581	ffn_norm_bad	0	route_inv_scale_max	1	route_inv_scale_bad	0	ms	3.571447	PASS
tp_ep_token_major_item	step	0	layer	4	ratio	4	position	262143	decode_ms_per_step	55.423937	decode_slot_step_tok_s	577.367862	decode_ep_ms_per_step	22.382155	decode_dense_ms_per_step	0.000000	decode_compose_ms_per_step	0.945360	decode_compose_reduce_ms_per_step	0.110704	decode_compose_copy_ms_per_step	0.635156	decode_compose_final_ms_per_step	0.199500	decode_hc_current_input_ms_per_step	31.452253	decode_final_hc_ms_per_step	0.643572	decode_checksum	4541950175	decode_finite_bad	0	rc	0	PASS
tp_ep_true_attention_projection_prefix	layer	5	slots	32	q_a_cols	1024	kv_cols	512	q_width	32768	ms	1.289035	PASS
tp_ep_compressed_kv_projection	layer	5	slots	32	ratio	128	emitted_compressed_rows	1	visible_compressed_rows	1	indexer_topk_count	0	attn_comp_width	512	attn_kv_max	0.186904863	attn_kv_bad	0	attn_gate_max	0.366987675	attn_gate_bad	0	index_q_max	0	index_q_bad	0	index_w_max	0	index_w_bad	0	index_kv_max	0	index_kv_bad	0	index_gate_max	0	index_gate_bad	0	ms	1.204483	PASS
tp_ep_true_attention_rope	layer	5	slots	32	local_heads	8	head_dim	512	rotary_dim	64	freq_base	160000.0	freq_scale	0.062500000	position	262143	PASS
tp_ep_true_attention_state_update	layer	5	slots	32	local_heads	8	head_dim	512	raw_rows	128	raw_row	127	kv_width	512	ms	0.261457	PASS
tp_ep_true_attention_raw_window	layer	5	slots	32	local_heads	8	head_dim	512	raw_rows	128	raw_row	127	valid_rows	1	ms	0.157364	PASS
tp_ep_true_attention_output_projection	layer	5	slots	32	head_input_cols	4096	out_a_cols	8192	out_b_shard_cols	512	heads_max	2.13753271	heads_bad	0	out_a_max	1.43619871	out_a_bad	0	out_b_max	3.62456083	out_b_bad	0	ms	19.108429	PASS
tp_ep_post_attention_ffn_input	layer	5	slots	32	total_routes	6	post_max	3.41599512	post_bad	0	ffn_norm_max	1.08227134	ffn_norm_bad	0	route_inv_scale_max	1	route_inv_scale_bad	0	ms	3.604906	PASS
tp_ep_token_major_item	step	0	layer	5	ratio	128	position	262143	decode_ms_per_step	45.169232	decode_slot_step_tok_s	708.446847	decode_ep_ms_per_step	15.561777	decode_dense_ms_per_step	0.000000	decode_compose_ms_per_step	0.656333	decode_compose_reduce_ms_per_step	0.098855	decode_compose_copy_ms_per_step	0.360276	decode_compose_final_ms_per_step	0.197202	decode_hc_current_input_ms_per_step	28.368537	decode_final_hc_ms_per_step	0.582018	decode_checksum	6451133758	decode_finite_bad	0	rc	0	PASS
tp_ep_true_attention_projection_prefix	layer	6	slots	32	q_a_cols	1024	kv_cols	512	q_width	32768	ms	1.290005	PASS
tp_ep_compressed_kv_projection	layer	6	slots	32	ratio	4	emitted_compressed_rows	1	visible_compressed_rows	1	indexer_topk_count	512	attn_comp_width	1024	attn_kv_max	0.241944686	attn_kv_bad	0	attn_gate_max	0.563494861	attn_gate_bad	0	index_q_max	0.646574974	index_q_bad	0	index_w_max	5.3368082	index_w_bad	0	index_kv_max	0.919543684	index_kv_bad	0	index_gate_max	0.915560424	index_gate_bad	0	ms	4.325547	PASS
tp_ep_true_attention_rope	layer	6	slots	32	local_heads	8	head_dim	512	rotary_dim	64	freq_base	160000.0	freq_scale	0.062500000	position	262143	PASS
tp_ep_true_attention_state_update	layer	6	slots	32	local_heads	8	head_dim	512	raw_rows	128	raw_row	127	kv_width	512	ms	0.264196	PASS
tp_ep_true_attention_raw_window	layer	6	slots	32	local_heads	8	head_dim	512	raw_rows	128	raw_row	127	valid_rows	1	ms	0.135564	PASS
tp_ep_true_attention_output_projection	layer	6	slots	32	head_input_cols	4096	out_a_cols	8192	out_b_shard_cols	512	heads_max	1.38903606	heads_bad	0	out_a_max	1.41588318	out_a_bad	0	out_b_max	9.4763422	out_b_bad	0	ms	19.199521	PASS
tp_ep_post_attention_ffn_input	layer	6	slots	32	total_routes	6	post_max	9.42055416	post_bad	0	ffn_norm_max	1.46801925	ffn_norm_bad	0	route_inv_scale_max	1	route_inv_scale_bad	0	ms	3.564720	PASS
tp_ep_token_major_item	step	0	layer	6	ratio	4	position	262143	decode_ms_per_step	45.863306	decode_slot_step_tok_s	697.725541	decode_ep_ms_per_step	13.520778	decode_dense_ms_per_step	0.000000	decode_compose_ms_per_step	0.454160	decode_compose_reduce_ms_per_step	0.064085	decode_compose_copy_ms_per_step	0.246992	decode_compose_final_ms_per_step	0.143083	decode_hc_current_input_ms_per_step	31.337719	decode_final_hc_ms_per_step	0.549877	decode_checksum	6622091291	decode_finite_bad	0	rc	0	PASS
tp_ep_true_attention_projection_prefix	layer	7	slots	32	q_a_cols	1024	kv_cols	512	q_width	32768	ms	1.051793	PASS
tp_ep_compressed_kv_projection	layer	7	slots	32	ratio	128	emitted_compressed_rows	1	visible_compressed_rows	1	indexer_topk_count	0	attn_comp_width	512	attn_kv_max	0.353038222	attn_kv_bad	0	attn_gate_max	0.308662981	attn_gate_bad	0	index_q_max	0	index_q_bad	0	index_w_max	0	index_w_bad	0	index_kv_max	0	index_kv_bad	0	index_gate_max	0	index_gate_bad	0	ms	0.919267	PASS
tp_ep_true_attention_rope	layer	7	slots	32	local_heads	8	head_dim	512	rotary_dim	64	freq_base	160000.0	freq_scale	0.062500000	position	262143	PASS
tp_ep_true_attention_state_update	layer	7	slots	32	local_heads	8	head_dim	512	raw_rows	128	raw_row	127	kv_width	512	ms	0.171814	PASS
tp_ep_true_attention_raw_window	layer	7	slots	32	local_heads	8	head_dim	512	raw_rows	128	raw_row	127	valid_rows	1	ms	0.095494	PASS
tp_ep_true_attention_output_projection	layer	7	slots	32	head_input_cols	4096	out_a_cols	8192	out_b_shard_cols	512	heads_max	2.50940204	heads_bad	0	out_a_max	2.07627678	out_a_bad	0	out_b_max	6.0958271	out_b_bad	0	ms	12.388387	PASS
tp_ep_post_attention_ffn_input	layer	7	slots	32	total_routes	6	post_max	5.82707739	post_bad	0	ffn_norm_max	1.45009065	ffn_norm_bad	0	route_inv_scale_max	1	route_inv_scale_bad	0	ms	2.832991	PASS
tp_ep_token_major_item	step	0	layer	7	ratio	128	position	262143	decode_ms_per_step	31.944210	decode_slot_step_tok_s	1001.746482	decode_ep_ms_per_step	11.106086	decode_dense_ms_per_step	0.000000	decode_compose_ms_per_step	0.447290	decode_compose_reduce_ms_per_step	0.062415	decode_compose_copy_ms_per_step	0.242906	decode_compose_final_ms_per_step	0.141969	decode_hc_current_input_ms_per_step	19.858898	decode_final_hc_ms_per_step	0.531489	decode_checksum	7656708975	decode_finite_bad	0	rc	0	PASS
tp_ep_true_attention_projection_prefix	layer	8	slots	32	q_a_cols	1024	kv_cols	512	q_width	32768	ms	1.098945	PASS
tp_ep_compressed_kv_projection	layer	8	slots	32	ratio	4	emitted_compressed_rows	1	visible_compressed_rows	1	indexer_topk_count	512	attn_comp_width	1024	attn_kv_max	0.352808237	attn_kv_bad	0	attn_gate_max	0.873447895	attn_gate_bad	0	index_q_max	1.41605556	index_q_bad	0	index_w_max	3.30934858	index_w_bad	0	index_kv_max	0.485003889	index_kv_bad	0	index_gate_max	0.991179526	index_gate_bad	0	ms	3.129730	PASS
tp_ep_true_attention_rope	layer	8	slots	32	local_heads	8	head_dim	512	rotary_dim	64	freq_base	160000.0	freq_scale	0.062500000	position	262143	PASS
tp_ep_true_attention_state_update	layer	8	slots	32	local_heads	8	head_dim	512	raw_rows	128	raw_row	127	kv_width	512	ms	0.194682	PASS
tp_ep_true_attention_raw_window	layer	8	slots	32	local_heads	8	head_dim	512	raw_rows	128	raw_row	127	valid_rows	1	ms	0.096921	PASS
tp_ep_true_attention_output_projection	layer	8	slots	32	head_input_cols	4096	out_a_cols	8192	out_b_shard_cols	512	heads_max	2.95668364	heads_bad	0	out_a_max	1.89212763	out_a_bad	0	out_b_max	9.20019531	out_b_bad	0	ms	12.210929	PASS
tp_ep_post_attention_ffn_input	layer	8	slots	32	total_routes	6	post_max	9.22693729	post_bad	0	ffn_norm_max	1.3829546	ffn_norm_bad	0	route_inv_scale_max	1	route_inv_scale_bad	0	ms	2.825474	PASS
tp_ep_token_major_item	step	0	layer	8	ratio	4	position	262143	decode_ms_per_step	35.351348	decode_slot_step_tok_s	905.198863	decode_ep_ms_per_step	12.306498	decode_dense_ms_per_step	0.000000	decode_compose_ms_per_step	0.487409	decode_compose_reduce_ms_per_step	0.066924	decode_compose_copy_ms_per_step	0.264533	decode_compose_final_ms_per_step	0.155952	decode_hc_current_input_ms_per_step	22.015560	decode_final_hc_ms_per_step	0.541527	decode_checksum	4465492135	decode_finite_bad	0	rc	0	PASS
tp_ep_true_attention_projection_prefix	layer	9	slots	32	q_a_cols	1024	kv_cols	512	q_width	32768	ms	1.175944	PASS
tp_ep_compressed_kv_projection	layer	9	slots	32	ratio	128	emitted_compressed_rows	1	visible_compressed_rows	1	indexer_topk_count	0	attn_comp_width	512	attn_kv_max	0.346303284	attn_kv_bad	0	attn_gate_max	0.53557241	attn_gate_bad	0	index_q_max	0	index_q_bad	0	index_w_max	0	index_w_bad	0	index_kv_max	0	index_kv_bad	0	index_gate_max	0	index_gate_bad	0	ms	0.939664	PASS
tp_ep_true_attention_rope	layer	9	slots	32	local_heads	8	head_dim	512	rotary_dim	64	freq_base	160000.0	freq_scale	0.062500000	position	262143	PASS
tp_ep_true_attention_state_update	layer	9	slots	32	local_heads	8	head_dim	512	raw_rows	128	raw_row	127	kv_width	512	ms	0.186007	PASS
tp_ep_true_attention_raw_window	layer	9	slots	32	local_heads	8	head_dim	512	raw_rows	128	raw_row	127	valid_rows	1	ms	0.098767	PASS
tp_ep_true_attention_output_projection	layer	9	slots	32	head_input_cols	4096	out_a_cols	8192	out_b_shard_cols	512	heads_max	2.70500159	heads_bad	0	out_a_max	2.22385597	out_a_bad	0	out_b_max	16.1804333	out_b_bad	0	ms	12.482944	PASS
tp_ep_post_attention_ffn_input	layer	9	slots	32	total_routes	6	post_max	15.1804333	post_bad	0	ffn_norm_max	1.27673602	ffn_norm_bad	0	route_inv_scale_max	1	route_inv_scale_bad	0	ms	2.842286	PASS
tp_ep_token_major_item	step	0	layer	9	ratio	128	position	262143	decode_ms_per_step	32.134890	decode_slot_step_tok_s	995.802382	decode_ep_ms_per_step	10.925793	decode_dense_ms_per_step	0.000000	decode_compose_ms_per_step	0.478548	decode_compose_reduce_ms_per_step	0.060245	decode_compose_copy_ms_per_step	0.240407	decode_compose_final_ms_per_step	0.177896	decode_hc_current_input_ms_per_step	20.194749	decode_final_hc_ms_per_step	0.535412	decode_checksum	8522298587	decode_finite_bad	0	rc	0	PASS
tp_ep_true_attention_projection_prefix	layer	10	slots	32	q_a_cols	1024	kv_cols	512	q_width	32768	ms	1.039371	PASS
tp_ep_compressed_kv_projection	layer	10	slots	32	ratio	4	emitted_compressed_rows	1	visible_compressed_rows	1	indexer_topk_count	512	attn_comp_width	1024	attn_kv_max	0.460624754	attn_kv_bad	0	attn_gate_max	1.53204715	attn_gate_bad	0	index_q_max	1.84992409	index_q_bad	0	index_w_max	4.9561882	index_w_bad	0	index_kv_max	0.368154138	index_kv_bad	0	index_gate_max	1.84384072	index_gate_bad	0	ms	3.092644	PASS
tp_ep_true_attention_rope	layer	10	slots	32	local_heads	8	head_dim	512	rotary_dim	64	freq_base	160000.0	freq_scale	0.062500000	position	262143	PASS
tp_ep_true_attention_state_update	layer	10	slots	32	local_heads	8	head_dim	512	raw_rows	128	raw_row	127	kv_width	512	ms	0.182728	PASS
tp_ep_true_attention_raw_window	layer	10	slots	32	local_heads	8	head_dim	512	raw_rows	128	raw_row	127	valid_rows	1	ms	0.096070	PASS
tp_ep_true_attention_output_projection	layer	10	slots	32	head_input_cols	4096	out_a_cols	8192	out_b_shard_cols	512	heads_max	2.72422051	heads_bad	0	out_a_max	2.22687292	out_a_bad	0	out_b_max	5.1231389	out_b_bad	0	ms	12.197573	PASS
tp_ep_post_attention_ffn_input	layer	10	slots	32	total_routes	6	post_max	5.20866585	post_bad	0	ffn_norm_max	1.02973831	ffn_norm_bad	0	route_inv_scale_max	1	route_inv_scale_bad	0	ms	2.822842	PASS
tp_ep_token_major_item	step	0	layer	10	ratio	4	position	262143	decode_ms_per_step	33.571008	decode_slot_step_tok_s	953.203431	decode_ep_ms_per_step	10.735700	decode_dense_ms_per_step	0.000000	decode_compose_ms_per_step	0.463989	decode_compose_reduce_ms_per_step	0.062348	decode_compose_copy_ms_per_step	0.237961	decode_compose_final_ms_per_step	0.163680	decode_hc_current_input_ms_per_step	21.835939	decode_final_hc_ms_per_step	0.534990	decode_checksum	7554177801	decode_finite_bad	0	rc	0	PASS
tp_ep_true_attention_projection_prefix	layer	11	slots	32	q_a_cols	1024	kv_cols	512	q_width	32768	ms	1.115224	PASS
tp_ep_compressed_kv_projection	layer	11	slots	32	ratio	128	emitted_compressed_rows	1	visible_compressed_rows	1	indexer_topk_count	0	attn_comp_width	512	attn_kv_max	0.385688215	attn_kv_bad	0	attn_gate_max	0.498754799	attn_gate_bad	0	index_q_max	0	index_q_bad	0	index_w_max	0	index_w_bad	0	index_kv_max	0	index_kv_bad	0	index_gate_max	0	index_gate_bad	0	ms	0.910217	PASS
tp_ep_true_attention_rope	layer	11	slots	32	local_heads	8	head_dim	512	rotary_dim	64	freq_base	160000.0	freq_scale	0.062500000	position	262143	PASS
tp_ep_true_attention_state_update	layer	11	slots	32	local_heads	8	head_dim	512	raw_rows	128	raw_row	127	kv_width	512	ms	0.170869	PASS
tp_ep_true_attention_raw_window	layer	11	slots	32	local_heads	8	head_dim	512	raw_rows	128	raw_row	127	valid_rows	1	ms	0.093320	PASS
tp_ep_true_attention_output_projection	layer	11	slots	32	head_input_cols	4096	out_a_cols	8192	out_b_shard_cols	512	heads_max	2.72587776	heads_bad	0	out_a_max	1.6961118	out_a_bad	0	out_b_max	6.10101175	out_b_bad	0	ms	12.053609	PASS
tp_ep_post_attention_ffn_input	layer	11	slots	32	total_routes	6	post_max	5.10101175	post_bad	0	ffn_norm_max	1.20866513	ffn_norm_bad	0	route_inv_scale_max	1	route_inv_scale_bad	0	ms	2.857037	PASS
tp_ep_token_major_item	step	0	layer	11	ratio	128	position	262143	decode_ms_per_step	31.270686	decode_slot_step_tok_s	1023.322610	decode_ep_ms_per_step	10.676123	decode_dense_ms_per_step	0.000000	decode_compose_ms_per_step	0.448526	decode_compose_reduce_ms_per_step	0.065596	decode_compose_copy_ms_per_step	0.239720	decode_compose_final_ms_per_step	0.143210	decode_hc_current_input_ms_per_step	19.611244	decode_final_hc_ms_per_step	0.534342	decode_checksum	6138405967	decode_finite_bad	0	rc	0	PASS
tp_ep_true_attention_projection_prefix	layer	12	slots	32	q_a_cols	1024	kv_cols	512	q_width	32768	ms	1.053037	PASS
tp_ep_compressed_kv_projection	layer	12	slots	32	ratio	4	emitted_compressed_rows	1	visible_compressed_rows	1	indexer_topk_count	512	attn_comp_width	1024	attn_kv_max	0.318968892	attn_kv_bad	0	attn_gate_max	0.731170833	attn_gate_bad	0	index_q_max	1.19968903	index_q_bad	0	index_w_max	4.18940449	index_w_bad	0	index_kv_max	2.26586151	index_kv_bad	0	index_gate_max	1.30071843	index_gate_bad	0	ms	3.003496	PASS
tp_ep_true_attention_rope	layer	12	slots	32	local_heads	8	head_dim	512	rotary_dim	64	freq_base	160000.0	freq_scale	0.062500000	position	262143	PASS
tp_ep_true_attention_state_update	layer	12	slots	32	local_heads	8	head_dim	512	raw_rows	128	raw_row	127	kv_width	512	ms	0.181122	PASS
tp_ep_true_attention_raw_window	layer	12	slots	32	local_heads	8	head_dim	512	raw_rows	128	raw_row	127	valid_rows	1	ms	0.096269	PASS
tp_ep_true_attention_output_projection	layer	12	slots	32	head_input_cols	4096	out_a_cols	8192	out_b_shard_cols	512	heads_max	2.48478317	heads_bad	0	out_a_max	2.0614264	out_a_bad	0	out_b_max	5.46448898	out_b_bad	0	ms	11.952890	PASS
tp_ep_post_attention_ffn_input	layer	12	slots	32	total_routes	6	post_max	5.4478054	post_bad	0	ffn_norm_max	1.36025393	ffn_norm_bad	0	route_inv_scale_max	1	route_inv_scale_bad	0	ms	2.861066	PASS
tp_ep_token_major_item	step	0	layer	12	ratio	4	position	262143	decode_ms_per_step	33.418319	decode_slot_step_tok_s	957.558637	decode_ep_ms_per_step	10.847934	decode_dense_ms_per_step	0.000000	decode_compose_ms_per_step	0.470903	decode_compose_reduce_ms_per_step	0.068984	decode_compose_copy_ms_per_step	0.258442	decode_compose_final_ms_per_step	0.143477	decode_hc_current_input_ms_per_step	21.577973	decode_final_hc_ms_per_step	0.521090	decode_checksum	6355994108	decode_finite_bad	0	rc	0	PASS
tp_ep_true_attention_projection_prefix	layer	13	slots	32	q_a_cols	1024	kv_cols	512	q_width	32768	ms	1.055873	PASS
tp_ep_compressed_kv_projection	layer	13	slots	32	ratio	128	emitted_compressed_rows	1	visible_compressed_rows	1	indexer_topk_count	0	attn_comp_width	512	attn_kv_max	0.296353608	attn_kv_bad	0	attn_gate_max	0.42746824	attn_gate_bad	0	index_q_max	0	index_q_bad	0	index_w_max	0	index_w_bad	0	index_kv_max	0	index_kv_bad	0	index_gate_max	0	index_gate_bad	0	ms	0.928339	PASS
tp_ep_true_attention_rope	layer	13	slots	32	local_heads	8	head_dim	512	rotary_dim	64	freq_base	160000.0	freq_scale	0.062500000	position	262143	PASS
tp_ep_true_attention_state_update	layer	13	slots	32	local_heads	8	head_dim	512	raw_rows	128	raw_row	127	kv_width	512	ms	0.170727	PASS
tp_ep_true_attention_raw_window	layer	13	slots	32	local_heads	8	head_dim	512	raw_rows	128	raw_row	127	valid_rows	1	ms	0.095379	PASS
tp_ep_true_attention_output_projection	layer	13	slots	32	head_input_cols	4096	out_a_cols	8192	out_b_shard_cols	512	heads_max	2.74472165	heads_bad	0	out_a_max	2.60840702	out_a_bad	0	out_b_max	8.93811512	out_b_bad	0	ms	12.377170	PASS
tp_ep_post_attention_ffn_input	layer	13	slots	32	total_routes	6	post_max	8.01546478	post_bad	0	ffn_norm_max	1.15914798	ffn_norm_bad	0	route_inv_scale_max	1	route_inv_scale_bad	0	ms	2.895579	PASS
tp_ep_token_major_item	step	0	layer	13	ratio	128	position	262143	decode_ms_per_step	32.692025	decode_slot_step_tok_s	978.831993	decode_ep_ms_per_step	11.764340	decode_dense_ms_per_step	0.000000	decode_compose_ms_per_step	0.443602	decode_compose_reduce_ms_per_step	0.065675	decode_compose_copy_ms_per_step	0.233631	decode_compose_final_ms_per_step	0.144296	decode_hc_current_input_ms_per_step	19.930456	decode_final_hc_ms_per_step	0.553221	decode_checksum	5512117706	decode_finite_bad	0	rc	0	PASS
tp_ep_true_attention_projection_prefix	layer	14	slots	32	q_a_cols	1024	kv_cols	512	q_width	32768	ms	1.074230	PASS
tp_ep_compressed_kv_projection	layer	14	slots	32	ratio	4	emitted_compressed_rows	1	visible_compressed_rows	1	indexer_topk_count	512	attn_comp_width	1024	attn_kv_max	0.464949131	attn_kv_bad	0	attn_gate_max	1.36502886	attn_gate_bad	0	index_q_max	1.68206501	index_q_bad	0	index_w_max	5.61543512	index_w_bad	0	index_kv_max	1.05279362	index_kv_bad	0	index_gate_max	1.76799345	index_gate_bad	0	ms	3.060371	PASS
tp_ep_true_attention_rope	layer	14	slots	32	local_heads	8	head_dim	512	rotary_dim	64	freq_base	160000.0	freq_scale	0.062500000	position	262143	PASS
tp_ep_true_attention_state_update	layer	14	slots	32	local_heads	8	head_dim	512	raw_rows	128	raw_row	127	kv_width	512	ms	0.179287	PASS
tp_ep_true_attention_raw_window	layer	14	slots	32	local_heads	8	head_dim	512	raw_rows	128	raw_row	127	valid_rows	1	ms	0.095680	PASS
tp_ep_true_attention_output_projection	layer	14	slots	32	head_input_cols	4096	out_a_cols	8192	out_b_shard_cols	512	heads_max	3.39220405	heads_bad	0	out_a_max	2.87122893	out_a_bad	0	out_b_max	7.61292076	out_b_bad	0	ms	11.961932	PASS
tp_ep_post_attention_ffn_input	layer	14	slots	32	total_routes	6	post_max	7.02100229	post_bad	0	ffn_norm_max	1.14039433	ffn_norm_bad	0	route_inv_scale_max	1	route_inv_scale_bad	0	ms	2.801614	PASS
tp_ep_token_major_item	step	0	layer	14	ratio	4	position	262143	decode_ms_per_step	33.244503	decode_slot_step_tok_s	962.565149	decode_ep_ms_per_step	10.671495	decode_dense_ms_per_step	0.000000	decode_compose_ms_per_step	0.458367	decode_compose_reduce_ms_per_step	0.057378	decode_compose_copy_ms_per_step	0.236393	decode_compose_final_ms_per_step	0.164596	decode_hc_current_input_ms_per_step	21.581837	decode_final_hc_ms_per_step	0.532418	decode_checksum	7580251530	decode_finite_bad	0	rc	0	PASS
tp_ep_true_attention_projection_prefix	layer	15	slots	32	q_a_cols	1024	kv_cols	512	q_width	32768	ms	1.034943	PASS
tp_ep_compressed_kv_projection	layer	15	slots	32	ratio	128	emitted_compressed_rows	1	visible_compressed_rows	1	indexer_topk_count	0	attn_comp_width	512	attn_kv_max	0.353019089	attn_kv_bad	0	attn_gate_max	0.805691183	attn_gate_bad	0	index_q_max	0	index_q_bad	0	index_w_max	0	index_w_bad	0	index_kv_max	0	index_kv_bad	0	index_gate_max	0	index_gate_bad	0	ms	0.915785	PASS
tp_ep_true_attention_rope	layer	15	slots	32	local_heads	8	head_dim	512	rotary_dim	64	freq_base	160000.0	freq_scale	0.062500000	position	262143	PASS
tp_ep_true_attention_state_update	layer	15	slots	32	local_heads	8	head_dim	512	raw_rows	128	raw_row	127	kv_width	512	ms	0.166244	PASS
tp_ep_true_attention_raw_window	layer	15	slots	32	local_heads	8	head_dim	512	raw_rows	128	raw_row	127	valid_rows	1	ms	0.094854	PASS
tp_ep_true_attention_output_projection	layer	15	slots	32	head_input_cols	4096	out_a_cols	8192	out_b_shard_cols	512	heads_max	2.97902513	heads_bad	0	out_a_max	3.15295744	out_a_bad	0	out_b_max	8.71170521	out_b_bad	0	ms	12.065772	PASS
tp_ep_post_attention_ffn_input	layer	15	slots	32	total_routes	6	post_max	9.71170521	post_bad	0	ffn_norm_max	1.56249654	ffn_norm_bad	0	route_inv_scale_max	1	route_inv_scale_bad	0	ms	2.849871	PASS
tp_ep_token_major_item	step	0	layer	15	ratio	128	position	262143	decode_ms_per_step	31.253551	decode_slot_step_tok_s	1023.883654	decode_ep_ms_per_step	10.848675	decode_dense_ms_per_step	0.000000	decode_compose_ms_per_step	0.463041	decode_compose_reduce_ms_per_step	0.063200	decode_compose_copy_ms_per_step	0.227184	decode_compose_final_ms_per_step	0.172657	decode_hc_current_input_ms_per_step	19.406616	decode_final_hc_ms_per_step	0.534826	decode_checksum	7921342777	decode_finite_bad	0	rc	0	PASS
tp_ep_true_attention_projection_prefix	layer	16	slots	32	q_a_cols	1024	kv_cols	512	q_width	32768	ms	1.083432	PASS
tp_ep_compressed_kv_projection	layer	16	slots	32	ratio	4	emitted_compressed_rows	1	visible_compressed_rows	1	indexer_topk_count	512	attn_comp_width	1024	attn_kv_max	0.387436271	attn_kv_bad	0	attn_gate_max	1.89984286	attn_gate_bad	0	index_q_max	2.24793816	index_q_bad	0	index_w_max	2.55166268	index_w_bad	0	index_kv_max	0.480555385	index_kv_bad	0	index_gate_max	2.69454312	index_gate_bad	0	ms	3.063820	PASS
tp_ep_true_attention_rope	layer	16	slots	32	local_heads	8	head_dim	512	rotary_dim	64	freq_base	160000.0	freq_scale	0.062500000	position	262143	PASS
tp_ep_true_attention_state_update	layer	16	slots	32	local_heads	8	head_dim	512	raw_rows	128	raw_row	127	kv_width	512	ms	0.185775	PASS
tp_ep_true_attention_raw_window	layer	16	slots	32	local_heads	8	head_dim	512	raw_rows	128	raw_row	127	valid_rows	1	ms	0.098081	PASS
tp_ep_true_attention_output_projection	layer	16	slots	32	head_input_cols	4096	out_a_cols	8192	out_b_shard_cols	512	heads_max	3.74418235	heads_bad	0	out_a_max	3.97224474	out_a_bad	0	out_b_max	35.1988335	out_b_bad	0	ms	12.538711	PASS
tp_ep_post_attention_ffn_input	layer	16	slots	32	total_routes	6	post_max	35.8411903	post_bad	0	ffn_norm_max	1.76780355	ffn_norm_bad	0	route_inv_scale_max	1	route_inv_scale_bad	0	ms	2.876834	PASS
tp_ep_token_major_item	step	0	layer	16	ratio	4	position	262143	decode_ms_per_step	34.350722	decode_slot_step_tok_s	931.567028	decode_ep_ms_per_step	11.031283	decode_dense_ms_per_step	0.000000	decode_compose_ms_per_step	0.460841	decode_compose_reduce_ms_per_step	0.063966	decode_compose_copy_ms_per_step	0.253890	decode_compose_final_ms_per_step	0.142985	decode_hc_current_input_ms_per_step	22.311513	decode_final_hc_ms_per_step	0.546725	decode_checksum	6625016610	decode_finite_bad	0	rc	0	PASS
tp_ep_true_attention_projection_prefix	layer	17	slots	32	q_a_cols	1024	kv_cols	512	q_width	32768	ms	1.070133	PASS
tp_ep_compressed_kv_projection	layer	17	slots	32	ratio	128	emitted_compressed_rows	1	visible_compressed_rows	1	indexer_topk_count	0	attn_comp_width	512	attn_kv_max	0.632923603	attn_kv_bad	0	attn_gate_max	1.33201551	attn_gate_bad	0	index_q_max	0	index_q_bad	0	index_w_max	0	index_w_bad	0	index_kv_max	0	index_kv_bad	0	index_gate_max	0	index_gate_bad	0	ms	0.924962	PASS
tp_ep_true_attention_rope	layer	17	slots	32	local_heads	8	head_dim	512	rotary_dim	64	freq_base	160000.0	freq_scale	0.062500000	position	262143	PASS
tp_ep_true_attention_state_update	layer	17	slots	32	local_heads	8	head_dim	512	raw_rows	128	raw_row	127	kv_width	512	ms	0.167228	PASS
tp_ep_true_attention_raw_window	layer	17	slots	32	local_heads	8	head_dim	512	raw_rows	128	raw_row	127	valid_rows	1	ms	0.125882	PASS
tp_ep_true_attention_output_projection	layer	17	slots	32	head_input_cols	4096	out_a_cols	8192	out_b_shard_cols	512	heads_max	3.23681092	heads_bad	0	out_a_max	2.5569818	out_a_bad	0	out_b_max	5.96966314	out_b_bad	0	ms	12.438979	PASS
tp_ep_post_attention_ffn_input	layer	17	slots	32	total_routes	6	post_max	6.3171854	post_bad	0	ffn_norm_max	1.46055651	ffn_norm_bad	0	route_inv_scale_max	1	route_inv_scale_bad	0	ms	2.856348	PASS
tp_ep_token_major_item	step	0	layer	17	ratio	128	position	262143	decode_ms_per_step	32.047543	decode_slot_step_tok_s	998.516485	decode_ep_ms_per_step	11.027776	decode_dense_ms_per_step	0.000000	decode_compose_ms_per_step	0.446018	decode_compose_reduce_ms_per_step	0.060913	decode_compose_copy_ms_per_step	0.230317	decode_compose_final_ms_per_step	0.154788	decode_hc_current_input_ms_per_step	20.060960	decode_final_hc_ms_per_step	0.512410	decode_checksum	8365051689	decode_finite_bad	0	rc	0	PASS
tp_ep_true_attention_projection_prefix	layer	18	slots	32	q_a_cols	1024	kv_cols	512	q_width	32768	ms	1.023198	PASS
tp_ep_compressed_kv_projection	layer	18	slots	32	ratio	4	emitted_compressed_rows	1	visible_compressed_rows	1	indexer_topk_count	512	attn_comp_width	1024	attn_kv_max	0.242689669	attn_kv_bad	0	attn_gate_max	0.920222998	attn_gate_bad	0	index_q_max	2.54281569	index_q_bad	0	index_w_max	3.24816608	index_w_bad	0	index_kv_max	0.356473386	index_kv_bad	0	index_gate_max	1.20268834	index_gate_bad	0	ms	3.057787	PASS
tp_ep_true_attention_rope	layer	18	slots	32	local_heads	8	head_dim	512	rotary_dim	64	freq_base	160000.0	freq_scale	0.062500000	position	262143	PASS
tp_ep_true_attention_state_update	layer	18	slots	32	local_heads	8	head_dim	512	raw_rows	128	raw_row	127	kv_width	512	ms	0.185564	PASS
tp_ep_true_attention_raw_window	layer	18	slots	32	local_heads	8	head_dim	512	raw_rows	128	raw_row	127	valid_rows	1	ms	0.098977	PASS
tp_ep_true_attention_output_projection	layer	18	slots	32	head_input_cols	4096	out_a_cols	8192	out_b_shard_cols	512	heads_max	2.24883938	heads_bad	0	out_a_max	2.46414328	out_a_bad	0	out_b_max	7.08900595	out_b_bad	0	ms	12.176092	PASS
tp_ep_post_attention_ffn_input	layer	18	slots	32	total_routes	6	post_max	8.08900642	post_bad	0	ffn_norm_max	1.54361379	ffn_norm_bad	0	route_inv_scale_max	1	route_inv_scale_bad	0	ms	2.887507	PASS
tp_ep_token_major_item	step	0	layer	18	ratio	4	position	262143	decode_ms_per_step	33.854722	decode_slot_step_tok_s	945.215264	decode_ep_ms_per_step	11.043115	decode_dense_ms_per_step	0.000000	decode_compose_ms_per_step	0.441226	decode_compose_reduce_ms_per_step	0.063189	decode_compose_copy_ms_per_step	0.233035	decode_compose_final_ms_per_step	0.145002	decode_hc_current_input_ms_per_step	21.848847	decode_final_hc_ms_per_step	0.521165	decode_checksum	5810784764	decode_finite_bad	0	rc	0	PASS
tp_ep_true_attention_projection_prefix	layer	19	slots	32	q_a_cols	1024	kv_cols	512	q_width	32768	ms	1.033652	PASS
tp_ep_compressed_kv_projection	layer	19	slots	32	ratio	128	emitted_compressed_rows	1	visible_compressed_rows	1	indexer_topk_count	0	attn_comp_width	512	attn_kv_max	0.164673582	attn_kv_bad	0	attn_gate_max	0.520004511	attn_gate_bad	0	index_q_max	0	index_q_bad	0	index_w_max	0	index_w_bad	0	index_kv_max	0	index_kv_bad	0	index_gate_max	0	index_gate_bad	0	ms	0.911469	PASS
tp_ep_true_attention_rope	layer	19	slots	32	local_heads	8	head_dim	512	rotary_dim	64	freq_base	160000.0	freq_scale	0.062500000	position	262143	PASS
tp_ep_true_attention_state_update	layer	19	slots	32	local_heads	8	head_dim	512	raw_rows	128	raw_row	127	kv_width	512	ms	0.171865	PASS
tp_ep_true_attention_raw_window	layer	19	slots	32	local_heads	8	head_dim	512	raw_rows	128	raw_row	127	valid_rows	1	ms	0.097479	PASS
tp_ep_true_attention_output_projection	layer	19	slots	32	head_input_cols	4096	out_a_cols	8192	out_b_shard_cols	512	heads_max	3.28014541	heads_bad	0	out_a_max	2.47178221	out_a_bad	0	out_b_max	5.72787952	out_b_bad	0	ms	12.101136	PASS
tp_ep_post_attention_ffn_input	layer	19	slots	32	total_routes	6	post_max	5.86250353	post_bad	0	ffn_norm_max	1.34026587	ffn_norm_bad	0	route_inv_scale_max	1	route_inv_scale_bad	0	ms	2.852398	PASS
tp_ep_token_major_item	step	0	layer	19	ratio	128	position	262143	decode_ms_per_step	31.461370	decode_slot_step_tok_s	1017.120361	decode_ep_ms_per_step	10.823569	decode_dense_ms_per_step	0.000000	decode_compose_ms_per_step	0.447960	decode_compose_reduce_ms_per_step	0.061228	decode_compose_copy_ms_per_step	0.236437	decode_compose_final_ms_per_step	0.150295	decode_hc_current_input_ms_per_step	19.667156	decode_final_hc_ms_per_step	0.522339	decode_checksum	2790951312	decode_finite_bad	0	rc	0	PASS
tp_ep_true_attention_projection_prefix	layer	20	slots	32	q_a_cols	1024	kv_cols	512	q_width	32768	ms	1.123398	PASS
tp_ep_compressed_kv_projection	layer	20	slots	32	ratio	4	emitted_compressed_rows	1	visible_compressed_rows	1	indexer_topk_count	512	attn_comp_width	1024	attn_kv_max	0.558868408	attn_kv_bad	0	attn_gate_max	1.21201897	attn_gate_bad	0	index_q_max	1.56067944	index_q_bad	0	index_w_max	2.84933949	index_w_bad	0	index_kv_max	0.41280055	index_kv_bad	0	index_gate_max	1.41477036	index_gate_bad	0	ms	3.127740	PASS
tp_ep_true_attention_rope	layer	20	slots	32	local_heads	8	head_dim	512	rotary_dim	64	freq_base	160000.0	freq_scale	0.062500000	position	262143	PASS
tp_ep_true_attention_state_update	layer	20	slots	32	local_heads	8	head_dim	512	raw_rows	128	raw_row	127	kv_width	512	ms	0.181442	PASS
tp_ep_true_attention_raw_window	layer	20	slots	32	local_heads	8	head_dim	512	raw_rows	128	raw_row	127	valid_rows	1	ms	0.098815	PASS
tp_ep_true_attention_output_projection	layer	20	slots	32	head_input_cols	4096	out_a_cols	8192	out_b_shard_cols	512	heads_max	3.80785871	heads_bad	0	out_a_max	4.59097481	out_a_bad	0	out_b_max	6.97396421	out_b_bad	0	ms	12.026653	PASS
tp_ep_post_attention_ffn_input	layer	20	slots	32	total_routes	6	post_max	6.6177783	post_bad	0	ffn_norm_max	1.63580632	ffn_norm_bad	0	route_inv_scale_max	1	route_inv_scale_bad	0	ms	2.852980	PASS
tp_ep_token_major_item	step	0	layer	20	ratio	4	position	262143	decode_ms_per_step	33.414318	decode_slot_step_tok_s	957.673294	decode_ep_ms_per_step	10.682048	decode_dense_ms_per_step	0.000000	decode_compose_ms_per_step	0.460297	decode_compose_reduce_ms_per_step	0.067513	decode_compose_copy_ms_per_step	0.239394	decode_compose_final_ms_per_step	0.153390	decode_hc_current_input_ms_per_step	21.738173	decode_final_hc_ms_per_step	0.533388	decode_checksum	5188149459	decode_finite_bad	0	rc	0	PASS
tp_ep_true_attention_projection_prefix	layer	21	slots	32	q_a_cols	1024	kv_cols	512	q_width	32768	ms	1.068212	PASS
tp_ep_compressed_kv_projection	layer	21	slots	32	ratio	128	emitted_compressed_rows	1	visible_compressed_rows	1	indexer_topk_count	0	attn_comp_width	512	attn_kv_max	0.208533421	attn_kv_bad	0	attn_gate_max	0.770835519	attn_gate_bad	0	index_q_max	0	index_q_bad	0	index_w_max	0	index_w_bad	0	index_kv_max	0	index_kv_bad	0	index_gate_max	0	index_gate_bad	0	ms	0.931419	PASS
tp_ep_true_attention_rope	layer	21	slots	32	local_heads	8	head_dim	512	rotary_dim	64	freq_base	160000.0	freq_scale	0.062500000	position	262143	PASS
tp_ep_true_attention_state_update	layer	21	slots	32	local_heads	8	head_dim	512	raw_rows	128	raw_row	127	kv_width	512	ms	0.168305	PASS
tp_ep_true_attention_raw_window	layer	21	slots	32	local_heads	8	head_dim	512	raw_rows	128	raw_row	127	valid_rows	1	ms	0.098890	PASS
tp_ep_true_attention_output_projection	layer	21	slots	32	head_input_cols	4096	out_a_cols	8192	out_b_shard_cols	512	heads_max	2.98984742	heads_bad	0	out_a_max	2.58549857	out_a_bad	0	out_b_max	6.02575254	out_b_bad	0	ms	12.127569	PASS
tp_ep_post_attention_ffn_input	layer	21	slots	32	total_routes	6	post_max	7.02575254	post_bad	0	ffn_norm_max	1.7196337	ffn_norm_bad	0	route_inv_scale_max	1	route_inv_scale_bad	0	ms	2.895083	PASS
tp_ep_token_major_item	step	0	layer	21	ratio	128	position	262143	decode_ms_per_step	31.537023	decode_slot_step_tok_s	1014.680428	decode_ep_ms_per_step	10.872600	decode_dense_ms_per_step	0.000000	decode_compose_ms_per_step	0.454876	decode_compose_reduce_ms_per_step	0.062069	decode_compose_copy_ms_per_step	0.231933	decode_compose_final_ms_per_step	0.160874	decode_hc_current_input_ms_per_step	19.668477	decode_final_hc_ms_per_step	0.540691	decode_checksum	7789501165	decode_finite_bad	0	rc	0	PASS
tp_ep_true_attention_projection_prefix	layer	22	slots	32	q_a_cols	1024	kv_cols	512	q_width	32768	ms	1.072127	PASS
tp_ep_compressed_kv_projection	layer	22	slots	32	ratio	4	emitted_compressed_rows	1	visible_compressed_rows	1	indexer_topk_count	512	attn_comp_width	1024	attn_kv_max	0.471759021	attn_kv_bad	0	attn_gate_max	1.23427236	attn_gate_bad	0	index_q_max	2.5452621	index_q_bad	0	index_w_max	2.05173802	index_w_bad	0	index_kv_max	0.748223186	index_kv_bad	0	index_gate_max	1.18633544	index_gate_bad	0	ms	3.036061	PASS
tp_ep_true_attention_rope	layer	22	slots	32	local_heads	8	head_dim	512	rotary_dim	64	freq_base	160000.0	freq_scale	0.062500000	position	262143	PASS
tp_ep_true_attention_state_update	layer	22	slots	32	local_heads	8	head_dim	512	raw_rows	128	raw_row	127	kv_width	512	ms	0.181546	PASS
tp_ep_true_attention_raw_window	layer	22	slots	32	local_heads	8	head_dim	512	raw_rows	128	raw_row	127	valid_rows	1	ms	0.095050	PASS
tp_ep_true_attention_output_projection	layer	22	slots	32	head_input_cols	4096	out_a_cols	8192	out_b_shard_cols	512	heads_max	4.44200611	heads_bad	0	out_a_max	2.45091248	out_a_bad	0	out_b_max	5.37040138	out_b_bad	0	ms	12.147623	PASS
tp_ep_post_attention_ffn_input	layer	22	slots	32	total_routes	6	post_max	5.75818396	post_bad	0	ffn_norm_max	1.82626069	ffn_norm_bad	0	route_inv_scale_max	1	route_inv_scale_bad	0	ms	2.873410	PASS
tp_ep_token_major_item	step	0	layer	22	ratio	4	position	262143	decode_ms_per_step	33.565804	decode_slot_step_tok_s	953.351214	decode_ep_ms_per_step	10.789216	decode_dense_ms_per_step	0.000000	decode_compose_ms_per_step	0.441737	decode_compose_reduce_ms_per_step	0.063803	decode_compose_copy_ms_per_step	0.231700	decode_compose_final_ms_per_step	0.146234	decode_hc_current_input_ms_per_step	21.807715	decode_final_hc_ms_per_step	0.526787	decode_checksum	4659028425	decode_finite_bad	0	rc	0	PASS
tp_ep_true_attention_projection_prefix	layer	23	slots	32	q_a_cols	1024	kv_cols	512	q_width	32768	ms	1.106776	PASS
tp_ep_compressed_kv_projection	layer	23	slots	32	ratio	128	emitted_compressed_rows	1	visible_compressed_rows	1	indexer_topk_count	0	attn_comp_width	512	attn_kv_max	0.549479365	attn_kv_bad	0	attn_gate_max	0.911206424	attn_gate_bad	0	index_q_max	0	index_q_bad	0	index_w_max	0	index_w_bad	0	index_kv_max	0	index_kv_bad	0	index_gate_max	0	index_gate_bad	0	ms	0.944976	PASS
tp_ep_true_attention_rope	layer	23	slots	32	local_heads	8	head_dim	512	rotary_dim	64	freq_base	160000.0	freq_scale	0.062500000	position	262143	PASS
tp_ep_true_attention_state_update	layer	23	slots	32	local_heads	8	head_dim	512	raw_rows	128	raw_row	127	kv_width	512	ms	0.168464	PASS
tp_ep_true_attention_raw_window	layer	23	slots	32	local_heads	8	head_dim	512	raw_rows	128	raw_row	127	valid_rows	1	ms	0.095836	PASS
tp_ep_true_attention_output_projection	layer	23	slots	32	head_input_cols	4096	out_a_cols	8192	out_b_shard_cols	512	heads_max	3.56823564	heads_bad	0	out_a_max	3.6583643	out_a_bad	0	out_b_max	6.93102646	out_b_bad	0	ms	11.970603	PASS
tp_ep_post_attention_ffn_input	layer	23	slots	32	total_routes	6	post_max	7.13433886	post_bad	0	ffn_norm_max	1.54427302	ffn_norm_bad	0	route_inv_scale_max	1	route_inv_scale_bad	0	ms	2.779265	PASS
tp_ep_token_major_item	step	0	layer	23	ratio	128	position	262143	decode_ms_per_step	31.307361	decode_slot_step_tok_s	1022.123839	decode_ep_ms_per_step	10.828237	decode_dense_ms_per_step	0.000000	decode_compose_ms_per_step	0.450166	decode_compose_reduce_ms_per_step	0.059919	decode_compose_copy_ms_per_step	0.227592	decode_compose_final_ms_per_step	0.162655	decode_hc_current_input_ms_per_step	19.499136	decode_final_hc_ms_per_step	0.529444	decode_checksum	7484320763	decode_finite_bad	0	rc	0	PASS
tp_ep_true_attention_projection_prefix	layer	24	slots	32	q_a_cols	1024	kv_cols	512	q_width	32768	ms	1.068040	PASS
tp_ep_compressed_kv_projection	layer	24	slots	32	ratio	4	emitted_compressed_rows	1	visible_compressed_rows	1	indexer_topk_count	512	attn_comp_width	1024	attn_kv_max	0.519387007	attn_kv_bad	0	attn_gate_max	1.48432767	attn_gate_bad	0	index_q_max	1.74403	index_q_bad	0	index_w_max	3.14800787	index_w_bad	0	index_kv_max	0.624430895	index_kv_bad	0	index_gate_max	1.73427641	index_gate_bad	0	ms	6.750431	PASS
tp_ep_true_attention_rope	layer	24	slots	32	local_heads	8	head_dim	512	rotary_dim	64	freq_base	160000.0	freq_scale	0.062500000	position	262143	PASS
tp_ep_true_attention_state_update	layer	24	slots	32	local_heads	8	head_dim	512	raw_rows	128	raw_row	127	kv_width	512	ms	0.181717	PASS
tp_ep_true_attention_raw_window	layer	24	slots	32	local_heads	8	head_dim	512	raw_rows	128	raw_row	127	valid_rows	1	ms	0.096807	PASS
tp_ep_true_attention_output_projection	layer	24	slots	32	head_input_cols	4096	out_a_cols	8192	out_b_shard_cols	512	heads_max	2.98912692	heads_bad	0	out_a_max	2.91929317	out_a_bad	0	out_b_max	4.98320055	out_b_bad	0	ms	12.030291	PASS
tp_ep_post_attention_ffn_input	layer	24	slots	32	total_routes	6	post_max	5.6881237	post_bad	0	ffn_norm_max	1.43898213	ffn_norm_bad	0	route_inv_scale_max	1	route_inv_scale_bad	0	ms	2.830027	PASS
tp_ep_token_major_item	step	0	layer	24	ratio	4	position	262143	decode_ms_per_step	37.444708	decode_slot_step_tok_s	854.593391	decode_ep_ms_per_step	11.030774	decode_dense_ms_per_step	0.000000	decode_compose_ms_per_step	0.457896	decode_compose_reduce_ms_per_step	0.062342	decode_compose_copy_ms_per_step	0.229915	decode_compose_final_ms_per_step	0.165639	decode_hc_current_input_ms_per_step	25.421270	decode_final_hc_ms_per_step	0.534453	decode_checksum	8385266251	decode_finite_bad	0	rc	0	PASS
tp_ep_true_attention_projection_prefix	layer	25	slots	32	q_a_cols	1024	kv_cols	512	q_width	32768	ms	1.061335	PASS
tp_ep_compressed_kv_projection	layer	25	slots	32	ratio	128	emitted_compressed_rows	1	visible_compressed_rows	1	indexer_topk_count	0	attn_comp_width	512	attn_kv_max	0.142073616	attn_kv_bad	0	attn_gate_max	0.428969562	attn_gate_bad	0	index_q_max	0	index_q_bad	0	index_w_max	0	index_w_bad	0	index_kv_max	0	index_kv_bad	0	index_gate_max	0	index_gate_bad	0	ms	0.912474	PASS
tp_ep_true_attention_rope	layer	25	slots	32	local_heads	8	head_dim	512	rotary_dim	64	freq_base	160000.0	freq_scale	0.062500000	position	262143	PASS
tp_ep_true_attention_state_update	layer	25	slots	32	local_heads	8	head_dim	512	raw_rows	128	raw_row	127	kv_width	512	ms	0.169417	PASS
tp_ep_true_attention_raw_window	layer	25	slots	32	local_heads	8	head_dim	512	raw_rows	128	raw_row	127	valid_rows	1	ms	0.097319	PASS
tp_ep_true_attention_output_projection	layer	25	slots	32	head_input_cols	4096	out_a_cols	8192	out_b_shard_cols	512	heads_max	2.42194676	heads_bad	0	out_a_max	2.20175529	out_a_bad	0	out_b_max	8.93211269	out_b_bad	0	ms	12.162100	PASS
tp_ep_post_attention_ffn_input	layer	25	slots	32	total_routes	6	post_max	9.93211269	post_bad	0	ffn_norm_max	2.37546086	ffn_norm_bad	0	route_inv_scale_max	1	route_inv_scale_bad	0	ms	2.828801	PASS
tp_ep_token_major_item	step	0	layer	25	ratio	128	position	262143	decode_ms_per_step	31.553088	decode_slot_step_tok_s	1014.163812	decode_ep_ms_per_step	10.819179	decode_dense_ms_per_step	0.000000	decode_compose_ms_per_step	0.445223	decode_compose_reduce_ms_per_step	0.059411	decode_compose_copy_ms_per_step	0.228480	decode_compose_final_ms_per_step	0.157332	decode_hc_current_input_ms_per_step	19.766703	decode_final_hc_ms_per_step	0.521515	decode_checksum	6647962939	decode_finite_bad	0	rc	0	PASS
tp_ep_true_attention_projection_prefix	layer	26	slots	32	q_a_cols	1024	kv_cols	512	q_width	32768	ms	1.065975	PASS
tp_ep_compressed_kv_projection	layer	26	slots	32	ratio	4	emitted_compressed_rows	1	visible_compressed_rows	1	indexer_topk_count	512	attn_comp_width	1024	attn_kv_max	0.294250309	attn_kv_bad	0	attn_gate_max	1.22777534	attn_gate_bad	0	index_q_max	1.47985649	index_q_bad	0	index_w_max	1.8451581	index_w_bad	0	index_kv_max	0.310361475	index_kv_bad	0	index_gate_max	1.20015144	index_gate_bad	0	ms	3.047116	PASS
tp_ep_true_attention_rope	layer	26	slots	32	local_heads	8	head_dim	512	rotary_dim	64	freq_base	160000.0	freq_scale	0.062500000	position	262143	PASS
tp_ep_true_attention_state_update	layer	26	slots	32	local_heads	8	head_dim	512	raw_rows	128	raw_row	127	kv_width	512	ms	0.182978	PASS
tp_ep_true_attention_raw_window	layer	26	slots	32	local_heads	8	head_dim	512	raw_rows	128	raw_row	127	valid_rows	1	ms	0.095371	PASS
tp_ep_true_attention_output_projection	layer	26	slots	32	head_input_cols	4096	out_a_cols	8192	out_b_shard_cols	512	heads_max	2.74690676	heads_bad	0	out_a_max	2.50644922	out_a_bad	0	out_b_max	5.30750895	out_b_bad	0	ms	12.228422	PASS
tp_ep_post_attention_ffn_input	layer	26	slots	32	total_routes	6	post_max	6.30750895	post_bad	0	ffn_norm_max	1.66643751	ffn_norm_bad	0	route_inv_scale_max	1	route_inv_scale_bad	0	ms	2.833572	PASS
tp_ep_token_major_item	step	0	layer	26	ratio	4	position	262143	decode_ms_per_step	33.645461	decode_slot_step_tok_s	951.094116	decode_ep_ms_per_step	10.745148	decode_dense_ms_per_step	0.000000	decode_compose_ms_per_step	0.436721	decode_compose_reduce_ms_per_step	0.060990	decode_compose_copy_ms_per_step	0.232908	decode_compose_final_ms_per_step	0.142823	decode_hc_current_input_ms_per_step	21.927126	decode_final_hc_ms_per_step	0.536118	decode_checksum	7770939243	decode_finite_bad	0	rc	0	PASS
tp_ep_true_attention_projection_prefix	layer	27	slots	32	q_a_cols	1024	kv_cols	512	q_width	32768	ms	1.049254	PASS
tp_ep_compressed_kv_projection	layer	27	slots	32	ratio	128	emitted_compressed_rows	1	visible_compressed_rows	1	indexer_topk_count	0	attn_comp_width	512	attn_kv_max	0.277509868	attn_kv_bad	0	attn_gate_max	0.462713867	attn_gate_bad	0	index_q_max	0	index_q_bad	0	index_w_max	0	index_w_bad	0	index_kv_max	0	index_kv_bad	0	index_gate_max	0	index_gate_bad	0	ms	0.933837	PASS
tp_ep_true_attention_rope	layer	27	slots	32	local_heads	8	head_dim	512	rotary_dim	64	freq_base	160000.0	freq_scale	0.062500000	position	262143	PASS
tp_ep_true_attention_state_update	layer	27	slots	32	local_heads	8	head_dim	512	raw_rows	128	raw_row	127	kv_width	512	ms	0.179411	PASS
tp_ep_true_attention_raw_window	layer	27	slots	32	local_heads	8	head_dim	512	raw_rows	128	raw_row	127	valid_rows	1	ms	0.097238	PASS
tp_ep_true_attention_output_projection	layer	27	slots	32	head_input_cols	4096	out_a_cols	8192	out_b_shard_cols	512	heads_max	2.98157692	heads_bad	0	out_a_max	2.72182655	out_a_bad	0	out_b_max	3.72698474	out_b_bad	0	ms	12.185006	PASS
tp_ep_post_attention_ffn_input	layer	27	slots	32	total_routes	6	post_max	4.50036049	post_bad	0	ffn_norm_max	1.63337123	ffn_norm_bad	0	route_inv_scale_max	1	route_inv_scale_bad	0	ms	2.934389	PASS
tp_ep_token_major_item	step	0	layer	27	ratio	128	position	262143	decode_ms_per_step	32.051558	decode_slot_step_tok_s	998.391404	decode_ep_ms_per_step	11.077642	decode_dense_ms_per_step	0.000000	decode_compose_ms_per_step	0.457424	decode_compose_reduce_ms_per_step	0.068438	decode_compose_copy_ms_per_step	0.233051	decode_compose_final_ms_per_step	0.155935	decode_hc_current_input_ms_per_step	19.979921	decode_final_hc_ms_per_step	0.536130	decode_checksum	6095525961	decode_finite_bad	0	rc	0	PASS
tp_ep_true_attention_projection_prefix	layer	28	slots	32	q_a_cols	1024	kv_cols	512	q_width	32768	ms	1.063422	PASS
tp_ep_compressed_kv_projection	layer	28	slots	32	ratio	4	emitted_compressed_rows	1	visible_compressed_rows	1	indexer_topk_count	512	attn_comp_width	1024	attn_kv_max	0.487549782	attn_kv_bad	0	attn_gate_max	1.86665893	attn_gate_bad	0	index_q_max	1.00353026	index_q_bad	0	index_w_max	3.7382679	index_w_bad	0	index_kv_max	0.794346273	index_kv_bad	0	index_gate_max	1.6745013	index_gate_bad	0	ms	3.194853	PASS
tp_ep_true_attention_rope	layer	28	slots	32	local_heads	8	head_dim	512	rotary_dim	64	freq_base	160000.0	freq_scale	0.062500000	position	262143	PASS
tp_ep_true_attention_state_update	layer	28	slots	32	local_heads	8	head_dim	512	raw_rows	128	raw_row	127	kv_width	512	ms	0.188509	PASS
tp_ep_true_attention_raw_window	layer	28	slots	32	local_heads	8	head_dim	512	raw_rows	128	raw_row	127	valid_rows	1	ms	0.098159	PASS
tp_ep_true_attention_output_projection	layer	28	slots	32	head_input_cols	4096	out_a_cols	8192	out_b_shard_cols	512	heads_max	2.73668051	heads_bad	0	out_a_max	2.35817075	out_a_bad	0	out_b_max	9.28578281	out_b_bad	0	ms	12.269718	PASS
tp_ep_post_attention_ffn_input	layer	28	slots	32	total_routes	6	post_max	8.45189571	post_bad	0	ffn_norm_max	2.00085354	ffn_norm_bad	0	route_inv_scale_max	1	route_inv_scale_bad	0	ms	2.939577	PASS
tp_ep_token_major_item	step	0	layer	28	ratio	4	position	262143	decode_ms_per_step	34.035690	decode_slot_step_tok_s	940.189548	decode_ep_ms_per_step	10.929247	decode_dense_ms_per_step	0.000000	decode_compose_ms_per_step	0.449486	decode_compose_reduce_ms_per_step	0.065827	decode_compose_copy_ms_per_step	0.241619	decode_compose_final_ms_per_step	0.142040	decode_hc_current_input_ms_per_step	22.103908	decode_final_hc_ms_per_step	0.552690	decode_checksum	6100554277	decode_finite_bad	0	rc	0	PASS
tp_ep_true_attention_projection_prefix	layer	29	slots	32	q_a_cols	1024	kv_cols	512	q_width	32768	ms	1.082054	PASS
tp_ep_compressed_kv_projection	layer	29	slots	32	ratio	128	emitted_compressed_rows	1	visible_compressed_rows	1	indexer_topk_count	0	attn_comp_width	512	attn_kv_max	0.247190401	attn_kv_bad	0	attn_gate_max	0.613639772	attn_gate_bad	0	index_q_max	0	index_q_bad	0	index_w_max	0	index_w_bad	0	index_kv_max	0	index_kv_bad	0	index_gate_max	0	index_gate_bad	0	ms	0.946418	PASS
tp_ep_true_attention_rope	layer	29	slots	32	local_heads	8	head_dim	512	rotary_dim	64	freq_base	160000.0	freq_scale	0.062500000	position	262143	PASS
tp_ep_true_attention_state_update	layer	29	slots	32	local_heads	8	head_dim	512	raw_rows	128	raw_row	127	kv_width	512	ms	0.171399	PASS
tp_ep_true_attention_raw_window	layer	29	slots	32	local_heads	8	head_dim	512	raw_rows	128	raw_row	127	valid_rows	1	ms	0.093389	PASS
tp_ep_true_attention_output_projection	layer	29	slots	32	head_input_cols	4096	out_a_cols	8192	out_b_shard_cols	512	heads_max	3.70205426	heads_bad	0	out_a_max	2.46106362	out_a_bad	0	out_b_max	5.79155111	out_b_bad	0	ms	14.365694	PASS
tp_ep_post_attention_ffn_input	layer	29	slots	32	total_routes	6	post_max	6.68101072	post_bad	0	ffn_norm_max	1.93744469	ffn_norm_bad	0	route_inv_scale_max	1	route_inv_scale_bad	0	ms	2.892600	PASS
tp_ep_token_major_item	step	0	layer	29	ratio	128	position	262143	decode_ms_per_step	33.916749	decode_slot_step_tok_s	943.486653	decode_ep_ms_per_step	10.959880	decode_dense_ms_per_step	0.000000	decode_compose_ms_per_step	0.447212	decode_compose_reduce_ms_per_step	0.065575	decode_compose_copy_ms_per_step	0.235864	decode_compose_final_ms_per_step	0.145773	decode_hc_current_input_ms_per_step	21.978971	decode_final_hc_ms_per_step	0.530313	decode_checksum	5801397937	decode_finite_bad	0	rc	0	PASS
tp_ep_true_attention_projection_prefix	layer	30	slots	32	q_a_cols	1024	kv_cols	512	q_width	32768	ms	1.089184	PASS
tp_ep_compressed_kv_projection	layer	30	slots	32	ratio	4	emitted_compressed_rows	1	visible_compressed_rows	1	indexer_topk_count	512	attn_comp_width	1024	attn_kv_max	0.425278515	attn_kv_bad	0	attn_gate_max	1.67716718	attn_gate_bad	0	index_q_max	2.94765973	index_q_bad	0	index_w_max	2.82897663	index_w_bad	0	index_kv_max	0.46900183	index_kv_bad	0	index_gate_max	1.70193052	index_gate_bad	0	ms	3.004262	PASS
tp_ep_true_attention_rope	layer	30	slots	32	local_heads	8	head_dim	512	rotary_dim	64	freq_base	160000.0	freq_scale	0.062500000	position	262143	PASS
tp_ep_true_attention_state_update	layer	30	slots	32	local_heads	8	head_dim	512	raw_rows	128	raw_row	127	kv_width	512	ms	0.187181	PASS
tp_ep_true_attention_raw_window	layer	30	slots	32	local_heads	8	head_dim	512	raw_rows	128	raw_row	127	valid_rows	1	ms	0.104982	PASS
tp_ep_true_attention_output_projection	layer	30	slots	32	head_input_cols	4096	out_a_cols	8192	out_b_shard_cols	512	heads_max	3.22247505	heads_bad	0	out_a_max	2.04180861	out_a_bad	0	out_b_max	5.85252571	out_b_bad	0	ms	12.285492	PASS
tp_ep_post_attention_ffn_input	layer	30	slots	32	total_routes	6	post_max	6.85252571	post_bad	0	ffn_norm_max	1.75498998	ffn_norm_bad	0	route_inv_scale_max	1	route_inv_scale_bad	0	ms	2.893401	PASS
tp_ep_token_major_item	step	0	layer	30	ratio	4	position	262143	decode_ms_per_step	34.014595	decode_slot_step_tok_s	940.772630	decode_ep_ms_per_step	11.094866	decode_dense_ms_per_step	0.000000	decode_compose_ms_per_step	0.463658	decode_compose_reduce_ms_per_step	0.064455	decode_compose_copy_ms_per_step	0.257530	decode_compose_final_ms_per_step	0.141673	decode_hc_current_input_ms_per_step	21.926568	decode_final_hc_ms_per_step	0.529089	decode_checksum	6709446445	decode_finite_bad	0	rc	0	PASS
tp_ep_true_attention_projection_prefix	layer	31	slots	32	q_a_cols	1024	kv_cols	512	q_width	32768	ms	1.107660	PASS
tp_ep_compressed_kv_projection	layer	31	slots	32	ratio	128	emitted_compressed_rows	1	visible_compressed_rows	1	indexer_topk_count	0	attn_comp_width	512	attn_kv_max	0.209532201	attn_kv_bad	0	attn_gate_max	0.426208526	attn_gate_bad	0	index_q_max	0	index_q_bad	0	index_w_max	0	index_w_bad	0	index_kv_max	0	index_kv_bad	0	index_gate_max	0	index_gate_bad	0	ms	0.946072	PASS
tp_ep_true_attention_rope	layer	31	slots	32	local_heads	8	head_dim	512	rotary_dim	64	freq_base	160000.0	freq_scale	0.062500000	position	262143	PASS
tp_ep_true_attention_state_update	layer	31	slots	32	local_heads	8	head_dim	512	raw_rows	128	raw_row	127	kv_width	512	ms	0.164772	PASS
tp_ep_true_attention_raw_window	layer	31	slots	32	local_heads	8	head_dim	512	raw_rows	128	raw_row	127	valid_rows	1	ms	0.093375	PASS
tp_ep_true_attention_output_projection	layer	31	slots	32	head_input_cols	4096	out_a_cols	8192	out_b_shard_cols	512	heads_max	3.00831819	heads_bad	0	out_a_max	1.97256482	out_a_bad	0	out_b_max	3.38560343	out_b_bad	0	ms	12.147653	PASS
tp_ep_post_attention_ffn_input	layer	31	slots	32	total_routes	6	post_max	4.20115137	post_bad	0	ffn_norm_max	1.82931769	ffn_norm_bad	0	route_inv_scale_max	1	route_inv_scale_bad	0	ms	2.835771	PASS
tp_ep_token_major_item	step	0	layer	31	ratio	128	position	262143	decode_ms_per_step	31.628388	decode_slot_step_tok_s	1011.749318	decode_ep_ms_per_step	10.845126	decode_dense_ms_per_step	0.000000	decode_compose_ms_per_step	0.468347	decode_compose_reduce_ms_per_step	0.072849	decode_compose_copy_ms_per_step	0.232107	decode_compose_final_ms_per_step	0.163391	decode_hc_current_input_ms_per_step	19.793379	decode_final_hc_ms_per_step	0.521131	decode_checksum	4642529958	decode_finite_bad	0	rc	0	PASS
tp_ep_true_attention_projection_prefix	layer	32	slots	32	q_a_cols	1024	kv_cols	512	q_width	32768	ms	1.061472	PASS
tp_ep_compressed_kv_projection	layer	32	slots	32	ratio	4	emitted_compressed_rows	1	visible_compressed_rows	1	indexer_topk_count	512	attn_comp_width	1024	attn_kv_max	0.563850939	attn_kv_bad	0	attn_gate_max	1.29985464	attn_gate_bad	0	index_q_max	1.7589705	index_q_bad	0	index_w_max	2.34150386	index_w_bad	0	index_kv_max	0.376226008	index_kv_bad	0	index_gate_max	2.04936671	index_gate_bad	0	ms	3.102866	PASS
tp_ep_true_attention_rope	layer	32	slots	32	local_heads	8	head_dim	512	rotary_dim	64	freq_base	160000.0	freq_scale	0.062500000	position	262143	PASS
tp_ep_true_attention_state_update	layer	32	slots	32	local_heads	8	head_dim	512	raw_rows	128	raw_row	127	kv_width	512	ms	0.190068	PASS
tp_ep_true_attention_raw_window	layer	32	slots	32	local_heads	8	head_dim	512	raw_rows	128	raw_row	127	valid_rows	1	ms	0.095198	PASS
tp_ep_true_attention_output_projection	layer	32	slots	32	head_input_cols	4096	out_a_cols	8192	out_b_shard_cols	512	heads_max	2.99805975	heads_bad	0	out_a_max	2.07997584	out_a_bad	0	out_b_max	15.6170282	out_b_bad	0	ms	12.129057	PASS
tp_ep_post_attention_ffn_input	layer	32	slots	32	total_routes	6	post_max	16.6170273	post_bad	0	ffn_norm_max	3.05240226	ffn_norm_bad	0	route_inv_scale_max	1	route_inv_scale_bad	0	ms	2.798232	PASS
tp_ep_token_major_item	step	0	layer	32	ratio	4	position	262143	decode_ms_per_step	33.456111	decode_slot_step_tok_s	956.476980	decode_ep_ms_per_step	10.682360	decode_dense_ms_per_step	0.000000	decode_compose_ms_per_step	0.452308	decode_compose_reduce_ms_per_step	0.061424	decode_compose_copy_ms_per_step	0.228502	decode_compose_final_ms_per_step	0.162382	decode_hc_current_input_ms_per_step	21.795513	decode_final_hc_ms_per_step	0.525520	decode_checksum	2779418840	decode_finite_bad	0	rc	0	PASS
tp_ep_true_attention_projection_prefix	layer	33	slots	32	q_a_cols	1024	kv_cols	512	q_width	32768	ms	1.142440	PASS
tp_ep_compressed_kv_projection	layer	33	slots	32	ratio	128	emitted_compressed_rows	1	visible_compressed_rows	1	indexer_topk_count	0	attn_comp_width	512	attn_kv_max	0.211821705	attn_kv_bad	0	attn_gate_max	0.530176222	attn_gate_bad	0	index_q_max	0	index_q_bad	0	index_w_max	0	index_w_bad	0	index_kv_max	0	index_kv_bad	0	index_gate_max	0	index_gate_bad	0	ms	0.952581	PASS
tp_ep_true_attention_rope	layer	33	slots	32	local_heads	8	head_dim	512	rotary_dim	64	freq_base	160000.0	freq_scale	0.062500000	position	262143	PASS
tp_ep_true_attention_state_update	layer	33	slots	32	local_heads	8	head_dim	512	raw_rows	128	raw_row	127	kv_width	512	ms	0.177290	PASS
tp_ep_true_attention_raw_window	layer	33	slots	32	local_heads	8	head_dim	512	raw_rows	128	raw_row	127	valid_rows	1	ms	0.097721	PASS
tp_ep_true_attention_output_projection	layer	33	slots	32	head_input_cols	4096	out_a_cols	8192	out_b_shard_cols	512	heads_max	3.42095089	heads_bad	0	out_a_max	2.85225892	out_a_bad	0	out_b_max	11.6111536	out_b_bad	0	ms	12.334303	PASS
tp_ep_post_attention_ffn_input	layer	33	slots	32	total_routes	6	post_max	12.6111536	post_bad	0	ffn_norm_max	1.88566303	ffn_norm_bad	0	route_inv_scale_max	1	route_inv_scale_bad	0	ms	2.838145	PASS
tp_ep_token_major_item	step	0	layer	33	ratio	128	position	262143	decode_ms_per_step	32.018158	decode_slot_step_tok_s	999.432884	decode_ep_ms_per_step	11.030617	decode_dense_ms_per_step	0.000000	decode_compose_ms_per_step	0.454053	decode_compose_reduce_ms_per_step	0.065896	decode_compose_copy_ms_per_step	0.238445	decode_compose_final_ms_per_step	0.149712	decode_hc_current_input_ms_per_step	19.995253	decode_final_hc_ms_per_step	0.537839	decode_checksum	4881469447	decode_finite_bad	0	rc	0	PASS
tp_ep_true_attention_projection_prefix	layer	34	slots	32	q_a_cols	1024	kv_cols	512	q_width	32768	ms	1.140235	PASS
tp_ep_compressed_kv_projection	layer	34	slots	32	ratio	4	emitted_compressed_rows	1	visible_compressed_rows	1	indexer_topk_count	512	attn_comp_width	1024	attn_kv_max	0.535294473	attn_kv_bad	0	attn_gate_max	3.06815648	attn_gate_bad	0	index_q_max	1.57539403	index_q_bad	0	index_w_max	2.95590019	index_w_bad	0	index_kv_max	0.430872321	index_kv_bad	0	index_gate_max	3.01786542	index_gate_bad	0	ms	3.128088	PASS
tp_ep_true_attention_rope	layer	34	slots	32	local_heads	8	head_dim	512	rotary_dim	64	freq_base	160000.0	freq_scale	0.062500000	position	262143	PASS
tp_ep_true_attention_state_update	layer	34	slots	32	local_heads	8	head_dim	512	raw_rows	128	raw_row	127	kv_width	512	ms	0.197694	PASS
tp_ep_true_attention_raw_window	layer	34	slots	32	local_heads	8	head_dim	512	raw_rows	128	raw_row	127	valid_rows	1	ms	0.100766	PASS
tp_ep_true_attention_output_projection	layer	34	slots	32	head_input_cols	4096	out_a_cols	8192	out_b_shard_cols	512	heads_max	3.49998093	heads_bad	0	out_a_max	2.02884531	out_a_bad	0	out_b_max	4.32352781	out_b_bad	0	ms	12.297850	PASS
tp_ep_post_attention_ffn_input	layer	34	slots	32	total_routes	6	post_max	4.76435375	post_bad	0	ffn_norm_max	1.95179701	ffn_norm_bad	0	route_inv_scale_max	1	route_inv_scale_bad	0	ms	2.818569	PASS
tp_ep_token_major_item	step	0	layer	34	ratio	4	position	262143	decode_ms_per_step	34.192235	decode_slot_step_tok_s	935.885004	decode_ep_ms_per_step	11.032737	decode_dense_ms_per_step	0.000000	decode_compose_ms_per_step	0.462181	decode_compose_reduce_ms_per_step	0.061263	decode_compose_copy_ms_per_step	0.256158	decode_compose_final_ms_per_step	0.144760	decode_hc_current_input_ms_per_step	22.170934	decode_final_hc_ms_per_step	0.526025	decode_checksum	5457497285	decode_finite_bad	0	rc	0	PASS
tp_ep_true_attention_projection_prefix	layer	35	slots	32	q_a_cols	1024	kv_cols	512	q_width	32768	ms	1.067192	PASS
tp_ep_compressed_kv_projection	layer	35	slots	32	ratio	128	emitted_compressed_rows	1	visible_compressed_rows	1	indexer_topk_count	0	attn_comp_width	512	attn_kv_max	0.336428046	attn_kv_bad	0	attn_gate_max	0.573916316	attn_gate_bad	0	index_q_max	0	index_q_bad	0	index_w_max	0	index_w_bad	0	index_kv_max	0	index_kv_bad	0	index_gate_max	0	index_gate_bad	0	ms	0.929817	PASS
tp_ep_true_attention_rope	layer	35	slots	32	local_heads	8	head_dim	512	rotary_dim	64	freq_base	160000.0	freq_scale	0.062500000	position	262143	PASS
tp_ep_true_attention_state_update	layer	35	slots	32	local_heads	8	head_dim	512	raw_rows	128	raw_row	127	kv_width	512	ms	0.168889	PASS
tp_ep_true_attention_raw_window	layer	35	slots	32	local_heads	8	head_dim	512	raw_rows	128	raw_row	127	valid_rows	1	ms	0.114347	PASS
tp_ep_true_attention_output_projection	layer	35	slots	32	head_input_cols	4096	out_a_cols	8192	out_b_shard_cols	512	heads_max	3.56208873	heads_bad	0	out_a_max	2.36123562	out_a_bad	0	out_b_max	5.744771	out_b_bad	0	ms	12.183869	PASS
tp_ep_post_attention_ffn_input	layer	35	slots	32	total_routes	6	post_max	4.744771	post_bad	0	ffn_norm_max	1.79496253	ffn_norm_bad	0	route_inv_scale_max	1	route_inv_scale_bad	0	ms	2.872974	PASS
tp_ep_token_major_item	step	0	layer	35	ratio	128	position	262143	decode_ms_per_step	31.739884	decode_slot_step_tok_s	1008.195241	decode_ep_ms_per_step	10.795036	decode_dense_ms_per_step	0.000000	decode_compose_ms_per_step	0.447187	decode_compose_reduce_ms_per_step	0.065054	decode_compose_copy_ms_per_step	0.241005	decode_compose_final_ms_per_step	0.141128	decode_hc_current_input_ms_per_step	19.972647	decode_final_hc_ms_per_step	0.524585	decode_checksum	5743597211	decode_finite_bad	0	rc	0	PASS
tp_ep_true_attention_projection_prefix	layer	36	slots	32	q_a_cols	1024	kv_cols	512	q_width	32768	ms	1.051227	PASS
tp_ep_compressed_kv_projection	layer	36	slots	32	ratio	4	emitted_compressed_rows	1	visible_compressed_rows	1	indexer_topk_count	512	attn_comp_width	1024	attn_kv_max	0.556534827	attn_kv_bad	0	attn_gate_max	1.34500158	attn_gate_bad	0	index_q_max	1.09201586	index_q_bad	0	index_w_max	1.90453815	index_w_bad	0	index_kv_max	0.418827534	index_kv_bad	0	index_gate_max	1.12248707	index_gate_bad	0	ms	3.046006	PASS
tp_ep_true_attention_rope	layer	36	slots	32	local_heads	8	head_dim	512	rotary_dim	64	freq_base	160000.0	freq_scale	0.062500000	position	262143	PASS
tp_ep_true_attention_state_update	layer	36	slots	32	local_heads	8	head_dim	512	raw_rows	128	raw_row	127	kv_width	512	ms	0.178273	PASS
tp_ep_true_attention_raw_window	layer	36	slots	32	local_heads	8	head_dim	512	raw_rows	128	raw_row	127	valid_rows	1	ms	0.095193	PASS
tp_ep_true_attention_output_projection	layer	36	slots	32	head_input_cols	4096	out_a_cols	8192	out_b_shard_cols	512	heads_max	3.23160791	heads_bad	0	out_a_max	2.82303095	out_a_bad	0	out_b_max	11.4126225	out_b_bad	0	ms	12.300299	PASS
tp_ep_post_attention_ffn_input	layer	36	slots	32	total_routes	6	post_max	10.4126225	post_bad	0	ffn_norm_max	2.22802138	ffn_norm_bad	0	route_inv_scale_max	1	route_inv_scale_bad	0	ms	2.856158	PASS
tp_ep_token_major_item	step	0	layer	36	ratio	4	position	262143	decode_ms_per_step	33.926591	decode_slot_step_tok_s	943.212951	decode_ep_ms_per_step	10.964721	decode_dense_ms_per_step	0.000000	decode_compose_ms_per_step	0.467479	decode_compose_reduce_ms_per_step	0.064298	decode_compose_copy_ms_per_step	0.231306	decode_compose_final_ms_per_step	0.171875	decode_hc_current_input_ms_per_step	21.961075	decode_final_hc_ms_per_step	0.533006	decode_checksum	7904131107	decode_finite_bad	0	rc	0	PASS
tp_ep_true_attention_projection_prefix	layer	37	slots	32	q_a_cols	1024	kv_cols	512	q_width	32768	ms	1.049631	PASS
tp_ep_compressed_kv_projection	layer	37	slots	32	ratio	128	emitted_compressed_rows	1	visible_compressed_rows	1	indexer_topk_count	0	attn_comp_width	512	attn_kv_max	0.211993635	attn_kv_bad	0	attn_gate_max	0.725728452	attn_gate_bad	0	index_q_max	0	index_q_bad	0	index_w_max	0	index_w_bad	0	index_kv_max	0	index_kv_bad	0	index_gate_max	0	index_gate_bad	0	ms	0.919991	PASS
tp_ep_true_attention_rope	layer	37	slots	32	local_heads	8	head_dim	512	rotary_dim	64	freq_base	160000.0	freq_scale	0.062500000	position	262143	PASS
tp_ep_true_attention_state_update	layer	37	slots	32	local_heads	8	head_dim	512	raw_rows	128	raw_row	127	kv_width	512	ms	0.171681	PASS
tp_ep_true_attention_raw_window	layer	37	slots	32	local_heads	8	head_dim	512	raw_rows	128	raw_row	127	valid_rows	1	ms	0.098004	PASS
tp_ep_true_attention_output_projection	layer	37	slots	32	head_input_cols	4096	out_a_cols	8192	out_b_shard_cols	512	heads_max	2.49752474	heads_bad	0	out_a_max	2.21057439	out_a_bad	0	out_b_max	3.37780523	out_b_bad	0	ms	12.116658	PASS
tp_ep_post_attention_ffn_input	layer	37	slots	32	total_routes	6	post_max	4.37780523	post_bad	0	ffn_norm_max	1.85764456	ffn_norm_bad	0	route_inv_scale_max	1	route_inv_scale_bad	0	ms	2.826180	PASS
tp_ep_token_major_item	step	0	layer	37	ratio	128	position	262143	decode_ms_per_step	31.620388	decode_slot_step_tok_s	1012.005292	decode_ep_ms_per_step	10.943834	decode_dense_ms_per_step	0.000000	decode_compose_ms_per_step	0.444946	decode_compose_reduce_ms_per_step	0.057441	decode_compose_copy_ms_per_step	0.230942	decode_compose_final_ms_per_step	0.156563	decode_hc_current_input_ms_per_step	19.698540	decode_final_hc_ms_per_step	0.532729	decode_checksum	4311053805	decode_finite_bad	0	rc	0	PASS
tp_ep_true_attention_projection_prefix	layer	38	slots	32	q_a_cols	1024	kv_cols	512	q_width	32768	ms	1.056525	PASS
tp_ep_compressed_kv_projection	layer	38	slots	32	ratio	4	emitted_compressed_rows	1	visible_compressed_rows	1	indexer_topk_count	512	attn_comp_width	1024	attn_kv_max	0.575430572	attn_kv_bad	0	attn_gate_max	1.85781288	attn_gate_bad	0	index_q_max	2.82525182	index_q_bad	0	index_w_max	7.18232012	index_w_bad	0	index_kv_max	0.839609027	index_kv_bad	0	index_gate_max	1.57823277	index_gate_bad	0	ms	3.153851	PASS
tp_ep_true_attention_rope	layer	38	slots	32	local_heads	8	head_dim	512	rotary_dim	64	freq_base	160000.0	freq_scale	0.062500000	position	262143	PASS
tp_ep_true_attention_state_update	layer	38	slots	32	local_heads	8	head_dim	512	raw_rows	128	raw_row	127	kv_width	512	ms	0.182504	PASS
tp_ep_true_attention_raw_window	layer	38	slots	32	local_heads	8	head_dim	512	raw_rows	128	raw_row	127	valid_rows	1	ms	0.097821	PASS
tp_ep_true_attention_output_projection	layer	38	slots	32	head_input_cols	4096	out_a_cols	8192	out_b_shard_cols	512	heads_max	2.46374559	heads_bad	0	out_a_max	1.99253774	out_a_bad	0	out_b_max	7.67314243	out_b_bad	0	ms	12.517663	PASS
tp_ep_post_attention_ffn_input	layer	38	slots	32	total_routes	6	post_max	8.63984299	post_bad	0	ffn_norm_max	3.27348328	ffn_norm_bad	0	route_inv_scale_max	1	route_inv_scale_bad	0	ms	3.065957	PASS
tp_ep_token_major_item	step	0	layer	38	ratio	4	position	262143	decode_ms_per_step	37.352099	decode_slot_step_tok_s	856.712229	decode_ep_ms_per_step	13.762257	decode_dense_ms_per_step	0.000000	decode_compose_ms_per_step	0.500271	decode_compose_reduce_ms_per_step	0.070820	decode_compose_copy_ms_per_step	0.270973	decode_compose_final_ms_per_step	0.158478	decode_hc_current_input_ms_per_step	22.549760	decode_final_hc_ms_per_step	0.539335	decode_checksum	4619336353	decode_finite_bad	0	rc	0	PASS
tp_ep_true_attention_projection_prefix	layer	39	slots	32	q_a_cols	1024	kv_cols	512	q_width	32768	ms	1.060707	PASS
tp_ep_compressed_kv_projection	layer	39	slots	32	ratio	128	emitted_compressed_rows	1	visible_compressed_rows	1	indexer_topk_count	0	attn_comp_width	512	attn_kv_max	0.294066757	attn_kv_bad	0	attn_gate_max	0.837670803	attn_gate_bad	0	index_q_max	0	index_q_bad	0	index_w_max	0	index_w_bad	0	index_kv_max	0	index_kv_bad	0	index_gate_max	0	index_gate_bad	0	ms	0.950594	PASS
tp_ep_true_attention_rope	layer	39	slots	32	local_heads	8	head_dim	512	rotary_dim	64	freq_base	160000.0	freq_scale	0.062500000	position	262143	PASS
tp_ep_true_attention_state_update	layer	39	slots	32	local_heads	8	head_dim	512	raw_rows	128	raw_row	127	kv_width	512	ms	0.172001	PASS
tp_ep_true_attention_raw_window	layer	39	slots	32	local_heads	8	head_dim	512	raw_rows	128	raw_row	127	valid_rows	1	ms	0.099762	PASS
tp_ep_true_attention_output_projection	layer	39	slots	32	head_input_cols	4096	out_a_cols	8192	out_b_shard_cols	512	heads_max	3.99466228	heads_bad	0	out_a_max	2.51485109	out_a_bad	0	out_b_max	4.62930679	out_b_bad	0	ms	12.964104	PASS
tp_ep_post_attention_ffn_input	layer	39	slots	32	total_routes	6	post_max	5.04355478	post_bad	0	ffn_norm_max	2.54927731	ffn_norm_bad	0	route_inv_scale_max	1	route_inv_scale_bad	0	ms	2.980533	PASS
tp_ep_token_major_item	step	0	layer	39	ratio	128	position	262143	decode_ms_per_step	32.909295	decode_slot_step_tok_s	972.369660	decode_ep_ms_per_step	11.250389	decode_dense_ms_per_step	0.000000	decode_compose_ms_per_step	0.461285	decode_compose_reduce_ms_per_step	0.059061	decode_compose_copy_ms_per_step	0.230125	decode_compose_final_ms_per_step	0.172099	decode_hc_current_input_ms_per_step	20.668242	decode_final_hc_ms_per_step	0.528906	decode_checksum	5996952318	decode_finite_bad	0	rc	0	PASS
tp_ep_true_attention_projection_prefix	layer	40	slots	32	q_a_cols	1024	kv_cols	512	q_width	32768	ms	1.099705	PASS
tp_ep_compressed_kv_projection	layer	40	slots	32	ratio	4	emitted_compressed_rows	1	visible_compressed_rows	1	indexer_topk_count	512	attn_comp_width	1024	attn_kv_max	0.548604786	attn_kv_bad	0	attn_gate_max	3.54388142	attn_gate_bad	0	index_q_max	3.02243376	index_q_bad	0	index_w_max	3.3671639	index_w_bad	0	index_kv_max	0.811793089	index_kv_bad	0	index_gate_max	4.05313635	index_gate_bad	0	ms	3.194683	PASS
tp_ep_true_attention_rope	layer	40	slots	32	local_heads	8	head_dim	512	rotary_dim	64	freq_base	160000.0	freq_scale	0.062500000	position	262143	PASS
tp_ep_true_attention_state_update	layer	40	slots	32	local_heads	8	head_dim	512	raw_rows	128	raw_row	127	kv_width	512	ms	0.183477	PASS
tp_ep_true_attention_raw_window	layer	40	slots	32	local_heads	8	head_dim	512	raw_rows	128	raw_row	127	valid_rows	1	ms	0.104424	PASS
tp_ep_true_attention_output_projection	layer	40	slots	32	head_input_cols	4096	out_a_cols	8192	out_b_shard_cols	512	heads_max	3.49980545	heads_bad	0	out_a_max	3.3733573	out_a_bad	0	out_b_max	15.1990376	out_b_bad	0	ms	14.240286	PASS
tp_ep_post_attention_ffn_input	layer	40	slots	32	total_routes	6	post_max	16.1990376	post_bad	0	ffn_norm_max	3.71793246	ffn_norm_bad	0	route_inv_scale_max	1	route_inv_scale_bad	0	ms	3.154844	PASS
tp_ep_token_major_item	step	0	layer	40	ratio	4	position	262143	decode_ms_per_step	37.315759	decode_slot_step_tok_s	857.546540	decode_ep_ms_per_step	11.719069	decode_dense_ms_per_step	0.000000	decode_compose_ms_per_step	0.582397	decode_compose_reduce_ms_per_step	0.092184	decode_compose_copy_ms_per_step	0.326132	decode_compose_final_ms_per_step	0.164081	decode_hc_current_input_ms_per_step	24.478605	decode_final_hc_ms_per_step	0.534849	decode_checksum	5046777738	decode_finite_bad	0	rc	0	PASS
tp_ep_true_attention_projection_prefix	layer	41	slots	32	q_a_cols	1024	kv_cols	512	q_width	32768	ms	1.081438	PASS
tp_ep_compressed_kv_projection	layer	41	slots	32	ratio	128	emitted_compressed_rows	1	visible_compressed_rows	1	indexer_topk_count	0	attn_comp_width	512	attn_kv_max	0.196271077	attn_kv_bad	0	attn_gate_max	0.805985332	attn_gate_bad	0	index_q_max	0	index_q_bad	0	index_w_max	0	index_w_bad	0	index_kv_max	0	index_kv_bad	0	index_gate_max	0	index_gate_bad	0	ms	0.957162	PASS
tp_ep_true_attention_rope	layer	41	slots	32	local_heads	8	head_dim	512	rotary_dim	64	freq_base	160000.0	freq_scale	0.062500000	position	262143	PASS
tp_ep_true_attention_state_update	layer	41	slots	32	local_heads	8	head_dim	512	raw_rows	128	raw_row	127	kv_width	512	ms	0.230873	PASS
tp_ep_true_attention_raw_window	layer	41	slots	32	local_heads	8	head_dim	512	raw_rows	128	raw_row	127	valid_rows	1	ms	0.117936	PASS
tp_ep_true_attention_output_projection	layer	41	slots	32	head_input_cols	4096	out_a_cols	8192	out_b_shard_cols	512	heads_max	3.74926066	heads_bad	0	out_a_max	3.22493553	out_a_bad	0	out_b_max	6.9041996	out_b_bad	0	ms	12.766118	PASS
tp_ep_post_attention_ffn_input	layer	41	slots	32	total_routes	6	post_max	6.44282866	post_bad	0	ffn_norm_max	2.18573046	ffn_norm_bad	0	route_inv_scale_max	1	route_inv_scale_bad	0	ms	2.830724	PASS
tp_ep_token_major_item	step	0	layer	41	ratio	128	position	262143	decode_ms_per_step	32.526304	decode_slot_step_tok_s	983.819127	decode_ep_ms_per_step	11.091245	decode_dense_ms_per_step	0.000000	decode_compose_ms_per_step	0.464207	decode_compose_reduce_ms_per_step	0.067303	decode_compose_copy_ms_per_step	0.250554	decode_compose_final_ms_per_step	0.146350	decode_hc_current_input_ms_per_step	20.441063	decode_final_hc_ms_per_step	0.529314	decode_checksum	4312573583	decode_finite_bad	0	rc	0	PASS
tp_ep_true_attention_projection_prefix	layer	42	slots	32	q_a_cols	1024	kv_cols	512	q_width	32768	ms	1.101976	PASS
tp_ep_compressed_kv_projection	layer	42	slots	32	ratio	4	emitted_compressed_rows	1	visible_compressed_rows	1	indexer_topk_count	512	attn_comp_width	1024	attn_kv_max	0.443124413	attn_kv_bad	0	attn_gate_max	1.13278961	attn_gate_bad	0	index_q_max	1.12596416	index_q_bad	0	index_w_max	1.05362523	index_w_bad	0	index_kv_max	0.331064314	index_kv_bad	0	index_gate_max	1.18552446	index_gate_bad	0	ms	3.043187	PASS
tp_ep_true_attention_rope	layer	42	slots	32	local_heads	8	head_dim	512	rotary_dim	64	freq_base	160000.0	freq_scale	0.062500000	position	262143	PASS
tp_ep_true_attention_state_update	layer	42	slots	32	local_heads	8	head_dim	512	raw_rows	128	raw_row	127	kv_width	512	ms	0.187602	PASS
tp_ep_true_attention_raw_window	layer	42	slots	32	local_heads	8	head_dim	512	raw_rows	128	raw_row	127	valid_rows	1	ms	0.100818	PASS
tp_ep_true_attention_output_projection	layer	42	slots	32	head_input_cols	4096	out_a_cols	8192	out_b_shard_cols	512	heads_max	2.24830365	heads_bad	0	out_a_max	2.19483328	out_a_bad	0	out_b_max	8.77789974	out_b_bad	0	ms	12.196962	PASS
tp_ep_post_attention_ffn_input	layer	42	slots	32	total_routes	6	post_max	8.42673969	post_bad	0	ffn_norm_max	1.79292893	ffn_norm_bad	0	route_inv_scale_max	1	route_inv_scale_bad	0	ms	2.907572	PASS
tp_ep_token_major_item	step	0	layer	42	ratio	4	position	262143	decode_ms_per_step	33.856673	decode_slot_step_tok_s	945.160796	decode_ep_ms_per_step	10.818193	decode_dense_ms_per_step	0.000000	decode_compose_ms_per_step	0.462925	decode_compose_reduce_ms_per_step	0.064541	decode_compose_copy_ms_per_step	0.229893	decode_compose_final_ms_per_step	0.168491	decode_hc_current_input_ms_per_step	22.048433	decode_final_hc_ms_per_step	0.526754	decode_checksum	6422086553	decode_finite_bad	0	rc	0	PASS
tp_ep_token_major_scaffold	steps	1	layers	43	pass_invocations	43	slots	32	ctx	262144	shared_api	1	shared_rank_buffers	1	shared_tp_runtime	1	shared_expert_bindings	1	overlap_ep_dense	1	shared_dense_ops	1	skip_decode_checksum	1	direct_remote_compose	0	source_copy_schedule	1	skip_self_compose_copy	1	multi_copy_streams	1	sum_decode_ms	1733.661749	ms_per_token	1733.661749	projected_slot_step_tok_s	18.458041	sum_ep_ms	537.019987	sum_dense_ms	0.000000	sum_compose_ms	22.605111	sum_compose_reduce_ms	3.500785	sum_compose_copy_ms	11.866270	sum_compose_final_ms	7.238056	tp_hc_current_input_gate	1	sum_hc_current_input_ms	1147.721000	final_hc_carry_gate	1	sum_final_hc_ms	23.586847	wall_ms	2097.022294	checksum	6498744538	PASS
tp_ep_token_major_item	step	0	layer	-1	ratio	0	position	262144	decode_ms_per_step	0.000000	decode_slot_step_tok_s	0.000000	decode_ep_ms_per_step	0.000000	decode_dense_ms_per_step	0.000000	decode_compose_ms_per_step	0.000000	decode_compose_reduce_ms_per_step	0.000000	decode_compose_copy_ms_per_step	0.000000	decode_compose_final_ms_per_step	0.000000	decode_hc_current_input_ms_per_step	0.000000	decode_final_hc_ms_per_step	0.000000	decode_checksum	0	decode_finite_bad	0	rc	3	FAIL
tp_ep_token_major_scaffold	steps	1	layers	43	pass_invocations	0	failed_step	0	failed_layer	0	slots	32	ctx	262144	wall_ms	0.651437	FAIL
