ds4-v100-tp-ep-http-bench: PASS report=/workspace/s604-artifacts/a1-aoa50/sustained_http.tsv json=/workspace/s604-artifacts/a1-aoa50/sustained_http.json
=== bench rc=0
=== summary row:
selected-token	64	64	262144	32	128	4	32	128	8192	8064	71.168793	115.106631	118.126637	158.017165	162.479007	226.308488	0.000000	222.796453	88.890591	44.224163	89.681699	12.120032	38.000000	28768.000000
=== tolerance vs /workspace/s597-phase01-artifacts/phase0-full-control:
pairs=128 ctl_only=0 cand_only=0
batch=1 slot=0 first_ck_step=3 first_tok_step=3
batch=1 slot=1 first_ck_step=3 first_tok_step=3
batch=1 slot=2 first_ck_step=3 first_tok_step=3
batch=1 slot=3 first_ck_step=3 first_tok_step=3
batch=1 slot=4 first_ck_step=3 first_tok_step=3
batch=1 slot=5 first_ck_step=3 first_tok_step=3
batch=1 slot=6 first_ck_step=3 first_tok_step=3
batch=1 slot=7 first_ck_step=3 first_tok_step=3
selected_token_agreement: 0.070312 (9/128)
sequence_agreement: 0.055786 (457/8192)
first_ck_step histogram: {0: 96, 3: 32}
first_tok_step histogram: {0: 75, 1: 15, 3: 37, 4: 1}
=== s600/s601/s602 flag lines in server.log:
tp_ep_nccl	devices	8	compose_reduce_scatter	0	attention_output_allgather	0	hc_current_nccl	1	full_current_broadcast	1	transport_sweep	1	PASS
tp_ep_s602_init	transport	kernel	mask	0xff	verify	0	rings	1	delta	1	min_chunk	0	nchannels	1	stage_kib	284	sync	join	e0	join	e1	join/join	e2	none	dense_guard	0	PASS
