ds4-v100-tp-ep-http-bench: PASS report=/workspace/s604-artifacts/b-precompose20/sustained_http.tsv json=/workspace/s604-artifacts/b-precompose20/sustained_http.json
=== bench rc=0
=== summary row:
selected-token	64	64	262144	32	128	4	32	128	8192	8064	79.265407	103.348993	105.805578	140.764747	144.284559	238.808912	0.000000	231.988715	91.828509	46.952961	93.207245	10.541516	32.000000	28768.000000
=== tolerance vs /workspace/s597-phase01-artifacts/phase0-full-control:
pairs=128 ctl_only=0 cand_only=0
batch=2 slot=0 first_ck_step=27 first_tok_step=None
batch=2 slot=1 first_ck_step=27 first_tok_step=None
batch=2 slot=2 first_ck_step=27 first_tok_step=None
batch=2 slot=3 first_ck_step=27 first_tok_step=None
batch=2 slot=4 first_ck_step=27 first_tok_step=None
batch=2 slot=5 first_ck_step=27 first_tok_step=None
batch=2 slot=6 first_ck_step=27 first_tok_step=None
batch=2 slot=7 first_ck_step=27 first_tok_step=None
selected_token_agreement: 0.976562 (125/128)
sequence_agreement: 0.98645 (8081/8192)
first_ck_step histogram: {27: 32, None: 96}
first_tok_step histogram: {27: 3, None: 125}
=== s600/s601/s602 flag lines in server.log:
tp_ep_nccl	devices	8	compose_reduce_scatter	0	attention_output_allgather	0	hc_current_nccl	1	full_current_broadcast	1	transport_sweep	1	PASS
tp_ep_s602_init	transport	kernel	mask	0xff	verify	0	rings	1	delta	1	min_chunk	0	nchannels	1	stage_kib	284	sync	join	e0	join	e1	join/join	e2	none	dense_guard	0	PASS
