tp_ep_model_router_route_stats	layer	0	routes	0,2,0,0,0,0,2,2	max_routes_per_expert	0,1,0,0,0,0,1,1
tp_ep_tensor_stats	tag	shared_gate	layer	0	rank	0	elems	8192	finite_bad	0	first_bad	18446744073709551615	max_abs	60.6759415
tp_ep_tensor_stats	tag	shared_up	layer	0	rank	0	elems	8192	finite_bad	0	first_bad	18446744073709551615	max_abs	78.6255264
tp_ep_tensor_stats	tag	shared_gate	layer	0	rank	1	elems	8192	finite_bad	0	first_bad	18446744073709551615	max_abs	64.2682648
tp_ep_tensor_stats	tag	shared_up	layer	0	rank	1	elems	8192	finite_bad	0	first_bad	18446744073709551615	max_abs	67.4045944
tp_ep_tensor_stats	tag	shared_gate	layer	0	rank	2	elems	8192	finite_bad	0	first_bad	18446744073709551615	max_abs	73.9578857
tp_ep_tensor_stats	tag	shared_up	layer	0	rank	2	elems	8192	finite_bad	0	first_bad	18446744073709551615	max_abs	71.401413
tp_ep_tensor_stats	tag	shared_gate	layer	0	rank	3	elems	8192	finite_bad	0	first_bad	18446744073709551615	max_abs	62.1103172
tp_ep_tensor_stats	tag	shared_up	layer	0	rank	3	elems	8192	finite_bad	0	first_bad	18446744073709551615	max_abs	64.9519196
tp_ep_tensor_stats	tag	shared_gate	layer	0	rank	4	elems	8192	finite_bad	0	first_bad	18446744073709551615	max_abs	88.6875229
tp_ep_tensor_stats	tag	shared_up	layer	0	rank	4	elems	8192	finite_bad	0	first_bad	18446744073709551615	max_abs	51.870121
tp_ep_tensor_stats	tag	shared_gate	layer	0	rank	5	elems	8192	finite_bad	0	first_bad	18446744073709551615	max_abs	67.7867813
tp_ep_tensor_stats	tag	shared_up	layer	0	rank	5	elems	8192	finite_bad	0	first_bad	18446744073709551615	max_abs	92.2844543
tp_ep_tensor_stats	tag	shared_gate	layer	0	rank	6	elems	8192	finite_bad	0	first_bad	18446744073709551615	max_abs	101.23925
tp_ep_tensor_stats	tag	shared_up	layer	0	rank	6	elems	8192	finite_bad	0	first_bad	18446744073709551615	max_abs	110.399933
tp_ep_tensor_stats	tag	shared_gate	layer	0	rank	7	elems	8192	finite_bad	0	first_bad	18446744073709551615	max_abs	60.4729118
tp_ep_tensor_stats	tag	shared_up	layer	0	rank	7	elems	8192	finite_bad	0	first_bad	18446744073709551615	max_abs	48.2066078
tp_ep_route_tensor_stats	tag	shared_mid	layer	0	rank	0	elems	65536	finite_bad	0	first_bad	18446744073709551615	max_abs	2686
tp_ep_route_tensor_stats	tag	shared_mid	layer	0	rank	1	elems	65536	finite_bad	0	first_bad	18446744073709551615	max_abs	2686
tp_ep_route_tensor_stats	tag	shared_mid	layer	0	rank	2	elems	65536	finite_bad	0	first_bad	18446744073709551615	max_abs	2686
tp_ep_route_tensor_stats	tag	shared_mid	layer	0	rank	3	elems	65536	finite_bad	0	first_bad	18446744073709551615	max_abs	2686
tp_ep_route_tensor_stats	tag	shared_mid	layer	0	rank	4	elems	65536	finite_bad	0	first_bad	18446744073709551615	max_abs	2686
tp_ep_route_tensor_stats	tag	shared_mid	layer	0	rank	5	elems	65536	finite_bad	0	first_bad	18446744073709551615	max_abs	2686
tp_ep_route_tensor_stats	tag	shared_mid	layer	0	rank	6	elems	65536	finite_bad	0	first_bad	18446744073709551615	max_abs	2686
tp_ep_route_tensor_stats	tag	shared_mid	layer	0	rank	7	elems	65536	finite_bad	0	first_bad	18446744073709551615	max_abs	2686
tp_ep_tensor_stats	tag	shared_down	layer	0	rank	0	elems	16384	finite_bad	0	first_bad	18446744073709551615	max_abs	790.284546
tp_ep_tensor_stats	tag	shared_down	layer	0	rank	1	elems	16384	finite_bad	0	first_bad	18446744073709551615	max_abs	824.441345
tp_ep_tensor_stats	tag	shared_down	layer	0	rank	2	elems	16384	finite_bad	0	first_bad	18446744073709551615	max_abs	828.78064
tp_ep_tensor_stats	tag	shared_down	layer	0	rank	3	elems	16384	finite_bad	0	first_bad	18446744073709551615	max_abs	806.213562
tp_ep_tensor_stats	tag	shared_down	layer	0	rank	4	elems	16384	finite_bad	0	first_bad	18446744073709551615	max_abs	927.685791
tp_ep_tensor_stats	tag	shared_down	layer	0	rank	5	elems	16384	finite_bad	0	first_bad	18446744073709551615	max_abs	823.818542
tp_ep_tensor_stats	tag	shared_down	layer	0	rank	6	elems	16384	finite_bad	0	first_bad	18446744073709551615	max_abs	1225.63074
tp_ep_tensor_stats	tag	shared_down	layer	0	rank	7	elems	16384	finite_bad	0	first_bad	18446744073709551615	max_abs	1125.06287
tp_ep_model_router_route_stats	layer	1	routes	1,0,0,1,2,2,0,0	max_routes_per_expert	1,0,0,1,1,1,0,0
tp_ep_tensor_stats	tag	shared_gate	layer	1	rank	0	elems	8192	finite_bad	0	first_bad	18446744073709551615	max_abs	60.266861
tp_ep_tensor_stats	tag	shared_up	layer	1	rank	0	elems	8192	finite_bad	0	first_bad	18446744073709551615	max_abs	62.2194557
tp_ep_tensor_stats	tag	shared_gate	layer	1	rank	1	elems	8192	finite_bad	0	first_bad	18446744073709551615	max_abs	81.0343018
tp_ep_tensor_stats	tag	shared_up	layer	1	rank	1	elems	8192	finite_bad	0	first_bad	18446744073709551615	max_abs	93.7895432
tp_ep_tensor_stats	tag	shared_gate	layer	1	rank	2	elems	8192	finite_bad	0	first_bad	18446744073709551615	max_abs	55.0816154
tp_ep_tensor_stats	tag	shared_up	layer	1	rank	2	elems	8192	finite_bad	0	first_bad	18446744073709551615	max_abs	54.7234116
tp_ep_tensor_stats	tag	shared_gate	layer	1	rank	3	elems	8192	finite_bad	0	first_bad	18446744073709551615	max_abs	144.030334
tp_ep_tensor_stats	tag	shared_up	layer	1	rank	3	elems	8192	finite_bad	0	first_bad	18446744073709551615	max_abs	119.005661
tp_ep_tensor_stats	tag	shared_gate	layer	1	rank	4	elems	8192	finite_bad	0	first_bad	18446744073709551615	max_abs	62.0601578
tp_ep_tensor_stats	tag	shared_up	layer	1	rank	4	elems	8192	finite_bad	0	first_bad	18446744073709551615	max_abs	242.254242
tp_ep_tensor_stats	tag	shared_gate	layer	1	rank	5	elems	8192	finite_bad	0	first_bad	18446744073709551615	max_abs	59.5704002
tp_ep_tensor_stats	tag	shared_up	layer	1	rank	5	elems	8192	finite_bad	0	first_bad	18446744073709551615	max_abs	82.2238541
tp_ep_tensor_stats	tag	shared_gate	layer	1	rank	6	elems	8192	finite_bad	0	first_bad	18446744073709551615	max_abs	79.4509888
tp_ep_tensor_stats	tag	shared_up	layer	1	rank	6	elems	8192	finite_bad	0	first_bad	18446744073709551615	max_abs	58.3296356
tp_ep_tensor_stats	tag	shared_gate	layer	1	rank	7	elems	8192	finite_bad	0	first_bad	18446744073709551615	max_abs	61.4074898
tp_ep_tensor_stats	tag	shared_up	layer	1	rank	7	elems	8192	finite_bad	0	first_bad	18446744073709551615	max_abs	78.3739395
tp_ep_route_tensor_stats	tag	shared_mid	layer	1	rank	0	elems	65536	finite_bad	0	first_bad	18446744073709551615	max_abs	3714
tp_ep_route_tensor_stats	tag	shared_mid	layer	1	rank	1	elems	65536	finite_bad	0	first_bad	18446744073709551615	max_abs	3714
tp_ep_route_tensor_stats	tag	shared_mid	layer	1	rank	2	elems	65536	finite_bad	0	first_bad	18446744073709551615	max_abs	3714
tp_ep_route_tensor_stats	tag	shared_mid	layer	1	rank	3	elems	65536	finite_bad	0	first_bad	18446744073709551615	max_abs	3714
tp_ep_route_tensor_stats	tag	shared_mid	layer	1	rank	4	elems	65536	finite_bad	0	first_bad	18446744073709551615	max_abs	3714
tp_ep_route_tensor_stats	tag	shared_mid	layer	1	rank	5	elems	65536	finite_bad	0	first_bad	18446744073709551615	max_abs	3714
tp_ep_route_tensor_stats	tag	shared_mid	layer	1	rank	6	elems	65536	finite_bad	0	first_bad	18446744073709551615	max_abs	3714
tp_ep_route_tensor_stats	tag	shared_mid	layer	1	rank	7	elems	65536	finite_bad	0	first_bad	18446744073709551615	max_abs	3714
tp_ep_tensor_stats	tag	shared_down	layer	1	rank	0	elems	16384	finite_bad	0	first_bad	18446744073709551615	max_abs	467.683441
tp_ep_tensor_stats	tag	shared_down	layer	1	rank	1	elems	16384	finite_bad	0	first_bad	18446744073709551615	max_abs	447.051849
tp_ep_tensor_stats	tag	shared_down	layer	1	rank	2	elems	16384	finite_bad	0	first_bad	18446744073709551615	max_abs	460.433533
tp_ep_tensor_stats	tag	shared_down	layer	1	rank	3	elems	16384	finite_bad	0	first_bad	18446744073709551615	max_abs	384.273407
tp_ep_tensor_stats	tag	shared_down	layer	1	rank	4	elems	16384	finite_bad	0	first_bad	18446744073709551615	max_abs	951.870361
tp_ep_tensor_stats	tag	shared_down	layer	1	rank	5	elems	16384	finite_bad	0	first_bad	18446744073709551615	max_abs	504.840302
tp_ep_tensor_stats	tag	shared_down	layer	1	rank	6	elems	16384	finite_bad	0	first_bad	18446744073709551615	max_abs	556.30188
tp_ep_tensor_stats	tag	shared_down	layer	1	rank	7	elems	16384	finite_bad	0	first_bad	18446744073709551615	max_abs	524.899841
tp_ep_model_router_route_stats	layer	2	routes	0,2,0,2,2,0,0,0	max_routes_per_expert	0,1,0,1,1,0,0,0
tp_ep_tensor_stats	tag	shared_gate	layer	2	rank	0	elems	8192	finite_bad	0	first_bad	18446744073709551615	max_abs	46.0983124
tp_ep_tensor_stats	tag	shared_up	layer	2	rank	0	elems	8192	finite_bad	0	first_bad	18446744073709551615	max_abs	147.634247
tp_ep_tensor_stats	tag	shared_gate	layer	2	rank	1	elems	8192	finite_bad	0	first_bad	18446744073709551615	max_abs	56.7015533
tp_ep_tensor_stats	tag	shared_up	layer	2	rank	1	elems	8192	finite_bad	0	first_bad	18446744073709551615	max_abs	67.4251099
tp_ep_tensor_stats	tag	shared_gate	layer	2	rank	2	elems	8192	finite_bad	0	first_bad	18446744073709551615	max_abs	61.9156342
tp_ep_tensor_stats	tag	shared_up	layer	2	rank	2	elems	8192	finite_bad	0	first_bad	18446744073709551615	max_abs	70.0791092
tp_ep_tensor_stats	tag	shared_gate	layer	2	rank	3	elems	8192	finite_bad	0	first_bad	18446744073709551615	max_abs	116.373924
tp_ep_tensor_stats	tag	shared_up	layer	2	rank	3	elems	8192	finite_bad	0	first_bad	18446744073709551615	max_abs	67.8814392
tp_ep_tensor_stats	tag	shared_gate	layer	2	rank	4	elems	8192	finite_bad	0	first_bad	18446744073709551615	max_abs	71.6726913
tp_ep_tensor_stats	tag	shared_up	layer	2	rank	4	elems	8192	finite_bad	0	first_bad	18446744073709551615	max_abs	82.5540924
tp_ep_tensor_stats	tag	shared_gate	layer	2	rank	5	elems	8192	finite_bad	0	first_bad	18446744073709551615	max_abs	112.307861
tp_ep_tensor_stats	tag	shared_up	layer	2	rank	5	elems	8192	finite_bad	0	first_bad	18446744073709551615	max_abs	55.8392029
tp_ep_tensor_stats	tag	shared_gate	layer	2	rank	6	elems	8192	finite_bad	0	first_bad	18446744073709551615	max_abs	74.9645767
tp_ep_tensor_stats	tag	shared_up	layer	2	rank	6	elems	8192	finite_bad	0	first_bad	18446744073709551615	max_abs	60.2625771
tp_ep_tensor_stats	tag	shared_gate	layer	2	rank	7	elems	8192	finite_bad	0	first_bad	18446744073709551615	max_abs	58.1106606
tp_ep_tensor_stats	tag	shared_up	layer	2	rank	7	elems	8192	finite_bad	0	first_bad	18446744073709551615	max_abs	88.9555206
tp_ep_route_tensor_stats	tag	shared_mid	layer	2	rank	0	elems	65536	finite_bad	0	first_bad	18446744073709551615	max_abs	1830
tp_ep_route_tensor_stats	tag	shared_mid	layer	2	rank	1	elems	65536	finite_bad	0	first_bad	18446744073709551615	max_abs	1830
tp_ep_route_tensor_stats	tag	shared_mid	layer	2	rank	2	elems	65536	finite_bad	0	first_bad	18446744073709551615	max_abs	1830
tp_ep_route_tensor_stats	tag	shared_mid	layer	2	rank	3	elems	65536	finite_bad	0	first_bad	18446744073709551615	max_abs	1830
tp_ep_route_tensor_stats	tag	shared_mid	layer	2	rank	4	elems	65536	finite_bad	0	first_bad	18446744073709551615	max_abs	1830
tp_ep_route_tensor_stats	tag	shared_mid	layer	2	rank	5	elems	65536	finite_bad	0	first_bad	18446744073709551615	max_abs	1830
tp_ep_route_tensor_stats	tag	shared_mid	layer	2	rank	6	elems	65536	finite_bad	0	first_bad	18446744073709551615	max_abs	1830
tp_ep_route_tensor_stats	tag	shared_mid	layer	2	rank	7	elems	65536	finite_bad	0	first_bad	18446744073709551615	max_abs	1830
tp_ep_tensor_stats	tag	shared_down	layer	2	rank	0	elems	16384	finite_bad	0	first_bad	18446744073709551615	max_abs	467.216583
tp_ep_tensor_stats	tag	shared_down	layer	2	rank	1	elems	16384	finite_bad	0	first_bad	18446744073709551615	max_abs	428.717316
tp_ep_tensor_stats	tag	shared_down	layer	2	rank	2	elems	16384	finite_bad	0	first_bad	18446744073709551615	max_abs	430.534973
tp_ep_tensor_stats	tag	shared_down	layer	2	rank	3	elems	16384	finite_bad	0	first_bad	18446744073709551615	max_abs	359.028931
tp_ep_tensor_stats	tag	shared_down	layer	2	rank	4	elems	16384	finite_bad	0	first_bad	18446744073709551615	max_abs	471.395081
tp_ep_tensor_stats	tag	shared_down	layer	2	rank	5	elems	16384	finite_bad	0	first_bad	18446744073709551615	max_abs	347.39325
tp_ep_tensor_stats	tag	shared_down	layer	2	rank	6	elems	16384	finite_bad	0	first_bad	18446744073709551615	max_abs	379.993469
tp_ep_tensor_stats	tag	shared_down	layer	2	rank	7	elems	16384	finite_bad	0	first_bad	18446744073709551615	max_abs	441.163208
tp_ep_model_router_route_stats	layer	3	routes	0,0,0,1,3,0,1,1	max_routes_per_expert	0,0,0,1,1,0,1,1
tp_ep_tensor_stats	tag	shared_gate	layer	3	rank	0	elems	8192	finite_bad	0	first_bad	18446744073709551615	max_abs	881.860596
tp_ep_tensor_stats	tag	shared_up	layer	3	rank	0	elems	8192	finite_bad	0	first_bad	18446744073709551615	max_abs	997.470764
tp_ep_tensor_stats	tag	shared_gate	layer	3	rank	1	elems	8192	finite_bad	0	first_bad	18446744073709551615	max_abs	920.060669
tp_ep_tensor_stats	tag	shared_up	layer	3	rank	1	elems	8192	finite_bad	0	first_bad	18446744073709551615	max_abs	1295.22607
tp_ep_tensor_stats	tag	shared_gate	layer	3	rank	2	elems	8192	finite_bad	0	first_bad	18446744073709551615	max_abs	1262.49927
tp_ep_tensor_stats	tag	shared_up	layer	3	rank	2	elems	8192	finite_bad	0	first_bad	18446744073709551615	max_abs	1113.20825
tp_ep_tensor_stats	tag	shared_gate	layer	3	rank	3	elems	8192	finite_bad	0	first_bad	18446744073709551615	max_abs	1585.92847
tp_ep_tensor_stats	tag	shared_up	layer	3	rank	3	elems	8192	finite_bad	0	first_bad	18446744073709551615	max_abs	1260.00793
tp_ep_tensor_stats	tag	shared_gate	layer	3	rank	4	elems	8192	finite_bad	0	first_bad	18446744073709551615	max_abs	1131.25122
tp_ep_tensor_stats	tag	shared_up	layer	3	rank	4	elems	8192	finite_bad	0	first_bad	18446744073709551615	max_abs	2301.99487
tp_ep_tensor_stats	tag	shared_gate	layer	3	rank	5	elems	8192	finite_bad	0	first_bad	18446744073709551615	max_abs	1323.24182
tp_ep_tensor_stats	tag	shared_up	layer	3	rank	5	elems	8192	finite_bad	0	first_bad	18446744073709551615	max_abs	1511.15161
tp_ep_tensor_stats	tag	shared_gate	layer	3	rank	6	elems	8192	finite_bad	0	first_bad	18446744073709551615	max_abs	1209.93945
tp_ep_tensor_stats	tag	shared_up	layer	3	rank	6	elems	8192	finite_bad	0	first_bad	18446744073709551615	max_abs	1544.93835
tp_ep_tensor_stats	tag	shared_gate	layer	3	rank	7	elems	8192	finite_bad	0	first_bad	18446744073709551615	max_abs	1077.1012
tp_ep_tensor_stats	tag	shared_up	layer	3	rank	7	elems	8192	finite_bad	0	first_bad	18446744073709551615	max_abs	1545.24255
tp_ep_route_tensor_stats	tag	shared_mid	layer	3	rank	0	elems	65536	finite_bad	8256	first_bad	7	max_abs	64832
tp_ep_route_tensor_stats	tag	shared_mid	layer	3	rank	1	elems	65536	finite_bad	8256	first_bad	7	max_abs	64832
tp_ep_route_tensor_stats	tag	shared_mid	layer	3	rank	2	elems	65536	finite_bad	8256	first_bad	7	max_abs	64832
tp_ep_route_tensor_stats	tag	shared_mid	layer	3	rank	3	elems	65536	finite_bad	8256	first_bad	7	max_abs	64832
tp_ep_route_tensor_stats	tag	shared_mid	layer	3	rank	4	elems	65536	finite_bad	8256	first_bad	7	max_abs	64832
tp_ep_route_tensor_stats	tag	shared_mid	layer	3	rank	5	elems	65536	finite_bad	8256	first_bad	7	max_abs	64832
tp_ep_route_tensor_stats	tag	shared_mid	layer	3	rank	6	elems	65536	finite_bad	8256	first_bad	7	max_abs	64832
tp_ep_route_tensor_stats	tag	shared_mid	layer	3	rank	7	elems	65536	finite_bad	8256	first_bad	7	max_abs	64832
tp_ep_tensor_stats	tag	shared_down	layer	3	rank	0	elems	16384	finite_bad	16384	first_bad	0	max_abs	0
tp_ep_tensor_stats	tag	shared_down	layer	3	rank	1	elems	16384	finite_bad	16384	first_bad	0	max_abs	0
tp_ep_tensor_stats	tag	shared_down	layer	3	rank	2	elems	16384	finite_bad	16384	first_bad	0	max_abs	0
tp_ep_tensor_stats	tag	shared_down	layer	3	rank	3	elems	16384	finite_bad	16384	first_bad	0	max_abs	0
tp_ep_tensor_stats	tag	shared_down	layer	3	rank	4	elems	16384	finite_bad	16384	first_bad	0	max_abs	0
tp_ep_tensor_stats	tag	shared_down	layer	3	rank	5	elems	16384	finite_bad	16384	first_bad	0	max_abs	0
tp_ep_tensor_stats	tag	shared_down	layer	3	rank	6	elems	16384	finite_bad	16384	first_bad	0	max_abs	0
tp_ep_tensor_stats	tag	shared_down	layer	3	rank	7	elems	16384	finite_bad	16384	first_bad	0	max_abs	0
tp_ep_http_decode_failed	rc	5	batch	1	requested_steps	1	position	100000
