==109326== NVPROF is profiling process 109326, command: ./tools/ds4-v100-replay --serve --model /models/DSv4-Flash-256e-fixed.gguf --ctx 262144 --slots 8 --active-microbatch 8 --microbatch-wait-us 50000 --queue-policy sequential --tokens 16 --host 127.0.0.1 --port 18460 --appliance-dir /workspace/ds4-appliance
==109326== Profiling application: ./tools/ds4-v100-replay --serve --model /models/DSv4-Flash-256e-fixed.gguf --ctx 262144 --slots 8 --active-microbatch 8 --microbatch-wait-us 50000 --queue-policy sequential --tokens 16 --host 127.0.0.1 --port 18460 --appliance-dir /workspace/ds4-appliance
==109326== Profiling result:
            Type  Time(%)      Time     Calls       Avg       Min       Max  Name
 GPU activities:   41.65%  815.58ms     12341  66.087us  18.048us  162.65us  arena_f8_e4m3_b128_matmul_rows2_kernel(float*, unsigned char const *, float const *, unsigned int, unsigned int, unsigned int)
                   20.72%  405.70ms      3526  115.06us  69.087us  193.41us  void turbomind::gemm::gemm_kernel<turbomind::gemm::GemmUniversal<turbomind::gemm::Sm70, turbomind::gemm::MainloopSm70<turbomind::gemm::Tiled_MMA_v2<turbomind::gemm::SM70_MMA_884, turbomind::gemm::MMA_Map<int=8, int=128, int=64, int=8, int=32, int=8, turbomind::gemm::Blocked<int=1, int=4, turbomind::gemm::Order>, int=1, bool=0>, turbomind::gemm::Order>, turbomind::gemm::sm70_s884::Operand_A<__half>, turbomind::gemm::IteratorSm70<turbomind::gemm::Striding, turbomind::cache_policy::Default>, turbomind::gemm::Transform_Default, turbomind::gemm::VoidOperand, int=1, turbomind::gemm::sm70_s884::Operand_B_Pack<turbomind::fp4_e2m1_t>, turbomind::gemm::IteratorSm70<turbomind::gemm::Striding, turbomind::cache_policy::Stream>, turbomind::gemm::Transform_HMMA_SIMT_B, turbomind::gemm::sm70_s884::Operand_V_Pack<unsigned char>, int=32, int=2, bool=1>, turbomind::gemm::Epilogue_<__half, int=8, int=128, int=8, int=128, int=128, turbomind::gemm::Rearrange<turbomind::gemm::Tiled_MMA_v2<turbomind::gemm::SM70_MMA_884, turbomind::gemm::MMA_Map<int=8, int=128, int=64, int=8, int=32, int=8, turbomind::gemm::Blocked<int=1, int=4, turbomind::gemm::Order>, int=1, bool=0>, turbomind::gemm::Order>>, turbomind::gemm::sm70_s884::Operand_C<float, turbomind::gemm::Order>, turbomind::gemm::Striding, bool=1>, turbomind::gemm::SchedulerSm70<turbomind::gemm::Order, int=8, int=128, int=64, int=64, int=1, int=0>>, turbomind::gemm::GemmParam, turbomind::gemm::EpilogueParam, turbomind::gemm::SchedulerSm70<turbomind::gemm::Order, int=8, int=128, int=64, int=64, int=1, int=0>>(turbomind::gemm::SM70_MMA_884, int=8, int=128)
                   12.94%  253.31ms      1763  143.68us  138.62us  157.09us  arena_f8_e4m3_b128_matmul_grouped_rows2_ds4_attn_o_kernel(float*, unsigned char const *, float const *, unsigned int)
                    4.90%  95.888ms      3526  27.194us  25.312us  31.040us  matmul_f32_kernel(float*, float const *, float const *, unsigned long, unsigned long, unsigned long)
                    3.21%  62.761ms      3526  17.799us  16.479us  20.991us  rms_norm_plain_kernel(float*, float const *, unsigned int, unsigned int, float)
                    3.11%  60.815ms      1763  34.495us  20.032us  62.688us  attention_decode_mixed_kernel(float*, float const *, float const *, float const *, float const *, float const *, unsigned int, unsigned int, unsigned int, unsigned int, unsigned int, unsigned int, unsigned int, unsigned int, unsigned int, unsigned int, unsigned int)
                    2.72%  53.172ms      3526  15.080us  9.6000us  24.800us  arena_bf16_matmul_kernel(float*, unsigned short const *, float const *, unsigned int, unsigned int, unsigned int)
                    2.57%  50.283ms      7340  6.8500us  2.2710us  12.992us  rms_norm_weight_kernel(float*, float const *, float const *, unsigned int, unsigned int, float)
                    1.57%  30.760ms      3526  8.7230us  8.1270us  12.032us  hc_split_weighted_sum_fused_kernel(float*, float*, float const *, float const *, float const *, float const *, unsigned int, unsigned int, unsigned int, unsigned int, float)
                    1.24%  24.355ms      1763  13.814us  13.119us  16.288us  tm_prefix_offsets_kernel(int*, int*, int const *, unsigned int)
                    1.06%  20.810ms      1763  11.803us  10.975us  13.567us  arena_f32_matmul_kernel(float*, float const *, float const *, unsigned int, unsigned int, unsigned int)
                    0.60%  11.738ms      1763  6.6580us  4.0630us  11.520us  router_select_warp_topk_kernel(int*, float*, float*, float const *, int const *, float const *, int const *, int, unsigned int, unsigned int, int, int)
                    0.54%  10.521ms      3526  2.9830us  2.5600us  4.0000us  hc_expand_kernel(float*, float const *, float const *, float const *, float const *, float const *, unsigned int, unsigned int, unsigned int, unsigned int, unsigned int, int)
                    0.49%  9.4992ms      5577  1.7030us  1.3120us  6.0470us  rope_tail_kernel(float*, unsigned int, unsigned int, unsigned int, unsigned int, unsigned int, unsigned int, int, float, float, float, float, float, float)
                    0.34%  6.6881ms      3787  1.7660us  1.3760us  13.600us  [CUDA memcpy DtoH]
                    0.32%  6.1696ms      1763  3.4990us  3.0720us  13.280us  head_rms_norm_kernel(float*, unsigned int, unsigned int, unsigned int, float)
                    0.30%  5.9453ms      5289  1.1240us     863ns  9.9520us  [CUDA memset]
                    0.20%  3.8471ms      1763  2.1820us  1.6960us  3.3600us  compressor_store_kernel(float const *, float const *, float*, float*, void const *, unsigned long, unsigned int, unsigned int, unsigned int, unsigned int, unsigned int)
                    0.19%  3.7287ms      1763  2.1140us  1.7910us  9.5360us  swiglu_kernel(float*, float const *, float const *, unsigned int, float, float)
                    0.19%  3.6665ms      1763  2.0790us  1.8870us  9.1520us  add_kernel(float*, float const *, float const *, unsigned int)
                    0.18%  3.5203ms      1763  1.9960us  1.8870us  2.5910us  tm_gather_f32_to_f16_kernel(__half*, float const *, float const * const *, int const *, unsigned int, unsigned int, unsigned int)
                    0.16%  3.2223ms      1763  1.8270us  1.7270us  2.3360us  tm_scatter_routes_kernel(int*, float*, int*, int*, int const *, float const *, unsigned int, unsigned int)
                    0.16%  3.1219ms      1763  1.7700us  1.6630us  2.2400us  tm_scatter_sum_half_to_f32_kernel(float*, __half const *, int const *, unsigned int, unsigned int, unsigned int)
                    0.15%  2.9400ms      1763  1.6670us  1.5040us  11.328us  tm_swiglu_fused_gate_up_half_kernel(__half*, __half const *, float const *, unsigned int, unsigned int, float)
                    0.13%  2.5826ms      1763  1.4640us  1.3750us  1.6970us  store_raw_kv_batch_kernel(float*, float const *, unsigned int, unsigned int, unsigned int, unsigned int)
                    0.13%  2.5662ms      1763  1.4550us  1.3750us  1.9840us  tm_count_routes_kernel(int*, int*, int const *, unsigned int, unsigned int)
                    0.11%  2.0735ms       261  7.9440us  7.5510us  17.728us  [CUDA memcpy HtoD]
                    0.04%  843.33us       288  2.9280us  1.9190us  4.6080us  compressor_update_pool_kernel(float*, float const *, float const *, unsigned int, unsigned int)
                    0.03%  617.93us       416  1.4850us  1.2470us  2.2400us  fill_f32_kernel(float*, unsigned long, float)
                    0.03%  535.76us       294  1.8220us  1.6320us  13.055us  embed_token_hc_kernel(float*, unsigned short const *, unsigned int, unsigned int, unsigned int)
                    0.02%  484.22us       288  1.6810us  1.4390us  2.4320us  compressor_shift_ratio4_kernel(float*, float*, unsigned int)
                    0.02%  367.76us       288  1.2760us  1.1510us  1.5360us  f32_f16_round_kernel(float*, unsigned long)
      API calls:   68.65%  1.30047s      3526  368.82us  16.306us  1.1601ms  cudaMemcpy
                   21.94%  415.57ms     74433  5.5830us  3.1300us  1.0291ms  cudaLaunchKernel
                    3.06%  58.041ms     75829     765ns     363ns  566.49us  cudaSetDevice
                    2.14%  40.464ms       325  124.50us  5.9020us  540.51us  cudaDeviceSynchronize
                    1.82%  34.529ms     81688     422ns     226ns  497.66us  cudaGetDevice
                    1.44%  27.333ms      5289  5.1670us  2.1480us  502.06us  cudaMemset
                    0.89%  16.773ms     74433     225ns     119ns  682.82us  cudaGetLastError
                    0.06%  1.0723ms        33  32.492us  18.716us  315.87us  cudaMemcpyPeer
                    0.00%  8.3440us         1  8.3440us  8.3440us  8.3440us  cuDeviceGetCount
==109326== Warning: Some profiling data are not recorded.
