==41958== NVPROF is profiling process 41958, command: ./tools/ds4-v100-replay --serve --model /models/DSv4-Flash-256e-fixed.gguf --ctx 1048576 --slots 4 --active-microbatch 4 --microbatch-wait-us 50000 --queue-policy sequential --tokens 16 --host 127.0.0.1 --port 18175 --appliance-dir /workspace/ds4-applianc
==41958== Profiling application: ./tools/ds4-v100-replay --serve --model /models/DSv4-Flash-256e-fixed.gguf --ctx 1048576 --slots 4 --active-microbatch 4 --microbatch-wait-us 50000 --queue-policy sequential --tokens 16 --host 127.0.0.1 --port 18175 --appliance-dir /workspace/ds4-applianc
==41958== Profiling result:
            Type  Time(%)      Time     Calls       Avg       Min       Max  Name
 GPU activities:   45.76%  522.05ms      5544  94.164us  17.023us  281.09us  arena_f8_e4m3_b128_matmul_kernel(float*, unsigned char const *, float const *, unsigned int, unsigned int, unsigned int)
                   20.75%  236.80ms      2376  99.661us  69.632us  175.55us  void turbomind::gemm::gemm_kernel<turbomind::gemm::GemmUniversal<turbomind::gemm::Sm70, turbomind::gemm::MainloopSm70<turbomind::gemm::Tiled_MMA_v2<turbomind::gemm::SM70_MMA_884, turbomind::gemm::MMA_Map<int=8, int=128, int=64, int=8, int=32, int=8, turbomind::gemm::Blocked<int=1, int=4, turbomind::gemm::Order>, int=1, bool=0>, turbomind::gemm::Order>, turbomind::gemm::sm70_s884::Operand_A<__half>, turbomind::gemm::IteratorSm70<turbomind::gemm::Striding, turbomind::cache_policy::Default>, turbomind::gemm::Transform_Default, turbomind::gemm::VoidOperand, int=1, turbomind::gemm::sm70_s884::Operand_B_Pack<turbomind::fp4_e2m1_t>, turbomind::gemm::IteratorSm70<turbomind::gemm::Striding, turbomind::cache_policy::Stream>, turbomind::gemm::Transform_HMMA_SIMT_B, turbomind::gemm::sm70_s884::Operand_V_Pack<unsigned char>, int=32, int=2, bool=1>, turbomind::gemm::Epilogue_<__half, int=8, int=128, int=8, int=128, int=128, turbomind::gemm::Rearrange<turbomind::gemm::Tiled_MMA_v2<turbomind::gemm::SM70_MMA_884, turbomind::gemm::MMA_Map<int=8, int=128, int=64, int=8, int=32, int=8, turbomind::gemm::Blocked<int=1, int=4, turbomind::gemm::Order>, int=1, bool=0>, turbomind::gemm::Order>>, turbomind::gemm::sm70_s884::Operand_C<float, turbomind::gemm::Order>, turbomind::gemm::Striding, bool=1>, turbomind::gemm::SchedulerSm70<turbomind::gemm::Order, int=8, int=128, int=64, int=64, int=1, int=0>>, turbomind::gemm::GemmParam, turbomind::gemm::EpilogueParam, turbomind::gemm::SchedulerSm70<turbomind::gemm::Order, int=8, int=128, int=64, int=64, int=1, int=0>>(turbomind::gemm::SM70_MMA_884, int=8, int=128)
                   14.47%  165.10ms       792  208.47us  204.51us  238.81us  arena_f8_e4m3_b128_matmul_grouped_kernel(float*, unsigned char const *, float const *, unsigned int, unsigned int, unsigned int, unsigned int)
                    3.72%  42.452ms      1584  26.800us  25.279us  31.008us  matmul_f32_kernel(float*, float const *, float const *, unsigned long, unsigned long, unsigned long)
                    2.42%  27.579ms      1584  17.410us  16.448us  20.928us  rms_norm_plain_kernel(float*, float const *, unsigned int, unsigned int, float)
                    2.35%  26.817ms       792  33.859us  20.064us  55.200us  attention_decode_mixed_kernel(float*, float const *, float const *, float const *, float const *, float const *, unsigned int, unsigned int, unsigned int, unsigned int, unsigned int, unsigned int, unsigned int, unsigned int, unsigned int, unsigned int, unsigned int)
                    2.06%  23.546ms      1584  14.865us  9.5680us  24.543us  arena_bf16_matmul_kernel(float*, unsigned short const *, float const *, unsigned int, unsigned int, unsigned int)
                    1.94%  22.142ms      3296  6.7170us  2.2710us  12.096us  rms_norm_weight_kernel(float*, float const *, float const *, unsigned int, unsigned int, float)
                    1.19%  13.545ms      1584  8.5510us  8.1590us  10.336us  hc_split_weighted_sum_fused_kernel(float*, float*, float const *, float const *, float const *, float const *, unsigned int, unsigned int, unsigned int, unsigned int, float)
                    0.92%  10.455ms       792  13.200us  12.927us  15.552us  tm_prefix_offsets_kernel(int*, int*, int const *, unsigned int)
                    0.81%  9.2456ms       792  11.673us  11.008us  13.280us  arena_f32_matmul_kernel(float*, float const *, float const *, unsigned int, unsigned int, unsigned int)
                    0.53%  6.0122ms      3399  1.7680us  1.3750us  6.9760us  [CUDA memcpy DtoH]
                    0.46%  5.2277ms       792  6.6000us  4.1270us  10.945us  router_select_warp_topk_kernel(int*, float*, float*, float const *, int const *, float const *, int const *, int, unsigned int, unsigned int, int, int)
                    0.41%  4.7137ms      1584  2.9750us  2.5910us  3.9680us  hc_expand_kernel(float*, float const *, float const *, float const *, float const *, float const *, unsigned int, unsigned int, unsigned int, unsigned int, unsigned int, int)
                    0.36%  4.1630ms      2504  1.6620us  1.3120us  2.7200us  rope_tail_kernel(float*, unsigned int, unsigned int, unsigned int, unsigned int, unsigned int, unsigned int, int, float, float, float, float, float, float)
                    0.23%  2.6168ms       792  3.3040us  3.0710us  3.9690us  head_rms_norm_kernel(float*, unsigned int, unsigned int, unsigned int, float)
                    0.23%  2.6156ms      2376  1.1000us     895ns  1.6640us  [CUDA memset]
                    0.16%  1.8191ms       231  7.8740us  7.5510us  9.3760us  [CUDA memcpy HtoD]
                    0.14%  1.6437ms       792  2.0750us  1.9200us  4.8960us  swiglu_kernel(float*, float const *, float const *, unsigned int, float, float)
                    0.14%  1.6302ms       792  2.0580us  1.6950us  4.3840us  compressor_store_kernel(float const *, float const *, float*, float*, void const *, unsigned long, unsigned int, unsigned int, unsigned int, unsigned int, unsigned int)
                    0.14%  1.6222ms       792  2.0480us  1.7920us  2.5280us  add_kernel(float*, float const *, float const *, unsigned int)
                    0.14%  1.5492ms       792  1.9560us  1.8870us  2.5610us  tm_gather_f32_to_f16_kernel(__half*, float const *, float const * const *, int const *, unsigned int, unsigned int, unsigned int)
                    0.13%  1.4408ms       792  1.8190us  1.7270us  9.2470us  tm_scatter_routes_kernel(int*, float*, int*, int*, int const *, float const *, unsigned int, unsigned int)
                    0.13%  1.4399ms       792  1.8170us  1.7270us  2.3680us  tm_swiglu_half_kernel(__half*, __half const *, __half const *, float const *, unsigned int, unsigned int, float)
                    0.12%  1.3684ms       792  1.7270us  1.6320us  2.2400us  tm_scatter_sum_half_to_f32_kernel(float*, __half const *, int const *, unsigned int, unsigned int, unsigned int)
                    0.10%  1.1456ms       792  1.4460us  1.3750us  7.6480us  store_raw_kv_batch_kernel(float*, float const *, unsigned int, unsigned int, unsigned int, unsigned int)
                    0.10%  1.1308ms       792  1.4270us  1.3750us  1.9840us  tm_count_routes_kernel(int*, int*, int const *, unsigned int, unsigned int)
                    0.03%  347.23us       128  2.7120us  1.9510us  4.1280us  compressor_update_pool_kernel(float*, float const *, float const *, unsigned int, unsigned int)
                    0.02%  221.15us       132  1.6750us  1.5670us  2.3360us  embed_token_hc_kernel(float*, unsigned short const *, unsigned int, unsigned int, unsigned int)
                    0.02%  212.38us       128  1.6590us  1.4390us  2.2080us  compressor_shift_ratio4_kernel(float*, float*, unsigned int)
                    0.01%  157.92us       128  1.2330us  1.1840us  1.2810us  f32_f16_round_kernel(float*, unsigned long)
                    0.01%  154.85us       104  1.4880us  1.2470us  1.8880us  fill_f32_kernel(float*, unsigned long, float)
      API calls:   73.85%  862.74ms      3168  272.33us  13.299us  1.7170ms  cudaMemcpy
                   17.60%  205.67ms     34140  6.0240us  3.5150us  703.01us  cudaLaunchKernel
                    2.24%  26.120ms     34255     762ns     370ns  521.18us  cudaSetDevice
                    2.16%  25.283ms       165  153.23us  9.9330us  249.58us  cudaDeviceSynchronize
                    1.48%  17.336ms     37484     462ns     249ns  430.86us  cudaGetDevice
                    1.15%  13.426ms      2376  5.6500us  2.4680us  187.44us  cudaMemset
                    0.77%  8.9901ms        37  242.98us  2.5360us  8.6025ms  cudaFree
                    0.75%  8.7307ms     34140     255ns     131ns  507.73us  cudaGetLastError
                    0.00%  7.6530us         1  7.6530us  7.6530us  7.6530us  cuDeviceGetCount
