tp_ep_model_router_route_id	layer	0	slot	0	k	0	expert	254	rank	7	local	30	weight	0	gated_w	0x7f6705800000	gated_ws	131072	gated_s	0x7f6711c00000	gated_ss	4096	down_w	0x7f66fa400000	down_ws	65536	down_s	0x7f66ffe80000	down_ss	4096
tp_ep_model_router_route_id	layer	0	slot	0	k	1	expert	222	rank	6	local	30	weight	0	gated_w	0x7f671f800000	gated_ws	131072	gated_s	0x7f672bc00000	gated_ss	4096	down_w	0x7f6714400000	down_ws	65536	down_s	0x7f6719e80000	down_ss	4096
tp_ep_model_router_route_id	layer	0	slot	0	k	2	expert	245	rank	7	local	21	weight	0.540582657	gated_w	0x7f6709000000	gated_ws	131072	gated_s	0x7f670fd80000	gated_ss	4096	down_w	0x7f66fc000000	down_ws	65536	down_s	0x7f66ffc40000	down_ss	4096
tp_ep_model_router_route_id	layer	0	slot	0	k	3	expert	200	rank	6	local	8	weight	0.959417343	gated_w	0x7f6728000000	gated_ws	131072	gated_s	0x7f672b100000	gated_ss	4096	down_w	0x7f671a400000	down_ws	65536	down_s	0x7f671dd00000	down_ss	4096
tp_ep_model_router_route_id	layer	0	slot	0	k	4	expert	53	rank	1	local	21	weight	0	gated_w	0x7f7605000000	gated_ws	131072	gated_s	0x7f7721b80000	gated_ss	4096	down_w	0x7f7570000000	down_ws	65536	down_s	0x7f7725e40000	down_ss	4096
tp_ep_model_router_route_id	layer	0	slot	0	k	5	expert	35	rank	1	local	3	weight	1.29449194e-20	gated_w	0x7f7692000000	gated_ws	131072	gated_s	0x7f7695880000	gated_ss	4096	down_w	0x7f7577400000	down_ws	65536	down_s	0x7f7723fc0000	down_ss	4096
tp_ep_model_router_route_stats	layer	0	routes	0,2,0,0,0,0,2,2	max_routes_per_expert	0,1,0,0,0,0,1,1
tp_ep_route_tensor_stats	tag	route_input	layer	0	rank	1	elems	8192	finite_bad	0	first_bad	18446744073709551615	max_abs	308.25
tp_ep_route_tensor_stats	tag	route_input	layer	0	rank	6	elems	8192	finite_bad	0	first_bad	18446744073709551615	max_abs	308.25
tp_ep_route_tensor_stats	tag	route_input	layer	0	rank	7	elems	8192	finite_bad	0	first_bad	18446744073709551615	max_abs	308.25
tp_ep_tensor_stats	tag	shared_gate	layer	0	rank	0	elems	8192	finite_bad	0	first_bad	18446744073709551615	max_abs	522.809998
tp_ep_tensor_stats	tag	shared_up	layer	0	rank	0	elems	8192	finite_bad	0	first_bad	18446744073709551615	max_abs	668.416748
tp_ep_tensor_stats	tag	shared_gate	layer	0	rank	1	elems	8192	finite_bad	0	first_bad	18446744073709551615	max_abs	532.642151
tp_ep_tensor_stats	tag	shared_up	layer	0	rank	1	elems	8192	finite_bad	0	first_bad	18446744073709551615	max_abs	571.319641
tp_ep_tensor_stats	tag	shared_gate	layer	0	rank	2	elems	8192	finite_bad	0	first_bad	18446744073709551615	max_abs	619.374451
tp_ep_tensor_stats	tag	shared_up	layer	0	rank	2	elems	8192	finite_bad	0	first_bad	18446744073709551615	max_abs	593.376465
tp_ep_tensor_stats	tag	shared_gate	layer	0	rank	3	elems	8192	finite_bad	0	first_bad	18446744073709551615	max_abs	526.099731
tp_ep_tensor_stats	tag	shared_up	layer	0	rank	3	elems	8192	finite_bad	0	first_bad	18446744073709551615	max_abs	520.936096
tp_ep_tensor_stats	tag	shared_gate	layer	0	rank	4	elems	8192	finite_bad	0	first_bad	18446744073709551615	max_abs	722.701599
tp_ep_tensor_stats	tag	shared_up	layer	0	rank	4	elems	8192	finite_bad	0	first_bad	18446744073709551615	max_abs	399.886902
tp_ep_tensor_stats	tag	shared_gate	layer	0	rank	5	elems	8192	finite_bad	0	first_bad	18446744073709551615	max_abs	565.921997
tp_ep_tensor_stats	tag	shared_up	layer	0	rank	5	elems	8192	finite_bad	0	first_bad	18446744073709551615	max_abs	775.363281
tp_ep_tensor_stats	tag	shared_gate	layer	0	rank	6	elems	8192	finite_bad	0	first_bad	18446744073709551615	max_abs	828.718628
tp_ep_tensor_stats	tag	shared_up	layer	0	rank	6	elems	8192	finite_bad	0	first_bad	18446744073709551615	max_abs	920.822632
tp_ep_tensor_stats	tag	shared_gate	layer	0	rank	7	elems	8192	finite_bad	0	first_bad	18446744073709551615	max_abs	513.1297
tp_ep_tensor_stats	tag	shared_up	layer	0	rank	7	elems	8192	finite_bad	0	first_bad	18446744073709551615	max_abs	389.835205
tp_ep_tensor_stats	tag	shared_mid	layer	0	rank	0	elems	65536	finite_bad	0	first_bad	18446744073709551615	max_abs	99.9954605
tp_ep_tensor_stats	tag	shared_mid	layer	0	rank	1	elems	65536	finite_bad	0	first_bad	18446744073709551615	max_abs	99.9954605
tp_ep_tensor_stats	tag	shared_mid	layer	0	rank	2	elems	65536	finite_bad	0	first_bad	18446744073709551615	max_abs	99.9954605
tp_ep_tensor_stats	tag	shared_mid	layer	0	rank	3	elems	65536	finite_bad	0	first_bad	18446744073709551615	max_abs	99.9954605
tp_ep_tensor_stats	tag	shared_mid	layer	0	rank	4	elems	65536	finite_bad	0	first_bad	18446744073709551615	max_abs	99.9954605
tp_ep_tensor_stats	tag	shared_mid	layer	0	rank	5	elems	65536	finite_bad	0	first_bad	18446744073709551615	max_abs	99.9954605
tp_ep_tensor_stats	tag	shared_mid	layer	0	rank	6	elems	65536	finite_bad	0	first_bad	18446744073709551615	max_abs	99.9954605
tp_ep_tensor_stats	tag	shared_mid	layer	0	rank	7	elems	65536	finite_bad	0	first_bad	18446744073709551615	max_abs	99.9954605
tp_ep_tensor_stats	tag	shared_down	layer	0	rank	0	elems	16384	finite_bad	0	first_bad	18446744073709551615	max_abs	233.980652
tp_ep_tensor_stats	tag	shared_down	layer	0	rank	1	elems	16384	finite_bad	0	first_bad	18446744073709551615	max_abs	239.447784
tp_ep_tensor_stats	tag	shared_down	layer	0	rank	2	elems	16384	finite_bad	0	first_bad	18446744073709551615	max_abs	241.654114
tp_ep_tensor_stats	tag	shared_down	layer	0	rank	3	elems	16384	finite_bad	0	first_bad	18446744073709551615	max_abs	247.204727
tp_ep_tensor_stats	tag	shared_down	layer	0	rank	4	elems	16384	finite_bad	0	first_bad	18446744073709551615	max_abs	265.991333
tp_ep_tensor_stats	tag	shared_down	layer	0	rank	5	elems	16384	finite_bad	0	first_bad	18446744073709551615	max_abs	246.82489
tp_ep_tensor_stats	tag	shared_down	layer	0	rank	6	elems	16384	finite_bad	0	first_bad	18446744073709551615	max_abs	255.043564
tp_ep_tensor_stats	tag	shared_down	layer	0	rank	7	elems	16384	finite_bad	0	first_bad	18446744073709551615	max_abs	240.637344
tp_ep_route_tensor_stats	tag	route_gate_up	layer	0	rank	1	elems	8192	finite_bad	0	first_bad	18446744073709551615	max_abs	1753
tp_ep_route_tensor_stats	tag	route_gated	layer	0	rank	1	elems	4096	finite_bad	0	first_bad	18446744073709551615	max_abs	100
tp_ep_route_tensor_stats	tag	route_down	layer	0	rank	1	elems	8192	finite_bad	0	first_bad	18446744073709551615	max_abs	311.75
tp_ep_route_tensor_stats	tag	route_gate_up	layer	0	rank	6	elems	8192	finite_bad	0	first_bad	18446744073709551615	max_abs	3376
tp_ep_route_tensor_stats	tag	route_gated	layer	0	rank	6	elems	4096	finite_bad	0	first_bad	18446744073709551615	max_abs	100
tp_ep_route_tensor_stats	tag	route_down	layer	0	rank	6	elems	8192	finite_bad	0	first_bad	18446744073709551615	max_abs	318.25
tp_ep_route_tensor_stats	tag	route_gate_up	layer	0	rank	7	elems	8192	finite_bad	0	first_bad	18446744073709551615	max_abs	3368
tp_ep_route_tensor_stats	tag	route_gated	layer	0	rank	7	elems	4096	finite_bad	0	first_bad	18446744073709551615	max_abs	100
tp_ep_route_tensor_stats	tag	route_down	layer	0	rank	7	elems	8192	finite_bad	0	first_bad	18446744073709551615	max_abs	320.5
tp_ep_model_router_route_id	layer	1	slot	0	k	0	expert	163	rank	5	local	3	weight	0.531447232	gated_w	0x7f6676a00000	gated_ws	131072	gated_s	0x7f6676880000	gated_ss	4096	down_w	0x7f6667400000	down_ws	65536	down_s	0x7f6675dc0000	down_ss	4096
tp_ep_model_router_route_id	layer	1	slot	0	k	1	expert	137	rank	4	local	9	weight	0	gated_w	0x7f668c800000	gated_ws	131072	gated_s	0x7f668f180000	gated_ss	4096	down_w	0x7f667e800000	down_ws	65536	down_s	0x7f6681d40000	down_ss	4096
tp_ep_model_router_route_id	layer	1	slot	0	k	2	expert	158	rank	4	local	30	weight	0.968552709	gated_w	0x7f6683800000	gated_ws	131072	gated_s	0x7f668fc00000	gated_ss	4096	down_w	0x7f6678400000	down_ws	65536	down_s	0x7f667de80000	down_ss	4096
tp_ep_model_router_route_id	layer	1	slot	0	k	3	expert	97	rank	3	local	1	weight	0	gated_w	0x7f66ad400000	gated_ws	131072	gated_s	0x7f6767f80000	gated_ss	4096	down_w	0x7f669ac00000	down_ws	65536	down_s	0x7f66a9d40000	down_ss	4096
tp_ep_model_router_route_id	layer	1	slot	0	k	4	expert	184	rank	5	local	24	weight	0	gated_w	0x7f666a800000	gated_ws	131072	gated_s	0x7f6673f00000	gated_ss	4096	down_w	0x7f6660c00000	down_ws	65536	down_s	0x7f6663d00000	down_ss	4096
tp_ep_model_router_route_id	layer	1	slot	0	k	5	expert	8	rank	0	local	8	weight	0	gated_w	0x7f66f4000000	gated_ws	131072	gated_s	0x7f66f7100000	gated_ss	4096	down_w	0x7f66e6400000	down_ws	65536	down_s	0x7f66e9d00000	down_ss	4096
tp_ep_model_router_route_stats	layer	1	routes	1,0,0,1,2,2,0,0	max_routes_per_expert	1,0,0,1,1,1,0,0
tp_ep_route_tensor_stats	tag	route_input	layer	1	rank	0	elems	4096	finite_bad	0	first_bad	18446744073709551615	max_abs	329.25
tp_ep_route_tensor_stats	tag	route_input	layer	1	rank	3	elems	4096	finite_bad	0	first_bad	18446744073709551615	max_abs	329.25
tp_ep_route_tensor_stats	tag	route_input	layer	1	rank	4	elems	8192	finite_bad	0	first_bad	18446744073709551615	max_abs	329.25
tp_ep_route_tensor_stats	tag	route_input	layer	1	rank	5	elems	8192	finite_bad	0	first_bad	18446744073709551615	max_abs	329.25
tp_ep_tensor_stats	tag	shared_gate	layer	1	rank	0	elems	8192	finite_bad	0	first_bad	18446744073709551615	max_abs	463.075836
tp_ep_tensor_stats	tag	shared_up	layer	1	rank	0	elems	8192	finite_bad	0	first_bad	18446744073709551615	max_abs	485.168427
tp_ep_tensor_stats	tag	shared_gate	layer	1	rank	1	elems	8192	finite_bad	0	first_bad	18446744073709551615	max_abs	655.441895
tp_ep_tensor_stats	tag	shared_up	layer	1	rank	1	elems	8192	finite_bad	0	first_bad	18446744073709551615	max_abs	752.310486
tp_ep_tensor_stats	tag	shared_gate	layer	1	rank	2	elems	8192	finite_bad	0	first_bad	18446744073709551615	max_abs	437.49527
tp_ep_tensor_stats	tag	shared_up	layer	1	rank	2	elems	8192	finite_bad	0	first_bad	18446744073709551615	max_abs	416.22702
tp_ep_tensor_stats	tag	shared_gate	layer	1	rank	3	elems	8192	finite_bad	0	first_bad	18446744073709551615	max_abs	1165.44312
tp_ep_tensor_stats	tag	shared_up	layer	1	rank	3	elems	8192	finite_bad	0	first_bad	18446744073709551615	max_abs	969.223633
tp_ep_tensor_stats	tag	shared_gate	layer	1	rank	4	elems	8192	finite_bad	0	first_bad	18446744073709551615	max_abs	493.482391
tp_ep_tensor_stats	tag	shared_up	layer	1	rank	4	elems	8192	finite_bad	0	first_bad	18446744073709551615	max_abs	1990.56567
tp_ep_tensor_stats	tag	shared_gate	layer	1	rank	5	elems	8192	finite_bad	0	first_bad	18446744073709551615	max_abs	478.150818
tp_ep_tensor_stats	tag	shared_up	layer	1	rank	5	elems	8192	finite_bad	0	first_bad	18446744073709551615	max_abs	664.839417
tp_ep_tensor_stats	tag	shared_gate	layer	1	rank	6	elems	8192	finite_bad	0	first_bad	18446744073709551615	max_abs	641.748291
tp_ep_tensor_stats	tag	shared_up	layer	1	rank	6	elems	8192	finite_bad	0	first_bad	18446744073709551615	max_abs	479.018982
tp_ep_tensor_stats	tag	shared_gate	layer	1	rank	7	elems	8192	finite_bad	0	first_bad	18446744073709551615	max_abs	528.387817
tp_ep_tensor_stats	tag	shared_up	layer	1	rank	7	elems	8192	finite_bad	0	first_bad	18446744073709551615	max_abs	658.510254
tp_ep_tensor_stats	tag	shared_mid	layer	1	rank	0	elems	65536	finite_bad	0	first_bad	18446744073709551615	max_abs	99.9954605
tp_ep_tensor_stats	tag	shared_mid	layer	1	rank	1	elems	65536	finite_bad	0	first_bad	18446744073709551615	max_abs	99.9954605
tp_ep_tensor_stats	tag	shared_mid	layer	1	rank	2	elems	65536	finite_bad	0	first_bad	18446744073709551615	max_abs	99.9954605
tp_ep_tensor_stats	tag	shared_mid	layer	1	rank	3	elems	65536	finite_bad	0	first_bad	18446744073709551615	max_abs	99.9954605
tp_ep_tensor_stats	tag	shared_mid	layer	1	rank	4	elems	65536	finite_bad	0	first_bad	18446744073709551615	max_abs	99.9954605
tp_ep_tensor_stats	tag	shared_mid	layer	1	rank	5	elems	65536	finite_bad	0	first_bad	18446744073709551615	max_abs	99.9954605
tp_ep_tensor_stats	tag	shared_mid	layer	1	rank	6	elems	65536	finite_bad	0	first_bad	18446744073709551615	max_abs	99.9954605
tp_ep_tensor_stats	tag	shared_mid	layer	1	rank	7	elems	65536	finite_bad	0	first_bad	18446744073709551615	max_abs	99.9954605
tp_ep_tensor_stats	tag	shared_down	layer	1	rank	0	elems	16384	finite_bad	0	first_bad	18446744073709551615	max_abs	119.577621
tp_ep_tensor_stats	tag	shared_down	layer	1	rank	1	elems	16384	finite_bad	0	first_bad	18446744073709551615	max_abs	107.785767
tp_ep_tensor_stats	tag	shared_down	layer	1	rank	2	elems	16384	finite_bad	0	first_bad	18446744073709551615	max_abs	115.018448
tp_ep_tensor_stats	tag	shared_down	layer	1	rank	3	elems	16384	finite_bad	0	first_bad	18446744073709551615	max_abs	108.231201
tp_ep_tensor_stats	tag	shared_down	layer	1	rank	4	elems	16384	finite_bad	0	first_bad	18446744073709551615	max_abs	123.0513
tp_ep_tensor_stats	tag	shared_down	layer	1	rank	5	elems	16384	finite_bad	0	first_bad	18446744073709551615	max_abs	128.978241
tp_ep_tensor_stats	tag	shared_down	layer	1	rank	6	elems	16384	finite_bad	0	first_bad	18446744073709551615	max_abs	114.956802
tp_ep_tensor_stats	tag	shared_down	layer	1	rank	7	elems	16384	finite_bad	0	first_bad	18446744073709551615	max_abs	133.782852
tp_ep_route_tensor_stats	tag	route_gate_up	layer	1	rank	0	elems	4096	finite_bad	0	first_bad	18446744073709551615	max_abs	718.5
tp_ep_route_tensor_stats	tag	route_gated	layer	1	rank	0	elems	2048	finite_bad	0	first_bad	18446744073709551615	max_abs	100
tp_ep_route_tensor_stats	tag	route_down	layer	1	rank	0	elems	4096	finite_bad	0	first_bad	18446744073709551615	max_abs	302.75
tp_ep_route_tensor_stats	tag	route_gate_up	layer	1	rank	3	elems	4096	finite_bad	0	first_bad	18446744073709551615	max_abs	535
tp_ep_route_tensor_stats	tag	route_gated	layer	1	rank	3	elems	2048	finite_bad	0	first_bad	18446744073709551615	max_abs	100
tp_ep_route_tensor_stats	tag	route_down	layer	1	rank	3	elems	4096	finite_bad	0	first_bad	18446744073709551615	max_abs	304.25
tp_ep_route_tensor_stats	tag	route_gate_up	layer	1	rank	4	elems	8192	finite_bad	0	first_bad	18446744073709551615	max_abs	530
tp_ep_route_tensor_stats	tag	route_gated	layer	1	rank	4	elems	4096	finite_bad	0	first_bad	18446744073709551615	max_abs	100
tp_ep_route_tensor_stats	tag	route_down	layer	1	rank	4	elems	8192	finite_bad	0	first_bad	18446744073709551615	max_abs	310.75
tp_ep_route_tensor_stats	tag	route_gate_up	layer	1	rank	5	elems	8192	finite_bad	0	first_bad	18446744073709551615	max_abs	516
tp_ep_route_tensor_stats	tag	route_gated	layer	1	rank	5	elems	4096	finite_bad	0	first_bad	18446744073709551615	max_abs	100
tp_ep_route_tensor_stats	tag	route_down	layer	1	rank	5	elems	8192	finite_bad	0	first_bad	18446744073709551615	max_abs	299.25
tp_ep_model_router_route_id	layer	2	slot	0	k	0	expert	108	rank	3	local	12	weight	0.239592835	gated_w	0x7f65d4800000	gated_ws	131072	gated_s	0x7f65d7900000	gated_ss	4096	down_w	0x7f65c9400000	down_ws	65536	down_s	0x7f65c9800000	down_ss	4096
tp_ep_model_router_route_id	layer	2	slot	0	k	1	expert	115	rank	3	local	19	weight	0	gated_w	0x7f65d0000000	gated_ws	131072	gated_s	0x7f65d7c80000	gated_ss	4096	down_w	0x7f65c7400000	down_ws	65536	down_s	0x7f65c99c0000	down_ss	4096
tp_ep_model_router_route_id	layer	2	slot	0	k	2	expert	43	rank	1	local	11	weight	0	gated_w	0x7f6608000000	gated_ws	131072	gated_s	0x7f660b880000	gated_ss	4096	down_w	0x7f65fd000000	down_ws	65536	down_s	0x7f65ffdc0000	down_ss	4096
tp_ep_model_router_route_id	layer	2	slot	0	k	3	expert	53	rank	1	local	21	weight	1.26040721	gated_w	0x7f6605000000	gated_ws	131072	gated_s	0x7f660bd80000	gated_ss	4096	down_w	0x7f65f8000000	down_ws	65536	down_s	0x7f65fbc40000	down_ss	4096
tp_ep_model_router_route_id	layer	2	slot	0	k	4	expert	132	rank	4	local	4	weight	0	gated_w	0x7f65c1200000	gated_ws	131072	gated_s	0x7f65c0900000	gated_ss	4096	down_w	0x7f65b1800000	down_ws	65536	down_s	0x7f65b1c00000	down_ss	4096
tp_ep_model_router_route_id	layer	2	slot	0	k	5	expert	143	rank	4	local	15	weight	0	gated_w	0x7f65b8000000	gated_ws	131072	gated_s	0x7f65bda80000	gated_ss	4096	down_w	0x7f65ac400000	down_ws	65536	down_s	0x7f65af8c0000	down_ss	4096
tp_ep_model_router_route_stats	layer	2	routes	0,2,0,2,2,0,0,0	max_routes_per_expert	0,1,0,1,1,0,0,0
tp_ep_route_tensor_stats	tag	route_input	layer	2	rank	1	elems	8192	finite_bad	2332	first_bad	8	max_abs	65504
tp_ep_route_tensor_stats	tag	route_input	layer	2	rank	3	elems	8192	finite_bad	2332	first_bad	8	max_abs	65504
tp_ep_route_tensor_stats	tag	route_input	layer	2	rank	4	elems	8192	finite_bad	2332	first_bad	8	max_abs	65504
tp_ep_tensor_stats	tag	shared_gate	layer	2	rank	0	elems	8192	finite_bad	8192	first_bad	0	max_abs	0
tp_ep_tensor_stats	tag	shared_up	layer	2	rank	0	elems	8192	finite_bad	8192	first_bad	0	max_abs	0
tp_ep_tensor_stats	tag	shared_gate	layer	2	rank	1	elems	8192	finite_bad	8192	first_bad	0	max_abs	0
tp_ep_tensor_stats	tag	shared_up	layer	2	rank	1	elems	8192	finite_bad	8192	first_bad	0	max_abs	0
tp_ep_tensor_stats	tag	shared_gate	layer	2	rank	2	elems	8192	finite_bad	8192	first_bad	0	max_abs	0
tp_ep_tensor_stats	tag	shared_up	layer	2	rank	2	elems	8192	finite_bad	8192	first_bad	0	max_abs	0
tp_ep_tensor_stats	tag	shared_gate	layer	2	rank	3	elems	8192	finite_bad	8192	first_bad	0	max_abs	0
tp_ep_tensor_stats	tag	shared_up	layer	2	rank	3	elems	8192	finite_bad	8192	first_bad	0	max_abs	0
tp_ep_tensor_stats	tag	shared_gate	layer	2	rank	4	elems	8192	finite_bad	8192	first_bad	0	max_abs	0
tp_ep_tensor_stats	tag	shared_up	layer	2	rank	4	elems	8192	finite_bad	8192	first_bad	0	max_abs	0
tp_ep_tensor_stats	tag	shared_gate	layer	2	rank	5	elems	8192	finite_bad	8192	first_bad	0	max_abs	0
tp_ep_tensor_stats	tag	shared_up	layer	2	rank	5	elems	8192	finite_bad	8192	first_bad	0	max_abs	0
tp_ep_tensor_stats	tag	shared_gate	layer	2	rank	6	elems	8192	finite_bad	8192	first_bad	0	max_abs	0
tp_ep_tensor_stats	tag	shared_up	layer	2	rank	6	elems	8192	finite_bad	8192	first_bad	0	max_abs	0
tp_ep_tensor_stats	tag	shared_gate	layer	2	rank	7	elems	8192	finite_bad	8192	first_bad	0	max_abs	0
tp_ep_tensor_stats	tag	shared_up	layer	2	rank	7	elems	8192	finite_bad	8192	first_bad	0	max_abs	0
tp_ep_tensor_stats	tag	shared_mid	layer	2	rank	0	elems	65536	finite_bad	0	first_bad	18446744073709551615	max_abs	99.9954605
tp_ep_tensor_stats	tag	shared_mid	layer	2	rank	1	elems	65536	finite_bad	0	first_bad	18446744073709551615	max_abs	99.9954605
tp_ep_tensor_stats	tag	shared_mid	layer	2	rank	2	elems	65536	finite_bad	0	first_bad	18446744073709551615	max_abs	99.9954605
tp_ep_tensor_stats	tag	shared_mid	layer	2	rank	3	elems	65536	finite_bad	0	first_bad	18446744073709551615	max_abs	99.9954605
tp_ep_tensor_stats	tag	shared_mid	layer	2	rank	4	elems	65536	finite_bad	0	first_bad	18446744073709551615	max_abs	99.9954605
tp_ep_tensor_stats	tag	shared_mid	layer	2	rank	5	elems	65536	finite_bad	0	first_bad	18446744073709551615	max_abs	99.9954605
tp_ep_tensor_stats	tag	shared_mid	layer	2	rank	6	elems	65536	finite_bad	0	first_bad	18446744073709551615	max_abs	99.9954605
tp_ep_tensor_stats	tag	shared_mid	layer	2	rank	7	elems	65536	finite_bad	0	first_bad	18446744073709551615	max_abs	99.9954605
tp_ep_tensor_stats	tag	shared_down	layer	2	rank	0	elems	16384	finite_bad	0	first_bad	18446744073709551615	max_abs	195.894745
tp_ep_tensor_stats	tag	shared_down	layer	2	rank	1	elems	16384	finite_bad	0	first_bad	18446744073709551615	max_abs	179.092102
tp_ep_tensor_stats	tag	shared_down	layer	2	rank	2	elems	16384	finite_bad	0	first_bad	18446744073709551615	max_abs	165.057892
tp_ep_tensor_stats	tag	shared_down	layer	2	rank	3	elems	16384	finite_bad	0	first_bad	18446744073709551615	max_abs	216.89032
tp_ep_tensor_stats	tag	shared_down	layer	2	rank	4	elems	16384	finite_bad	0	first_bad	18446744073709551615	max_abs	193.44635
tp_ep_tensor_stats	tag	shared_down	layer	2	rank	5	elems	16384	finite_bad	0	first_bad	18446744073709551615	max_abs	179.422241
tp_ep_tensor_stats	tag	shared_down	layer	2	rank	6	elems	16384	finite_bad	0	first_bad	18446744073709551615	max_abs	168.418762
tp_ep_tensor_stats	tag	shared_down	layer	2	rank	7	elems	16384	finite_bad	0	first_bad	18446744073709551615	max_abs	161.356262
tp_ep_route_tensor_stats	tag	route_gate_up	layer	2	rank	1	elems	8192	finite_bad	8192	first_bad	0	max_abs	0
tp_ep_route_tensor_stats	tag	route_gated	layer	2	rank	1	elems	4096	finite_bad	0	first_bad	18446744073709551615	max_abs	100
tp_ep_route_tensor_stats	tag	route_down	layer	2	rank	1	elems	8192	finite_bad	0	first_bad	18446744073709551615	max_abs	434.5
tp_ep_route_tensor_stats	tag	route_gate_up	layer	2	rank	3	elems	8192	finite_bad	8192	first_bad	0	max_abs	0
tp_ep_route_tensor_stats	tag	route_gated	layer	2	rank	3	elems	4096	finite_bad	0	first_bad	18446744073709551615	max_abs	100
tp_ep_route_tensor_stats	tag	route_down	layer	2	rank	3	elems	8192	finite_bad	0	first_bad	18446744073709551615	max_abs	465.25
tp_ep_route_tensor_stats	tag	route_gate_up	layer	2	rank	4	elems	8192	finite_bad	8192	first_bad	0	max_abs	0
tp_ep_route_tensor_stats	tag	route_gated	layer	2	rank	4	elems	4096	finite_bad	0	first_bad	18446744073709551615	max_abs	100
tp_ep_route_tensor_stats	tag	route_down	layer	2	rank	4	elems	8192	finite_bad	0	first_bad	18446744073709551615	max_abs	453.5
tp_ep_model_router_route_stats	layer	3	routes	1,0,0,1,1,1,1,1	max_routes_per_expert	1,0,0,1,1,1,1,1
tp_ep_tensor_stats	tag	shared_gate	layer	3	rank	0	elems	8192	finite_bad	8192	first_bad	0	max_abs	0
tp_ep_tensor_stats	tag	shared_up	layer	3	rank	0	elems	8192	finite_bad	8192	first_bad	0	max_abs	0
tp_ep_tensor_stats	tag	shared_gate	layer	3	rank	1	elems	8192	finite_bad	8192	first_bad	0	max_abs	0
tp_ep_tensor_stats	tag	shared_up	layer	3	rank	1	elems	8192	finite_bad	8192	first_bad	0	max_abs	0
tp_ep_tensor_stats	tag	shared_gate	layer	3	rank	2	elems	8192	finite_bad	8192	first_bad	0	max_abs	0
tp_ep_tensor_stats	tag	shared_up	layer	3	rank	2	elems	8192	finite_bad	8192	first_bad	0	max_abs	0
tp_ep_tensor_stats	tag	shared_gate	layer	3	rank	3	elems	8192	finite_bad	8192	first_bad	0	max_abs	0
tp_ep_tensor_stats	tag	shared_up	layer	3	rank	3	elems	8192	finite_bad	8192	first_bad	0	max_abs	0
tp_ep_tensor_stats	tag	shared_gate	layer	3	rank	4	elems	8192	finite_bad	8192	first_bad	0	max_abs	0
tp_ep_tensor_stats	tag	shared_up	layer	3	rank	4	elems	8192	finite_bad	8192	first_bad	0	max_abs	0
tp_ep_tensor_stats	tag	shared_gate	layer	3	rank	5	elems	8192	finite_bad	8192	first_bad	0	max_abs	0
tp_ep_tensor_stats	tag	shared_up	layer	3	rank	5	elems	8192	finite_bad	8192	first_bad	0	max_abs	0
tp_ep_tensor_stats	tag	shared_gate	layer	3	rank	6	elems	8192	finite_bad	8192	first_bad	0	max_abs	0
tp_ep_tensor_stats	tag	shared_up	layer	3	rank	6	elems	8192	finite_bad	8192	first_bad	0	max_abs	0
tp_ep_tensor_stats	tag	shared_gate	layer	3	rank	7	elems	8192	finite_bad	8192	first_bad	0	max_abs	0
tp_ep_tensor_stats	tag	shared_up	layer	3	rank	7	elems	8192	finite_bad	8192	first_bad	0	max_abs	0
tp_ep_tensor_stats	tag	shared_mid	layer	3	rank	0	elems	65536	finite_bad	0	first_bad	18446744073709551615	max_abs	99.9954605
tp_ep_tensor_stats	tag	shared_mid	layer	3	rank	1	elems	65536	finite_bad	0	first_bad	18446744073709551615	max_abs	99.9954605
tp_ep_tensor_stats	tag	shared_mid	layer	3	rank	2	elems	65536	finite_bad	0	first_bad	18446744073709551615	max_abs	99.9954605
tp_ep_tensor_stats	tag	shared_mid	layer	3	rank	3	elems	65536	finite_bad	0	first_bad	18446744073709551615	max_abs	99.9954605
tp_ep_tensor_stats	tag	shared_mid	layer	3	rank	4	elems	65536	finite_bad	0	first_bad	18446744073709551615	max_abs	99.9954605
tp_ep_tensor_stats	tag	shared_mid	layer	3	rank	5	elems	65536	finite_bad	0	first_bad	18446744073709551615	max_abs	99.9954605
tp_ep_tensor_stats	tag	shared_mid	layer	3	rank	6	elems	65536	finite_bad	0	first_bad	18446744073709551615	max_abs	99.9954605
tp_ep_tensor_stats	tag	shared_mid	layer	3	rank	7	elems	65536	finite_bad	0	first_bad	18446744073709551615	max_abs	99.9954605
tp_ep_tensor_stats	tag	shared_down	layer	3	rank	0	elems	16384	finite_bad	0	first_bad	18446744073709551615	max_abs	300.899292
tp_ep_tensor_stats	tag	shared_down	layer	3	rank	1	elems	16384	finite_bad	0	first_bad	18446744073709551615	max_abs	310.738281
tp_ep_tensor_stats	tag	shared_down	layer	3	rank	2	elems	16384	finite_bad	0	first_bad	18446744073709551615	max_abs	281.609741
tp_ep_tensor_stats	tag	shared_down	layer	3	rank	3	elems	16384	finite_bad	0	first_bad	18446744073709551615	max_abs	282.738464
tp_ep_tensor_stats	tag	shared_down	layer	3	rank	4	elems	16384	finite_bad	0	first_bad	18446744073709551615	max_abs	273.01532
tp_ep_tensor_stats	tag	shared_down	layer	3	rank	5	elems	16384	finite_bad	0	first_bad	18446744073709551615	max_abs	304.703583
tp_ep_tensor_stats	tag	shared_down	layer	3	rank	6	elems	16384	finite_bad	0	first_bad	18446744073709551615	max_abs	314.930511
tp_ep_tensor_stats	tag	shared_down	layer	3	rank	7	elems	16384	finite_bad	0	first_bad	18446744073709551615	max_abs	254.754364
tp_ep_model_router_route_stats	layer	4	routes	1,2,0,0,1,1,1,0	max_routes_per_expert	1,1,0,0,1,1,1,0
tp_ep_tensor_stats	tag	shared_gate	layer	4	rank	0	elems	8192	finite_bad	8192	first_bad	0	max_abs	0
tp_ep_tensor_stats	tag	shared_up	layer	4	rank	0	elems	8192	finite_bad	8192	first_bad	0	max_abs	0
tp_ep_tensor_stats	tag	shared_gate	layer	4	rank	1	elems	8192	finite_bad	8192	first_bad	0	max_abs	0
tp_ep_tensor_stats	tag	shared_up	layer	4	rank	1	elems	8192	finite_bad	8192	first_bad	0	max_abs	0
tp_ep_tensor_stats	tag	shared_gate	layer	4	rank	2	elems	8192	finite_bad	8192	first_bad	0	max_abs	0
tp_ep_tensor_stats	tag	shared_up	layer	4	rank	2	elems	8192	finite_bad	8192	first_bad	0	max_abs	0
tp_ep_tensor_stats	tag	shared_gate	layer	4	rank	3	elems	8192	finite_bad	8192	first_bad	0	max_abs	0
tp_ep_tensor_stats	tag	shared_up	layer	4	rank	3	elems	8192	finite_bad	8192	first_bad	0	max_abs	0
tp_ep_tensor_stats	tag	shared_gate	layer	4	rank	4	elems	8192	finite_bad	8192	first_bad	0	max_abs	0
tp_ep_tensor_stats	tag	shared_up	layer	4	rank	4	elems	8192	finite_bad	8192	first_bad	0	max_abs	0
tp_ep_tensor_stats	tag	shared_gate	layer	4	rank	5	elems	8192	finite_bad	8192	first_bad	0	max_abs	0
tp_ep_tensor_stats	tag	shared_up	layer	4	rank	5	elems	8192	finite_bad	8192	first_bad	0	max_abs	0
tp_ep_tensor_stats	tag	shared_gate	layer	4	rank	6	elems	8192	finite_bad	8192	first_bad	0	max_abs	0
tp_ep_tensor_stats	tag	shared_up	layer	4	rank	6	elems	8192	finite_bad	8192	first_bad	0	max_abs	0
tp_ep_tensor_stats	tag	shared_gate	layer	4	rank	7	elems	8192	finite_bad	8192	first_bad	0	max_abs	0
tp_ep_tensor_stats	tag	shared_up	layer	4	rank	7	elems	8192	finite_bad	8192	first_bad	0	max_abs	0
tp_ep_tensor_stats	tag	shared_mid	layer	4	rank	0	elems	65536	finite_bad	0	first_bad	18446744073709551615	max_abs	99.9954605
tp_ep_tensor_stats	tag	shared_mid	layer	4	rank	1	elems	65536	finite_bad	0	first_bad	18446744073709551615	max_abs	99.9954605
tp_ep_tensor_stats	tag	shared_mid	layer	4	rank	2	elems	65536	finite_bad	0	first_bad	18446744073709551615	max_abs	99.9954605
tp_ep_tensor_stats	tag	shared_mid	layer	4	rank	3	elems	65536	finite_bad	0	first_bad	18446744073709551615	max_abs	99.9954605
tp_ep_tensor_stats	tag	shared_mid	layer	4	rank	4	elems	65536	finite_bad	0	first_bad	18446744073709551615	max_abs	99.9954605
tp_ep_tensor_stats	tag	shared_mid	layer	4	rank	5	elems	65536	finite_bad	0	first_bad	18446744073709551615	max_abs	99.9954605
tp_ep_tensor_stats	tag	shared_mid	layer	4	rank	6	elems	65536	finite_bad	0	first_bad	18446744073709551615	max_abs	99.9954605
tp_ep_tensor_stats	tag	shared_mid	layer	4	rank	7	elems	65536	finite_bad	0	first_bad	18446744073709551615	max_abs	99.9954605
tp_ep_tensor_stats	tag	shared_down	layer	4	rank	0	elems	16384	finite_bad	0	first_bad	18446744073709551615	max_abs	381.957825
tp_ep_tensor_stats	tag	shared_down	layer	4	rank	1	elems	16384	finite_bad	0	first_bad	18446744073709551615	max_abs	318.431427
tp_ep_tensor_stats	tag	shared_down	layer	4	rank	2	elems	16384	finite_bad	0	first_bad	18446744073709551615	max_abs	253.354492
tp_ep_tensor_stats	tag	shared_down	layer	4	rank	3	elems	16384	finite_bad	0	first_bad	18446744073709551615	max_abs	271.06189
tp_ep_tensor_stats	tag	shared_down	layer	4	rank	4	elems	16384	finite_bad	0	first_bad	18446744073709551615	max_abs	342.046509
tp_ep_tensor_stats	tag	shared_down	layer	4	rank	5	elems	16384	finite_bad	0	first_bad	18446744073709551615	max_abs	253.330078
tp_ep_tensor_stats	tag	shared_down	layer	4	rank	6	elems	16384	finite_bad	0	first_bad	18446744073709551615	max_abs	317.054443
tp_ep_tensor_stats	tag	shared_down	layer	4	rank	7	elems	16384	finite_bad	0	first_bad	18446744073709551615	max_abs	300.551697
tp_ep_model_router_route_stats	layer	5	routes	1,0,2,0,1,1,0,1	max_routes_per_expert	1,0,1,0,1,1,0,1
tp_ep_http_decode_failed	rc	5	batch	1	requested_steps	1	position	100000
