tp_ep_all_layer_dense_f16_cache	rows	4096	source_bytes	8640413696	cache_bytes	14451998720	cache_aligned_bytes	14451998720	max_temp_bytes	132382720	cache_ms	8209.941410	PASS
tp_ep_all_layer_turbomind_api_shared	devices	8	PASS
tp_ep_all_layer_rank_buffers_shared	devices	8	core_bytes	44061728	PASS
tp_ep_all_layer_tp_runtime_shared	devices	8	slots	32	ctx	262144	kv_bytes_per_gpu	3707940864	comp_state_bytes_per_gpu	1803550720	scratch_bytes_per_gpu	1610612736	total_bytes_per_gpu	7122628608	PASS
tp_ep_all_layer_expert_bindings_shared	layers	43	devices	8	bytes	147169738752	bytes_per_gpu	18396217344	PASS
tp_ep_all_layer_dense_ops_shared	layers	43	devices	8	loaded_bytes	2544697344	PASS
tp_ep_resident_serving_loop	layers	43	mode	direct_decode	PASS
tp_ep_hc_final_expand_shared	layers	43	slots	32	control_bytes	325684296	PASS
tp_ep_diagnostic_output_head_shared	slots	32	vocab	129280	rows_per_gpu	16160	output_weight_bytes	1059061760	logits_bytes	16547840	proxy_hc	0	PASS
tp_ep_token_embedding_shared	slots	32	vocab	129280	rows_per_gpu	16160	weight_bytes	1059061760	device	0	PASS
tp_ep_http_tokenizer	model	/models/DSv4-Flash-256e-fixed.gguf	PASS
tp_ep_http_serving	http://127.0.0.1:18080/v100/selected-token	PASS
tp_ep_http_completions	http://127.0.0.1:18080/v1/completions	DIAGNOSTIC
tp_ep_http_chat_completions	http://127.0.0.1:18080/v1/chat/completions	DIAGNOSTIC
tp_ep_token_major_item	step	0	layer	0	ratio	0	position	100000	decode_ms_per_step	77.894372	decode_slot_step_tok_s	410.812735	decode_ep_ms_per_step	70.013894	decode_dense_ms_per_step	0.000000	decode_compose_ms_per_step	1.180093	decode_compose_reduce_ms_per_step	0.309450	decode_compose_copy_ms_per_step	0.550146	decode_compose_final_ms_per_step	0.320497	decode_hc_current_input_ms_per_step	5.448294	decode_final_hc_ms_per_step	0.695708	decode_checksum	6522455227	decode_finite_bad	0	rc	0	PASS
tp_ep_token_major_item	step	0	layer	1	ratio	0	position	100000	decode_ms_per_step	19.521879	decode_slot_step_tok_s	1639.186474	decode_ep_ms_per_step	14.870985	decode_dense_ms_per_step	0.000000	decode_compose_ms_per_step	0.633046	decode_compose_reduce_ms_per_step	0.146730	decode_compose_copy_ms_per_step	0.339352	decode_compose_final_ms_per_step	0.146964	decode_hc_current_input_ms_per_step	2.889610	decode_final_hc_ms_per_step	0.554331	decode_checksum	6026555595	decode_finite_bad	0	rc	0	PASS
tp_ep_token_major_item	step	0	layer	2	ratio	4	position	100000	decode_ms_per_step	18.218104	decode_slot_step_tok_s	1756.494529	decode_ep_ms_per_step	14.066743	decode_dense_ms_per_step	0.000000	decode_compose_ms_per_step	0.492704	decode_compose_reduce_ms_per_step	0.070592	decode_compose_copy_ms_per_step	0.272618	decode_compose_final_ms_per_step	0.149494	decode_hc_current_input_ms_per_step	2.725706	decode_final_hc_ms_per_step	0.523166	decode_checksum	6717599451	decode_finite_bad	0	rc	0	PASS
tp_ep_token_major_item	step	0	layer	3	ratio	128	position	100000	decode_ms_per_step	17.418584	decode_slot_step_tok_s	1837.118333	decode_ep_ms_per_step	13.829061	decode_dense_ms_per_step	0.000000	decode_compose_ms_per_step	0.479624	decode_compose_reduce_ms_per_step	0.076231	decode_compose_copy_ms_per_step	0.263060	decode_compose_final_ms_per_step	0.140333	decode_hc_current_input_ms_per_step	2.579007	decode_final_hc_ms_per_step	0.530415	decode_checksum	7748035625	decode_finite_bad	0	rc	0	PASS
tp_ep_token_major_item	step	0	layer	4	ratio	4	position	100000	decode_ms_per_step	17.472482	decode_slot_step_tok_s	1831.451307	decode_ep_ms_per_step	13.976974	decode_dense_ms_per_step	0.000000	decode_compose_ms_per_step	0.464284	decode_compose_reduce_ms_per_step	0.074553	decode_compose_copy_ms_per_step	0.247370	decode_compose_final_ms_per_step	0.142361	decode_hc_current_input_ms_per_step	2.512117	decode_final_hc_ms_per_step	0.518708	decode_checksum	6289183801	decode_finite_bad	0	rc	0	PASS
tp_ep_token_major_item	step	0	layer	5	ratio	128	position	100000	decode_ms_per_step	14.690265	decode_slot_step_tok_s	2178.313325	decode_ep_ms_per_step	11.183227	decode_dense_ms_per_step	0.000000	decode_compose_ms_per_step	0.471559	decode_compose_reduce_ms_per_step	0.086383	decode_compose_copy_ms_per_step	0.246333	decode_compose_final_ms_per_step	0.138843	decode_hc_current_input_ms_per_step	2.507521	decode_final_hc_ms_per_step	0.527544	decode_checksum	7630036138	decode_finite_bad	16384	rc	5	FAIL
tp_ep_token_major_scaffold	steps	1	layers	43	pass_invocations	5	failed_step	0	failed_layer	5	slots	32	ctx	262144	wall_ms	190.369230	FAIL
