CUDA_ARCH=sm_70 make tools/ds4-v100-appliance-pack tests/cuda_v100_turbomind_sidecar_smoke
/usr/local/cuda/bin/nvcc -O3 --use_fast_math -arch=sm_70 -Xcompiler -march=native -Xcompiler -pthread --std=c++17 -Ikernels/turbomind/ggml-turbomind/include -I. -c -o tools/ds4-v100-appliance-pack.o tools/ds4-v100-appliance-pack.cu
/usr/local/cuda/bin/nvcc -O3 --use_fast_math -arch=sm_70 -Xcompiler -march=native -Xcompiler -pthread -o tools/ds4-v100-appliance-pack tools/ds4-v100-appliance-pack.o ds4_pack.o ds4_source_formats.o -lm -Xcompiler -pthread -L/usr/local/cuda/targets/sbsa-linux/lib -L/usr/local/cuda/lib64 -lcudart -lcublas -ldl
/usr/local/cuda/bin/nvcc -O3 --use_fast_math -arch=sm_70 -Xcompiler -march=native -Xcompiler -pthread --std=c++17 -Ikernels/turbomind/ggml-turbomind/include -I. -c -o tests/cuda_v100_turbomind_sidecar_smoke.o tests/cuda_v100_turbomind_sidecar_smoke.cu
/usr/local/cuda/bin/nvcc -O3 --use_fast_math -arch=sm_70 -Xcompiler -march=native -Xcompiler -pthread -c -o ds4_cuda.o ds4_cuda.cu
/usr/local/cuda/bin/nvcc -O3 --use_fast_math -arch=sm_70 -Xcompiler -march=native -Xcompiler -pthread -o tests/cuda_v100_turbomind_sidecar_smoke tests/cuda_v100_turbomind_sidecar_smoke.o ds4_cuda.o ds4_source_formats.o ds4_pack.o ds4_turbomind_pack.o -lm -Xcompiler -pthread -L/usr/local/cuda/targets/sbsa-linux/lib -L/usr/local/cuda/lib64 -lcudart -lcublas -ldl -ldl

./tools/ds4-v100-appliance-pack --index docs/sprints/drafts/SPRINT-003-PACK-INDEX.tsv --source /models/DSv4-Flash-256e-fixed.gguf --out-dir /tmp/ds4-appliance-pack-smoke --layer 0 --expert-limit 2 --skip-non-experts --pack-gpu 0 --lib ./build/turbomind-v100/libggml-turbomind.so
appliance packed blk.0.ffn_down_exps.weight experts=2/256 gpu=0 weight_offset=0 scale_offset=8388608 k_pack=0x341321
appliance packed blk.0.ffn_gate_exps.weight experts=2/256 gpu=0 weight_offset=8912896 scale_offset=17301504 k_pack=0x341321
appliance packed blk.0.ffn_up_exps.weight experts=2/256 gpu=0 weight_offset=17825792 scale_offset=26214400 k_pack=0x341321
ds4-v100-appliance-pack: wrote /tmp/ds4-appliance-pack-smoke source_rows=0 tm_rows=3 skipped_rows=1325 source_bytes=0 tm_weight_bytes=25165824 tm_scale_bytes=1572864
ds4-v100-appliance-pack: gpu0.weights bytes=26738688
ds4-v100-appliance-pack: gpu1.weights bytes=0
ds4-v100-appliance-pack: gpu2.weights bytes=0
ds4-v100-appliance-pack: gpu3.weights bytes=0
ds4-v100-appliance-pack: gpu4.weights bytes=0
ds4-v100-appliance-pack: gpu5.weights bytes=0
ds4-v100-appliance-pack: gpu6.weights bytes=0
ds4-v100-appliance-pack: gpu7.weights bytes=0

./tests/cuda_v100_turbomind_sidecar_smoke --lib ./build/turbomind-v100/libggml-turbomind.so --tm-index /tmp/ds4-appliance-pack-smoke/turbomind-pack-index.tsv --tm-dir /tmp/ds4-appliance-pack-smoke --source-index docs/sprints/drafts/SPRINT-003-PACK-INDEX.tsv --source /models/DSv4-Flash-256e-fixed.gguf --layer 0
ds4: CUDA backend initialized on Tesla V100-SXM2-32GB (sm_70)
cuda_v100_turbomind_sidecar_smoke: layer=0 experts=2 routes=4 sidecar_bytes=26738688 max_abs=5.91128e-07 rel=0.000493098 bad=0 host_ms=0.270
cuda_v100_turbomind_sidecar_smoke: packed_api max_abs=5.91128e-07 rel=0.000493098 bad=0
cuda_v100_turbomind_sidecar_smoke: PASS
