ds4-v100-tp-ep-http-bench: PASS report=/workspace/s603-artifacts/gd-6/sustained_http.tsv json=/workspace/s603-artifacts/gd-6/sustained_http.json
=== bench rc=0
=== summary row:
selected-token	64	64	262144	32	128	4	32	128	8192	8064	69.946076	117.118792	120.480349	164.800668	169.984355	244.624520	0.000000	238.253954	94.295148	49.377361	94.581445	11.143590	36.000000	28768.000000
=== tolerance vs /workspace/s597-phase01-artifacts/phase0-full-control:
pairs=128 ctl_only=0 cand_only=0
batch=1 slot=0 first_ck_step=38 first_tok_step=None
batch=1 slot=1 first_ck_step=38 first_tok_step=None
batch=1 slot=2 first_ck_step=38 first_tok_step=None
batch=1 slot=3 first_ck_step=38 first_tok_step=None
batch=1 slot=4 first_ck_step=38 first_tok_step=None
batch=1 slot=5 first_ck_step=38 first_tok_step=None
batch=1 slot=6 first_ck_step=38 first_tok_step=None
batch=1 slot=7 first_ck_step=38 first_tok_step=None
selected_token_agreement: 0.96875 (124/128)
sequence_agreement: 0.92688 (7593/8192)
first_ck_step histogram: {1: 32, 38: 32, None: 64}
first_tok_step histogram: {1: 19, None: 109}
=== s600/s601/s602 flag lines in server.log:
tp_ep_nccl	devices	8	compose_reduce_scatter	0	attention_output_allgather	0	hc_current_nccl	1	full_current_broadcast	1	transport_sweep	1	PASS
tp_ep_s602_init	transport	kernel	mask	0xff	verify	0	rings	1	delta	1	min_chunk	0	nchannels	1	stage_kib	284	sync	edges	e0	peers	e1	mirror/peers	e2	peers	dense_guard	1	PASS
