ds4-v100-tp-ep-http-bench: PASS report=/workspace/s603-artifacts/ge-3/sustained_http.tsv json=/workspace/s603-artifacts/ge-3/sustained_http.json
=== bench rc=0
=== summary row:
selected-token	64	64	262144	32	128	4	32	128	8192	8064	69.829941	117.313575	120.493160	164.172214	168.991331	232.945305	0.000000	227.285581	90.631660	45.058745	91.595176	11.021552	36.000000	28768.000000
=== tolerance vs /workspace/s597-phase01-artifacts/phase0-full-control:
pairs=128 ctl_only=0 cand_only=0
batch=2 slot=0 first_ck_step=15 first_tok_step=None
batch=2 slot=1 first_ck_step=15 first_tok_step=None
batch=2 slot=2 first_ck_step=15 first_tok_step=None
batch=2 slot=3 first_ck_step=15 first_tok_step=None
batch=2 slot=4 first_ck_step=15 first_tok_step=None
batch=2 slot=5 first_ck_step=15 first_tok_step=None
batch=2 slot=6 first_ck_step=15 first_tok_step=None
batch=2 slot=7 first_ck_step=15 first_tok_step=None
selected_token_agreement: 1.0 (128/128)
sequence_agreement: 1.0 (8192/8192)
first_ck_step histogram: {15: 32, None: 96}
first_tok_step histogram: {None: 128}
=== s600/s601/s602 flag lines in server.log:
tp_ep_nccl	devices	8	compose_reduce_scatter	0	attention_output_allgather	0	hc_current_nccl	1	full_current_broadcast	1	transport_sweep	1	PASS
tp_ep_s602_init	transport	kernel	mask	0xff	verify	0	rings	1	delta	1	min_chunk	0	nchannels	1	stage_kib	284	sync	edges	e0	peers	e1	mirror/peers	e2	peers	PASS
