ds4-v100-tp-ep-http-bench: PASS report=/workspace/s603-artifacts/ge-4/sustained_http.tsv json=/workspace/s603-artifacts/ge-4/sustained_http.json
=== bench rc=0
=== summary row:
selected-token	64	64	262144	32	128	4	32	128	8192	8064	69.800401	117.363222	120.412681	163.662707	168.288254	229.573621	0.000000	224.311644	88.847253	46.170622	89.293769	10.883090	35.000000	28768.000000
=== tolerance vs /workspace/s597-phase01-artifacts/phase0-full-control:
pairs=128 ctl_only=0 cand_only=0
batch=1 slot=0 first_ck_step=26 first_tok_step=26
batch=1 slot=1 first_ck_step=26 first_tok_step=26
batch=1 slot=2 first_ck_step=26 first_tok_step=26
batch=1 slot=3 first_ck_step=26 first_tok_step=26
batch=1 slot=4 first_ck_step=26 first_tok_step=None
batch=1 slot=5 first_ck_step=26 first_tok_step=None
batch=1 slot=6 first_ck_step=26 first_tok_step=None
batch=1 slot=7 first_ck_step=26 first_tok_step=None
selected_token_agreement: 0.929688 (119/128)
sequence_agreement: 0.973877 (7978/8192)
first_ck_step histogram: {26: 32, 58: 32, None: 64}
first_tok_step histogram: {26: 5, 58: 4, None: 119}
=== s600/s601/s602 flag lines in server.log:
tp_ep_nccl	devices	8	compose_reduce_scatter	0	attention_output_allgather	0	hc_current_nccl	1	full_current_broadcast	1	transport_sweep	1	PASS
tp_ep_s602_init	transport	kernel	mask	0xff	verify	0	rings	1	delta	1	min_chunk	0	nchannels	1	stage_kib	284	sync	edges	e0	peers	e1	mirror/peers	e2	peers	PASS
