ds4-v100-tp-ep-http-bench: PASS report=/workspace/s603-artifacts/gj-1/sustained_http.tsv json=/workspace/s603-artifacts/gj-1/sustained_http.json
=== bench rc=0
=== summary row:
selected-token	64	64	262144	32	128	4	32	128	8192	8064	73.987638	110.721199	114.001766	152.068224	156.716356	261.271433	0.000000	241.231931	95.933751	48.986997	96.311183	10.794108	34.000000	28768.000000
=== tolerance vs /workspace/s597-phase01-artifacts/phase0-full-control:
pairs=128 ctl_only=0 cand_only=0
batch=1 slot=0 first_ck_step=42 first_tok_step=42
batch=1 slot=1 first_ck_step=42 first_tok_step=42
batch=1 slot=2 first_ck_step=42 first_tok_step=42
batch=1 slot=3 first_ck_step=42 first_tok_step=42
batch=1 slot=4 first_ck_step=42 first_tok_step=None
batch=1 slot=5 first_ck_step=42 first_tok_step=None
batch=1 slot=6 first_ck_step=42 first_tok_step=None
batch=1 slot=7 first_ck_step=42 first_tok_step=None
selected_token_agreement: 0.882812 (113/128)
sequence_agreement: 0.9646 (7902/8192)
first_ck_step histogram: {42: 32, 52: 32, None: 64}
first_tok_step histogram: {42: 11, 52: 4, None: 113}
=== s600/s601/s602 flag lines in server.log:
tp_ep_nccl	devices	8	compose_reduce_scatter	0	attention_output_allgather	0	hc_current_nccl	1	full_current_broadcast	1	transport_sweep	1	PASS
tp_ep_s602_init	transport	kernel	mask	0xff	verify	0	rings	1	delta	1	min_chunk	0	nchannels	1	stage_kib	284	sync	join	e0	join	e1	join/join	e2	none	dense_guard	1	PASS
