ds4-v100-tp-ep-http-bench: PASS report=/workspace/s603-artifacts/vb-2/sustained_http.tsv json=/workspace/s603-artifacts/vb-2/sustained_http.json
=== bench rc=0
=== summary row:
selected-token	64	64	262144	32	128	4	32	128	8192	8064	70.911241	115.524703	118.718646	159.684584	164.437492	236.245688	0.000000	228.069319	91.193025	45.089910	91.786384	11.121613	35.000000	28768.000000
=== tolerance vs /workspace/s597-phase01-artifacts/phase0-full-control:
pairs=128 ctl_only=0 cand_only=0
batch=4 slot=0 first_ck_step=21 first_tok_step=None
batch=4 slot=1 first_ck_step=21 first_tok_step=None
batch=4 slot=2 first_ck_step=21 first_tok_step=None
batch=4 slot=3 first_ck_step=21 first_tok_step=None
batch=4 slot=4 first_ck_step=21 first_tok_step=None
batch=4 slot=5 first_ck_step=21 first_tok_step=21
batch=4 slot=6 first_ck_step=21 first_tok_step=None
batch=4 slot=7 first_ck_step=21 first_tok_step=21
selected_token_agreement: 0.984375 (126/128)
sequence_agreement: 0.989502 (8106/8192)
first_ck_step histogram: {21: 32, None: 96}
first_tok_step histogram: {21: 2, None: 126}
=== s600/s601/s602 flag lines in server.log:
tp_ep_nccl	devices	8	compose_reduce_scatter	0	attention_output_allgather	0	hc_current_nccl	1	full_current_broadcast	1	transport_sweep	1	PASS
tp_ep_s602_init	transport	kernel	mask	0xff	verify	0	rings	1	delta	1	min_chunk	0	nchannels	1	stage_kib	284	sync	edges	e0	join	e1	mirror/peers	e2	peers	PASS
