==115692== NVPROF is profiling process 115692, command: ./tools/ds4-v100-replay --serve --model /models/DSv4-Flash-256e-fixed.gguf --ctx 262144 --slots 8 --active-microbatch 8 --microbatch-wait-us 50000 --queue-policy sequential --tokens 16 --host 127.0.0.1 --port 18480 --appliance-dir /workspace/ds4-appliance
==115692== Profiling application: ./tools/ds4-v100-replay --serve --model /models/DSv4-Flash-256e-fixed.gguf --ctx 262144 --slots 8 --active-microbatch 8 --microbatch-wait-us 50000 --queue-policy sequential --tokens 16 --host 127.0.0.1 --port 18480 --appliance-dir /workspace/ds4-appliance
==115692== Profiling result:
            Type  Time(%)      Time     Calls       Avg       Min       Max  Name
 GPU activities:   41.67%  812.31ms     12341  65.821us  18.079us  162.50us  arena_f8_e4m3_b128_matmul_rows2_kernel(float*, unsigned char const *, float const *, unsigned int, unsigned int, unsigned int)
                   20.71%  403.76ms      3526  114.51us  69.919us  189.34us  void turbomind::gemm::gemm_kernel<turbomind::gemm::GemmUniversal<turbomind::gemm::Sm70, turbomind::gemm::MainloopSm70<turbomind::gemm::Tiled_MMA_v2<turbomind::gemm::SM70_MMA_884, turbomind::gemm::MMA_Map<int=8, int=128, int=64, int=8, int=32, int=8, turbomind::gemm::Blocked<int=1, int=4, turbomind::gemm::Order>, int=1, bool=0>, turbomind::gemm::Order>, turbomind::gemm::sm70_s884::Operand_A<__half>, turbomind::gemm::IteratorSm70<turbomind::gemm::Striding, turbomind::cache_policy::Default>, turbomind::gemm::Transform_Default, turbomind::gemm::VoidOperand, int=1, turbomind::gemm::sm70_s884::Operand_B_Pack<turbomind::fp4_e2m1_t>, turbomind::gemm::IteratorSm70<turbomind::gemm::Striding, turbomind::cache_policy::Stream>, turbomind::gemm::Transform_HMMA_SIMT_B, turbomind::gemm::sm70_s884::Operand_V_Pack<unsigned char>, int=32, int=2, bool=1>, turbomind::gemm::Epilogue_<__half, int=8, int=128, int=8, int=128, int=128, turbomind::gemm::Rearrange<turbomind::gemm::Tiled_MMA_v2<turbomind::gemm::SM70_MMA_884, turbomind::gemm::MMA_Map<int=8, int=128, int=64, int=8, int=32, int=8, turbomind::gemm::Blocked<int=1, int=4, turbomind::gemm::Order>, int=1, bool=0>, turbomind::gemm::Order>>, turbomind::gemm::sm70_s884::Operand_C<float, turbomind::gemm::Order>, turbomind::gemm::Striding, bool=1>, turbomind::gemm::SchedulerSm70<turbomind::gemm::Order, int=8, int=128, int=64, int=64, int=1, int=0>>, turbomind::gemm::GemmParam, turbomind::gemm::EpilogueParam, turbomind::gemm::SchedulerSm70<turbomind::gemm::Order, int=8, int=128, int=64, int=64, int=1, int=0>>(turbomind::gemm::SM70_MMA_884, int=8, int=128)
                   12.94%  252.29ms      1763  143.10us  138.59us  156.80us  arena_f8_e4m3_b128_matmul_grouped_rows2_ds4_attn_o_kernel(float*, unsigned char const *, float const *, unsigned int)
                    4.90%  95.533ms      3526  27.093us  25.024us  31.104us  matmul_f32_kernel(float*, float const *, float const *, unsigned long, unsigned long, unsigned long)
                    3.20%  62.371ms      3526  17.688us  16.512us  20.960us  rms_norm_plain_kernel(float*, float const *, unsigned int, unsigned int, float)
                    3.11%  60.582ms      1763  34.363us  20.032us  62.591us  attention_decode_mixed_kernel(float*, float const *, float const *, float const *, float const *, float const *, unsigned int, unsigned int, unsigned int, unsigned int, unsigned int, unsigned int, unsigned int, unsigned int, unsigned int, unsigned int, unsigned int)
                    2.72%  53.062ms      3526  15.048us  9.5680us  25.024us  arena_bf16_matmul_kernel(float*, unsigned short const *, float const *, unsigned int, unsigned int, unsigned int)
                    2.56%  49.979ms      7340  6.8090us  2.2710us  13.184us  rms_norm_weight_kernel(float*, float const *, float const *, unsigned int, unsigned int, float)
                    1.58%  30.833ms      3526  8.7440us  8.1270us  10.592us  hc_split_weighted_sum_fused_kernel(float*, float*, float const *, float const *, float const *, float const *, unsigned int, unsigned int, unsigned int, unsigned int, float)
                    1.24%  24.173ms      1763  13.711us  13.119us  16.384us  tm_prefix_offsets_kernel(int*, int*, int const *, unsigned int)
                    1.06%  20.755ms      1763  11.772us  10.944us  13.281us  arena_f32_matmul_kernel(float*, float const *, float const *, unsigned int, unsigned int, unsigned int)
                    0.57%  11.203ms      1763  6.3540us  4.0640us  11.007us  router_select_warp_topk_kernel(int*, float*, float*, float const *, int const *, float const *, int const *, int, unsigned int, unsigned int, int, int)
                    0.54%  10.463ms      3526  2.9670us  2.5600us  4.0630us  hc_expand_kernel(float*, float const *, float const *, float const *, float const *, float const *, unsigned int, unsigned int, unsigned int, unsigned int, unsigned int, int)
                    0.49%  9.4712ms      5577  1.6980us  1.3120us  12.896us  rope_tail_kernel(float*, unsigned int, unsigned int, unsigned int, unsigned int, unsigned int, unsigned int, int, float, float, float, float, float, float)
                    0.34%  6.6759ms      3787  1.7620us  1.3760us  6.8480us  [CUDA memcpy DtoH]
                    0.31%  5.9789ms      1763  3.3910us  3.0720us  13.280us  head_rms_norm_kernel(float*, unsigned int, unsigned int, unsigned int, float)
                    0.30%  5.9273ms      5289  1.1200us     863ns  11.520us  [CUDA memset]
                    0.19%  3.7583ms      1763  2.1310us  1.6950us  3.3600us  compressor_store_kernel(float const *, float const *, float*, float*, void const *, unsigned long, unsigned int, unsigned int, unsigned int, unsigned int, unsigned int)
                    0.19%  3.6946ms      1763  2.0950us  1.8880us  6.1440us  swiglu_kernel(float*, float const *, float const *, unsigned int, float, float)
                    0.19%  3.6623ms      1763  2.0770us  1.7280us  11.616us  add_kernel(float*, float const *, float const *, unsigned int)
                    0.18%  3.5098ms      1763  1.9900us  1.8870us  2.5920us  tm_gather_f32_to_f16_kernel(__half*, float const *, float const * const *, int const *, unsigned int, unsigned int, unsigned int)
                    0.16%  3.2050ms      1763  1.8170us  1.7270us  2.4010us  tm_scatter_routes_kernel(int*, float*, int*, int*, int const *, float const *, unsigned int, unsigned int)
                    0.16%  3.1036ms      1763  1.7600us  1.6630us  2.3360us  tm_scatter_sum_half_to_f32_kernel(float*, __half const *, int const *, unsigned int, unsigned int, unsigned int)
                    0.15%  2.9219ms      1763  1.6570us  1.5040us  9.2470us  tm_swiglu_fused_gate_up_half_kernel(__half*, __half const *, float const *, unsigned int, unsigned int, float)
                    0.13%  2.5656ms      1763  1.4550us  1.3750us  1.6970us  store_raw_kv_batch_kernel(float*, float const *, unsigned int, unsigned int, unsigned int, unsigned int)
                    0.13%  2.5515ms      1763  1.4470us  1.3750us  1.9520us  tm_count_routes_kernel(int*, int*, int const *, unsigned int, unsigned int)
                    0.11%  2.0753ms       261  7.9510us  7.5520us  13.952us  [CUDA memcpy HtoD]
                    0.04%  837.49us       288  2.9070us  1.9200us  4.5760us  compressor_update_pool_kernel(float*, float const *, float const *, unsigned int, unsigned int)
                    0.03%  617.89us       416  1.4850us  1.2470us  1.9200us  fill_f32_kernel(float*, unsigned long, float)
                    0.03%  517.91us       294  1.7610us  1.6310us  2.5920us  embed_token_hc_kernel(float*, unsigned short const *, unsigned int, unsigned int, unsigned int)
                    0.02%  482.29us       288  1.6740us  1.4390us  2.3370us  compressor_shift_ratio4_kernel(float*, float*, unsigned int)
                    0.02%  364.31us       288  1.2640us  1.1520us  1.5040us  f32_f16_round_kernel(float*, unsigned long)
      API calls:   67.79%  1.27627s      3526  361.96us  16.244us  1.8633ms  cudaMemcpy
                   22.50%  423.70ms     74433  5.6920us  3.4170us  856.44us  cudaLaunchKernel
                    3.08%  58.070ms     75829     765ns     364ns  496.77us  cudaSetDevice
                    2.12%  39.904ms       325  122.78us  7.6210us  668.21us  cudaDeviceSynchronize
                    2.06%  38.771ms     81688     474ns     225ns  670.14us  cudaGetDevice
                    1.46%  27.401ms      5289  5.1800us  2.0970us  517.81us  cudaMemset
                    0.93%  17.595ms     74433     236ns     140ns  624.86us  cudaGetLastError
                    0.05%  1.0062ms        33  30.490us  17.312us  269.54us  cudaMemcpyPeer
                    0.00%  20.541us         1  20.541us  20.541us  20.541us  cuDeviceGetCount
==115692== Warning: Some profiling data are not recorded.
