==18663== NVPROF is profiling process 18663, command: ./tools/ds4-v100-replay --model /models/DSv4-Flash-256e-fixed.gguf --appliance-dir /workspace/ds4-appliance-full-tm-s090 --ctx 1048576 --tokens 2 --prompt-file tests/test-vectors/prompts/short_reasoning_plain.txt --expected-token-hex 3136 --cuda-profiler-
==18663== Profiling application: ./tools/ds4-v100-replay --model /models/DSv4-Flash-256e-fixed.gguf --appliance-dir /workspace/ds4-appliance-full-tm-s090 --ctx 1048576 --tokens 2 --prompt-file tests/test-vectors/prompts/short_reasoning_plain.txt --expected-token-hex 3136 --cuda-profiler-
==18663== Profiling result:
            Type  Time(%)      Time     Calls       Avg       Min       Max  Name
 GPU activities:   42.52%  119.30ms      1710  69.764us  19.904us  282.11us  arena_f8_e4m3_b128_matmul_kernel(float*, unsigned char const *, float const *, unsigned int, unsigned int, unsigned int)
                   31.48%  88.325ms       153  577.29us  1.0230us  5.4527ms  [CUDA memcpy HtoD]
                   13.82%  38.783ms       342  113.40us  81.727us  175.26us  void turbomind::gemm::gemm_kernel<turbomind::gemm::GemmUniversal<turbomind::gemm::Sm70, turbomind::gemm::MainloopSm70<turbomind::gemm::Tiled_MMA_v2<turbomind::gemm::SM70_MMA_884, turbomind::gemm::MMA_Map<int=8, int=128, int=64, int=8, int=32, int=8, turbomind::gemm::Blocked<int=1, int=4, turbomind::gemm::Order>, int=1, bool=0>, turbomind::gemm::Order>, turbomind::gemm::sm70_s884::Operand_A<__half>, turbomind::gemm::IteratorSm70<turbomind::gemm::Striding, turbomind::cache_policy::Default>, turbomind::gemm::Transform_Default, turbomind::gemm::VoidOperand, int=1, turbomind::gemm::sm70_s884::Operand_B_Pack<turbomind::fp4_e2m1_t>, turbomind::gemm::IteratorSm70<turbomind::gemm::Striding, turbomind::cache_policy::Stream>, turbomind::gemm::Transform_HMMA_SIMT_B, turbomind::gemm::sm70_s884::Operand_V_Pack<unsigned char>, int=32, int=2, bool=1>, turbomind::gemm::Epilogue_<__half, int=8, int=128, int=8, int=128, int=128, turbomind::gemm::Rearrange<turbomind::gemm::Tiled_MMA_v2<turbomind::gemm::SM70_MMA_884, turbomind::gemm::MMA_Map<int=8, int=128, int=64, int=8, int=32, int=8, turbomind::gemm::Blocked<int=1, int=4, turbomind::gemm::Order>, int=1, bool=0>, turbomind::gemm::Order>>, turbomind::gemm::sm70_s884::Operand_C<float, turbomind::gemm::Order>, turbomind::gemm::Striding, bool=1>, turbomind::gemm::SchedulerSm70<turbomind::gemm::Order, int=8, int=128, int=64, int=64, int=1, int=0>>, turbomind::gemm::GemmParam, turbomind::gemm::EpilogueParam, turbomind::gemm::SchedulerSm70<turbomind::gemm::Order, int=8, int=128, int=64, int=64, int=1, int=0>>(turbomind::gemm::SM70_MMA_884, int=8, int=128)
                    2.34%  6.5762ms       228  28.842us  16.575us  30.943us  matmul_f32_kernel(float*, float const *, float const *, unsigned long, unsigned long, unsigned long)
                    1.64%  4.5989ms       228  20.170us  19.616us  20.928us  rms_norm_plain_kernel(float*, float const *, unsigned int, unsigned int, float)
                    1.39%  3.8933ms       114  34.152us  21.984us  54.880us  attention_decode_mixed_kernel(float*, float const *, float const *, float const *, float const *, float const *, unsigned int, unsigned int, unsigned int, unsigned int, unsigned int, unsigned int, unsigned int, unsigned int, unsigned int, unsigned int, unsigned int)
                    1.31%  3.6844ms       228  16.159us  10.752us  25.120us  arena_bf16_matmul_kernel(float*, unsigned short const *, float const *, unsigned int, unsigned int, unsigned int)
                    1.27%  3.5683ms       472  7.5600us  2.6560us  12.255us  rms_norm_weight_kernel(float*, float const *, float const *, unsigned int, unsigned int, float)
                    0.81%  2.2666ms       228  9.9410us  9.5030us  13.247us  hc_split_weighted_sum_fused_kernel(float*, float*, float const *, float const *, float const *, float const *, unsigned int, unsigned int, unsigned int, unsigned int, float)
                    0.66%  1.8468ms       114  16.200us  16.159us  17.408us  tm_prefix_offsets_kernel(int*, int*, int const *, unsigned int)
                    0.52%  1.4521ms       114  12.737us  12.096us  13.856us  arena_f32_matmul_kernel(float*, float const *, float const *, unsigned int, unsigned int, unsigned int)
                    0.30%  834.84us       475  1.7570us  1.5030us  6.9440us  [CUDA memcpy DtoH]
                    0.29%  804.22us       114  7.0540us  4.6070us  16.160us  router_select_warp_topk_kernel(int*, float*, float*, float const *, int const *, float const *, int const *, int, unsigned int, unsigned int, int, int)
                    0.26%  742.27us       228  3.2550us  2.9760us  12.416us  hc_expand_kernel(float*, float const *, float const *, float const *, float const *, float const *, unsigned int, unsigned int, unsigned int, unsigned int, unsigned int, int)
                    0.25%  698.33us       358  1.9500us  1.5680us  3.2640us  rope_tail_kernel(float*, unsigned int, unsigned int, unsigned int, unsigned int, unsigned int, unsigned int, int, float, float, float, float, float, float)
                    0.16%  447.15us       342  1.3070us  1.0230us  2.2080us  [CUDA memset]
                    0.15%  429.34us       114  3.7660us  3.5190us  4.2240us  head_rms_norm_kernel(float*, unsigned int, unsigned int, unsigned int, float)
                    0.10%  269.54us       114  2.3640us  2.1430us  13.184us  add_kernel(float*, float const *, float const *, unsigned int)
                    0.10%  268.16us       114  2.3520us  2.0150us  3.2960us  compressor_store_kernel(float const *, float const *, float*, float*, void const *, unsigned long, unsigned int, unsigned int, unsigned int, unsigned int, unsigned int)
                    0.09%  262.12us       114  2.2990us  2.2080us  2.7840us  swiglu_kernel(float*, float const *, float const *, unsigned int, float, float)
                    0.09%  260.00us       114  2.2800us  2.2080us  3.3600us  tm_gather_f32_to_f16_kernel(__half*, float const *, float const * const *, int const *, unsigned int, unsigned int, unsigned int)
                    0.08%  238.27us       114  2.0900us  2.0160us  2.4320us  tm_swiglu_half_kernel(__half*, __half const *, __half const *, float const *, unsigned int, unsigned int, float)
                    0.08%  235.93us       114  2.0690us  1.9840us  2.3360us  tm_scatter_routes_kernel(int*, float*, int*, int*, int const *, float const *, unsigned int, unsigned int)
                    0.08%  231.87us       114  2.0330us  1.9830us  2.5590us  tm_scatter_sum_half_to_f32_kernel(float*, __half const *, int const *, unsigned int, unsigned int, unsigned int)
                    0.07%  201.47us       114  1.7670us  1.6310us  12.544us  store_raw_kv_batch_kernel(float*, float const *, unsigned int, unsigned int, unsigned int, unsigned int)
                    0.07%  190.07us       114  1.6670us  1.5990us  2.4320us  tm_count_routes_kernel(int*, int*, int const *, unsigned int, unsigned int)
                    0.02%  52.640us        16  3.2900us  2.3040us  4.7040us  compressor_update_pool_kernel(float*, float const *, float const *, unsigned int, unsigned int)
                    0.01%  41.154us        19  2.1660us  1.9200us  3.9680us  embed_token_hc_kernel(float*, unsigned short const *, unsigned int, unsigned int, unsigned int)
                    0.01%  30.051us        16  1.8780us  1.6960us  2.2720us  compressor_shift_ratio4_kernel(float*, float*, unsigned int)
                    0.01%  23.904us        16  1.4940us  1.4080us  1.7920us  f32_f16_round_kernel(float*, unsigned long)
      API calls:   35.65%  174.53ms      3487  50.052us  2.4500us  23.486ms  cudaFree
                   31.82%  155.74ms         4  38.935ms  35.207ms  47.074ms  cudaMallocHost
                   12.18%  59.606ms       282  211.37us  3.1200us  33.816ms  cudaFuncGetAttributes
                    7.83%  38.320ms       492  77.886us  5.5970us  188.57us  cudaMemcpy
                    5.07%  24.812ms      5685  4.3640us  3.1500us  507.47us  cudaLaunchKernel
                    3.13%  15.333ms      3464  4.4260us  2.2230us  644.48us  cudaMalloc
                    0.82%  3.9949ms      5706     700ns     404ns  1.0320ms  cudaSetDevice
                    0.77%  3.7539ms        83  45.227us  2.4930us  3.2144ms  cudaStreamSynchronize
                    0.66%  3.2469ms      1776  1.8280us     110ns  115.48us  cuDeviceGetAttribute
                    0.43%  2.0897ms      5563     375ns     235ns  354.50us  cudaGetDevice
                    0.33%  1.6197ms        98  16.527us  4.2570us  79.018us  cudaMemcpyAsync
                    0.30%  1.4920ms      5685     262ns     148ns  474.02us  cudaGetLastError
                    0.30%  1.4620ms       342  4.2740us  2.2610us  21.945us  cudaMemset
                    0.21%  1.0263ms         1  1.0263ms  1.0263ms  1.0263ms  cudaGetDeviceProperties
                    0.14%  685.90us        19  36.099us  18.600us  90.311us  cudaMemcpyPeer
                    0.08%  372.43us        22  16.928us     392ns  332.03us  cudaEventCreateWithFlags
                    0.06%  285.07us        98  2.9080us     871ns  22.079us  cudaEventRecord
                    0.05%  225.96us        12  18.830us  7.9240us  56.671us  cudaEventSynchronize
                    0.04%  204.29us       282     724ns     452ns  3.8580us  cudaOccupancyMaxActiveBlocksPerMultiprocessorWithFlags
                    0.04%  188.26us       766     245ns     119ns  3.0770us  cuGetProcAddress
                    0.03%  128.84us        88  1.4640us     456ns  13.708us  cudaFuncSetAttribute
                    0.02%  116.65us        19  6.1390us  3.0510us  16.748us  cudaDeviceSynchronize
                    0.02%  112.94us         1  112.94us  112.94us  112.94us  cudaGetSymbolAddress
                    0.01%  73.232us        16  4.5770us  2.3460us  16.423us  cuDeviceGetName
                    0.01%  42.467us         1  42.467us  42.467us  42.467us  cudaStreamCreateWithFlags
                    0.00%  16.782us         3  5.5940us     155ns  16.375us  cuDeviceGetCount
                    0.00%  7.8690us        16     491ns     139ns  1.6890us  cuDeviceTotalMem
                    0.00%  5.2650us         2  2.6320us     640ns  4.6250us  cudaEventCreate
                    0.00%  5.1000us        16     318ns     246ns     838ns  cudaDeviceGetAttribute
                    0.00%  4.6150us         2  2.3070us  1.2510us  3.3640us  cuInit
                    0.00%  4.0660us        16     254ns     114ns     896ns  cuDeviceGet
                    0.00%  2.7990us        16     174ns     114ns     279ns  cuDeviceGetUuid
                    0.00%     415ns         2     207ns     158ns     257ns  cuModuleGetLoadingMode
                    0.00%     333ns         2     166ns     160ns     173ns  cuDriverGetVersion
