==30221== NVPROF is profiling process 30221, command: ./tools/ds4-v100-replay --serve --model /models/DSv4-Flash-256e-fixed.gguf --ctx 1048576 --slots 4 --active-microbatch 4 --microbatch-wait-us 50000 --queue-policy sequential --tokens 16 --host 127.0.0.1 --port 18154 --appliance-dir /workspace/ds4-applianc
==30221== Profiling application: ./tools/ds4-v100-replay --serve --model /models/DSv4-Flash-256e-fixed.gguf --ctx 1048576 --slots 4 --active-microbatch 4 --microbatch-wait-us 50000 --queue-policy sequential --tokens 16 --host 127.0.0.1 --port 18154 --appliance-dir /workspace/ds4-applianc
==30221== Profiling result:
            Type  Time(%)      Time     Calls       Avg       Min       Max  Name
 GPU activities:   45.83%  528.77ms      5544  95.377us  17.119us  281.12us  arena_f8_e4m3_b128_matmul_kernel(float*, unsigned char const *, float const *, unsigned int, unsigned int, unsigned int)
                   20.66%  238.32ms      2376  100.30us  69.727us  173.28us  void turbomind::gemm::gemm_kernel<turbomind::gemm::GemmUniversal<turbomind::gemm::Sm70, turbomind::gemm::MainloopSm70<turbomind::gemm::Tiled_MMA_v2<turbomind::gemm::SM70_MMA_884, turbomind::gemm::MMA_Map<int=8, int=128, int=64, int=8, int=32, int=8, turbomind::gemm::Blocked<int=1, int=4, turbomind::gemm::Order>, int=1, bool=0>, turbomind::gemm::Order>, turbomind::gemm::sm70_s884::Operand_A<__half>, turbomind::gemm::IteratorSm70<turbomind::gemm::Striding, turbomind::cache_policy::Default>, turbomind::gemm::Transform_Default, turbomind::gemm::VoidOperand, int=1, turbomind::gemm::sm70_s884::Operand_B_Pack<turbomind::fp4_e2m1_t>, turbomind::gemm::IteratorSm70<turbomind::gemm::Striding, turbomind::cache_policy::Stream>, turbomind::gemm::Transform_HMMA_SIMT_B, turbomind::gemm::sm70_s884::Operand_V_Pack<unsigned char>, int=32, int=2, bool=1>, turbomind::gemm::Epilogue_<__half, int=8, int=128, int=8, int=128, int=128, turbomind::gemm::Rearrange<turbomind::gemm::Tiled_MMA_v2<turbomind::gemm::SM70_MMA_884, turbomind::gemm::MMA_Map<int=8, int=128, int=64, int=8, int=32, int=8, turbomind::gemm::Blocked<int=1, int=4, turbomind::gemm::Order>, int=1, bool=0>, turbomind::gemm::Order>>, turbomind::gemm::sm70_s884::Operand_C<float, turbomind::gemm::Order>, turbomind::gemm::Striding, bool=1>, turbomind::gemm::SchedulerSm70<turbomind::gemm::Order, int=8, int=128, int=64, int=64, int=1, int=0>>, turbomind::gemm::GemmParam, turbomind::gemm::EpilogueParam, turbomind::gemm::SchedulerSm70<turbomind::gemm::Order, int=8, int=128, int=64, int=64, int=1, int=0>>(turbomind::gemm::SM70_MMA_884, int=8, int=128)
                   14.50%  167.25ms       792  211.18us  204.64us  238.62us  arena_f8_e4m3_b128_matmul_grouped_kernel(float*, unsigned char const *, float const *, unsigned int, unsigned int, unsigned int, unsigned int)
                    3.71%  42.823ms      1584  27.034us  25.376us  30.911us  matmul_f32_kernel(float*, float const *, float const *, unsigned long, unsigned long, unsigned long)
                    2.42%  27.964ms      1584  17.653us  16.575us  20.863us  rms_norm_plain_kernel(float*, float const *, unsigned int, unsigned int, float)
                    2.35%  27.152ms       792  34.282us  20.000us  56.703us  attention_decode_mixed_kernel(float*, float const *, float const *, float const *, float const *, float const *, unsigned int, unsigned int, unsigned int, unsigned int, unsigned int, unsigned int, unsigned int, unsigned int, unsigned int, unsigned int, unsigned int)
                    2.06%  23.719ms      1584  14.974us  9.5990us  24.704us  arena_bf16_matmul_kernel(float*, unsigned short const *, float const *, unsigned int, unsigned int, unsigned int)
                    1.94%  22.384ms      3296  6.7910us  2.2710us  12.128us  rms_norm_weight_kernel(float*, float const *, float const *, unsigned int, unsigned int, float)
                    1.20%  13.889ms      1584  8.7680us  8.2230us  11.743us  hc_split_weighted_sum_fused_kernel(float*, float*, float const *, float const *, float const *, float const *, unsigned int, unsigned int, unsigned int, unsigned int, float)
                    0.92%  10.626ms       792  13.416us  12.927us  15.776us  tm_prefix_offsets_kernel(int*, int*, int const *, unsigned int)
                    0.81%  9.3056ms       792  11.749us  11.008us  13.792us  arena_f32_matmul_kernel(float*, float const *, float const *, unsigned int, unsigned int, unsigned int)
                    0.52%  6.0495ms      3399  1.7790us  1.3750us  7.1680us  [CUDA memcpy DtoH]
                    0.44%  5.0914ms       792  6.4280us  4.0960us  11.232us  router_select_warp_topk_kernel(int*, float*, float*, float const *, int const *, float const *, int const *, int, unsigned int, unsigned int, int, int)
                    0.41%  4.7002ms      1584  2.9670us  2.5910us  4.0000us  hc_expand_kernel(float*, float const *, float const *, float const *, float const *, float const *, unsigned int, unsigned int, unsigned int, unsigned int, unsigned int, int)
                    0.37%  4.2930ms      2504  1.7140us  1.3120us  4.1600us  rope_tail_kernel(float*, unsigned int, unsigned int, unsigned int, unsigned int, unsigned int, unsigned int, int, float, float, float, float, float, float)
                    0.23%  2.6488ms      2376  1.1140us     895ns  2.9120us  [CUDA memset]
                    0.23%  2.6385ms       792  3.3310us  3.0720us  3.9680us  head_rms_norm_kernel(float*, unsigned int, unsigned int, unsigned int, float)
                    0.16%  1.8464ms       231  7.9930us  7.5190us  17.536us  [CUDA memcpy HtoD]
                    0.14%  1.6629ms       792  2.0990us  1.9190us  5.1840us  swiglu_kernel(float*, float const *, float const *, unsigned int, float, float)
                    0.14%  1.6442ms       792  2.0760us  1.8880us  9.7280us  add_kernel(float*, float const *, float const *, unsigned int)
                    0.14%  1.6344ms       792  2.0630us  1.6950us  3.1040us  compressor_store_kernel(float const *, float const *, float*, float*, void const *, unsigned long, unsigned int, unsigned int, unsigned int, unsigned int, unsigned int)
                    0.14%  1.5720ms       792  1.9840us  1.8880us  2.5920us  tm_gather_f32_to_f16_kernel(__half*, float const *, float const * const *, int const *, unsigned int, unsigned int, unsigned int)
                    0.13%  1.4694ms       792  1.8550us  1.7280us  2.3360us  tm_swiglu_half_kernel(__half*, __half const *, __half const *, float const *, unsigned int, unsigned int, float)
                    0.13%  1.4453ms       792  1.8240us  1.7270us  2.4000us  tm_scatter_routes_kernel(int*, float*, int*, int*, int const *, float const *, unsigned int, unsigned int)
                    0.12%  1.4137ms       792  1.7850us  1.6630us  2.5610us  tm_scatter_sum_half_to_f32_kernel(float*, __half const *, int const *, unsigned int, unsigned int, unsigned int)
                    0.10%  1.1554ms       792  1.4580us  1.3760us  1.7920us  store_raw_kv_batch_kernel(float*, float const *, unsigned int, unsigned int, unsigned int, unsigned int)
                    0.10%  1.1477ms       792  1.4490us  1.3750us  1.8880us  tm_count_routes_kernel(int*, int*, int const *, unsigned int, unsigned int)
                    0.03%  382.88us       128  2.9910us  1.9510us  4.7360us  compressor_update_pool_kernel(float*, float const *, float const *, unsigned int, unsigned int)
                    0.02%  242.21us       132  1.8340us  1.5680us  12.608us  embed_token_hc_kernel(float*, unsigned short const *, unsigned int, unsigned int, unsigned int)
                    0.02%  214.49us       128  1.6750us  1.4400us  2.3040us  compressor_shift_ratio4_kernel(float*, float*, unsigned int)
                    0.01%  171.81us       128  1.3420us  1.1520us  1.9840us  f32_f16_round_kernel(float*, unsigned long)
                    0.01%  154.56us       104  1.4860us  1.2470us  1.8880us  fill_f32_kernel(float*, unsigned long, float)
      API calls:   74.73%  882.43ms      3168  278.54us  13.465us  1.9071ms  cudaMemcpy
                   16.98%  200.52ms     34140  5.8730us  3.5010us  2.0368ms  cudaLaunchKernel
                    2.20%  25.933ms       165  157.17us  9.6910us  278.83us  cudaDeviceSynchronize
                    2.14%  25.251ms     34255     737ns     381ns  691.39us  cudaSetDevice
                    1.41%  16.701ms     37484     445ns     230ns  518.38us  cudaGetDevice
                    1.08%  12.716ms      2376  5.3510us  2.3400us  208.01us  cudaMemset
                    0.75%  8.8537ms        37  239.29us  2.5640us  8.5687ms  cudaFree
                    0.72%  8.4570ms     34140     247ns     131ns  567.95us  cudaGetLastError
                    0.00%  9.4210us         1  9.4210us  9.4210us  9.4210us  cuDeviceGetCount
