dense_compute_tensor	tensor	blk.2.attn_kv_latent.weight	rows_per_gpu	64	cols	4096	slots	32	loaded_bytes	2113536	compute_ms	0.050995	repeat_max_abs	0.000000000	repeat_bad	0	repeat_nan	0	oracle_max_abs	0.000000007	oracle_bad	0	PASS
dense_compute_tensor	tensor	blk.2.attn_output_a.weight	rows_per_gpu	1024	cols	4096	slots	32	loaded_bytes	33816576	compute_ms	0.566170	repeat_max_abs	0.000000000	repeat_bad	0	repeat_nan	0	oracle_max_abs	0.000000007	oracle_bad	0	PASS
dense_compute_tensor	tensor	blk.2.attn_output_b.weight	rows_per_gpu	512	cols	8192	slots	32	loaded_bytes	33816576	compute_ms	0.556134	repeat_max_abs	0.000000000	repeat_bad	0	repeat_nan	0	oracle_max_abs	0.000000015	oracle_bad	0	PASS
dense_compute_tensor	tensor	blk.2.attn_q_a.weight	rows_per_gpu	128	cols	4096	slots	32	loaded_bytes	4227072	compute_ms	0.082125	repeat_max_abs	0.000000000	repeat_bad	0	repeat_nan	0	oracle_max_abs	0.000000007	oracle_bad	0	PASS
dense_compute_tensor	tensor	blk.2.attn_q_b.weight	rows_per_gpu	4096	cols	1024	slots	32	loaded_bytes	33816576	compute_ms	0.654029	repeat_max_abs	0.000000000	repeat_bad	0	repeat_nan	0	oracle_max_abs	0.000000007	oracle_bad	0	PASS
dense_compute_tensor	tensor	blk.2.ffn_down_shexp.weight	rows_per_gpu	512	cols	2048	slots	32	loaded_bytes	8454144	compute_ms	0.153805	repeat_max_abs	0.000000000	repeat_bad	0	repeat_nan	0	oracle_max_abs	0.000000002	oracle_bad	0	PASS
dense_compute_tensor	tensor	blk.2.ffn_gate_shexp.weight	rows_per_gpu	256	cols	4096	slots	32	loaded_bytes	8454144	compute_ms	0.149299	repeat_max_abs	0.000000000	repeat_bad	0	repeat_nan	0	oracle_max_abs	0.000000007	oracle_bad	0	PASS
dense_compute_tensor	tensor	blk.2.ffn_up_shexp.weight	rows_per_gpu	256	cols	4096	slots	32	loaded_bytes	8454144	compute_ms	0.149504	repeat_max_abs	0.000000000	repeat_bad	0	repeat_nan	0	oracle_max_abs	0.000000005	oracle_bad	0	PASS
dense_compute_tensor	tensor	blk.2.indexer.attn_q_b.weight	rows_per_gpu	1024	cols	1024	slots	32	loaded_bytes	8454144	compute_ms	0.169165	repeat_max_abs	0.000000000	repeat_bad	0	repeat_nan	0	oracle_max_abs	0.000000015	oracle_bad	0	PASS
bf16_dense_compute_tensor	tensor	blk.2.attn_compress_gate.weight	rows_per_gpu	128	cols	4096	slots	32	loaded_bytes	8388608	compute_ms	0.047104	repeat_max_abs	0.000000000	repeat_bad	0	repeat_nan	0	oracle_max_abs	0.000000015	oracle_bad	0	PASS
bf16_dense_compute_tensor	tensor	blk.2.attn_compress_kv.weight	rows_per_gpu	128	cols	4096	slots	32	loaded_bytes	8388608	compute_ms	0.047309	repeat_max_abs	0.000000000	repeat_bad	0	repeat_nan	0	oracle_max_abs	0.000000007	oracle_bad	0	PASS
bf16_dense_compute_tensor	tensor	blk.2.indexer.compress_gate.weight	rows_per_gpu	32	cols	4096	slots	32	loaded_bytes	2097152	compute_ms	0.018944	repeat_max_abs	0.000000000	repeat_bad	0	repeat_nan	0	oracle_max_abs	0.000000030	oracle_bad	0	PASS
bf16_dense_compute_tensor	tensor	blk.2.indexer.compress_kv.weight	rows_per_gpu	32	cols	4096	slots	32	loaded_bytes	2097152	compute_ms	0.020582	repeat_max_abs	0.000000000	repeat_bad	0	repeat_nan	0	oracle_max_abs	0.000000007	oracle_bad	0	PASS
bf16_dense_compute_tensor	tensor	blk.2.indexer.proj.weight	rows_per_gpu	8	cols	4096	slots	32	loaded_bytes	524288	compute_ms	0.007987	repeat_max_abs	0.000000000	repeat_bad	0	repeat_nan	0	oracle_max_abs	0.000000119	oracle_bad	0	PASS
rank	0	device	0	routes	24	active_local_experts	6	max_routes_per_expert	6	gate_ms	0.030720	down_ms	0.034406	ep_ms	0.065126	dense_rows	14	control_rows	17	expert_rows	2	kv_rows	2	comp_rows	1	checksum	77641149389
rank	1	device	1	routes	24	active_local_experts	6	max_routes_per_expert	6	gate_ms	0.030208	down_ms	0.034406	ep_ms	0.064614	dense_rows	14	control_rows	17	expert_rows	2	kv_rows	2	comp_rows	1	checksum	78286741324
rank	2	device	2	routes	24	active_local_experts	6	max_routes_per_expert	6	gate_ms	0.029798	down_ms	0.034509	ep_ms	0.064307	dense_rows	14	control_rows	17	expert_rows	2	kv_rows	2	comp_rows	1	checksum	77399707268
rank	3	device	3	routes	24	active_local_experts	6	max_routes_per_expert	6	gate_ms	0.029491	down_ms	0.034509	ep_ms	0.064000	dense_rows	14	control_rows	17	expert_rows	2	kv_rows	2	comp_rows	1	checksum	78653022818
rank	4	device	4	routes	24	active_local_experts	6	max_routes_per_expert	6	gate_ms	0.028979	down_ms	0.034509	ep_ms	0.063488	dense_rows	14	control_rows	17	expert_rows	2	kv_rows	2	comp_rows	1	checksum	81158649301
rank	5	device	5	routes	24	active_local_experts	6	max_routes_per_expert	6	gate_ms	0.028570	down_ms	0.034509	ep_ms	0.063078	dense_rows	14	control_rows	17	expert_rows	2	kv_rows	2	comp_rows	1	checksum	80142569463
rank	6	device	6	routes	24	active_local_experts	6	max_routes_per_expert	6	gate_ms	0.028262	down_ms	0.034509	ep_ms	0.062771	dense_rows	14	control_rows	17	expert_rows	2	kv_rows	2	comp_rows	1	checksum	78819937126
rank	7	device	7	routes	24	active_local_experts	6	max_routes_per_expert	6	gate_ms	0.170189	down_ms	0.084787	ep_ms	0.254976	dense_rows	14	control_rows	17	expert_rows	2	kv_rows	2	comp_rows	1	checksum	80127067312
tp_ep_next_hidden_compose	slots	32	ctx	262144	hidden_shard	512	ep_contribution_bytes	4194304	ep_return_dtype	fp32	ep_return_bytes	4194304	dense_hmma	0	attn_dense_ms	0.555418	shared_dense_ms	0.153702	fused_compose_sum	1	compose_ms	2.274831	checksum	4112649481	finite_bad	0	repeat_max_abs	0.000000000	repeat_bad	0	PASS
tp_ep_decode_loop	steps	50	slots	32	slot_steps	1600	total_ms	81.019276	ms_per_step	1.620386	slot_step_tok_s	19748.386791	dense_hmma	0	ep_ms_per_step	0.309798	dense_ms_per_step	0.753941	fused_compose_sum	1	compose_ms_per_step	0.556571	dense_loaded_bytes	42270720	ep_contribution_bytes	4194304	ep_return_dtype	fp32	ep_return_bytes	4194304	checksum	2382924023	finite_bad	0	PASS
runtime_bytes_per_gpu	hidden	524288	kv	3707940864	comp_state	1803550720	scratch	1610612736	total	7122628608
dense_kv_slice	layer	2	ratio	4	slot	7	position	1024	attn_row	384	indexer_row	256	attn_row_bytes	65	indexer_row_bytes	17	max_abs	0.000000000	dense_kv_ms	0.768956
tp_ep_full_layer_scaffold	slots	32	ctx	262144	top_k	6	layer	2	total_rows	288	dense_rows	112	control_rows	136	expert_rows	16	kv_rows	16	comp_rows	8	dense_loaded_bytes	163102720	control_loaded_bytes	84041408	ep_loaded_bytes	641728512	descriptor_checksum	3434523335	dense_compute_tensor	all_f8	dense_compute_rows_per_gpu	4096	dense_compute_cols	8192	dense_compute_slots	32	dense_compute_loaded_bytes	141606912	dense_compute_ms	0.654029	dense_compute_repeat_max_abs	0.000000000	dense_compute_repeat_bad	0	dense_compute_repeat_nan	0	dense_compute_oracle_max_abs	0.000000015	dense_compute_oracle_bad	0	dense_compute_pass	1	bf16_compute_tensor	all_bf16	bf16_compute_rows_per_gpu	128	bf16_compute_cols	4096	bf16_compute_slots	32	bf16_compute_loaded_bytes	21495808	bf16_compute_ms	0.047309	bf16_compute_repeat_max_abs	0.000000000	bf16_compute_repeat_bad	0	bf16_compute_repeat_nan	0	bf16_compute_oracle_max_abs	0.000000119	bf16_compute_oracle_bad	0	bf16_compute_pass	1	compose_next_hidden	1	compose_ep_contribution_bytes	4194304	compose_ep_return_dtype	fp32	compose_ep_return_bytes	4194304	compose_dense_hmma	0	compose_attn_dense_ms	0.555418	compose_shared_dense_ms	0.153702	compose_fused_sum	1	compose_ms	2.274831	compose_checksum	4112649481	compose_finite_bad	0	compose_repeat_max_abs	0.000000000	compose_repeat_bad	0	compose_pass	1	decode_steps	50	decode_slot_steps	1600	decode_total_ms	81.019276	decode_ms_per_step	1.620386	decode_slot_step_tok_s	19748.386791	decode_dense_hmma	0	decode_ep_ms_per_step	0.309798	decode_dense_ms_per_step	0.753941	decode_fused_compose_sum	1	decode_compose_ms_per_step	0.556571	decode_ep_return_dtype	fp32	decode_ep_return_bytes	4194304	decode_checksum	2382924023	decode_finite_bad	0	decode_pass	1	aggregate_routes	192	dispatch_bytes	1572864	return_bytes	1572864	route_imbalance	1.000000	descriptor_ms	3282.483994	dense_kv_ms	0.768956	worst_gate_ms	0.170189	worst_down_ms	0.084787	worst_ep_ms	0.254976	scaffold_ms	3283.507926	repeat_max_abs	0.000000000	repeat_bad	0	repeat_nan	0	PASS
