tp_ep_all_layer_dense_f16_cache	rows	4096	source_bytes	8640413696	cache_bytes	14451998720	cache_aligned_bytes	14451998720	max_temp_bytes	132382720	cache_ms	7792.877075	PASS
tp_ep_all_layer_turbomind_api_shared	devices	8	PASS
tp_ep_all_layer_rank_buffers_shared	devices	8	core_bytes	3933984	PASS
tp_ep_all_layer_tp_runtime_shared	devices	8	slots	32	ctx	262144	mode	local_per_layer	PASS
tp_ep_all_layer_expert_bindings_shared	layers	43	devices	8	bytes	27594326016	bytes_per_gpu	3449290752	PASS
tp_ep_all_layer_item	layer	0	ratio	0	total_rows	192	dense_rows	64	control_rows	104	expert_rows	16	kv_rows	8	comp_rows	0	decode_ms_per_step	0.917717	decode_slot_step_tok_s	34869.121260	decode_ep_ms_per_step	0.317149	decode_dense_ms_per_step	0.000000	decode_compose_ms_per_step	0.600374	decode_checksum	2089207552	PASS
tp_ep_all_layer_item	layer	1	ratio	0	total_rows	192	dense_rows	64	control_rows	104	expert_rows	16	kv_rows	8	comp_rows	0	decode_ms_per_step	0.909693	decode_slot_step_tok_s	35176.710204	decode_ep_ms_per_step	0.306466	decode_dense_ms_per_step	0.000000	decode_compose_ms_per_step	0.603029	decode_checksum	4285303765	PASS
tp_ep_all_layer_item	layer	2	ratio	4	total_rows	288	dense_rows	112	control_rows	136	expert_rows	16	kv_rows	16	comp_rows	8	decode_ms_per_step	0.876030	decode_slot_step_tok_s	36528.422720	decode_ep_ms_per_step	0.291805	decode_dense_ms_per_step	0.000000	decode_compose_ms_per_step	0.584042	decode_checksum	50639913	PASS
tp_ep_all_layer_item	layer	3	ratio	128	total_rows	232	dense_rows	80	control_rows	120	expert_rows	16	kv_rows	8	comp_rows	8	decode_ms_per_step	0.875048	decode_slot_step_tok_s	36569.440030	decode_ep_ms_per_step	0.289089	decode_dense_ms_per_step	0.000000	decode_compose_ms_per_step	0.585776	decode_checksum	199228706	PASS
tp_ep_all_layer_item	layer	4	ratio	4	total_rows	288	dense_rows	112	control_rows	136	expert_rows	16	kv_rows	16	comp_rows	8	decode_ms_per_step	0.867042	decode_slot_step_tok_s	36907.090759	decode_ep_ms_per_step	0.285290	decode_dense_ms_per_step	0.000000	decode_compose_ms_per_step	0.581568	decode_checksum	92587346	PASS
tp_ep_all_layer_item	layer	5	ratio	128	total_rows	232	dense_rows	80	control_rows	120	expert_rows	16	kv_rows	8	comp_rows	8	decode_ms_per_step	0.874491	decode_slot_step_tok_s	36592.725119	decode_ep_ms_per_step	0.292282	decode_dense_ms_per_step	0.000000	decode_compose_ms_per_step	0.582023	decode_checksum	81917469	PASS
tp_ep_all_layer_item	layer	6	ratio	4	total_rows	288	dense_rows	112	control_rows	136	expert_rows	16	kv_rows	16	comp_rows	8	decode_ms_per_step	0.870714	decode_slot_step_tok_s	36751.426558	decode_ep_ms_per_step	0.288302	decode_dense_ms_per_step	0.000000	decode_compose_ms_per_step	0.582229	decode_checksum	41493907	PASS
tp_ep_all_layer_item	layer	7	ratio	128	total_rows	232	dense_rows	80	control_rows	120	expert_rows	16	kv_rows	8	comp_rows	8	decode_ms_per_step	0.867270	decode_slot_step_tok_s	36897.375347	decode_ep_ms_per_step	0.290745	decode_dense_ms_per_step	0.000000	decode_compose_ms_per_step	0.576346	decode_checksum	4211722188	PASS
tp_ep_all_layer_item	layer	8	ratio	4	total_rows	288	dense_rows	112	control_rows	136	expert_rows	16	kv_rows	16	comp_rows	8	decode_ms_per_step	0.878047	decode_slot_step_tok_s	36444.499253	decode_ep_ms_per_step	0.294918	decode_dense_ms_per_step	0.000000	decode_compose_ms_per_step	0.582946	decode_checksum	2164440608	PASS
tp_ep_all_layer_item	layer	9	ratio	128	total_rows	232	dense_rows	80	control_rows	120	expert_rows	16	kv_rows	8	comp_rows	8	decode_ms_per_step	0.925352	decode_slot_step_tok_s	34581.437199	decode_ep_ms_per_step	0.303713	decode_dense_ms_per_step	0.000000	decode_compose_ms_per_step	0.621448	decode_checksum	22847642	PASS
tp_ep_all_layer_item	layer	10	ratio	4	total_rows	288	dense_rows	112	control_rows	136	expert_rows	16	kv_rows	16	comp_rows	8	decode_ms_per_step	0.879877	decode_slot_step_tok_s	36368.715585	decode_ep_ms_per_step	0.291660	decode_dense_ms_per_step	0.000000	decode_compose_ms_per_step	0.588032	decode_checksum	2076607066	PASS
tp_ep_all_layer_item	layer	11	ratio	128	total_rows	232	dense_rows	80	control_rows	120	expert_rows	16	kv_rows	8	comp_rows	8	decode_ms_per_step	0.881254	decode_slot_step_tok_s	36311.903455	decode_ep_ms_per_step	0.291406	decode_dense_ms_per_step	0.000000	decode_compose_ms_per_step	0.589665	decode_checksum	4156450847	PASS
tp_ep_all_layer_item	layer	12	ratio	4	total_rows	288	dense_rows	112	control_rows	136	expert_rows	16	kv_rows	16	comp_rows	8	decode_ms_per_step	0.876902	decode_slot_step_tok_s	36492.114316	decode_ep_ms_per_step	0.290766	decode_dense_ms_per_step	0.000000	decode_compose_ms_per_step	0.585958	decode_checksum	1305516	PASS
tp_ep_all_layer_item	layer	13	ratio	128	total_rows	232	dense_rows	80	control_rows	120	expert_rows	16	kv_rows	8	comp_rows	8	decode_ms_per_step	0.874132	decode_slot_step_tok_s	36607.745966	decode_ep_ms_per_step	0.291366	decode_dense_ms_per_step	0.000000	decode_compose_ms_per_step	0.582588	decode_checksum	176722357	PASS
tp_ep_all_layer_item	layer	14	ratio	4	total_rows	288	dense_rows	112	control_rows	136	expert_rows	16	kv_rows	16	comp_rows	8	decode_ms_per_step	0.878972	decode_slot_step_tok_s	36406.164556	decode_ep_ms_per_step	0.290614	decode_dense_ms_per_step	0.000000	decode_compose_ms_per_step	0.588182	decode_checksum	2093197595	PASS
tp_ep_all_layer_item	layer	15	ratio	128	total_rows	232	dense_rows	80	control_rows	120	expert_rows	16	kv_rows	8	comp_rows	8	decode_ms_per_step	0.890008	decode_slot_step_tok_s	35954.736223	decode_ep_ms_per_step	0.293643	decode_dense_ms_per_step	0.000000	decode_compose_ms_per_step	0.596181	decode_checksum	2318348388	PASS
tp_ep_all_layer_item	layer	16	ratio	4	total_rows	288	dense_rows	112	control_rows	136	expert_rows	16	kv_rows	16	comp_rows	8	decode_ms_per_step	0.874283	decode_slot_step_tok_s	36601.430032	decode_ep_ms_per_step	0.287811	decode_dense_ms_per_step	0.000000	decode_compose_ms_per_step	0.586289	decode_checksum	2413897862	PASS
tp_ep_all_layer_item	layer	17	ratio	128	total_rows	232	dense_rows	80	control_rows	120	expert_rows	16	kv_rows	8	comp_rows	8	decode_ms_per_step	0.865948	decode_slot_step_tok_s	36953.720938	decode_ep_ms_per_step	0.289894	decode_dense_ms_per_step	0.000000	decode_compose_ms_per_step	0.575882	decode_checksum	4107675936	PASS
tp_ep_all_layer_item	layer	18	ratio	4	total_rows	288	dense_rows	112	control_rows	136	expert_rows	16	kv_rows	16	comp_rows	8	decode_ms_per_step	0.879413	decode_slot_step_tok_s	36387.911235	decode_ep_ms_per_step	0.292620	decode_dense_ms_per_step	0.000000	decode_compose_ms_per_step	0.586619	decode_checksum	37361686	PASS
tp_ep_all_layer_item	layer	19	ratio	128	total_rows	232	dense_rows	80	control_rows	120	expert_rows	16	kv_rows	8	comp_rows	8	decode_ms_per_step	0.882197	decode_slot_step_tok_s	36273.086374	decode_ep_ms_per_step	0.293165	decode_dense_ms_per_step	0.000000	decode_compose_ms_per_step	0.588853	decode_checksum	2212896144	PASS
tp_ep_all_layer_item	layer	20	ratio	4	total_rows	288	dense_rows	112	control_rows	136	expert_rows	16	kv_rows	16	comp_rows	8	decode_ms_per_step	0.963353	decode_slot_step_tok_s	33217.298390	decode_ep_ms_per_step	0.309235	decode_dense_ms_per_step	0.000000	decode_compose_ms_per_step	0.653920	decode_checksum	31300357	PASS
tp_ep_all_layer_item	layer	21	ratio	128	total_rows	232	dense_rows	80	control_rows	120	expert_rows	16	kv_rows	8	comp_rows	8	decode_ms_per_step	0.880495	decode_slot_step_tok_s	36343.211479	decode_ep_ms_per_step	0.292509	decode_dense_ms_per_step	0.000000	decode_compose_ms_per_step	0.587811	decode_checksum	2043177150	PASS
tp_ep_all_layer_item	layer	22	ratio	4	total_rows	288	dense_rows	112	control_rows	136	expert_rows	16	kv_rows	16	comp_rows	8	decode_ms_per_step	0.878775	decode_slot_step_tok_s	36414.346652	decode_ep_ms_per_step	0.292317	decode_dense_ms_per_step	0.000000	decode_compose_ms_per_step	0.586280	decode_checksum	149368565	PASS
tp_ep_all_layer_item	layer	23	ratio	128	total_rows	232	dense_rows	80	control_rows	120	expert_rows	16	kv_rows	8	comp_rows	8	decode_ms_per_step	0.873592	decode_slot_step_tok_s	36630.351946	decode_ep_ms_per_step	0.290772	decode_dense_ms_per_step	0.000000	decode_compose_ms_per_step	0.582643	decode_checksum	4087920758	PASS
tp_ep_all_layer_item	layer	24	ratio	4	total_rows	288	dense_rows	112	control_rows	136	expert_rows	16	kv_rows	16	comp_rows	8	decode_ms_per_step	0.881798	decode_slot_step_tok_s	36289.488691	decode_ep_ms_per_step	0.292662	decode_dense_ms_per_step	0.000000	decode_compose_ms_per_step	0.588958	decode_checksum	2232151951	PASS
tp_ep_all_layer_item	layer	25	ratio	128	total_rows	232	dense_rows	80	control_rows	120	expert_rows	16	kv_rows	8	comp_rows	8	decode_ms_per_step	0.879132	decode_slot_step_tok_s	36399.546999	decode_ep_ms_per_step	0.294287	decode_dense_ms_per_step	0.000000	decode_compose_ms_per_step	0.584676	decode_checksum	2259995728	PASS
tp_ep_all_layer_item	layer	26	ratio	4	total_rows	288	dense_rows	112	control_rows	136	expert_rows	16	kv_rows	16	comp_rows	8	decode_ms_per_step	0.880634	decode_slot_step_tok_s	36337.445324	decode_ep_ms_per_step	0.291765	decode_dense_ms_per_step	0.000000	decode_compose_ms_per_step	0.588701	decode_checksum	4173975789	PASS
tp_ep_all_layer_item	layer	27	ratio	128	total_rows	232	dense_rows	80	control_rows	120	expert_rows	16	kv_rows	8	comp_rows	8	decode_ms_per_step	0.863299	decode_slot_step_tok_s	37067.099141	decode_ep_ms_per_step	0.286325	decode_dense_ms_per_step	0.000000	decode_compose_ms_per_step	0.576804	decode_checksum	1958048886	PASS
tp_ep_all_layer_item	layer	28	ratio	4	total_rows	288	dense_rows	112	control_rows	136	expert_rows	16	kv_rows	16	comp_rows	8	decode_ms_per_step	0.878744	decode_slot_step_tok_s	36415.608057	decode_ep_ms_per_step	0.293940	decode_dense_ms_per_step	0.000000	decode_compose_ms_per_step	0.584633	decode_checksum	12572607	PASS
tp_ep_all_layer_item	layer	29	ratio	128	total_rows	232	dense_rows	80	control_rows	120	expert_rows	16	kv_rows	8	comp_rows	8	decode_ms_per_step	0.886662	decode_slot_step_tok_s	36090.413071	decode_ep_ms_per_step	0.296742	decode_dense_ms_per_step	0.000000	decode_compose_ms_per_step	0.589433	decode_checksum	1939549931	PASS
tp_ep_all_layer_item	layer	30	ratio	4	total_rows	288	dense_rows	112	control_rows	136	expert_rows	16	kv_rows	16	comp_rows	8	decode_ms_per_step	0.868421	decode_slot_step_tok_s	36848.498963	decode_ep_ms_per_step	0.289452	decode_dense_ms_per_step	0.000000	decode_compose_ms_per_step	0.578800	decode_checksum	2245266299	PASS
tp_ep_all_layer_item	layer	31	ratio	128	total_rows	232	dense_rows	80	control_rows	120	expert_rows	16	kv_rows	8	comp_rows	8	decode_ms_per_step	0.881845	decode_slot_step_tok_s	36287.542212	decode_ep_ms_per_step	0.298301	decode_dense_ms_per_step	0.000000	decode_compose_ms_per_step	0.583377	decode_checksum	4092244362	PASS
tp_ep_all_layer_item	layer	32	ratio	4	total_rows	288	dense_rows	112	control_rows	136	expert_rows	16	kv_rows	16	comp_rows	8	decode_ms_per_step	0.871552	decode_slot_step_tok_s	36716.118612	decode_ep_ms_per_step	0.292276	decode_dense_ms_per_step	0.000000	decode_compose_ms_per_step	0.579106	decode_checksum	1929924991	PASS
tp_ep_all_layer_item	layer	33	ratio	128	total_rows	232	dense_rows	80	control_rows	120	expert_rows	16	kv_rows	8	comp_rows	8	decode_ms_per_step	0.870512	decode_slot_step_tok_s	36759.965604	decode_ep_ms_per_step	0.292468	decode_dense_ms_per_step	0.000000	decode_compose_ms_per_step	0.577875	decode_checksum	154974069	PASS
tp_ep_all_layer_item	layer	34	ratio	4	total_rows	288	dense_rows	112	control_rows	136	expert_rows	16	kv_rows	16	comp_rows	8	decode_ms_per_step	0.868680	decode_slot_step_tok_s	36837.485309	decode_ep_ms_per_step	0.291213	decode_dense_ms_per_step	0.000000	decode_compose_ms_per_step	0.577298	decode_checksum	4247159498	PASS
tp_ep_all_layer_item	layer	35	ratio	128	total_rows	232	dense_rows	80	control_rows	120	expert_rows	16	kv_rows	8	comp_rows	8	decode_ms_per_step	0.863271	decode_slot_step_tok_s	37068.334037	decode_ep_ms_per_step	0.292494	decode_dense_ms_per_step	0.000000	decode_compose_ms_per_step	0.570602	decode_checksum	1960134344	PASS
tp_ep_all_layer_item	layer	36	ratio	4	total_rows	288	dense_rows	112	control_rows	136	expert_rows	16	kv_rows	16	comp_rows	8	decode_ms_per_step	0.869379	decode_slot_step_tok_s	36807.892569	decode_ep_ms_per_step	0.295416	decode_dense_ms_per_step	0.000000	decode_compose_ms_per_step	0.573793	decode_checksum	2318643187	PASS
tp_ep_all_layer_item	layer	37	ratio	128	total_rows	232	dense_rows	80	control_rows	120	expert_rows	16	kv_rows	8	comp_rows	8	decode_ms_per_step	0.872053	decode_slot_step_tok_s	36695.032538	decode_ep_ms_per_step	0.293695	decode_dense_ms_per_step	0.000000	decode_compose_ms_per_step	0.578190	decode_checksum	2051082468	PASS
tp_ep_all_layer_item	layer	38	ratio	4	total_rows	288	dense_rows	112	control_rows	136	expert_rows	16	kv_rows	16	comp_rows	8	decode_ms_per_step	0.859882	decode_slot_step_tok_s	37214.403295	decode_ep_ms_per_step	0.286636	decode_dense_ms_per_step	0.000000	decode_compose_ms_per_step	0.573077	decode_checksum	2208797608	PASS
tp_ep_all_layer_item	layer	39	ratio	128	total_rows	232	dense_rows	80	control_rows	120	expert_rows	16	kv_rows	8	comp_rows	8	decode_ms_per_step	0.869914	decode_slot_step_tok_s	36785.232752	decode_ep_ms_per_step	0.290281	decode_dense_ms_per_step	0.000000	decode_compose_ms_per_step	0.579460	decode_checksum	1901862423	PASS
tp_ep_all_layer_item	layer	40	ratio	4	total_rows	288	dense_rows	112	control_rows	136	expert_rows	16	kv_rows	16	comp_rows	8	decode_ms_per_step	0.875153	decode_slot_step_tok_s	36565.019037	decode_ep_ms_per_step	0.291325	decode_dense_ms_per_step	0.000000	decode_compose_ms_per_step	0.583659	decode_checksum	1971716968	PASS
tp_ep_all_layer_item	layer	41	ratio	128	total_rows	232	dense_rows	80	control_rows	120	expert_rows	16	kv_rows	8	comp_rows	8	decode_ms_per_step	0.867742	decode_slot_step_tok_s	36877.319828	decode_ep_ms_per_step	0.294478	decode_dense_ms_per_step	0.000000	decode_compose_ms_per_step	0.573091	decode_checksum	4100126953	PASS
tp_ep_all_layer_item	layer	42	ratio	4	total_rows	288	dense_rows	112	control_rows	136	expert_rows	16	kv_rows	16	comp_rows	8	decode_ms_per_step	0.872990	decode_slot_step_tok_s	36655.652788	decode_ep_ms_per_step	0.290199	decode_dense_ms_per_step	0.000000	decode_compose_ms_per_step	0.582623	decode_checksum	260576764	PASS
tp_ep_all_layer_scaffold	layers	43	pass_layers	43	slots	32	ctx	262144	decode_steps_per_layer	50	descriptor_checks	0	predecode_probes	0	shared_api	1	shared_rank_buffers	1	shared_tp_runtime	0	shared_expert_bindings	1	overlap_ep_dense	1	sum_decode_ms_per_token	37.822268	projected_slot_step_tok_s	846.062424	sum_ep_ms	12.611494	sum_dense_ms	0.000000	sum_compose_ms	25.202841	wall_ms	14077.073508	checksum	204721433	PASS
