tp_ep_all_layer_dense_f16_cache	rows	4096	source_bytes	8640413696	cache_bytes	14451998720	cache_aligned_bytes	14451998720	max_temp_bytes	132382720	cache_ms	7405.830557	PASS
tp_ep_all_layer_turbomind_api_shared	devices	8	PASS
tp_ep_all_layer_rank_buffers_shared	devices	8	core_bytes	3933984	PASS
tp_ep_all_layer_tp_runtime_shared	devices	8	slots	32	ctx	262144	mode	local_per_layer	PASS
tp_ep_all_layer_expert_bindings_shared	layers	43	devices	8	bytes	27594326016	bytes_per_gpu	3449290752	PASS
tp_ep_all_layer_item	layer	0	ratio	0	total_rows	192	dense_rows	64	control_rows	104	expert_rows	16	kv_rows	8	comp_rows	0	decode_ms_per_step	1.215687	decode_slot_step_tok_s	26322.559307	decode_ep_ms_per_step	0.322315	decode_dense_ms_per_step	0.208528	decode_compose_ms_per_step	0.684636	decode_checksum	2089207552	PASS
tp_ep_all_layer_item	layer	1	ratio	0	total_rows	192	dense_rows	64	control_rows	104	expert_rows	16	kv_rows	8	comp_rows	0	decode_ms_per_step	1.205254	decode_slot_step_tok_s	26550.430211	decode_ep_ms_per_step	0.308040	decode_dense_ms_per_step	0.215300	decode_compose_ms_per_step	0.681693	decode_checksum	4285303765	PASS
tp_ep_all_layer_item	layer	2	ratio	4	total_rows	288	dense_rows	112	control_rows	136	expert_rows	16	kv_rows	16	comp_rows	8	decode_ms_per_step	1.161737	decode_slot_step_tok_s	27544.964012	decode_ep_ms_per_step	0.294717	decode_dense_ms_per_step	0.207554	decode_compose_ms_per_step	0.659256	decode_checksum	50639913	PASS
tp_ep_all_layer_item	layer	3	ratio	128	total_rows	232	dense_rows	80	control_rows	120	expert_rows	16	kv_rows	8	comp_rows	8	decode_ms_per_step	1.166006	decode_slot_step_tok_s	27444.119228	decode_ep_ms_per_step	0.293595	decode_dense_ms_per_step	0.208226	decode_compose_ms_per_step	0.663969	decode_checksum	199228706	PASS
tp_ep_all_layer_item	layer	4	ratio	4	total_rows	288	dense_rows	112	control_rows	136	expert_rows	16	kv_rows	16	comp_rows	8	decode_ms_per_step	1.139452	decode_slot_step_tok_s	28083.673832	decode_ep_ms_per_step	0.290478	decode_dense_ms_per_step	0.201597	decode_compose_ms_per_step	0.647173	decode_checksum	92587346	PASS
tp_ep_all_layer_item	layer	5	ratio	128	total_rows	232	dense_rows	80	control_rows	120	expert_rows	16	kv_rows	8	comp_rows	8	decode_ms_per_step	1.137666	decode_slot_step_tok_s	28127.764322	decode_ep_ms_per_step	0.292863	decode_dense_ms_per_step	0.198218	decode_compose_ms_per_step	0.646374	decode_checksum	81917469	PASS
tp_ep_all_layer_item	layer	6	ratio	4	total_rows	288	dense_rows	112	control_rows	136	expert_rows	16	kv_rows	16	comp_rows	8	decode_ms_per_step	1.158970	decode_slot_step_tok_s	27610.715691	decode_ep_ms_per_step	0.298440	decode_dense_ms_per_step	0.203552	decode_compose_ms_per_step	0.656760	decode_checksum	41493907	PASS
tp_ep_all_layer_item	layer	7	ratio	128	total_rows	232	dense_rows	80	control_rows	120	expert_rows	16	kv_rows	8	comp_rows	8	decode_ms_per_step	1.139023	decode_slot_step_tok_s	28094.263559	decode_ep_ms_per_step	0.294678	decode_dense_ms_per_step	0.197536	decode_compose_ms_per_step	0.646596	decode_checksum	4211722188	PASS
tp_ep_all_layer_item	layer	8	ratio	4	total_rows	288	dense_rows	112	control_rows	136	expert_rows	16	kv_rows	16	comp_rows	8	decode_ms_per_step	1.185603	decode_slot_step_tok_s	26990.482734	decode_ep_ms_per_step	0.297429	decode_dense_ms_per_step	0.213028	decode_compose_ms_per_step	0.674919	decode_checksum	2164440608	PASS
tp_ep_all_layer_item	layer	9	ratio	128	total_rows	232	dense_rows	80	control_rows	120	expert_rows	16	kv_rows	8	comp_rows	8	decode_ms_per_step	1.148357	decode_slot_step_tok_s	27865.907581	decode_ep_ms_per_step	0.294470	decode_dense_ms_per_step	0.202576	decode_compose_ms_per_step	0.651099	decode_checksum	22847642	PASS
tp_ep_all_layer_item	layer	10	ratio	4	total_rows	288	dense_rows	112	control_rows	136	expert_rows	16	kv_rows	16	comp_rows	8	decode_ms_per_step	1.162335	decode_slot_step_tok_s	27530.783632	decode_ep_ms_per_step	0.300237	decode_dense_ms_per_step	0.206071	decode_compose_ms_per_step	0.655812	decode_checksum	2076607066	PASS
tp_ep_all_layer_item	layer	11	ratio	128	total_rows	232	dense_rows	80	control_rows	120	expert_rows	16	kv_rows	8	comp_rows	8	decode_ms_per_step	1.224159	decode_slot_step_tok_s	26140.386620	decode_ep_ms_per_step	0.306697	decode_dense_ms_per_step	0.222211	decode_compose_ms_per_step	0.695024	decode_checksum	4156450847	PASS
tp_ep_all_layer_item	layer	12	ratio	4	total_rows	288	dense_rows	112	control_rows	136	expert_rows	16	kv_rows	16	comp_rows	8	decode_ms_per_step	1.151916	decode_slot_step_tok_s	27779.813517	decode_ep_ms_per_step	0.290280	decode_dense_ms_per_step	0.207139	decode_compose_ms_per_step	0.654289	decode_checksum	1305516	PASS
tp_ep_all_layer_item	layer	13	ratio	128	total_rows	232	dense_rows	80	control_rows	120	expert_rows	16	kv_rows	8	comp_rows	8	decode_ms_per_step	1.168338	decode_slot_step_tok_s	27389.327218	decode_ep_ms_per_step	0.294454	decode_dense_ms_per_step	0.208153	decode_compose_ms_per_step	0.665512	decode_checksum	176722357	PASS
tp_ep_all_layer_item	layer	14	ratio	4	total_rows	288	dense_rows	112	control_rows	136	expert_rows	16	kv_rows	16	comp_rows	8	decode_ms_per_step	1.192749	decode_slot_step_tok_s	26828.789014	decode_ep_ms_per_step	0.301396	decode_dense_ms_per_step	0.214422	decode_compose_ms_per_step	0.676710	decode_checksum	2093197595	PASS
tp_ep_all_layer_item	layer	15	ratio	128	total_rows	232	dense_rows	80	control_rows	120	expert_rows	16	kv_rows	8	comp_rows	8	decode_ms_per_step	1.159355	decode_slot_step_tok_s	27601.552408	decode_ep_ms_per_step	0.292522	decode_dense_ms_per_step	0.205768	decode_compose_ms_per_step	0.660852	decode_checksum	2318348388	PASS
tp_ep_all_layer_item	layer	16	ratio	4	total_rows	288	dense_rows	112	control_rows	136	expert_rows	16	kv_rows	16	comp_rows	8	decode_ms_per_step	1.174457	decode_slot_step_tok_s	27246.643256	decode_ep_ms_per_step	0.296737	decode_dense_ms_per_step	0.207972	decode_compose_ms_per_step	0.669536	decode_checksum	2413897862	PASS
tp_ep_all_layer_item	layer	17	ratio	128	total_rows	232	dense_rows	80	control_rows	120	expert_rows	16	kv_rows	8	comp_rows	8	decode_ms_per_step	1.222154	decode_slot_step_tok_s	26183.285684	decode_ep_ms_per_step	0.305262	decode_dense_ms_per_step	0.222327	decode_compose_ms_per_step	0.694338	decode_checksum	4107675936	PASS
tp_ep_all_layer_item	layer	18	ratio	4	total_rows	288	dense_rows	112	control_rows	136	expert_rows	16	kv_rows	16	comp_rows	8	decode_ms_per_step	1.159655	decode_slot_step_tok_s	27594.406717	decode_ep_ms_per_step	0.296206	decode_dense_ms_per_step	0.206343	decode_compose_ms_per_step	0.656903	decode_checksum	37361686	PASS
tp_ep_all_layer_item	layer	19	ratio	128	total_rows	232	dense_rows	80	control_rows	120	expert_rows	16	kv_rows	8	comp_rows	8	decode_ms_per_step	1.145449	decode_slot_step_tok_s	27936.637332	decode_ep_ms_per_step	0.288547	decode_dense_ms_per_step	0.205692	decode_compose_ms_per_step	0.651001	decode_checksum	2212896144	PASS
tp_ep_all_layer_item	layer	20	ratio	4	total_rows	288	dense_rows	112	control_rows	136	expert_rows	16	kv_rows	16	comp_rows	8	decode_ms_per_step	1.151406	decode_slot_step_tok_s	27792.114842	decode_ep_ms_per_step	0.296342	decode_dense_ms_per_step	0.205711	decode_compose_ms_per_step	0.649143	decode_checksum	31300357	PASS
tp_ep_all_layer_item	layer	21	ratio	128	total_rows	232	dense_rows	80	control_rows	120	expert_rows	16	kv_rows	8	comp_rows	8	decode_ms_per_step	1.149821	decode_slot_step_tok_s	27830.429956	decode_ep_ms_per_step	0.299052	decode_dense_ms_per_step	0.201447	decode_compose_ms_per_step	0.649112	decode_checksum	2043177150	PASS
tp_ep_all_layer_item	layer	22	ratio	4	total_rows	288	dense_rows	112	control_rows	136	expert_rows	16	kv_rows	16	comp_rows	8	decode_ms_per_step	1.162242	decode_slot_step_tok_s	27532.995585	decode_ep_ms_per_step	0.293247	decode_dense_ms_per_step	0.208409	decode_compose_ms_per_step	0.660372	decode_checksum	149368565	PASS
tp_ep_all_layer_item	layer	23	ratio	128	total_rows	232	dense_rows	80	control_rows	120	expert_rows	16	kv_rows	8	comp_rows	8	decode_ms_per_step	1.151053	decode_slot_step_tok_s	27800.625452	decode_ep_ms_per_step	0.293890	decode_dense_ms_per_step	0.200751	decode_compose_ms_per_step	0.656203	decode_checksum	4087920758	PASS
tp_ep_all_layer_item	layer	24	ratio	4	total_rows	288	dense_rows	112	control_rows	136	expert_rows	16	kv_rows	16	comp_rows	8	decode_ms_per_step	1.141470	decode_slot_step_tok_s	28034.016967	decode_ep_ms_per_step	0.293593	decode_dense_ms_per_step	0.200241	decode_compose_ms_per_step	0.647427	decode_checksum	2232151951	PASS
tp_ep_all_layer_item	layer	25	ratio	128	total_rows	232	dense_rows	80	control_rows	120	expert_rows	16	kv_rows	8	comp_rows	8	decode_ms_per_step	1.142447	decode_slot_step_tok_s	28010.054559	decode_ep_ms_per_step	0.296254	decode_dense_ms_per_step	0.198242	decode_compose_ms_per_step	0.647749	decode_checksum	2259995728	PASS
tp_ep_all_layer_item	layer	26	ratio	4	total_rows	288	dense_rows	112	control_rows	136	expert_rows	16	kv_rows	16	comp_rows	8	decode_ms_per_step	1.158197	decode_slot_step_tok_s	27629.139244	decode_ep_ms_per_step	0.291108	decode_dense_ms_per_step	0.198915	decode_compose_ms_per_step	0.667978	decode_checksum	4173975789	PASS
tp_ep_all_layer_item	layer	27	ratio	128	total_rows	232	dense_rows	80	control_rows	120	expert_rows	16	kv_rows	8	comp_rows	8	decode_ms_per_step	1.135592	decode_slot_step_tok_s	28179.125826	decode_ep_ms_per_step	0.296008	decode_dense_ms_per_step	0.198298	decode_compose_ms_per_step	0.641078	decode_checksum	1958048886	PASS
tp_ep_all_layer_item	layer	28	ratio	4	total_rows	288	dense_rows	112	control_rows	136	expert_rows	16	kv_rows	16	comp_rows	8	decode_ms_per_step	1.151492	decode_slot_step_tok_s	27790.025170	decode_ep_ms_per_step	0.298082	decode_dense_ms_per_step	0.202723	decode_compose_ms_per_step	0.650472	decode_checksum	12572607	PASS
tp_ep_all_layer_item	layer	29	ratio	128	total_rows	232	dense_rows	80	control_rows	120	expert_rows	16	kv_rows	8	comp_rows	8	decode_ms_per_step	1.150718	decode_slot_step_tok_s	27808.715457	decode_ep_ms_per_step	0.295767	decode_dense_ms_per_step	0.203591	decode_compose_ms_per_step	0.651151	decode_checksum	1939549931	PASS
tp_ep_all_layer_item	layer	30	ratio	4	total_rows	288	dense_rows	112	control_rows	136	expert_rows	16	kv_rows	16	comp_rows	8	decode_ms_per_step	1.131758	decode_slot_step_tok_s	28274.583814	decode_ep_ms_per_step	0.290594	decode_dense_ms_per_step	0.201042	decode_compose_ms_per_step	0.639911	decode_checksum	2245266299	PASS
tp_ep_all_layer_item	layer	31	ratio	128	total_rows	232	dense_rows	80	control_rows	120	expert_rows	16	kv_rows	8	comp_rows	8	decode_ms_per_step	1.139000	decode_slot_step_tok_s	28094.819031	decode_ep_ms_per_step	0.299441	decode_dense_ms_per_step	0.198457	decode_compose_ms_per_step	0.640896	decode_checksum	4092244362	PASS
tp_ep_all_layer_item	layer	32	ratio	4	total_rows	288	dense_rows	112	control_rows	136	expert_rows	16	kv_rows	16	comp_rows	8	decode_ms_per_step	1.128457	decode_slot_step_tok_s	28357.303585	decode_ep_ms_per_step	0.293667	decode_dense_ms_per_step	0.196212	decode_compose_ms_per_step	0.638374	decode_checksum	1929924991	PASS
tp_ep_all_layer_item	layer	33	ratio	128	total_rows	232	dense_rows	80	control_rows	120	expert_rows	16	kv_rows	8	comp_rows	8	decode_ms_per_step	1.123670	decode_slot_step_tok_s	28478.103284	decode_ep_ms_per_step	0.291514	decode_dense_ms_per_step	0.196647	decode_compose_ms_per_step	0.635308	decode_checksum	154974069	PASS
tp_ep_all_layer_item	layer	34	ratio	4	total_rows	288	dense_rows	112	control_rows	136	expert_rows	16	kv_rows	16	comp_rows	8	decode_ms_per_step	1.163442	decode_slot_step_tok_s	27504.604056	decode_ep_ms_per_step	0.295767	decode_dense_ms_per_step	0.215496	decode_compose_ms_per_step	0.651968	decode_checksum	4247159498	PASS
tp_ep_all_layer_item	layer	35	ratio	128	total_rows	232	dense_rows	80	control_rows	120	expert_rows	16	kv_rows	8	comp_rows	8	decode_ms_per_step	1.771732	decode_slot_step_tok_s	18061.426664	decode_ep_ms_per_step	0.342192	decode_dense_ms_per_step	0.371257	decode_compose_ms_per_step	1.058082	decode_checksum	1960134344	PASS
tp_ep_all_layer_item	layer	36	ratio	4	total_rows	288	dense_rows	112	control_rows	136	expert_rows	16	kv_rows	16	comp_rows	8	decode_ms_per_step	1.499909	decode_slot_step_tok_s	21334.629056	decode_ep_ms_per_step	0.328772	decode_dense_ms_per_step	0.290272	decode_compose_ms_per_step	0.880648	decode_checksum	2318643187	PASS
tp_ep_all_layer_item	layer	37	ratio	128	total_rows	232	dense_rows	80	control_rows	120	expert_rows	16	kv_rows	8	comp_rows	8	decode_ms_per_step	1.137803	decode_slot_step_tok_s	28124.364675	decode_ep_ms_per_step	0.296827	decode_dense_ms_per_step	0.197129	decode_compose_ms_per_step	0.643639	decode_checksum	2051082468	PASS
tp_ep_all_layer_item	layer	38	ratio	4	total_rows	288	dense_rows	112	control_rows	136	expert_rows	16	kv_rows	16	comp_rows	8	decode_ms_per_step	1.147069	decode_slot_step_tok_s	27897.189859	decode_ep_ms_per_step	0.297367	decode_dense_ms_per_step	0.200919	decode_compose_ms_per_step	0.648570	decode_checksum	2208797608	PASS
tp_ep_all_layer_item	layer	39	ratio	128	total_rows	232	dense_rows	80	control_rows	120	expert_rows	16	kv_rows	8	comp_rows	8	decode_ms_per_step	1.132434	decode_slot_step_tok_s	28257.717448	decode_ep_ms_per_step	0.295678	decode_dense_ms_per_step	0.197519	decode_compose_ms_per_step	0.639033	decode_checksum	1901862423	PASS
tp_ep_all_layer_item	layer	40	ratio	4	total_rows	288	dense_rows	112	control_rows	136	expert_rows	16	kv_rows	16	comp_rows	8	decode_ms_per_step	1.136976	decode_slot_step_tok_s	28144.822916	decode_ep_ms_per_step	0.296595	decode_dense_ms_per_step	0.197849	decode_compose_ms_per_step	0.642327	decode_checksum	1971716968	PASS
tp_ep_all_layer_item	layer	41	ratio	128	total_rows	232	dense_rows	80	control_rows	120	expert_rows	16	kv_rows	8	comp_rows	8	decode_ms_per_step	1.138721	decode_slot_step_tok_s	28101.694200	decode_ep_ms_per_step	0.294256	decode_dense_ms_per_step	0.200616	decode_compose_ms_per_step	0.643644	decode_checksum	4100126953	PASS
tp_ep_all_layer_item	layer	42	ratio	4	total_rows	288	dense_rows	112	control_rows	136	expert_rows	16	kv_rows	16	comp_rows	8	decode_ms_per_step	1.127468	decode_slot_step_tok_s	28382.175717	decode_ep_ms_per_step	0.294519	decode_dense_ms_per_step	0.198551	decode_compose_ms_per_step	0.634198	decode_checksum	260576764	PASS
tp_ep_all_layer_scaffold	layers	43	pass_layers	43	slots	32	ctx	262144	decode_steps_per_layer	50	descriptor_checks	0	predecode_probes	0	shared_api	1	shared_rank_buffers	1	shared_tp_runtime	0	shared_expert_bindings	1	overlap_ep_dense	0	sum_decode_ms_per_token	50.691201	projected_slot_step_tok_s	631.273270	sum_ep_ms	12.829893	sum_dense_ms	9.042506	sum_compose_ms	28.809735	wall_ms	15373.979849	checksum	204721433	PASS
