tp_ep_all_layer_dense_f16_cache	rows	4096	source_bytes	8640413696	cache_bytes	14451998720	cache_aligned_bytes	14451998720	max_temp_bytes	132382720	cache_ms	7648.483926	PASS
tp_ep_all_layer_turbomind_api_shared	devices	8	PASS
tp_ep_all_layer_rank_buffers_shared	devices	8	core_bytes	3933984	PASS
tp_ep_all_layer_tp_runtime_shared	devices	8	slots	32	ctx	262144	mode	local_per_layer	PASS
tp_ep_all_layer_expert_bindings_shared	layers	43	devices	8	bytes	27594326016	bytes_per_gpu	3449290752	PASS
tp_ep_token_major_item	step	0	layer	0	ratio	0	decode_ms_per_step	40.153367	decode_slot_step_tok_s	796.944376	decode_ep_ms_per_step	39.061827	decode_dense_ms_per_step	0.000000	decode_compose_ms_per_step	1.078944	decode_checksum	2089207552	PASS
tp_ep_token_major_item	step	0	layer	1	ratio	0	decode_ms_per_step	0.846716	decode_slot_step_tok_s	37793.073474	decode_ep_ms_per_step	0.344226	decode_dense_ms_per_step	0.000000	decode_compose_ms_per_step	0.502118	decode_checksum	4285303765	PASS
tp_ep_token_major_item	step	0	layer	2	ratio	4	decode_ms_per_step	1.146785	decode_slot_step_tok_s	27904.097106	decode_ep_ms_per_step	0.475854	decode_dense_ms_per_step	0.000000	decode_compose_ms_per_step	0.670562	decode_checksum	50639913	PASS
tp_ep_token_major_item	step	0	layer	3	ratio	128	decode_ms_per_step	0.826829	decode_slot_step_tok_s	38702.077455	decode_ep_ms_per_step	0.356821	decode_dense_ms_per_step	0.000000	decode_compose_ms_per_step	0.469578	decode_checksum	199228706	PASS
tp_ep_token_major_item	step	0	layer	4	ratio	4	decode_ms_per_step	0.815957	decode_slot_step_tok_s	39217.752896	decode_ep_ms_per_step	0.345265	decode_dense_ms_per_step	0.000000	decode_compose_ms_per_step	0.470349	decode_checksum	92587346	PASS
tp_ep_token_major_item	step	0	layer	5	ratio	128	decode_ms_per_step	0.893395	decode_slot_step_tok_s	35818.422982	decode_ep_ms_per_step	0.337623	decode_dense_ms_per_step	0.000000	decode_compose_ms_per_step	0.555344	decode_checksum	81917469	PASS
tp_ep_token_major_item	step	0	layer	6	ratio	4	decode_ms_per_step	0.956721	decode_slot_step_tok_s	33447.577716	decode_ep_ms_per_step	0.352090	decode_dense_ms_per_step	0.000000	decode_compose_ms_per_step	0.604194	decode_checksum	41493907	PASS
tp_ep_token_major_item	step	0	layer	7	ratio	128	decode_ms_per_step	0.933918	decode_slot_step_tok_s	34264.250180	decode_ep_ms_per_step	0.368457	decode_dense_ms_per_step	0.000000	decode_compose_ms_per_step	0.565079	decode_checksum	4211722188	PASS
tp_ep_token_major_item	step	0	layer	8	ratio	4	decode_ms_per_step	0.837409	decode_slot_step_tok_s	38213.107335	decode_ep_ms_per_step	0.342876	decode_dense_ms_per_step	0.000000	decode_compose_ms_per_step	0.494279	decode_checksum	2164440608	PASS
tp_ep_token_major_item	step	0	layer	9	ratio	128	decode_ms_per_step	0.824227	decode_slot_step_tok_s	38824.255939	decode_ep_ms_per_step	0.359205	decode_dense_ms_per_step	0.000000	decode_compose_ms_per_step	0.464738	decode_checksum	22847642	PASS
tp_ep_token_major_item	step	0	layer	10	ratio	4	decode_ms_per_step	0.813098	decode_slot_step_tok_s	39355.649626	decode_ep_ms_per_step	0.346486	decode_dense_ms_per_step	0.000000	decode_compose_ms_per_step	0.466225	decode_checksum	2076607066	PASS
tp_ep_token_major_item	step	0	layer	11	ratio	128	decode_ms_per_step	0.904707	decode_slot_step_tok_s	35370.567488	decode_ep_ms_per_step	0.345060	decode_dense_ms_per_step	0.000000	decode_compose_ms_per_step	0.559385	decode_checksum	4156450847	PASS
tp_ep_token_major_item	step	0	layer	12	ratio	4	decode_ms_per_step	0.931699	decode_slot_step_tok_s	34345.856333	decode_ep_ms_per_step	0.338922	decode_dense_ms_per_step	0.000000	decode_compose_ms_per_step	0.592384	decode_checksum	1305516	PASS
tp_ep_token_major_item	step	0	layer	13	ratio	128	decode_ms_per_step	0.837684	decode_slot_step_tok_s	38200.562503	decode_ep_ms_per_step	0.354798	decode_dense_ms_per_step	0.000000	decode_compose_ms_per_step	0.482456	decode_checksum	176722357	PASS
tp_ep_token_major_item	step	0	layer	14	ratio	4	decode_ms_per_step	0.864718	decode_slot_step_tok_s	37006.284130	decode_ep_ms_per_step	0.342584	decode_dense_ms_per_step	0.000000	decode_compose_ms_per_step	0.521774	decode_checksum	2093197595	PASS
tp_ep_token_major_item	step	0	layer	15	ratio	128	decode_ms_per_step	0.903830	decode_slot_step_tok_s	35404.888087	decode_ep_ms_per_step	0.350832	decode_dense_ms_per_step	0.000000	decode_compose_ms_per_step	0.552693	decode_checksum	2318348388	PASS
tp_ep_token_major_item	step	0	layer	16	ratio	4	decode_ms_per_step	0.949464	decode_slot_step_tok_s	33703.226241	decode_ep_ms_per_step	0.340691	decode_dense_ms_per_step	0.000000	decode_compose_ms_per_step	0.608502	decode_checksum	2413897862	PASS
tp_ep_token_major_item	step	0	layer	17	ratio	128	decode_ms_per_step	0.964897	decode_slot_step_tok_s	33164.161563	decode_ep_ms_per_step	0.348891	decode_dense_ms_per_step	0.000000	decode_compose_ms_per_step	0.615764	decode_checksum	4107675936	PASS
tp_ep_token_major_item	step	0	layer	18	ratio	4	decode_ms_per_step	1.092832	decode_slot_step_tok_s	29281.719423	decode_ep_ms_per_step	0.431464	decode_dense_ms_per_step	0.000000	decode_compose_ms_per_step	0.661117	decode_checksum	37361686	PASS
tp_ep_token_major_item	step	0	layer	19	ratio	128	decode_ms_per_step	0.822882	decode_slot_step_tok_s	38887.714156	decode_ep_ms_per_step	0.342331	decode_dense_ms_per_step	0.000000	decode_compose_ms_per_step	0.480247	decode_checksum	2212896144	PASS
tp_ep_token_major_item	step	0	layer	20	ratio	4	decode_ms_per_step	0.822942	decode_slot_step_tok_s	38884.878886	decode_ep_ms_per_step	0.336137	decode_dense_ms_per_step	0.000000	decode_compose_ms_per_step	0.486509	decode_checksum	31300357	PASS
tp_ep_token_major_item	step	0	layer	21	ratio	128	decode_ms_per_step	0.857316	decode_slot_step_tok_s	37325.793523	decode_ep_ms_per_step	0.356278	decode_dense_ms_per_step	0.000000	decode_compose_ms_per_step	0.500679	decode_checksum	2043177150	PASS
tp_ep_token_major_item	step	0	layer	22	ratio	4	decode_ms_per_step	0.794238	decode_slot_step_tok_s	40290.190094	decode_ep_ms_per_step	0.340116	decode_dense_ms_per_step	0.000000	decode_compose_ms_per_step	0.453880	decode_checksum	149368565	PASS
tp_ep_token_major_item	step	0	layer	23	ratio	128	decode_ms_per_step	0.845857	decode_slot_step_tok_s	37831.453780	decode_ep_ms_per_step	0.366789	decode_dense_ms_per_step	0.000000	decode_compose_ms_per_step	0.478610	decode_checksum	4087920758	PASS
tp_ep_token_major_item	step	0	layer	24	ratio	4	decode_ms_per_step	0.897794	decode_slot_step_tok_s	35642.920314	decode_ep_ms_per_step	0.352213	decode_dense_ms_per_step	0.000000	decode_compose_ms_per_step	0.545223	decode_checksum	2232151951	PASS
tp_ep_token_major_item	step	0	layer	25	ratio	128	decode_ms_per_step	0.854398	decode_slot_step_tok_s	37453.271192	decode_ep_ms_per_step	0.358502	decode_dense_ms_per_step	0.000000	decode_compose_ms_per_step	0.495335	decode_checksum	2259995728	PASS
tp_ep_token_major_item	step	0	layer	26	ratio	4	decode_ms_per_step	0.937990	decode_slot_step_tok_s	34115.502297	decode_ep_ms_per_step	0.356708	decode_dense_ms_per_step	0.000000	decode_compose_ms_per_step	0.580914	decode_checksum	4173975789	PASS
tp_ep_token_major_item	step	0	layer	27	ratio	128	decode_ms_per_step	0.853389	decode_slot_step_tok_s	37497.553871	decode_ep_ms_per_step	0.395340	decode_dense_ms_per_step	0.000000	decode_compose_ms_per_step	0.457351	decode_checksum	1958048886	PASS
tp_ep_token_major_item	step	0	layer	28	ratio	4	decode_ms_per_step	0.804073	decode_slot_step_tok_s	39797.381581	decode_ep_ms_per_step	0.341502	decode_dense_ms_per_step	0.000000	decode_compose_ms_per_step	0.462208	decode_checksum	12572607	PASS
tp_ep_token_major_item	step	0	layer	29	ratio	128	decode_ms_per_step	0.927013	decode_slot_step_tok_s	34519.472758	decode_ep_ms_per_step	0.353633	decode_dense_ms_per_step	0.000000	decode_compose_ms_per_step	0.573130	decode_checksum	1939549931	PASS
tp_ep_token_major_item	step	0	layer	30	ratio	4	decode_ms_per_step	0.952569	decode_slot_step_tok_s	33593.366990	decode_ep_ms_per_step	0.354034	decode_dense_ms_per_step	0.000000	decode_compose_ms_per_step	0.598207	decode_checksum	2245266299	PASS
tp_ep_token_major_item	step	0	layer	31	ratio	128	decode_ms_per_step	0.948929	decode_slot_step_tok_s	33722.227901	decode_ep_ms_per_step	0.364481	decode_dense_ms_per_step	0.000000	decode_compose_ms_per_step	0.584136	decode_checksum	4092244362	PASS
tp_ep_token_major_item	step	0	layer	32	ratio	4	decode_ms_per_step	0.933836	decode_slot_step_tok_s	34267.258919	decode_ep_ms_per_step	0.338608	decode_dense_ms_per_step	0.000000	decode_compose_ms_per_step	0.594998	decode_checksum	1929924991	PASS
tp_ep_token_major_item	step	0	layer	33	ratio	128	decode_ms_per_step	0.806993	decode_slot_step_tok_s	39653.379893	decode_ep_ms_per_step	0.342900	decode_dense_ms_per_step	0.000000	decode_compose_ms_per_step	0.463813	decode_checksum	154974069	PASS
tp_ep_token_major_item	step	0	layer	34	ratio	4	decode_ms_per_step	0.946757	decode_slot_step_tok_s	33799.591659	decode_ep_ms_per_step	0.367269	decode_dense_ms_per_step	0.000000	decode_compose_ms_per_step	0.579099	decode_checksum	4247159498	PASS
tp_ep_token_major_item	step	0	layer	35	ratio	128	decode_ms_per_step	0.817709	decode_slot_step_tok_s	39133.726057	decode_ep_ms_per_step	0.348272	decode_dense_ms_per_step	0.000000	decode_compose_ms_per_step	0.469050	decode_checksum	1960134344	PASS
tp_ep_token_major_item	step	0	layer	36	ratio	4	decode_ms_per_step	0.806610	decode_slot_step_tok_s	39672.208378	decode_ep_ms_per_step	0.344860	decode_dense_ms_per_step	0.000000	decode_compose_ms_per_step	0.461377	decode_checksum	2318643187	PASS
tp_ep_token_major_item	step	0	layer	37	ratio	128	decode_ms_per_step	0.888544	decode_slot_step_tok_s	36013.973422	decode_ep_ms_per_step	0.334227	decode_dense_ms_per_step	0.000000	decode_compose_ms_per_step	0.554051	decode_checksum	2051082468	PASS
tp_ep_token_major_item	step	0	layer	38	ratio	4	decode_ms_per_step	0.926098	decode_slot_step_tok_s	34553.578563	decode_ep_ms_per_step	0.333069	decode_dense_ms_per_step	0.000000	decode_compose_ms_per_step	0.592655	decode_checksum	2208797608	PASS
tp_ep_token_major_item	step	0	layer	39	ratio	128	decode_ms_per_step	0.845970	decode_slot_step_tok_s	37826.400463	decode_ep_ms_per_step	0.335506	decode_dense_ms_per_step	0.000000	decode_compose_ms_per_step	0.510183	decode_checksum	1901862423	PASS
tp_ep_token_major_item	step	0	layer	40	ratio	4	decode_ms_per_step	0.810551	decode_slot_step_tok_s	39479.317156	decode_ep_ms_per_step	0.344570	decode_dense_ms_per_step	0.000000	decode_compose_ms_per_step	0.465726	decode_checksum	1971716968	PASS
tp_ep_token_major_item	step	0	layer	41	ratio	128	decode_ms_per_step	0.903867	decode_slot_step_tok_s	35403.438780	decode_ep_ms_per_step	0.344492	decode_dense_ms_per_step	0.000000	decode_compose_ms_per_step	0.558994	decode_checksum	4100126953	PASS
tp_ep_token_major_item	step	0	layer	42	ratio	4	decode_ms_per_step	0.781766	decode_slot_step_tok_s	40932.964596	decode_ep_ms_per_step	0.332665	decode_dense_ms_per_step	0.000000	decode_compose_ms_per_step	0.448480	decode_checksum	260576764	PASS
tp_ep_token_major_item	step	1	layer	0	ratio	0	decode_ms_per_step	1.127966	decode_slot_step_tok_s	28369.649440	decode_ep_ms_per_step	0.609751	decode_dense_ms_per_step	0.000000	decode_compose_ms_per_step	0.517553	decode_checksum	2089207552	PASS
tp_ep_token_major_item	step	1	layer	1	ratio	0	decode_ms_per_step	0.915846	decode_slot_step_tok_s	34940.372071	decode_ep_ms_per_step	0.337148	decode_dense_ms_per_step	0.000000	decode_compose_ms_per_step	0.578409	decode_checksum	4285303765	PASS
tp_ep_token_major_item	step	1	layer	2	ratio	4	decode_ms_per_step	0.951282	decode_slot_step_tok_s	33638.815830	decode_ep_ms_per_step	0.346923	decode_dense_ms_per_step	0.000000	decode_compose_ms_per_step	0.603973	decode_checksum	50639913	PASS
tp_ep_token_major_item	step	1	layer	3	ratio	128	decode_ms_per_step	0.908967	decode_slot_step_tok_s	35204.798414	decode_ep_ms_per_step	0.332408	decode_dense_ms_per_step	0.000000	decode_compose_ms_per_step	0.576198	decode_checksum	199228706	PASS
tp_ep_token_major_item	step	1	layer	4	ratio	4	decode_ms_per_step	0.861038	decode_slot_step_tok_s	37164.445704	decode_ep_ms_per_step	0.394472	decode_dense_ms_per_step	0.000000	decode_compose_ms_per_step	0.466190	decode_checksum	92587346	PASS
tp_ep_token_major_item	step	1	layer	5	ratio	128	decode_ms_per_step	0.926208	decode_slot_step_tok_s	34549.474848	decode_ep_ms_per_step	0.333173	decode_dense_ms_per_step	0.000000	decode_compose_ms_per_step	0.592651	decode_checksum	81917469	PASS
tp_ep_token_major_item	step	1	layer	6	ratio	4	decode_ms_per_step	0.917015	decode_slot_step_tok_s	34895.830494	decode_ep_ms_per_step	0.339525	decode_dense_ms_per_step	0.000000	decode_compose_ms_per_step	0.577234	decode_checksum	41493907	PASS
tp_ep_token_major_item	step	1	layer	7	ratio	128	decode_ms_per_step	0.897398	decode_slot_step_tok_s	35658.648671	decode_ep_ms_per_step	0.348701	decode_dense_ms_per_step	0.000000	decode_compose_ms_per_step	0.548239	decode_checksum	4211722188	PASS
tp_ep_token_major_item	step	1	layer	8	ratio	4	decode_ms_per_step	0.852406	decode_slot_step_tok_s	37540.796287	decode_ep_ms_per_step	0.368528	decode_dense_ms_per_step	0.000000	decode_compose_ms_per_step	0.483421	decode_checksum	2164440608	PASS
tp_ep_token_major_item	step	1	layer	9	ratio	128	decode_ms_per_step	0.883521	decode_slot_step_tok_s	36218.720325	decode_ep_ms_per_step	0.392004	decode_dense_ms_per_step	0.000000	decode_compose_ms_per_step	0.491079	decode_checksum	22847642	PASS
tp_ep_token_major_item	step	1	layer	10	ratio	4	decode_ms_per_step	0.948569	decode_slot_step_tok_s	33735.026129	decode_ep_ms_per_step	0.344684	decode_dense_ms_per_step	0.000000	decode_compose_ms_per_step	0.603574	decode_checksum	2076607066	PASS
tp_ep_token_major_item	step	1	layer	11	ratio	128	decode_ms_per_step	0.946462	decode_slot_step_tok_s	33810.126556	decode_ep_ms_per_step	0.341992	decode_dense_ms_per_step	0.000000	decode_compose_ms_per_step	0.604111	decode_checksum	4156450847	PASS
tp_ep_token_major_item	step	1	layer	12	ratio	4	decode_ms_per_step	0.853969	decode_slot_step_tok_s	37472.086223	decode_ep_ms_per_step	0.344923	decode_dense_ms_per_step	0.000000	decode_compose_ms_per_step	0.508683	decode_checksum	1305516	PASS
tp_ep_token_major_item	step	1	layer	13	ratio	128	decode_ms_per_step	0.898440	decode_slot_step_tok_s	35617.292195	decode_ep_ms_per_step	0.340997	decode_dense_ms_per_step	0.000000	decode_compose_ms_per_step	0.557195	decode_checksum	176722357	PASS
tp_ep_token_major_item	step	1	layer	14	ratio	4	decode_ms_per_step	0.843887	decode_slot_step_tok_s	37919.768879	decode_ep_ms_per_step	0.338268	decode_dense_ms_per_step	0.000000	decode_compose_ms_per_step	0.505300	decode_checksum	2093197595	PASS
tp_ep_token_major_item	step	1	layer	15	ratio	128	decode_ms_per_step	0.886684	decode_slot_step_tok_s	36089.520054	decode_ep_ms_per_step	0.338510	decode_dense_ms_per_step	0.000000	decode_compose_ms_per_step	0.547777	decode_checksum	2318348388	PASS
tp_ep_token_major_item	step	1	layer	16	ratio	4	decode_ms_per_step	0.811850	decode_slot_step_tok_s	39416.148303	decode_ep_ms_per_step	0.340619	decode_dense_ms_per_step	0.000000	decode_compose_ms_per_step	0.470915	decode_checksum	2413897862	PASS
tp_ep_token_major_item	step	1	layer	17	ratio	128	decode_ms_per_step	0.804432	decode_slot_step_tok_s	39779.620900	decode_ep_ms_per_step	0.348148	decode_dense_ms_per_step	0.000000	decode_compose_ms_per_step	0.455970	decode_checksum	4107675936	PASS
tp_ep_token_major_item	step	1	layer	18	ratio	4	decode_ms_per_step	0.870304	decode_slot_step_tok_s	36768.761260	decode_ep_ms_per_step	0.338572	decode_dense_ms_per_step	0.000000	decode_compose_ms_per_step	0.531425	decode_checksum	37361686	PASS
tp_ep_token_major_item	step	1	layer	19	ratio	128	decode_ms_per_step	0.835296	decode_slot_step_tok_s	38309.772823	decode_ep_ms_per_step	0.335974	decode_dense_ms_per_step	0.000000	decode_compose_ms_per_step	0.498980	decode_checksum	2212896144	PASS
tp_ep_token_major_item	step	1	layer	20	ratio	4	decode_ms_per_step	0.899405	decode_slot_step_tok_s	35579.077279	decode_ep_ms_per_step	0.342861	decode_dense_ms_per_step	0.000000	decode_compose_ms_per_step	0.556173	decode_checksum	31300357	PASS
tp_ep_token_major_item	step	1	layer	21	ratio	128	decode_ms_per_step	0.941562	decode_slot_step_tok_s	33986.078453	decode_ep_ms_per_step	0.342253	decode_dense_ms_per_step	0.000000	decode_compose_ms_per_step	0.598942	decode_checksum	2043177150	PASS
tp_ep_token_major_item	step	1	layer	22	ratio	4	decode_ms_per_step	0.791840	decode_slot_step_tok_s	40412.204486	decode_ep_ms_per_step	0.338793	decode_dense_ms_per_step	0.000000	decode_compose_ms_per_step	0.452740	decode_checksum	149368565	PASS
tp_ep_token_major_item	step	1	layer	23	ratio	128	decode_ms_per_step	0.912076	decode_slot_step_tok_s	35084.795565	decode_ep_ms_per_step	0.333595	decode_dense_ms_per_step	0.000000	decode_compose_ms_per_step	0.578211	decode_checksum	4087920758	PASS
tp_ep_token_major_item	step	1	layer	24	ratio	4	decode_ms_per_step	0.950249	decode_slot_step_tok_s	33675.384031	decode_ep_ms_per_step	0.335552	decode_dense_ms_per_step	0.000000	decode_compose_ms_per_step	0.614360	decode_checksum	2232151951	PASS
tp_ep_token_major_item	step	1	layer	25	ratio	128	decode_ms_per_step	0.944161	decode_slot_step_tok_s	33892.524686	decode_ep_ms_per_step	0.364075	decode_dense_ms_per_step	0.000000	decode_compose_ms_per_step	0.579757	decode_checksum	2259995728	PASS
tp_ep_token_major_item	step	1	layer	26	ratio	4	decode_ms_per_step	0.843986	decode_slot_step_tok_s	37915.320870	decode_ep_ms_per_step	0.339932	decode_dense_ms_per_step	0.000000	decode_compose_ms_per_step	0.503758	decode_checksum	4173975789	PASS
tp_ep_token_major_item	step	1	layer	27	ratio	128	decode_ms_per_step	0.842998	decode_slot_step_tok_s	37959.757912	decode_ep_ms_per_step	0.380856	decode_dense_ms_per_step	0.000000	decode_compose_ms_per_step	0.461711	decode_checksum	1958048886	PASS
tp_ep_token_major_item	step	1	layer	28	ratio	4	decode_ms_per_step	0.813337	decode_slot_step_tok_s	39344.084924	decode_ep_ms_per_step	0.348463	decode_dense_ms_per_step	0.000000	decode_compose_ms_per_step	0.464561	decode_checksum	12572607	PASS
tp_ep_token_major_item	step	1	layer	29	ratio	128	decode_ms_per_step	0.787008	decode_slot_step_tok_s	40660.323656	decode_ep_ms_per_step	0.331529	decode_dense_ms_per_step	0.000000	decode_compose_ms_per_step	0.455116	decode_checksum	1939549931	PASS
tp_ep_token_major_item	step	1	layer	30	ratio	4	decode_ms_per_step	0.906502	decode_slot_step_tok_s	35300.528846	decode_ep_ms_per_step	0.333834	decode_dense_ms_per_step	0.000000	decode_compose_ms_per_step	0.572281	decode_checksum	2245266299	PASS
tp_ep_token_major_item	step	1	layer	31	ratio	128	decode_ms_per_step	0.786836	decode_slot_step_tok_s	40669.211882	decode_ep_ms_per_step	0.333620	decode_dense_ms_per_step	0.000000	decode_compose_ms_per_step	0.452962	decode_checksum	4092244362	PASS
tp_ep_token_major_item	step	1	layer	32	ratio	4	decode_ms_per_step	0.922752	decode_slot_step_tok_s	34678.873630	decode_ep_ms_per_step	0.407645	decode_dense_ms_per_step	0.000000	decode_compose_ms_per_step	0.514644	decode_checksum	1929924991	PASS
tp_ep_token_major_item	step	1	layer	33	ratio	128	decode_ms_per_step	0.779825	decode_slot_step_tok_s	41034.847562	decode_ep_ms_per_step	0.333251	decode_dense_ms_per_step	0.000000	decode_compose_ms_per_step	0.446205	decode_checksum	154974069	PASS
tp_ep_token_major_item	step	1	layer	34	ratio	4	decode_ms_per_step	0.926074	decode_slot_step_tok_s	34554.474049	decode_ep_ms_per_step	0.332264	decode_dense_ms_per_step	0.000000	decode_compose_ms_per_step	0.593430	decode_checksum	4247159498	PASS
tp_ep_token_major_item	step	1	layer	35	ratio	128	decode_ms_per_step	0.946733	decode_slot_step_tok_s	33800.448490	decode_ep_ms_per_step	0.378725	decode_dense_ms_per_step	0.000000	decode_compose_ms_per_step	0.567477	decode_checksum	1960134344	PASS
tp_ep_token_major_item	step	1	layer	36	ratio	4	decode_ms_per_step	0.825081	decode_slot_step_tok_s	38784.070897	decode_ep_ms_per_step	0.356019	decode_dense_ms_per_step	0.000000	decode_compose_ms_per_step	0.468749	decode_checksum	2318643187	PASS
tp_ep_token_major_item	step	1	layer	37	ratio	128	decode_ms_per_step	0.841490	decode_slot_step_tok_s	38027.784050	decode_ep_ms_per_step	0.364349	decode_dense_ms_per_step	0.000000	decode_compose_ms_per_step	0.476806	decode_checksum	2051082468	PASS
tp_ep_token_major_item	step	1	layer	38	ratio	4	decode_ms_per_step	0.943497	decode_slot_step_tok_s	33916.377053	decode_ep_ms_per_step	0.345250	decode_dense_ms_per_step	0.000000	decode_compose_ms_per_step	0.597921	decode_checksum	2208797608	PASS
tp_ep_token_major_item	step	1	layer	39	ratio	128	decode_ms_per_step	0.956201	decode_slot_step_tok_s	33465.767135	decode_ep_ms_per_step	0.343779	decode_dense_ms_per_step	0.000000	decode_compose_ms_per_step	0.612040	decode_checksum	1901862423	PASS
tp_ep_token_major_item	step	1	layer	40	ratio	4	decode_ms_per_step	1.230971	decode_slot_step_tok_s	25995.738324	decode_ep_ms_per_step	0.621685	decode_dense_ms_per_step	0.000000	decode_compose_ms_per_step	0.608627	decode_checksum	1971716968	PASS
tp_ep_token_major_item	step	1	layer	41	ratio	128	decode_ms_per_step	0.939423	decode_slot_step_tok_s	34063.462359	decode_ep_ms_per_step	0.360522	decode_dense_ms_per_step	0.000000	decode_compose_ms_per_step	0.578490	decode_checksum	4100126953	PASS
tp_ep_token_major_item	step	1	layer	42	ratio	4	decode_ms_per_step	0.931704	decode_slot_step_tok_s	34345.672016	decode_ep_ms_per_step	0.350413	decode_dense_ms_per_step	0.000000	decode_compose_ms_per_step	0.580858	decode_checksum	260576764	PASS
tp_ep_token_major_item	step	2	layer	0	ratio	0	decode_ms_per_step	0.867085	decode_slot_step_tok_s	36905.263036	decode_ep_ms_per_step	0.340502	decode_dense_ms_per_step	0.000000	decode_compose_ms_per_step	0.526201	decode_checksum	2089207552	PASS
tp_ep_token_major_item	step	2	layer	1	ratio	0	decode_ms_per_step	0.812969	decode_slot_step_tok_s	39361.894488	decode_ep_ms_per_step	0.337521	decode_dense_ms_per_step	0.000000	decode_compose_ms_per_step	0.475167	decode_checksum	4285303765	PASS
tp_ep_token_major_item	step	2	layer	2	ratio	4	decode_ms_per_step	0.811548	decode_slot_step_tok_s	39430.816169	decode_ep_ms_per_step	0.358005	decode_dense_ms_per_step	0.000000	decode_compose_ms_per_step	0.453279	decode_checksum	50639913	PASS
tp_ep_token_major_item	step	2	layer	3	ratio	128	decode_ms_per_step	0.913794	decode_slot_step_tok_s	35018.833566	decode_ep_ms_per_step	0.337757	decode_dense_ms_per_step	0.000000	decode_compose_ms_per_step	0.575752	decode_checksum	199228706	PASS
tp_ep_token_major_item	step	2	layer	4	ratio	4	decode_ms_per_step	0.801988	decode_slot_step_tok_s	39900.846397	decode_ep_ms_per_step	0.346531	decode_dense_ms_per_step	0.000000	decode_compose_ms_per_step	0.455107	decode_checksum	92587346	PASS
tp_ep_token_major_item	step	2	layer	5	ratio	128	decode_ms_per_step	0.911295	decode_slot_step_tok_s	35114.864012	decode_ep_ms_per_step	0.335752	decode_dense_ms_per_step	0.000000	decode_compose_ms_per_step	0.575167	decode_checksum	81917469	PASS
tp_ep_token_major_item	step	2	layer	6	ratio	4	decode_ms_per_step	0.929197	decode_slot_step_tok_s	34438.337618	decode_ep_ms_per_step	0.334270	decode_dense_ms_per_step	0.000000	decode_compose_ms_per_step	0.594593	decode_checksum	41493907	PASS
tp_ep_token_major_item	step	2	layer	7	ratio	128	decode_ms_per_step	0.902522	decode_slot_step_tok_s	35456.199406	decode_ep_ms_per_step	0.335694	decode_dense_ms_per_step	0.000000	decode_compose_ms_per_step	0.566455	decode_checksum	4211722188	PASS
tp_ep_token_major_item	step	2	layer	8	ratio	4	decode_ms_per_step	0.811699	decode_slot_step_tok_s	39423.480872	decode_ep_ms_per_step	0.346955	decode_dense_ms_per_step	0.000000	decode_compose_ms_per_step	0.464365	decode_checksum	2164440608	PASS
tp_ep_token_major_item	step	2	layer	9	ratio	128	decode_ms_per_step	0.953633	decode_slot_step_tok_s	33555.885755	decode_ep_ms_per_step	0.362030	decode_dense_ms_per_step	0.000000	decode_compose_ms_per_step	0.591279	decode_checksum	22847642	PASS
tp_ep_token_major_item	step	2	layer	10	ratio	4	decode_ms_per_step	0.889354	decode_slot_step_tok_s	35981.172851	decode_ep_ms_per_step	0.341123	decode_dense_ms_per_step	0.000000	decode_compose_ms_per_step	0.547967	decode_checksum	2076607066	PASS
tp_ep_token_major_item	step	2	layer	11	ratio	128	decode_ms_per_step	0.899867	decode_slot_step_tok_s	35560.810653	decode_ep_ms_per_step	0.331193	decode_dense_ms_per_step	0.000000	decode_compose_ms_per_step	0.568293	decode_checksum	4156450847	PASS
tp_ep_token_major_item	step	2	layer	12	ratio	4	decode_ms_per_step	0.898763	decode_slot_step_tok_s	35604.491952	decode_ep_ms_per_step	0.347924	decode_dense_ms_per_step	0.000000	decode_compose_ms_per_step	0.550512	decode_checksum	1305516	PASS
tp_ep_token_major_item	step	2	layer	13	ratio	128	decode_ms_per_step	0.912716	decode_slot_step_tok_s	35060.193971	decode_ep_ms_per_step	0.335119	decode_dense_ms_per_step	0.000000	decode_compose_ms_per_step	0.577214	decode_checksum	176722357	PASS
tp_ep_token_major_item	step	2	layer	14	ratio	4	decode_ms_per_step	0.778243	decode_slot_step_tok_s	41118.262548	decode_ep_ms_per_step	0.335012	decode_dense_ms_per_step	0.000000	decode_compose_ms_per_step	0.442855	decode_checksum	2093197595	PASS
tp_ep_token_major_item	step	2	layer	15	ratio	128	decode_ms_per_step	0.938974	decode_slot_step_tok_s	34079.750877	decode_ep_ms_per_step	0.352232	decode_dense_ms_per_step	0.000000	decode_compose_ms_per_step	0.586316	decode_checksum	2318348388	PASS
tp_ep_token_major_item	step	2	layer	16	ratio	4	decode_ms_per_step	0.894390	decode_slot_step_tok_s	35778.575342	decode_ep_ms_per_step	0.399721	decode_dense_ms_per_step	0.000000	decode_compose_ms_per_step	0.493602	decode_checksum	2413897862	PASS
tp_ep_token_major_item	step	2	layer	17	ratio	128	decode_ms_per_step	0.841016	decode_slot_step_tok_s	38049.216662	decode_ep_ms_per_step	0.366164	decode_dense_ms_per_step	0.000000	decode_compose_ms_per_step	0.474477	decode_checksum	4107675936	PASS
tp_ep_token_major_item	step	2	layer	18	ratio	4	decode_ms_per_step	0.892871	decode_slot_step_tok_s	35839.443772	decode_ep_ms_per_step	0.394101	decode_dense_ms_per_step	0.000000	decode_compose_ms_per_step	0.498325	decode_checksum	37361686	PASS
tp_ep_token_major_item	step	2	layer	19	ratio	128	decode_ms_per_step	0.876314	decode_slot_step_tok_s	36516.591085	decode_ep_ms_per_step	0.380778	decode_dense_ms_per_step	0.000000	decode_compose_ms_per_step	0.495176	decode_checksum	2212896144	PASS
tp_ep_token_major_item	step	2	layer	20	ratio	4	decode_ms_per_step	0.887294	decode_slot_step_tok_s	36064.709104	decode_ep_ms_per_step	0.396492	decode_dense_ms_per_step	0.000000	decode_compose_ms_per_step	0.490396	decode_checksum	31300357	PASS
tp_ep_token_major_item	step	2	layer	21	ratio	128	decode_ms_per_step	0.903916	decode_slot_step_tok_s	35401.519610	decode_ep_ms_per_step	0.380553	decode_dense_ms_per_step	0.000000	decode_compose_ms_per_step	0.522977	decode_checksum	2043177150	PASS
tp_ep_token_major_item	step	2	layer	22	ratio	4	decode_ms_per_step	0.875868	decode_slot_step_tok_s	36535.185667	decode_ep_ms_per_step	0.378760	decode_dense_ms_per_step	0.000000	decode_compose_ms_per_step	0.496695	decode_checksum	149368565	PASS
tp_ep_token_major_item	step	2	layer	23	ratio	128	decode_ms_per_step	0.888035	decode_slot_step_tok_s	36034.615753	decode_ep_ms_per_step	0.391685	decode_dense_ms_per_step	0.000000	decode_compose_ms_per_step	0.495849	decode_checksum	4087920758	PASS
tp_ep_token_major_item	step	2	layer	24	ratio	4	decode_ms_per_step	1.741358	decode_slot_step_tok_s	18376.462508	decode_ep_ms_per_step	0.690422	decode_dense_ms_per_step	0.000000	decode_compose_ms_per_step	1.049015	decode_checksum	2232151951	PASS
tp_ep_token_major_item	step	2	layer	25	ratio	128	decode_ms_per_step	1.510051	decode_slot_step_tok_s	21191.337246	decode_ep_ms_per_step	0.639700	decode_dense_ms_per_step	0.000000	decode_compose_ms_per_step	0.869190	decode_checksum	2259995728	PASS
tp_ep_token_major_item	step	2	layer	26	ratio	4	decode_ms_per_step	0.971160	decode_slot_step_tok_s	32950.286256	decode_ep_ms_per_step	0.394979	decode_dense_ms_per_step	0.000000	decode_compose_ms_per_step	0.575813	decode_checksum	4173975789	PASS
tp_ep_token_major_item	step	2	layer	27	ratio	128	decode_ms_per_step	0.915091	decode_slot_step_tok_s	34969.199785	decode_ep_ms_per_step	0.382956	decode_dense_ms_per_step	0.000000	decode_compose_ms_per_step	0.531683	decode_checksum	1958048886	PASS
tp_ep_token_major_item	step	2	layer	28	ratio	4	decode_ms_per_step	0.910167	decode_slot_step_tok_s	35158.383022	decode_ep_ms_per_step	0.408845	decode_dense_ms_per_step	0.000000	decode_compose_ms_per_step	0.500920	decode_checksum	12572607	PASS
tp_ep_token_major_item	step	2	layer	29	ratio	128	decode_ms_per_step	0.869857	decode_slot_step_tok_s	36787.655902	decode_ep_ms_per_step	0.369101	decode_dense_ms_per_step	0.000000	decode_compose_ms_per_step	0.500401	decode_checksum	1939549931	PASS
tp_ep_token_major_item	step	2	layer	30	ratio	4	decode_ms_per_step	0.878542	decode_slot_step_tok_s	36423.984283	decode_ep_ms_per_step	0.378409	decode_dense_ms_per_step	0.000000	decode_compose_ms_per_step	0.499710	decode_checksum	2245266299	PASS
tp_ep_token_major_item	step	2	layer	31	ratio	128	decode_ms_per_step	1.002481	decode_slot_step_tok_s	31920.804484	decode_ep_ms_per_step	0.375994	decode_dense_ms_per_step	0.000000	decode_compose_ms_per_step	0.626114	decode_checksum	4092244362	PASS
tp_ep_token_major_item	step	2	layer	32	ratio	4	decode_ms_per_step	0.867393	decode_slot_step_tok_s	36892.158456	decode_ep_ms_per_step	0.374501	decode_dense_ms_per_step	0.000000	decode_compose_ms_per_step	0.492473	decode_checksum	1929924991	PASS
tp_ep_token_major_item	step	2	layer	33	ratio	128	decode_ms_per_step	0.913306	decode_slot_step_tok_s	35037.544919	decode_ep_ms_per_step	0.391851	decode_dense_ms_per_step	0.000000	decode_compose_ms_per_step	0.521010	decode_checksum	154974069	PASS
tp_ep_token_major_item	step	2	layer	34	ratio	4	decode_ms_per_step	0.910259	decode_slot_step_tok_s	35154.829559	decode_ep_ms_per_step	0.403068	decode_dense_ms_per_step	0.000000	decode_compose_ms_per_step	0.506746	decode_checksum	4247159498	PASS
tp_ep_token_major_item	step	2	layer	35	ratio	128	decode_ms_per_step	0.897008	decode_slot_step_tok_s	35674.152293	decode_ep_ms_per_step	0.397842	decode_dense_ms_per_step	0.000000	decode_compose_ms_per_step	0.498787	decode_checksum	1960134344	PASS
tp_ep_token_major_item	step	2	layer	36	ratio	4	decode_ms_per_step	0.966527	decode_slot_step_tok_s	33108.231845	decode_ep_ms_per_step	0.376262	decode_dense_ms_per_step	0.000000	decode_compose_ms_per_step	0.589850	decode_checksum	2318643187	PASS
tp_ep_token_major_item	step	2	layer	37	ratio	128	decode_ms_per_step	0.885871	decode_slot_step_tok_s	36122.640881	decode_ep_ms_per_step	0.394428	decode_dense_ms_per_step	0.000000	decode_compose_ms_per_step	0.491063	decode_checksum	2051082468	PASS
tp_ep_token_major_item	step	2	layer	38	ratio	4	decode_ms_per_step	0.913605	decode_slot_step_tok_s	35026.078010	decode_ep_ms_per_step	0.418041	decode_dense_ms_per_step	0.000000	decode_compose_ms_per_step	0.495129	decode_checksum	2208797608	PASS
tp_ep_token_major_item	step	2	layer	39	ratio	128	decode_ms_per_step	1.044741	decode_slot_step_tok_s	30629.601021	decode_ep_ms_per_step	0.389783	decode_dense_ms_per_step	0.000000	decode_compose_ms_per_step	0.654542	decode_checksum	1901862423	PASS
tp_ep_token_major_item	step	2	layer	40	ratio	4	decode_ms_per_step	0.890831	decode_slot_step_tok_s	35921.515978	decode_ep_ms_per_step	0.389347	decode_dense_ms_per_step	0.000000	decode_compose_ms_per_step	0.501091	decode_checksum	1971716968	PASS
tp_ep_token_major_item	step	2	layer	41	ratio	128	decode_ms_per_step	0.905783	decode_slot_step_tok_s	35328.549995	decode_ep_ms_per_step	0.390773	decode_dense_ms_per_step	0.000000	decode_compose_ms_per_step	0.514677	decode_checksum	4100126953	PASS
tp_ep_token_major_item	step	2	layer	42	ratio	4	decode_ms_per_step	0.936241	decode_slot_step_tok_s	34179.233766	decode_ep_ms_per_step	0.372870	decode_dense_ms_per_step	0.000000	decode_compose_ms_per_step	0.562853	decode_checksum	260576764	PASS
tp_ep_token_major_item	step	3	layer	0	ratio	0	decode_ms_per_step	0.925205	decode_slot_step_tok_s	34586.929383	decode_ep_ms_per_step	0.385135	decode_dense_ms_per_step	0.000000	decode_compose_ms_per_step	0.539445	decode_checksum	2089207552	PASS
tp_ep_token_major_item	step	3	layer	1	ratio	0	decode_ms_per_step	0.907262	decode_slot_step_tok_s	35270.958114	decode_ep_ms_per_step	0.374008	decode_dense_ms_per_step	0.000000	decode_compose_ms_per_step	0.532823	decode_checksum	4285303765	PASS
tp_ep_token_major_item	step	3	layer	2	ratio	4	decode_ms_per_step	0.892149	decode_slot_step_tok_s	35868.447983	decode_ep_ms_per_step	0.387628	decode_dense_ms_per_step	0.000000	decode_compose_ms_per_step	0.504146	decode_checksum	50639913	PASS
tp_ep_token_major_item	step	3	layer	3	ratio	128	decode_ms_per_step	1.035946	decode_slot_step_tok_s	30889.640966	decode_ep_ms_per_step	0.379955	decode_dense_ms_per_step	0.000000	decode_compose_ms_per_step	0.655574	decode_checksum	199228706	PASS
tp_ep_token_major_item	step	3	layer	4	ratio	4	decode_ms_per_step	0.908597	decode_slot_step_tok_s	35219.134556	decode_ep_ms_per_step	0.393434	decode_dense_ms_per_step	0.000000	decode_compose_ms_per_step	0.514785	decode_checksum	92587346	PASS
tp_ep_token_major_item	step	3	layer	5	ratio	128	decode_ms_per_step	0.903880	decode_slot_step_tok_s	35402.929592	decode_ep_ms_per_step	0.393850	decode_dense_ms_per_step	0.000000	decode_compose_ms_per_step	0.509650	decode_checksum	81917469	PASS
tp_ep_token_major_item	step	3	layer	6	ratio	4	decode_ms_per_step	0.980943	decode_slot_step_tok_s	32621.671188	decode_ep_ms_per_step	0.451871	decode_dense_ms_per_step	0.000000	decode_compose_ms_per_step	0.528710	decode_checksum	41493907	PASS
tp_ep_token_major_item	step	3	layer	7	ratio	128	decode_ms_per_step	0.912640	decode_slot_step_tok_s	35063.113604	decode_ep_ms_per_step	0.398115	decode_dense_ms_per_step	0.000000	decode_compose_ms_per_step	0.514150	decode_checksum	4211722188	PASS
tp_ep_token_major_item	step	3	layer	8	ratio	4	decode_ms_per_step	0.888393	decode_slot_step_tok_s	36020.094710	decode_ep_ms_per_step	0.382487	decode_dense_ms_per_step	0.000000	decode_compose_ms_per_step	0.505530	decode_checksum	2164440608	PASS
tp_ep_token_major_item	step	3	layer	9	ratio	128	decode_ms_per_step	0.873346	decode_slot_step_tok_s	36640.689944	decode_ep_ms_per_step	0.380701	decode_dense_ms_per_step	0.000000	decode_compose_ms_per_step	0.492236	decode_checksum	22847642	PASS
tp_ep_token_major_item	step	3	layer	10	ratio	4	decode_ms_per_step	0.952299	decode_slot_step_tok_s	33602.891529	decode_ep_ms_per_step	0.412485	decode_dense_ms_per_step	0.000000	decode_compose_ms_per_step	0.539313	decode_checksum	2076607066	PASS
tp_ep_token_major_item	step	3	layer	11	ratio	128	decode_ms_per_step	0.888248	decode_slot_step_tok_s	36025.974728	decode_ep_ms_per_step	0.380392	decode_dense_ms_per_step	0.000000	decode_compose_ms_per_step	0.507500	decode_checksum	4156450847	PASS
tp_ep_token_major_item	step	3	layer	12	ratio	4	decode_ms_per_step	0.915923	decode_slot_step_tok_s	34937.434697	decode_ep_ms_per_step	0.409427	decode_dense_ms_per_step	0.000000	decode_compose_ms_per_step	0.506114	decode_checksum	1305516	PASS
tp_ep_token_major_item	step	3	layer	13	ratio	128	decode_ms_per_step	0.917441	decode_slot_step_tok_s	34879.627137	decode_ep_ms_per_step	0.391196	decode_dense_ms_per_step	0.000000	decode_compose_ms_per_step	0.525745	decode_checksum	176722357	PASS
tp_ep_token_major_item	step	3	layer	14	ratio	4	decode_ms_per_step	0.926216	decode_slot_step_tok_s	34549.176434	decode_ep_ms_per_step	0.408980	decode_dense_ms_per_step	0.000000	decode_compose_ms_per_step	0.516833	decode_checksum	2093197595	PASS
tp_ep_token_major_item	step	3	layer	15	ratio	128	decode_ms_per_step	0.917459	decode_slot_step_tok_s	34878.942819	decode_ep_ms_per_step	0.406887	decode_dense_ms_per_step	0.000000	decode_compose_ms_per_step	0.510197	decode_checksum	2318348388	PASS
tp_ep_token_major_item	step	3	layer	16	ratio	4	decode_ms_per_step	0.968511	decode_slot_step_tok_s	33040.409453	decode_ep_ms_per_step	0.445458	decode_dense_ms_per_step	0.000000	decode_compose_ms_per_step	0.522565	decode_checksum	2413897862	PASS
tp_ep_token_major_item	step	3	layer	17	ratio	128	decode_ms_per_step	0.881398	decode_slot_step_tok_s	36305.959396	decode_ep_ms_per_step	0.372208	decode_dense_ms_per_step	0.000000	decode_compose_ms_per_step	0.508791	decode_checksum	4107675936	PASS
tp_ep_token_major_item	step	3	layer	18	ratio	4	decode_ms_per_step	0.930826	decode_slot_step_tok_s	34378.068511	decode_ep_ms_per_step	0.421428	decode_dense_ms_per_step	0.000000	decode_compose_ms_per_step	0.508957	decode_checksum	37361686	PASS
tp_ep_token_major_item	step	3	layer	19	ratio	128	decode_ms_per_step	0.894246	decode_slot_step_tok_s	35784.336749	decode_ep_ms_per_step	0.376611	decode_dense_ms_per_step	0.000000	decode_compose_ms_per_step	0.517253	decode_checksum	2212896144	PASS
tp_ep_token_major_item	step	3	layer	20	ratio	4	decode_ms_per_step	1.090940	decode_slot_step_tok_s	29332.502246	decode_ep_ms_per_step	0.412125	decode_dense_ms_per_step	0.000000	decode_compose_ms_per_step	0.678381	decode_checksum	31300357	PASS
tp_ep_token_major_item	step	3	layer	21	ratio	128	decode_ms_per_step	0.886072	decode_slot_step_tok_s	36114.446682	decode_ep_ms_per_step	0.383305	decode_dense_ms_per_step	0.000000	decode_compose_ms_per_step	0.502411	decode_checksum	2043177150	PASS
tp_ep_token_major_item	step	3	layer	22	ratio	4	decode_ms_per_step	0.912419	decode_slot_step_tok_s	35071.606356	decode_ep_ms_per_step	0.409162	decode_dense_ms_per_step	0.000000	decode_compose_ms_per_step	0.502909	decode_checksum	149368565	PASS
tp_ep_token_major_item	step	3	layer	23	ratio	128	decode_ms_per_step	1.030891	decode_slot_step_tok_s	31041.109099	decode_ep_ms_per_step	0.385282	decode_dense_ms_per_step	0.000000	decode_compose_ms_per_step	0.645226	decode_checksum	4087920758	PASS
tp_ep_token_major_item	step	3	layer	24	ratio	4	decode_ms_per_step	0.893670	decode_slot_step_tok_s	35807.400942	decode_ep_ms_per_step	0.390882	decode_dense_ms_per_step	0.000000	decode_compose_ms_per_step	0.502404	decode_checksum	2232151951	PASS
tp_ep_token_major_item	step	3	layer	25	ratio	128	decode_ms_per_step	0.899803	decode_slot_step_tok_s	35563.339976	decode_ep_ms_per_step	0.385303	decode_dense_ms_per_step	0.000000	decode_compose_ms_per_step	0.514081	decode_checksum	2259995728	PASS
tp_ep_token_major_item	step	3	layer	26	ratio	4	decode_ms_per_step	0.900438	decode_slot_step_tok_s	35538.260269	decode_ep_ms_per_step	0.384360	decode_dense_ms_per_step	0.000000	decode_compose_ms_per_step	0.515369	decode_checksum	4173975789	PASS
tp_ep_token_major_item	step	3	layer	27	ratio	128	decode_ms_per_step	0.880780	decode_slot_step_tok_s	36331.433502	decode_ep_ms_per_step	0.383435	decode_dense_ms_per_step	0.000000	decode_compose_ms_per_step	0.496957	decode_checksum	1958048886	PASS
tp_ep_token_major_item	step	3	layer	28	ratio	4	decode_ms_per_step	0.874516	decode_slot_step_tok_s	36591.668992	decode_ep_ms_per_step	0.382268	decode_dense_ms_per_step	0.000000	decode_compose_ms_per_step	0.491863	decode_checksum	12572607	PASS
tp_ep_token_major_item	step	3	layer	29	ratio	128	decode_ms_per_step	0.882712	decode_slot_step_tok_s	36251.914554	decode_ep_ms_per_step	0.383148	decode_dense_ms_per_step	0.000000	decode_compose_ms_per_step	0.499139	decode_checksum	1939549931	PASS
tp_ep_token_major_item	step	3	layer	30	ratio	4	decode_ms_per_step	0.883313	decode_slot_step_tok_s	36227.249005	decode_ep_ms_per_step	0.383697	decode_dense_ms_per_step	0.000000	decode_compose_ms_per_step	0.499210	decode_checksum	2245266299	PASS
tp_ep_token_major_item	step	3	layer	31	ratio	128	decode_ms_per_step	0.926159	decode_slot_step_tok_s	34551.302746	decode_ep_ms_per_step	0.389124	decode_dense_ms_per_step	0.000000	decode_compose_ms_per_step	0.536701	decode_checksum	4092244362	PASS
tp_ep_token_major_item	step	3	layer	32	ratio	4	decode_ms_per_step	0.900353	decode_slot_step_tok_s	35541.615344	decode_ep_ms_per_step	0.393183	decode_dense_ms_per_step	0.000000	decode_compose_ms_per_step	0.506815	decode_checksum	1929924991	PASS
tp_ep_token_major_item	step	3	layer	33	ratio	128	decode_ms_per_step	0.866622	decode_slot_step_tok_s	36924.979980	decode_ep_ms_per_step	0.371569	decode_dense_ms_per_step	0.000000	decode_compose_ms_per_step	0.494666	decode_checksum	154974069	PASS
tp_ep_token_major_item	step	3	layer	34	ratio	4	decode_ms_per_step	0.908926	decode_slot_step_tok_s	35206.386438	decode_ep_ms_per_step	0.375852	decode_dense_ms_per_step	0.000000	decode_compose_ms_per_step	0.532751	decode_checksum	4247159498	PASS
tp_ep_token_major_item	step	3	layer	35	ratio	128	decode_ms_per_step	0.906719	decode_slot_step_tok_s	35292.080567	decode_ep_ms_per_step	0.403478	decode_dense_ms_per_step	0.000000	decode_compose_ms_per_step	0.502855	decode_checksum	1960134344	PASS
tp_ep_token_major_item	step	3	layer	36	ratio	4	decode_ms_per_step	0.884392	decode_slot_step_tok_s	36183.050050	decode_ep_ms_per_step	0.388338	decode_dense_ms_per_step	0.000000	decode_compose_ms_per_step	0.495659	decode_checksum	2318643187	PASS
tp_ep_token_major_item	step	3	layer	37	ratio	128	decode_ms_per_step	0.877492	decode_slot_step_tok_s	36467.568935	decode_ep_ms_per_step	0.378695	decode_dense_ms_per_step	0.000000	decode_compose_ms_per_step	0.498441	decode_checksum	2051082468	PASS
tp_ep_token_major_item	step	3	layer	38	ratio	4	decode_ms_per_step	0.920501	decode_slot_step_tok_s	34763.677606	decode_ep_ms_per_step	0.400854	decode_dense_ms_per_step	0.000000	decode_compose_ms_per_step	0.519175	decode_checksum	2208797608	PASS
tp_ep_token_major_item	step	3	layer	39	ratio	128	decode_ms_per_step	0.881229	decode_slot_step_tok_s	36312.922067	decode_ep_ms_per_step	0.382458	decode_dense_ms_per_step	0.000000	decode_compose_ms_per_step	0.498349	decode_checksum	1901862423	PASS
tp_ep_token_major_item	step	3	layer	40	ratio	4	decode_ms_per_step	1.029353	decode_slot_step_tok_s	31087.488937	decode_ep_ms_per_step	0.384780	decode_dense_ms_per_step	0.000000	decode_compose_ms_per_step	0.644224	decode_checksum	1971716968	PASS
tp_ep_token_major_item	step	3	layer	41	ratio	128	decode_ms_per_step	0.871841	decode_slot_step_tok_s	36703.940283	decode_ep_ms_per_step	0.374190	decode_dense_ms_per_step	0.000000	decode_compose_ms_per_step	0.497233	decode_checksum	4100126953	PASS
tp_ep_token_major_item	step	3	layer	42	ratio	4	decode_ms_per_step	0.914757	decode_slot_step_tok_s	34981.967889	decode_ep_ms_per_step	0.394901	decode_dense_ms_per_step	0.000000	decode_compose_ms_per_step	0.519426	decode_checksum	260576764	PASS
tp_ep_token_major_scaffold	steps	4	layers	43	pass_invocations	172	slots	32	ctx	262144	shared_api	1	shared_rank_buffers	1	shared_tp_runtime	0	shared_expert_bindings	1	overlap_ep_dense	1	direct_remote_compose	0	source_copy_schedule	1	sum_decode_ms	195.360044	ms_per_token	48.840011	projected_slot_step_tok_s	655.200508	sum_ep_ms	102.840750	sum_dense_ms	0.000000	sum_compose_ms	92.438684	wall_ms	35297.952033	checksum	296236348	PASS
