tp_ep_all_layer_dense_f16_cache	rows	4096	source_bytes	8640413696	cache_bytes	14451998720	cache_aligned_bytes	14451998720	max_temp_bytes	132382720	cache_ms	7672.582983	PASS
tp_ep_all_layer_turbomind_api_shared	devices	8	PASS
tp_ep_all_layer_rank_buffers_shared	devices	8	core_bytes	44061728	PASS
tp_ep_all_layer_tp_runtime_shared	devices	8	slots	32	ctx	262144	kv_bytes_per_gpu	3707940864	comp_state_bytes_per_gpu	1803550720	scratch_bytes_per_gpu	1610612736	total_bytes_per_gpu	7122628608	PASS
tp_ep_all_layer_expert_bindings_shared	layers	43	devices	8	bytes	147169738752	bytes_per_gpu	18396217344	PASS
tp_ep_all_layer_dense_ops_shared	layers	43	devices	8	loaded_bytes	2544697344	PASS
tp_ep_resident_serving_loop	layers	43	mode	direct_decode	PASS
tp_ep_hc_final_expand_shared	layers	43	slots	32	control_bytes	325684296	PASS
tp_ep_diagnostic_output_head_shared	slots	32	vocab	129280	rows_per_gpu	16160	output_weight_bytes	1059061760	logits_bytes	16547840	proxy_hc	0	PASS
tp_ep_token_embedding_shared	slots	32	vocab	129280	rows_per_gpu	16160	weight_bytes	1059061760	device	0	PASS
tp_ep_http_tokenizer	model	/models/DSv4-Flash-256e-fixed.gguf	PASS
tp_ep_http_serving	http://127.0.0.1:18080/v100/selected-token	PASS
tp_ep_http_completions	http://127.0.0.1:18080/v1/completions	DIAGNOSTIC
tp_ep_http_chat_completions	http://127.0.0.1:18080/v1/chat/completions	DIAGNOSTIC
tp_ep_token_major_item	step	0	layer	0	ratio	0	position	100000	decode_ms_per_step	77.320842	decode_slot_step_tok_s	413.859953	decode_ep_ms_per_step	69.292206	decode_dense_ms_per_step	0.000000	decode_compose_ms_per_step	1.190633	decode_compose_reduce_ms_per_step	0.297672	decode_compose_copy_ms_per_step	0.582101	decode_compose_final_ms_per_step	0.310860	decode_hc_current_input_ms_per_step	5.618141	decode_final_hc_ms_per_step	0.695105	decode_checksum	6522455227	decode_finite_bad	0	rc	0	PASS
tp_ep_token_major_item	step	0	layer	1	ratio	0	position	100000	decode_ms_per_step	20.746982	decode_slot_step_tok_s	1542.393009	decode_ep_ms_per_step	16.084546	decode_dense_ms_per_step	0.000000	decode_compose_ms_per_step	0.631580	decode_compose_reduce_ms_per_step	0.149934	decode_compose_copy_ms_per_step	0.320983	decode_compose_final_ms_per_step	0.160663	decode_hc_current_input_ms_per_step	2.938271	decode_final_hc_ms_per_step	0.535709	decode_checksum	6708560533	decode_finite_bad	0	rc	0	PASS
tp_ep_token_major_item	step	0	layer	2	ratio	4	position	100000	decode_ms_per_step	18.832865	decode_slot_step_tok_s	1699.157298	decode_ep_ms_per_step	14.744952	decode_dense_ms_per_step	0.000000	decode_compose_ms_per_step	0.483985	decode_compose_reduce_ms_per_step	0.067723	decode_compose_copy_ms_per_step	0.275212	decode_compose_final_ms_per_step	0.141050	decode_hc_current_input_ms_per_step	2.677719	decode_final_hc_ms_per_step	0.529079	decode_checksum	378153488	decode_finite_bad	0	rc	0	PASS
tp_ep_token_major_item	step	0	layer	3	ratio	128	position	100000	decode_ms_per_step	19.453536	decode_slot_step_tok_s	1644.945166	decode_ep_ms_per_step	15.839955	decode_dense_ms_per_step	0.000000	decode_compose_ms_per_step	0.536629	decode_compose_reduce_ms_per_step	0.101808	decode_compose_copy_ms_per_step	0.289378	decode_compose_final_ms_per_step	0.145443	decode_hc_current_input_ms_per_step	2.546533	decode_final_hc_ms_per_step	0.530110	decode_checksum	5037013583	decode_finite_bad	0	rc	0	PASS
tp_ep_token_major_item	step	0	layer	4	ratio	4	position	100000	decode_ms_per_step	19.002776	decode_slot_step_tok_s	1683.964490	decode_ep_ms_per_step	15.466360	decode_dense_ms_per_step	0.000000	decode_compose_ms_per_step	0.510951	decode_compose_reduce_ms_per_step	0.075954	decode_compose_copy_ms_per_step	0.287743	decode_compose_final_ms_per_step	0.147254	decode_hc_current_input_ms_per_step	2.482690	decode_final_hc_ms_per_step	0.542419	decode_checksum	8562179051	decode_finite_bad	0	rc	0	PASS
tp_ep_token_major_item	step	0	layer	5	ratio	128	position	100000	decode_ms_per_step	15.892309	decode_slot_step_tok_s	2013.552593	decode_ep_ms_per_step	12.338951	decode_dense_ms_per_step	0.000000	decode_compose_ms_per_step	0.494642	decode_compose_reduce_ms_per_step	0.065565	decode_compose_copy_ms_per_step	0.261119	decode_compose_final_ms_per_step	0.167958	decode_hc_current_input_ms_per_step	2.515939	decode_final_hc_ms_per_step	0.542444	decode_checksum	7674271462	decode_finite_bad	16384	rc	5	FAIL
tp_ep_token_major_scaffold	steps	1	layers	43	pass_invocations	5	failed_step	0	failed_layer	5	slots	32	ctx	262144	wall_ms	197.197947	FAIL
