tp_ep_model_router_route_id	layer	0	slot	0	k	0	expert	254	rank	7	local	30	weight	0	gated_w	0x7f10f7800000	gated_ws	131072	gated_s	0x7f1103c00000	gated_ss	4096	down_w	0x7f10ec400000	down_ws	65536	down_s	0x7f10f1e80000	down_ss	4096
tp_ep_model_router_route_id	layer	0	slot	0	k	1	expert	222	rank	6	local	30	weight	0	gated_w	0x7f1111800000	gated_ws	131072	gated_s	0x7f111dc00000	gated_ss	4096	down_w	0x7f1106400000	down_ws	65536	down_s	0x7f110be80000	down_ss	4096
tp_ep_model_router_route_id	layer	0	slot	0	k	2	expert	245	rank	7	local	21	weight	0.540582657	gated_w	0x7f10fb000000	gated_ws	131072	gated_s	0x7f1101d80000	gated_ss	4096	down_w	0x7f10ee000000	down_ws	65536	down_s	0x7f10f1c40000	down_ss	4096
tp_ep_model_router_route_id	layer	0	slot	0	k	3	expert	200	rank	6	local	8	weight	0.959417343	gated_w	0x7f111a000000	gated_ws	131072	gated_s	0x7f111d100000	gated_ss	4096	down_w	0x7f110c400000	down_ws	65536	down_s	0x7f110fd00000	down_ss	4096
tp_ep_model_router_route_id	layer	0	slot	0	k	4	expert	53	rank	1	local	21	weight	0	gated_w	0x7f1fed000000	gated_ws	131072	gated_s	0x7f2109b80000	gated_ss	4096	down_w	0x7f118a000000	down_ws	65536	down_s	0x7f210de40000	down_ss	4096
tp_ep_model_router_route_id	layer	0	slot	0	k	5	expert	35	rank	1	local	3	weight	1.29449194e-20	gated_w	0x7f207c000000	gated_ws	131072	gated_s	0x7f207f880000	gated_ss	4096	down_w	0x7f1191400000	down_ws	65536	down_s	0x7f210bfc0000	down_ss	4096
tp_ep_model_router_route_stats	layer	0	routes	0,2,0,0,0,0,2,2	max_routes_per_expert	0,1,0,0,0,0,1,1
tp_ep_route_tensor_stats	tag	route_input	layer	0	rank	1	elems	8192	finite_bad	0	first_bad	18446744073709551615	max_abs	32
tp_ep_route_tensor_stats	tag	route_input	layer	0	rank	6	elems	8192	finite_bad	0	first_bad	18446744073709551615	max_abs	32
tp_ep_route_tensor_stats	tag	route_input	layer	0	rank	7	elems	8192	finite_bad	0	first_bad	18446744073709551615	max_abs	32
tp_ep_tensor_stats	tag	shared_gate	layer	0	rank	0	elems	8192	finite_bad	0	first_bad	18446744073709551615	max_abs	522.809998
tp_ep_tensor_stats	tag	shared_up	layer	0	rank	0	elems	8192	finite_bad	0	first_bad	18446744073709551615	max_abs	668.416748
tp_ep_tensor_stats	tag	shared_gate	layer	0	rank	1	elems	8192	finite_bad	0	first_bad	18446744073709551615	max_abs	532.642151
tp_ep_tensor_stats	tag	shared_up	layer	0	rank	1	elems	8192	finite_bad	0	first_bad	18446744073709551615	max_abs	571.319641
tp_ep_tensor_stats	tag	shared_gate	layer	0	rank	2	elems	8192	finite_bad	0	first_bad	18446744073709551615	max_abs	619.374451
tp_ep_tensor_stats	tag	shared_up	layer	0	rank	2	elems	8192	finite_bad	0	first_bad	18446744073709551615	max_abs	593.376465
tp_ep_tensor_stats	tag	shared_gate	layer	0	rank	3	elems	8192	finite_bad	0	first_bad	18446744073709551615	max_abs	526.099731
tp_ep_tensor_stats	tag	shared_up	layer	0	rank	3	elems	8192	finite_bad	0	first_bad	18446744073709551615	max_abs	520.936096
tp_ep_tensor_stats	tag	shared_gate	layer	0	rank	4	elems	8192	finite_bad	0	first_bad	18446744073709551615	max_abs	722.701599
tp_ep_tensor_stats	tag	shared_up	layer	0	rank	4	elems	8192	finite_bad	0	first_bad	18446744073709551615	max_abs	399.886902
tp_ep_tensor_stats	tag	shared_gate	layer	0	rank	5	elems	8192	finite_bad	0	first_bad	18446744073709551615	max_abs	565.921997
tp_ep_tensor_stats	tag	shared_up	layer	0	rank	5	elems	8192	finite_bad	0	first_bad	18446744073709551615	max_abs	775.363281
tp_ep_tensor_stats	tag	shared_gate	layer	0	rank	6	elems	8192	finite_bad	0	first_bad	18446744073709551615	max_abs	828.718628
tp_ep_tensor_stats	tag	shared_up	layer	0	rank	6	elems	8192	finite_bad	0	first_bad	18446744073709551615	max_abs	920.822632
tp_ep_tensor_stats	tag	shared_gate	layer	0	rank	7	elems	8192	finite_bad	0	first_bad	18446744073709551615	max_abs	513.1297
tp_ep_tensor_stats	tag	shared_up	layer	0	rank	7	elems	8192	finite_bad	0	first_bad	18446744073709551615	max_abs	389.835205
tp_ep_tensor_stats	tag	shared_mid	layer	0	rank	0	elems	65536	finite_bad	0	first_bad	18446744073709551615	max_abs	99.9954605
tp_ep_tensor_stats	tag	shared_mid	layer	0	rank	1	elems	65536	finite_bad	0	first_bad	18446744073709551615	max_abs	99.9954605
tp_ep_tensor_stats	tag	shared_mid	layer	0	rank	2	elems	65536	finite_bad	0	first_bad	18446744073709551615	max_abs	99.9954605
tp_ep_tensor_stats	tag	shared_mid	layer	0	rank	3	elems	65536	finite_bad	0	first_bad	18446744073709551615	max_abs	99.9954605
tp_ep_tensor_stats	tag	shared_mid	layer	0	rank	4	elems	65536	finite_bad	0	first_bad	18446744073709551615	max_abs	99.9954605
tp_ep_tensor_stats	tag	shared_mid	layer	0	rank	5	elems	65536	finite_bad	0	first_bad	18446744073709551615	max_abs	99.9954605
tp_ep_tensor_stats	tag	shared_mid	layer	0	rank	6	elems	65536	finite_bad	0	first_bad	18446744073709551615	max_abs	99.9954605
tp_ep_tensor_stats	tag	shared_mid	layer	0	rank	7	elems	65536	finite_bad	0	first_bad	18446744073709551615	max_abs	99.9954605
tp_ep_tensor_stats	tag	shared_down	layer	0	rank	0	elems	16384	finite_bad	0	first_bad	18446744073709551615	max_abs	233.980652
tp_ep_tensor_stats	tag	shared_down	layer	0	rank	1	elems	16384	finite_bad	0	first_bad	18446744073709551615	max_abs	239.447784
tp_ep_tensor_stats	tag	shared_down	layer	0	rank	2	elems	16384	finite_bad	0	first_bad	18446744073709551615	max_abs	241.654114
tp_ep_tensor_stats	tag	shared_down	layer	0	rank	3	elems	16384	finite_bad	0	first_bad	18446744073709551615	max_abs	247.204727
tp_ep_tensor_stats	tag	shared_down	layer	0	rank	4	elems	16384	finite_bad	0	first_bad	18446744073709551615	max_abs	265.991333
tp_ep_tensor_stats	tag	shared_down	layer	0	rank	5	elems	16384	finite_bad	0	first_bad	18446744073709551615	max_abs	246.82489
tp_ep_tensor_stats	tag	shared_down	layer	0	rank	6	elems	16384	finite_bad	0	first_bad	18446744073709551615	max_abs	255.043564
tp_ep_tensor_stats	tag	shared_down	layer	0	rank	7	elems	16384	finite_bad	0	first_bad	18446744073709551615	max_abs	240.637344
tp_ep_route_tensor_stats	tag	route_gate_up	layer	0	rank	1	elems	8192	finite_bad	0	first_bad	18446744073709551615	max_abs	181.875
tp_ep_route_tensor_stats	tag	route_gated	layer	0	rank	1	elems	4096	finite_bad	0	first_bad	18446744073709551615	max_abs	100
tp_ep_route_tensor_stats	tag	route_down	layer	0	rank	1	elems	8192	finite_bad	0	first_bad	18446744073709551615	max_abs	311.5
tp_ep_route_tensor_stats	tag	route_gate_up	layer	0	rank	6	elems	8192	finite_bad	0	first_bad	18446744073709551615	max_abs	350.5
tp_ep_route_tensor_stats	tag	route_gated	layer	0	rank	6	elems	4096	finite_bad	0	first_bad	18446744073709551615	max_abs	100
tp_ep_route_tensor_stats	tag	route_down	layer	0	rank	6	elems	8192	finite_bad	0	first_bad	18446744073709551615	max_abs	318.25
tp_ep_route_tensor_stats	tag	route_gate_up	layer	0	rank	7	elems	8192	finite_bad	0	first_bad	18446744073709551615	max_abs	349.75
tp_ep_route_tensor_stats	tag	route_gated	layer	0	rank	7	elems	4096	finite_bad	0	first_bad	18446744073709551615	max_abs	100
tp_ep_route_tensor_stats	tag	route_down	layer	0	rank	7	elems	8192	finite_bad	0	first_bad	18446744073709551615	max_abs	320.75
tp_ep_model_router_route_id	layer	1	slot	0	k	0	expert	163	rank	5	local	3	weight	0.531447232	gated_w	0x7f1068a00000	gated_ws	131072	gated_s	0x7f1068880000	gated_ss	4096	down_w	0x7f1059400000	down_ws	65536	down_s	0x7f1067dc0000	down_ss	4096
tp_ep_model_router_route_id	layer	1	slot	0	k	1	expert	137	rank	4	local	9	weight	0	gated_w	0x7f107e800000	gated_ws	131072	gated_s	0x7f1081180000	gated_ss	4096	down_w	0x7f1070800000	down_ws	65536	down_s	0x7f1073d40000	down_ss	4096
tp_ep_model_router_route_id	layer	1	slot	0	k	2	expert	158	rank	4	local	30	weight	0.968552709	gated_w	0x7f1075800000	gated_ws	131072	gated_s	0x7f1081c00000	gated_ss	4096	down_w	0x7f106a400000	down_ws	65536	down_s	0x7f106fe80000	down_ss	4096
tp_ep_model_router_route_id	layer	1	slot	0	k	3	expert	97	rank	3	local	1	weight	0	gated_w	0x7f109f400000	gated_ws	131072	gated_s	0x7f1159f80000	gated_ss	4096	down_w	0x7f108cc00000	down_ws	65536	down_s	0x7f109bd40000	down_ss	4096
tp_ep_model_router_route_id	layer	1	slot	0	k	4	expert	184	rank	5	local	24	weight	0	gated_w	0x7f105c800000	gated_ws	131072	gated_s	0x7f1065f00000	gated_ss	4096	down_w	0x7f1052c00000	down_ws	65536	down_s	0x7f1055d00000	down_ss	4096
tp_ep_model_router_route_id	layer	1	slot	0	k	5	expert	8	rank	0	local	8	weight	0	gated_w	0x7f10e6000000	gated_ws	131072	gated_s	0x7f10e9100000	gated_ss	4096	down_w	0x7f10d8400000	down_ws	65536	down_s	0x7f10dbd00000	down_ss	4096
tp_ep_model_router_route_stats	layer	1	routes	1,0,0,1,2,2,0,0	max_routes_per_expert	1,0,0,1,1,1,0,0
tp_ep_route_tensor_stats	tag	route_input	layer	1	rank	0	elems	4096	finite_bad	0	first_bad	18446744073709551615	max_abs	32
tp_ep_route_tensor_stats	tag	route_input	layer	1	rank	3	elems	4096	finite_bad	0	first_bad	18446744073709551615	max_abs	32
tp_ep_route_tensor_stats	tag	route_input	layer	1	rank	4	elems	8192	finite_bad	0	first_bad	18446744073709551615	max_abs	32
tp_ep_route_tensor_stats	tag	route_input	layer	1	rank	5	elems	8192	finite_bad	0	first_bad	18446744073709551615	max_abs	32
tp_ep_tensor_stats	tag	shared_gate	layer	1	rank	0	elems	8192	finite_bad	0	first_bad	18446744073709551615	max_abs	463.075836
tp_ep_tensor_stats	tag	shared_up	layer	1	rank	0	elems	8192	finite_bad	0	first_bad	18446744073709551615	max_abs	485.168427
tp_ep_tensor_stats	tag	shared_gate	layer	1	rank	1	elems	8192	finite_bad	0	first_bad	18446744073709551615	max_abs	655.441895
tp_ep_tensor_stats	tag	shared_up	layer	1	rank	1	elems	8192	finite_bad	0	first_bad	18446744073709551615	max_abs	752.310486
tp_ep_tensor_stats	tag	shared_gate	layer	1	rank	2	elems	8192	finite_bad	0	first_bad	18446744073709551615	max_abs	437.49527
tp_ep_tensor_stats	tag	shared_up	layer	1	rank	2	elems	8192	finite_bad	0	first_bad	18446744073709551615	max_abs	416.22702
tp_ep_tensor_stats	tag	shared_gate	layer	1	rank	3	elems	8192	finite_bad	0	first_bad	18446744073709551615	max_abs	1165.44312
tp_ep_tensor_stats	tag	shared_up	layer	1	rank	3	elems	8192	finite_bad	0	first_bad	18446744073709551615	max_abs	969.223633
tp_ep_tensor_stats	tag	shared_gate	layer	1	rank	4	elems	8192	finite_bad	0	first_bad	18446744073709551615	max_abs	493.482391
tp_ep_tensor_stats	tag	shared_up	layer	1	rank	4	elems	8192	finite_bad	0	first_bad	18446744073709551615	max_abs	1990.56567
tp_ep_tensor_stats	tag	shared_gate	layer	1	rank	5	elems	8192	finite_bad	0	first_bad	18446744073709551615	max_abs	478.150818
tp_ep_tensor_stats	tag	shared_up	layer	1	rank	5	elems	8192	finite_bad	0	first_bad	18446744073709551615	max_abs	664.839417
tp_ep_tensor_stats	tag	shared_gate	layer	1	rank	6	elems	8192	finite_bad	0	first_bad	18446744073709551615	max_abs	641.748291
tp_ep_tensor_stats	tag	shared_up	layer	1	rank	6	elems	8192	finite_bad	0	first_bad	18446744073709551615	max_abs	479.018982
tp_ep_tensor_stats	tag	shared_gate	layer	1	rank	7	elems	8192	finite_bad	0	first_bad	18446744073709551615	max_abs	528.387817
tp_ep_tensor_stats	tag	shared_up	layer	1	rank	7	elems	8192	finite_bad	0	first_bad	18446744073709551615	max_abs	658.510254
tp_ep_tensor_stats	tag	shared_mid	layer	1	rank	0	elems	65536	finite_bad	0	first_bad	18446744073709551615	max_abs	99.9954605
tp_ep_tensor_stats	tag	shared_mid	layer	1	rank	1	elems	65536	finite_bad	0	first_bad	18446744073709551615	max_abs	99.9954605
tp_ep_tensor_stats	tag	shared_mid	layer	1	rank	2	elems	65536	finite_bad	0	first_bad	18446744073709551615	max_abs	99.9954605
tp_ep_tensor_stats	tag	shared_mid	layer	1	rank	3	elems	65536	finite_bad	0	first_bad	18446744073709551615	max_abs	99.9954605
tp_ep_tensor_stats	tag	shared_mid	layer	1	rank	4	elems	65536	finite_bad	0	first_bad	18446744073709551615	max_abs	99.9954605
tp_ep_tensor_stats	tag	shared_mid	layer	1	rank	5	elems	65536	finite_bad	0	first_bad	18446744073709551615	max_abs	99.9954605
tp_ep_tensor_stats	tag	shared_mid	layer	1	rank	6	elems	65536	finite_bad	0	first_bad	18446744073709551615	max_abs	99.9954605
tp_ep_tensor_stats	tag	shared_mid	layer	1	rank	7	elems	65536	finite_bad	0	first_bad	18446744073709551615	max_abs	99.9954605
tp_ep_tensor_stats	tag	shared_down	layer	1	rank	0	elems	16384	finite_bad	0	first_bad	18446744073709551615	max_abs	119.577621
tp_ep_tensor_stats	tag	shared_down	layer	1	rank	1	elems	16384	finite_bad	0	first_bad	18446744073709551615	max_abs	107.785767
tp_ep_tensor_stats	tag	shared_down	layer	1	rank	2	elems	16384	finite_bad	0	first_bad	18446744073709551615	max_abs	115.018448
tp_ep_tensor_stats	tag	shared_down	layer	1	rank	3	elems	16384	finite_bad	0	first_bad	18446744073709551615	max_abs	108.231201
tp_ep_tensor_stats	tag	shared_down	layer	1	rank	4	elems	16384	finite_bad	0	first_bad	18446744073709551615	max_abs	123.0513
tp_ep_tensor_stats	tag	shared_down	layer	1	rank	5	elems	16384	finite_bad	0	first_bad	18446744073709551615	max_abs	128.978241
tp_ep_tensor_stats	tag	shared_down	layer	1	rank	6	elems	16384	finite_bad	0	first_bad	18446744073709551615	max_abs	114.956802
tp_ep_tensor_stats	tag	shared_down	layer	1	rank	7	elems	16384	finite_bad	0	first_bad	18446744073709551615	max_abs	133.782852
tp_ep_route_tensor_stats	tag	route_gate_up	layer	1	rank	0	elems	4096	finite_bad	0	first_bad	18446744073709551615	max_abs	69.875
tp_ep_route_tensor_stats	tag	route_gated	layer	1	rank	0	elems	2048	finite_bad	0	first_bad	18446744073709551615	max_abs	100
tp_ep_route_tensor_stats	tag	route_down	layer	1	rank	0	elems	4096	finite_bad	0	first_bad	18446744073709551615	max_abs	302.75
tp_ep_route_tensor_stats	tag	route_gate_up	layer	1	rank	3	elems	4096	finite_bad	0	first_bad	18446744073709551615	max_abs	52.03125
tp_ep_route_tensor_stats	tag	route_gated	layer	1	rank	3	elems	2048	finite_bad	0	first_bad	18446744073709551615	max_abs	100
tp_ep_route_tensor_stats	tag	route_down	layer	1	rank	3	elems	4096	finite_bad	0	first_bad	18446744073709551615	max_abs	304.25
tp_ep_route_tensor_stats	tag	route_gate_up	layer	1	rank	4	elems	8192	finite_bad	0	first_bad	18446744073709551615	max_abs	51.53125
tp_ep_route_tensor_stats	tag	route_gated	layer	1	rank	4	elems	4096	finite_bad	0	first_bad	18446744073709551615	max_abs	100
tp_ep_route_tensor_stats	tag	route_down	layer	1	rank	4	elems	8192	finite_bad	0	first_bad	18446744073709551615	max_abs	310.5
tp_ep_route_tensor_stats	tag	route_gate_up	layer	1	rank	5	elems	8192	finite_bad	0	first_bad	18446744073709551615	max_abs	50.125
tp_ep_route_tensor_stats	tag	route_gated	layer	1	rank	5	elems	4096	finite_bad	0	first_bad	18446744073709551615	max_abs	100
tp_ep_route_tensor_stats	tag	route_down	layer	1	rank	5	elems	8192	finite_bad	0	first_bad	18446744073709551615	max_abs	299
tp_ep_model_router_route_id	layer	2	slot	0	k	0	expert	108	rank	3	local	12	weight	0.234336942	gated_w	0x7f0fc6800000	gated_ws	131072	gated_s	0x7f0fc9900000	gated_ss	4096	down_w	0x7f0fbb400000	down_ws	65536	down_s	0x7f0fbb800000	down_ss	4096
tp_ep_model_router_route_id	layer	2	slot	0	k	1	expert	115	rank	3	local	19	weight	0	gated_w	0x7f0fc2000000	gated_ws	131072	gated_s	0x7f0fc9c80000	gated_ss	4096	down_w	0x7f0fb9400000	down_ws	65536	down_s	0x7f0fbb9c0000	down_ss	4096
tp_ep_model_router_route_id	layer	2	slot	0	k	2	expert	43	rank	1	local	11	weight	0	gated_w	0x7f0ffa000000	gated_ws	131072	gated_s	0x7f0ffd880000	gated_ss	4096	down_w	0x7f0fef000000	down_ws	65536	down_s	0x7f0ff1dc0000	down_ss	4096
tp_ep_model_router_route_id	layer	2	slot	0	k	3	expert	53	rank	1	local	21	weight	1.26566303	gated_w	0x7f0ff7000000	gated_ws	131072	gated_s	0x7f0ffdd80000	gated_ss	4096	down_w	0x7f0fea000000	down_ws	65536	down_s	0x7f0fedc40000	down_ss	4096
tp_ep_model_router_route_id	layer	2	slot	0	k	4	expert	132	rank	4	local	4	weight	0	gated_w	0x7f0fb3200000	gated_ws	131072	gated_s	0x7f0fb2900000	gated_ss	4096	down_w	0x7f0fa3800000	down_ws	65536	down_s	0x7f0fa3c00000	down_ss	4096
tp_ep_model_router_route_id	layer	2	slot	0	k	5	expert	143	rank	4	local	15	weight	0	gated_w	0x7f0faa000000	gated_ws	131072	gated_s	0x7f0fafa80000	gated_ss	4096	down_w	0x7f0f9e400000	down_ws	65536	down_s	0x7f0fa18c0000	down_ss	4096
tp_ep_model_router_route_stats	layer	2	routes	0,2,0,2,2,0,0,0	max_routes_per_expert	0,1,0,1,1,0,0,0
tp_ep_route_tensor_stats	tag	route_input	layer	2	rank	1	elems	8192	finite_bad	0	first_bad	18446744073709551615	max_abs	32
tp_ep_route_tensor_stats	tag	route_input	layer	2	rank	3	elems	8192	finite_bad	0	first_bad	18446744073709551615	max_abs	32
tp_ep_route_tensor_stats	tag	route_input	layer	2	rank	4	elems	8192	finite_bad	0	first_bad	18446744073709551615	max_abs	32
tp_ep_tensor_stats	tag	shared_gate	layer	2	rank	0	elems	8192	finite_bad	0	first_bad	18446744073709551615	max_abs	122405.758
tp_ep_tensor_stats	tag	shared_up	layer	2	rank	0	elems	8192	finite_bad	0	first_bad	18446744073709551615	max_abs	132212.938
tp_ep_tensor_stats	tag	shared_gate	layer	2	rank	1	elems	8192	finite_bad	0	first_bad	18446744073709551615	max_abs	200319.203
tp_ep_tensor_stats	tag	shared_up	layer	2	rank	1	elems	8192	finite_bad	0	first_bad	18446744073709551615	max_abs	154753.938
tp_ep_tensor_stats	tag	shared_gate	layer	2	rank	2	elems	8192	finite_bad	0	first_bad	18446744073709551615	max_abs	176644.047
tp_ep_tensor_stats	tag	shared_up	layer	2	rank	2	elems	8192	finite_bad	0	first_bad	18446744073709551615	max_abs	106388.891
tp_ep_tensor_stats	tag	shared_gate	layer	2	rank	3	elems	8192	finite_bad	0	first_bad	18446744073709551615	max_abs	135935.297
tp_ep_tensor_stats	tag	shared_up	layer	2	rank	3	elems	8192	finite_bad	0	first_bad	18446744073709551615	max_abs	116132.391
tp_ep_tensor_stats	tag	shared_gate	layer	2	rank	4	elems	8192	finite_bad	0	first_bad	18446744073709551615	max_abs	135278.25
tp_ep_tensor_stats	tag	shared_up	layer	2	rank	4	elems	8192	finite_bad	0	first_bad	18446744073709551615	max_abs	109004.422
tp_ep_tensor_stats	tag	shared_gate	layer	2	rank	5	elems	8192	finite_bad	0	first_bad	18446744073709551615	max_abs	166672.125
tp_ep_tensor_stats	tag	shared_up	layer	2	rank	5	elems	8192	finite_bad	0	first_bad	18446744073709551615	max_abs	134427.891
tp_ep_tensor_stats	tag	shared_gate	layer	2	rank	6	elems	8192	finite_bad	0	first_bad	18446744073709551615	max_abs	181231.891
tp_ep_tensor_stats	tag	shared_up	layer	2	rank	6	elems	8192	finite_bad	0	first_bad	18446744073709551615	max_abs	119547.094
tp_ep_tensor_stats	tag	shared_gate	layer	2	rank	7	elems	8192	finite_bad	0	first_bad	18446744073709551615	max_abs	131787.141
tp_ep_tensor_stats	tag	shared_up	layer	2	rank	7	elems	8192	finite_bad	0	first_bad	18446744073709551615	max_abs	145899.547
tp_ep_tensor_stats	tag	shared_mid	layer	2	rank	0	elems	65536	finite_bad	0	first_bad	18446744073709551615	max_abs	99.9954605
tp_ep_tensor_stats	tag	shared_mid	layer	2	rank	1	elems	65536	finite_bad	0	first_bad	18446744073709551615	max_abs	99.9954605
tp_ep_tensor_stats	tag	shared_mid	layer	2	rank	2	elems	65536	finite_bad	0	first_bad	18446744073709551615	max_abs	99.9954605
tp_ep_tensor_stats	tag	shared_mid	layer	2	rank	3	elems	65536	finite_bad	0	first_bad	18446744073709551615	max_abs	99.9954605
tp_ep_tensor_stats	tag	shared_mid	layer	2	rank	4	elems	65536	finite_bad	0	first_bad	18446744073709551615	max_abs	99.9954605
tp_ep_tensor_stats	tag	shared_mid	layer	2	rank	5	elems	65536	finite_bad	0	first_bad	18446744073709551615	max_abs	99.9954605
tp_ep_tensor_stats	tag	shared_mid	layer	2	rank	6	elems	65536	finite_bad	0	first_bad	18446744073709551615	max_abs	99.9954605
tp_ep_tensor_stats	tag	shared_mid	layer	2	rank	7	elems	65536	finite_bad	0	first_bad	18446744073709551615	max_abs	99.9954605
tp_ep_tensor_stats	tag	shared_down	layer	2	rank	0	elems	16384	finite_bad	0	first_bad	18446744073709551615	max_abs	149.23143
tp_ep_tensor_stats	tag	shared_down	layer	2	rank	1	elems	16384	finite_bad	0	first_bad	18446744073709551615	max_abs	157.610168
tp_ep_tensor_stats	tag	shared_down	layer	2	rank	2	elems	16384	finite_bad	0	first_bad	18446744073709551615	max_abs	177.696945
tp_ep_tensor_stats	tag	shared_down	layer	2	rank	3	elems	16384	finite_bad	0	first_bad	18446744073709551615	max_abs	163.394226
tp_ep_tensor_stats	tag	shared_down	layer	2	rank	4	elems	16384	finite_bad	0	first_bad	18446744073709551615	max_abs	140.923538
tp_ep_tensor_stats	tag	shared_down	layer	2	rank	5	elems	16384	finite_bad	0	first_bad	18446744073709551615	max_abs	182.63504
tp_ep_tensor_stats	tag	shared_down	layer	2	rank	6	elems	16384	finite_bad	0	first_bad	18446744073709551615	max_abs	143.772476
tp_ep_tensor_stats	tag	shared_down	layer	2	rank	7	elems	16384	finite_bad	0	first_bad	18446744073709551615	max_abs	156.449753
tp_ep_route_tensor_stats	tag	route_gate_up	layer	2	rank	1	elems	8192	finite_bad	0	first_bad	18446744073709551615	max_abs	56.875
tp_ep_route_tensor_stats	tag	route_gated	layer	2	rank	1	elems	4096	finite_bad	0	first_bad	18446744073709551615	max_abs	100
tp_ep_route_tensor_stats	tag	route_down	layer	2	rank	1	elems	8192	finite_bad	0	first_bad	18446744073709551615	max_abs	298.75
tp_ep_route_tensor_stats	tag	route_gate_up	layer	2	rank	3	elems	8192	finite_bad	0	first_bad	18446744073709551615	max_abs	52.46875
tp_ep_route_tensor_stats	tag	route_gated	layer	2	rank	3	elems	4096	finite_bad	0	first_bad	18446744073709551615	max_abs	100
tp_ep_route_tensor_stats	tag	route_down	layer	2	rank	3	elems	8192	finite_bad	0	first_bad	18446744073709551615	max_abs	329.75
tp_ep_route_tensor_stats	tag	route_gate_up	layer	2	rank	4	elems	8192	finite_bad	0	first_bad	18446744073709551615	max_abs	54.90625
tp_ep_route_tensor_stats	tag	route_gated	layer	2	rank	4	elems	4096	finite_bad	0	first_bad	18446744073709551615	max_abs	100
tp_ep_route_tensor_stats	tag	route_down	layer	2	rank	4	elems	8192	finite_bad	0	first_bad	18446744073709551615	max_abs	363
tp_ep_model_router_route_stats	layer	3	routes	1,0,0,0,2,2,0,1	max_routes_per_expert	1,0,0,0,1,1,0,1
tp_ep_tensor_stats	tag	shared_gate	layer	3	rank	0	elems	8192	finite_bad	0	first_bad	18446744073709551615	max_abs	295076.938
tp_ep_tensor_stats	tag	shared_up	layer	3	rank	0	elems	8192	finite_bad	0	first_bad	18446744073709551615	max_abs	268446.75
tp_ep_tensor_stats	tag	shared_gate	layer	3	rank	1	elems	8192	finite_bad	0	first_bad	18446744073709551615	max_abs	274629.25
tp_ep_tensor_stats	tag	shared_up	layer	3	rank	1	elems	8192	finite_bad	0	first_bad	18446744073709551615	max_abs	277599.781
tp_ep_tensor_stats	tag	shared_gate	layer	3	rank	2	elems	8192	finite_bad	0	first_bad	18446744073709551615	max_abs	281822
tp_ep_tensor_stats	tag	shared_up	layer	3	rank	2	elems	8192	finite_bad	0	first_bad	18446744073709551615	max_abs	276310.781
tp_ep_tensor_stats	tag	shared_gate	layer	3	rank	3	elems	8192	finite_bad	0	first_bad	18446744073709551615	max_abs	264246.219
tp_ep_tensor_stats	tag	shared_up	layer	3	rank	3	elems	8192	finite_bad	0	first_bad	18446744073709551615	max_abs	253180.094
tp_ep_tensor_stats	tag	shared_gate	layer	3	rank	4	elems	8192	finite_bad	0	first_bad	18446744073709551615	max_abs	219534.703
tp_ep_tensor_stats	tag	shared_up	layer	3	rank	4	elems	8192	finite_bad	0	first_bad	18446744073709551615	max_abs	271748.344
tp_ep_tensor_stats	tag	shared_gate	layer	3	rank	5	elems	8192	finite_bad	0	first_bad	18446744073709551615	max_abs	417538.406
tp_ep_tensor_stats	tag	shared_up	layer	3	rank	5	elems	8192	finite_bad	0	first_bad	18446744073709551615	max_abs	294957.781
tp_ep_tensor_stats	tag	shared_gate	layer	3	rank	6	elems	8192	finite_bad	0	first_bad	18446744073709551615	max_abs	242565.375
tp_ep_tensor_stats	tag	shared_up	layer	3	rank	6	elems	8192	finite_bad	0	first_bad	18446744073709551615	max_abs	213908.094
tp_ep_tensor_stats	tag	shared_gate	layer	3	rank	7	elems	8192	finite_bad	0	first_bad	18446744073709551615	max_abs	242823.562
tp_ep_tensor_stats	tag	shared_up	layer	3	rank	7	elems	8192	finite_bad	0	first_bad	18446744073709551615	max_abs	343094.125
tp_ep_tensor_stats	tag	shared_mid	layer	3	rank	0	elems	65536	finite_bad	0	first_bad	18446744073709551615	max_abs	99.9954605
tp_ep_tensor_stats	tag	shared_mid	layer	3	rank	1	elems	65536	finite_bad	0	first_bad	18446744073709551615	max_abs	99.9954605
tp_ep_tensor_stats	tag	shared_mid	layer	3	rank	2	elems	65536	finite_bad	0	first_bad	18446744073709551615	max_abs	99.9954605
tp_ep_tensor_stats	tag	shared_mid	layer	3	rank	3	elems	65536	finite_bad	0	first_bad	18446744073709551615	max_abs	99.9954605
tp_ep_tensor_stats	tag	shared_mid	layer	3	rank	4	elems	65536	finite_bad	0	first_bad	18446744073709551615	max_abs	99.9954605
tp_ep_tensor_stats	tag	shared_mid	layer	3	rank	5	elems	65536	finite_bad	0	first_bad	18446744073709551615	max_abs	99.9954605
tp_ep_tensor_stats	tag	shared_mid	layer	3	rank	6	elems	65536	finite_bad	0	first_bad	18446744073709551615	max_abs	99.9954605
tp_ep_tensor_stats	tag	shared_mid	layer	3	rank	7	elems	65536	finite_bad	0	first_bad	18446744073709551615	max_abs	99.9954605
tp_ep_tensor_stats	tag	shared_down	layer	3	rank	0	elems	16384	finite_bad	0	first_bad	18446744073709551615	max_abs	222.364929
tp_ep_tensor_stats	tag	shared_down	layer	3	rank	1	elems	16384	finite_bad	0	first_bad	18446744073709551615	max_abs	223.212357
tp_ep_tensor_stats	tag	shared_down	layer	3	rank	2	elems	16384	finite_bad	0	first_bad	18446744073709551615	max_abs	242.391357
tp_ep_tensor_stats	tag	shared_down	layer	3	rank	3	elems	16384	finite_bad	0	first_bad	18446744073709551615	max_abs	214.885117
tp_ep_tensor_stats	tag	shared_down	layer	3	rank	4	elems	16384	finite_bad	0	first_bad	18446744073709551615	max_abs	221.855545
tp_ep_tensor_stats	tag	shared_down	layer	3	rank	5	elems	16384	finite_bad	0	first_bad	18446744073709551615	max_abs	207.555176
tp_ep_tensor_stats	tag	shared_down	layer	3	rank	6	elems	16384	finite_bad	0	first_bad	18446744073709551615	max_abs	219.192688
tp_ep_tensor_stats	tag	shared_down	layer	3	rank	7	elems	16384	finite_bad	0	first_bad	18446744073709551615	max_abs	227.306198
tp_ep_model_router_route_stats	layer	4	routes	2,1,1,0,0,0,1,1	max_routes_per_expert	1,1,1,0,0,0,1,1
tp_ep_tensor_stats	tag	shared_gate	layer	4	rank	0	elems	8192	finite_bad	0	first_bad	18446744073709551615	max_abs	288488.031
tp_ep_tensor_stats	tag	shared_up	layer	4	rank	0	elems	8192	finite_bad	0	first_bad	18446744073709551615	max_abs	312478.625
tp_ep_tensor_stats	tag	shared_gate	layer	4	rank	1	elems	8192	finite_bad	0	first_bad	18446744073709551615	max_abs	262548.469
tp_ep_tensor_stats	tag	shared_up	layer	4	rank	1	elems	8192	finite_bad	0	first_bad	18446744073709551615	max_abs	327566.25
tp_ep_tensor_stats	tag	shared_gate	layer	4	rank	2	elems	8192	finite_bad	0	first_bad	18446744073709551615	max_abs	249146.031
tp_ep_tensor_stats	tag	shared_up	layer	4	rank	2	elems	8192	finite_bad	0	first_bad	18446744073709551615	max_abs	295925
tp_ep_tensor_stats	tag	shared_gate	layer	4	rank	3	elems	8192	finite_bad	0	first_bad	18446744073709551615	max_abs	280874.062
tp_ep_tensor_stats	tag	shared_up	layer	4	rank	3	elems	8192	finite_bad	0	first_bad	18446744073709551615	max_abs	283312.531
tp_ep_tensor_stats	tag	shared_gate	layer	4	rank	4	elems	8192	finite_bad	0	first_bad	18446744073709551615	max_abs	265688.125
tp_ep_tensor_stats	tag	shared_up	layer	4	rank	4	elems	8192	finite_bad	0	first_bad	18446744073709551615	max_abs	310297.625
tp_ep_tensor_stats	tag	shared_gate	layer	4	rank	5	elems	8192	finite_bad	0	first_bad	18446744073709551615	max_abs	326434.25
tp_ep_tensor_stats	tag	shared_up	layer	4	rank	5	elems	8192	finite_bad	0	first_bad	18446744073709551615	max_abs	253098.828
tp_ep_tensor_stats	tag	shared_gate	layer	4	rank	6	elems	8192	finite_bad	0	first_bad	18446744073709551615	max_abs	229239.547
tp_ep_tensor_stats	tag	shared_up	layer	4	rank	6	elems	8192	finite_bad	0	first_bad	18446744073709551615	max_abs	248395.531
tp_ep_tensor_stats	tag	shared_gate	layer	4	rank	7	elems	8192	finite_bad	0	first_bad	18446744073709551615	max_abs	266810.812
tp_ep_tensor_stats	tag	shared_up	layer	4	rank	7	elems	8192	finite_bad	0	first_bad	18446744073709551615	max_abs	286176.5
tp_ep_tensor_stats	tag	shared_mid	layer	4	rank	0	elems	65536	finite_bad	0	first_bad	18446744073709551615	max_abs	99.9954605
tp_ep_tensor_stats	tag	shared_mid	layer	4	rank	1	elems	65536	finite_bad	0	first_bad	18446744073709551615	max_abs	99.9954605
tp_ep_tensor_stats	tag	shared_mid	layer	4	rank	2	elems	65536	finite_bad	0	first_bad	18446744073709551615	max_abs	99.9954605
tp_ep_tensor_stats	tag	shared_mid	layer	4	rank	3	elems	65536	finite_bad	0	first_bad	18446744073709551615	max_abs	99.9954605
tp_ep_tensor_stats	tag	shared_mid	layer	4	rank	4	elems	65536	finite_bad	0	first_bad	18446744073709551615	max_abs	99.9954605
tp_ep_tensor_stats	tag	shared_mid	layer	4	rank	5	elems	65536	finite_bad	0	first_bad	18446744073709551615	max_abs	99.9954605
tp_ep_tensor_stats	tag	shared_mid	layer	4	rank	6	elems	65536	finite_bad	0	first_bad	18446744073709551615	max_abs	99.9954605
tp_ep_tensor_stats	tag	shared_mid	layer	4	rank	7	elems	65536	finite_bad	0	first_bad	18446744073709551615	max_abs	99.9954605
tp_ep_tensor_stats	tag	shared_down	layer	4	rank	0	elems	16384	finite_bad	0	first_bad	18446744073709551615	max_abs	248.618469
tp_ep_tensor_stats	tag	shared_down	layer	4	rank	1	elems	16384	finite_bad	0	first_bad	18446744073709551615	max_abs	220.43335
tp_ep_tensor_stats	tag	shared_down	layer	4	rank	2	elems	16384	finite_bad	0	first_bad	18446744073709551615	max_abs	213.08847
tp_ep_tensor_stats	tag	shared_down	layer	4	rank	3	elems	16384	finite_bad	0	first_bad	18446744073709551615	max_abs	213.916199
tp_ep_tensor_stats	tag	shared_down	layer	4	rank	4	elems	16384	finite_bad	0	first_bad	18446744073709551615	max_abs	274.667664
tp_ep_tensor_stats	tag	shared_down	layer	4	rank	5	elems	16384	finite_bad	0	first_bad	18446744073709551615	max_abs	246.200592
tp_ep_tensor_stats	tag	shared_down	layer	4	rank	6	elems	16384	finite_bad	0	first_bad	18446744073709551615	max_abs	223.142029
tp_ep_tensor_stats	tag	shared_down	layer	4	rank	7	elems	16384	finite_bad	0	first_bad	18446744073709551615	max_abs	182.452744
tp_ep_model_router_route_stats	layer	5	routes	2,0,1,1,2,0,0,0	max_routes_per_expert	1,0,1,1,1,0,0,0
tp_ep_tensor_stats	tag	hc_current_shard	layer	30	rank	0	elems	16384	finite_bad	0	first_bad	18446744073709551615	max_abs	1.20523547e+15
tp_ep_tensor_stats	tag	hc_current_shard	layer	30	rank	1	elems	16384	finite_bad	0	first_bad	18446744073709551615	max_abs	1.19310474e+15
tp_ep_tensor_stats	tag	hc_current_shard	layer	30	rank	2	elems	16384	finite_bad	0	first_bad	18446744073709551615	max_abs	1.20805498e+15
tp_ep_tensor_stats	tag	hc_current_shard	layer	30	rank	3	elems	16384	finite_bad	0	first_bad	18446744073709551615	max_abs	9.47579508e+14
tp_ep_tensor_stats	tag	hc_current_shard	layer	30	rank	4	elems	16384	finite_bad	0	first_bad	18446744073709551615	max_abs	9.53649572e+14
tp_ep_tensor_stats	tag	hc_current_shard	layer	30	rank	5	elems	16384	finite_bad	0	first_bad	18446744073709551615	max_abs	8.96430944e+14
tp_ep_tensor_stats	tag	hc_current_shard	layer	30	rank	6	elems	16384	finite_bad	0	first_bad	18446744073709551615	max_abs	8.18031282e+14
tp_ep_tensor_stats	tag	hc_current_shard	layer	30	rank	7	elems	16384	finite_bad	0	first_bad	18446744073709551615	max_abs	1.14772183e+15
tp_ep_tensor_stats	tag	hc_current_full	layer	30	rank	0	elems	131072	finite_bad	0	first_bad	18446744073709551615	max_abs	1.20720941e+15
tp_ep_tensor_stats	tag	hc_ffn_normed	layer	30	rank	0	elems	131072	finite_bad	0	first_bad	18446744073709551615	max_abs	6.30423821e+17
tp_ep_tensor_stats	tag	route_inv_scale	layer	30	rank	0	elems	2	finite_bad	0	first_bad	18446744073709551615	max_abs	1.97007444e+16
tp_ep_tensor_stats	tag	route_inv_scale	layer	30	rank	1	elems	1	finite_bad	0	first_bad	18446744073709551615	max_abs	1.97007444e+16
tp_ep_tensor_stats	tag	route_inv_scale	layer	30	rank	3	elems	1	finite_bad	0	first_bad	18446744073709551615	max_abs	1.97007444e+16
tp_ep_tensor_stats	tag	route_inv_scale	layer	30	rank	4	elems	1	finite_bad	0	first_bad	18446744073709551615	max_abs	1.97007444e+16
tp_ep_tensor_stats	tag	route_inv_scale	layer	30	rank	7	elems	1	finite_bad	0	first_bad	18446744073709551615	max_abs	1.97007444e+16
tp_ep_route_tensor_stats	tag	route_input	layer	30	rank	0	elems	8192	finite_bad	0	first_bad	18446744073709551615	max_abs	32
tp_ep_route_tensor_stats	tag	route_input	layer	30	rank	1	elems	4096	finite_bad	0	first_bad	18446744073709551615	max_abs	32
tp_ep_route_tensor_stats	tag	route_input	layer	30	rank	3	elems	4096	finite_bad	0	first_bad	18446744073709551615	max_abs	32
tp_ep_route_tensor_stats	tag	route_input	layer	30	rank	4	elems	4096	finite_bad	0	first_bad	18446744073709551615	max_abs	32
tp_ep_route_tensor_stats	tag	route_input	layer	30	rank	7	elems	4096	finite_bad	0	first_bad	18446744073709551615	max_abs	32
tp_ep_tensor_stats	tag	shared_gate	layer	30	rank	0	elems	8192	finite_bad	0	first_bad	18446744073709551615	max_abs	344990.938
tp_ep_tensor_stats	tag	shared_up	layer	30	rank	0	elems	8192	finite_bad	0	first_bad	18446744073709551615	max_abs	226617
tp_ep_tensor_stats	tag	shared_gate	layer	30	rank	1	elems	8192	finite_bad	0	first_bad	18446744073709551615	max_abs	274891.875
tp_ep_tensor_stats	tag	shared_up	layer	30	rank	1	elems	8192	finite_bad	0	first_bad	18446744073709551615	max_abs	187619.781
tp_ep_tensor_stats	tag	shared_gate	layer	30	rank	2	elems	8192	finite_bad	0	first_bad	18446744073709551615	max_abs	327947.562
tp_ep_tensor_stats	tag	shared_up	layer	30	rank	2	elems	8192	finite_bad	0	first_bad	18446744073709551615	max_abs	210672.703
tp_ep_tensor_stats	tag	shared_gate	layer	30	rank	3	elems	8192	finite_bad	0	first_bad	18446744073709551615	max_abs	298203.906
tp_ep_tensor_stats	tag	shared_up	layer	30	rank	3	elems	8192	finite_bad	0	first_bad	18446744073709551615	max_abs	218724.672
tp_ep_tensor_stats	tag	shared_gate	layer	30	rank	4	elems	8192	finite_bad	0	first_bad	18446744073709551615	max_abs	280518.531
tp_ep_tensor_stats	tag	shared_up	layer	30	rank	4	elems	8192	finite_bad	0	first_bad	18446744073709551615	max_abs	209003.406
tp_ep_tensor_stats	tag	shared_gate	layer	30	rank	5	elems	8192	finite_bad	0	first_bad	18446744073709551615	max_abs	251181.141
tp_ep_tensor_stats	tag	shared_up	layer	30	rank	5	elems	8192	finite_bad	0	first_bad	18446744073709551615	max_abs	310469.844
tp_ep_tensor_stats	tag	shared_gate	layer	30	rank	6	elems	8192	finite_bad	0	first_bad	18446744073709551615	max_abs	266364.75
tp_ep_tensor_stats	tag	shared_up	layer	30	rank	6	elems	8192	finite_bad	0	first_bad	18446744073709551615	max_abs	235248.078
tp_ep_tensor_stats	tag	shared_gate	layer	30	rank	7	elems	8192	finite_bad	0	first_bad	18446744073709551615	max_abs	285464.156
tp_ep_tensor_stats	tag	shared_up	layer	30	rank	7	elems	8192	finite_bad	0	first_bad	18446744073709551615	max_abs	244564.156
tp_ep_tensor_stats	tag	shared_mid	layer	30	rank	0	elems	65536	finite_bad	0	first_bad	18446744073709551615	max_abs	99.9954605
tp_ep_tensor_stats	tag	shared_mid	layer	30	rank	1	elems	65536	finite_bad	0	first_bad	18446744073709551615	max_abs	99.9954605
tp_ep_tensor_stats	tag	shared_mid	layer	30	rank	2	elems	65536	finite_bad	0	first_bad	18446744073709551615	max_abs	99.9954605
tp_ep_tensor_stats	tag	shared_mid	layer	30	rank	3	elems	65536	finite_bad	0	first_bad	18446744073709551615	max_abs	99.9954605
tp_ep_tensor_stats	tag	shared_mid	layer	30	rank	4	elems	65536	finite_bad	0	first_bad	18446744073709551615	max_abs	99.9954605
tp_ep_tensor_stats	tag	shared_mid	layer	30	rank	5	elems	65536	finite_bad	0	first_bad	18446744073709551615	max_abs	99.9954605
tp_ep_tensor_stats	tag	shared_mid	layer	30	rank	6	elems	65536	finite_bad	0	first_bad	18446744073709551615	max_abs	99.9954605
tp_ep_tensor_stats	tag	shared_mid	layer	30	rank	7	elems	65536	finite_bad	0	first_bad	18446744073709551615	max_abs	99.9954605
tp_ep_tensor_stats	tag	shared_down	layer	30	rank	0	elems	16384	finite_bad	0	first_bad	18446744073709551615	max_abs	155.53656
tp_ep_tensor_stats	tag	shared_down	layer	30	rank	1	elems	16384	finite_bad	0	first_bad	18446744073709551615	max_abs	155.131348
tp_ep_tensor_stats	tag	shared_down	layer	30	rank	2	elems	16384	finite_bad	0	first_bad	18446744073709551615	max_abs	125.741119
tp_ep_tensor_stats	tag	shared_down	layer	30	rank	3	elems	16384	finite_bad	0	first_bad	18446744073709551615	max_abs	162.654739
tp_ep_tensor_stats	tag	shared_down	layer	30	rank	4	elems	16384	finite_bad	0	first_bad	18446744073709551615	max_abs	152.619476
tp_ep_tensor_stats	tag	shared_down	layer	30	rank	5	elems	16384	finite_bad	0	first_bad	18446744073709551615	max_abs	162.996155
tp_ep_tensor_stats	tag	shared_down	layer	30	rank	6	elems	16384	finite_bad	0	first_bad	18446744073709551615	max_abs	135.014313
tp_ep_tensor_stats	tag	shared_down	layer	30	rank	7	elems	16384	finite_bad	0	first_bad	18446744073709551615	max_abs	267.607544
tp_ep_route_tensor_stats	tag	route_gate_up	layer	30	rank	0	elems	8192	finite_bad	0	first_bad	18446744073709551615	max_abs	57.25
tp_ep_route_tensor_stats	tag	route_gated	layer	30	rank	0	elems	4096	finite_bad	0	first_bad	18446744073709551615	max_abs	100
tp_ep_route_tensor_stats	tag	route_down	layer	30	rank	0	elems	8192	finite_bad	0	first_bad	18446744073709551615	max_abs	322.25
tp_ep_route_tensor_stats	tag	route_gate_up	layer	30	rank	1	elems	4096	finite_bad	0	first_bad	18446744073709551615	max_abs	57.3125
tp_ep_route_tensor_stats	tag	route_gated	layer	30	rank	1	elems	2048	finite_bad	0	first_bad	18446744073709551615	max_abs	100
tp_ep_route_tensor_stats	tag	route_down	layer	30	rank	1	elems	4096	finite_bad	0	first_bad	18446744073709551615	max_abs	346.5
tp_ep_route_tensor_stats	tag	route_gate_up	layer	30	rank	3	elems	4096	finite_bad	0	first_bad	18446744073709551615	max_abs	55.875
tp_ep_route_tensor_stats	tag	route_gated	layer	30	rank	3	elems	2048	finite_bad	0	first_bad	18446744073709551615	max_abs	100
tp_ep_route_tensor_stats	tag	route_down	layer	30	rank	3	elems	4096	finite_bad	0	first_bad	18446744073709551615	max_abs	355.75
tp_ep_route_tensor_stats	tag	route_gate_up	layer	30	rank	4	elems	4096	finite_bad	0	first_bad	18446744073709551615	max_abs	62.09375
tp_ep_route_tensor_stats	tag	route_gated	layer	30	rank	4	elems	2048	finite_bad	0	first_bad	18446744073709551615	max_abs	100
tp_ep_route_tensor_stats	tag	route_down	layer	30	rank	4	elems	4096	finite_bad	0	first_bad	18446744073709551615	max_abs	277.25
tp_ep_route_tensor_stats	tag	route_gate_up	layer	30	rank	7	elems	4096	finite_bad	0	first_bad	18446744073709551615	max_abs	52.5
tp_ep_route_tensor_stats	tag	route_gated	layer	30	rank	7	elems	2048	finite_bad	0	first_bad	18446744073709551615	max_abs	100
tp_ep_route_tensor_stats	tag	route_down	layer	30	rank	7	elems	4096	finite_bad	0	first_bad	18446744073709551615	max_abs	296.5
tp_ep_tensor_stats	tag	compose_next_hidden	layer	30	rank	0	elems	16384	finite_bad	0	first_bad	18446744073709551615	max_abs	1.20439178e+15
tp_ep_tensor_stats	tag	compose_next_hidden	layer	30	rank	1	elems	16384	finite_bad	0	first_bad	18446744073709551615	max_abs	1.1922695e+15
tp_ep_tensor_stats	tag	compose_next_hidden	layer	30	rank	2	elems	16384	finite_bad	0	first_bad	18446744073709551615	max_abs	1.20720941e+15
tp_ep_tensor_stats	tag	compose_next_hidden	layer	30	rank	3	elems	16384	finite_bad	0	first_bad	18446744073709551615	max_abs	9.46916137e+14
tp_ep_tensor_stats	tag	compose_next_hidden	layer	30	rank	4	elems	16384	finite_bad	0	first_bad	18446744073709551615	max_abs	9.52982108e+14
tp_ep_tensor_stats	tag	compose_next_hidden	layer	30	rank	5	elems	16384	finite_bad	0	first_bad	18446744073709551615	max_abs	8.95803275e+14
tp_ep_tensor_stats	tag	compose_next_hidden	layer	30	rank	6	elems	16384	finite_bad	0	first_bad	18446744073709551615	max_abs	8.1745871e+14
tp_ep_tensor_stats	tag	compose_next_hidden	layer	30	rank	7	elems	16384	finite_bad	0	first_bad	18446744073709551615	max_abs	1.1469184e+15
tp_ep_tensor_stats	tag	final_hc_shard	layer	30	rank	0	elems	65536	finite_bad	0	first_bad	18446744073709551615	max_abs	2.82686292e+15
tp_ep_tensor_stats	tag	final_hc_shard	layer	30	rank	1	elems	65536	finite_bad	0	first_bad	18446744073709551615	max_abs	2.79841037e+15
tp_ep_tensor_stats	tag	final_hc_shard	layer	30	rank	2	elems	65536	finite_bad	0	first_bad	18446744073709551615	max_abs	2.83347609e+15
tp_ep_tensor_stats	tag	final_hc_shard	layer	30	rank	3	elems	65536	finite_bad	0	first_bad	18446744073709551615	max_abs	2.22253458e+15
tp_ep_tensor_stats	tag	final_hc_shard	layer	30	rank	4	elems	65536	finite_bad	0	first_bad	18446744073709551615	max_abs	2.23677199e+15
tp_ep_tensor_stats	tag	final_hc_shard	layer	30	rank	5	elems	65536	finite_bad	0	first_bad	18446744073709551615	max_abs	2.10256621e+15
tp_ep_tensor_stats	tag	final_hc_shard	layer	30	rank	6	elems	65536	finite_bad	0	first_bad	18446744073709551615	max_abs	2.11369689e+15
tp_ep_tensor_stats	tag	final_hc_shard	layer	30	rank	7	elems	65536	finite_bad	0	first_bad	18446744073709551615	max_abs	2.69196524e+15
tp_ep_tensor_stats	tag	hc_current_shard	layer	31	rank	0	elems	16384	finite_bad	0	first_bad	18446744073709551615	max_abs	1.20439178e+15
tp_ep_tensor_stats	tag	hc_current_shard	layer	31	rank	1	elems	16384	finite_bad	0	first_bad	18446744073709551615	max_abs	1.1922695e+15
tp_ep_tensor_stats	tag	hc_current_shard	layer	31	rank	2	elems	16384	finite_bad	0	first_bad	18446744073709551615	max_abs	1.20720941e+15
tp_ep_tensor_stats	tag	hc_current_shard	layer	31	rank	3	elems	16384	finite_bad	0	first_bad	18446744073709551615	max_abs	9.46916137e+14
tp_ep_tensor_stats	tag	hc_current_shard	layer	31	rank	4	elems	16384	finite_bad	0	first_bad	18446744073709551615	max_abs	9.52982108e+14
tp_ep_tensor_stats	tag	hc_current_shard	layer	31	rank	5	elems	16384	finite_bad	0	first_bad	18446744073709551615	max_abs	8.95803275e+14
tp_ep_tensor_stats	tag	hc_current_shard	layer	31	rank	6	elems	16384	finite_bad	0	first_bad	18446744073709551615	max_abs	8.1745871e+14
tp_ep_tensor_stats	tag	hc_current_shard	layer	31	rank	7	elems	16384	finite_bad	0	first_bad	18446744073709551615	max_abs	1.1469184e+15
tp_ep_tensor_stats	tag	hc_current_full	layer	31	rank	0	elems	131072	finite_bad	0	first_bad	18446744073709551615	max_abs	4.01145758e+15
tp_ep_tensor_stats	tag	hc_ffn_normed	layer	31	rank	0	elems	131072	finite_bad	0	first_bad	18446744073709551615	max_abs	2.07921332e+18
tp_ep_tensor_stats	tag	route_inv_scale	layer	31	rank	1	elems	1	finite_bad	0	first_bad	18446744073709551615	max_abs	6.49754163e+16
tp_ep_tensor_stats	tag	route_inv_scale	layer	31	rank	2	elems	1	finite_bad	0	first_bad	18446744073709551615	max_abs	6.49754163e+16
tp_ep_tensor_stats	tag	route_inv_scale	layer	31	rank	3	elems	1	finite_bad	0	first_bad	18446744073709551615	max_abs	6.49754163e+16
tp_ep_tensor_stats	tag	route_inv_scale	layer	31	rank	4	elems	2	finite_bad	0	first_bad	18446744073709551615	max_abs	6.49754163e+16
tp_ep_tensor_stats	tag	route_inv_scale	layer	31	rank	5	elems	1	finite_bad	0	first_bad	18446744073709551615	max_abs	6.49754163e+16
tp_ep_route_tensor_stats	tag	route_input	layer	31	rank	1	elems	4096	finite_bad	0	first_bad	18446744073709551615	max_abs	32
tp_ep_route_tensor_stats	tag	route_input	layer	31	rank	2	elems	4096	finite_bad	0	first_bad	18446744073709551615	max_abs	32
tp_ep_route_tensor_stats	tag	route_input	layer	31	rank	3	elems	4096	finite_bad	0	first_bad	18446744073709551615	max_abs	32
tp_ep_route_tensor_stats	tag	route_input	layer	31	rank	4	elems	8192	finite_bad	0	first_bad	18446744073709551615	max_abs	32
tp_ep_route_tensor_stats	tag	route_input	layer	31	rank	5	elems	4096	finite_bad	0	first_bad	18446744073709551615	max_abs	32
tp_ep_tensor_stats	tag	shared_gate	layer	31	rank	0	elems	8192	finite_bad	0	first_bad	18446744073709551615	max_abs	265893.406
tp_ep_tensor_stats	tag	shared_up	layer	31	rank	0	elems	8192	finite_bad	0	first_bad	18446744073709551615	max_abs	198478.281
tp_ep_tensor_stats	tag	shared_gate	layer	31	rank	1	elems	8192	finite_bad	0	first_bad	18446744073709551615	max_abs	308208.062
tp_ep_tensor_stats	tag	shared_up	layer	31	rank	1	elems	8192	finite_bad	0	first_bad	18446744073709551615	max_abs	218634.094
tp_ep_tensor_stats	tag	shared_gate	layer	31	rank	2	elems	8192	finite_bad	0	first_bad	18446744073709551615	max_abs	435096.969
tp_ep_tensor_stats	tag	shared_up	layer	31	rank	2	elems	8192	finite_bad	0	first_bad	18446744073709551615	max_abs	223513.797
tp_ep_tensor_stats	tag	shared_gate	layer	31	rank	3	elems	8192	finite_bad	0	first_bad	18446744073709551615	max_abs	312313.219
tp_ep_tensor_stats	tag	shared_up	layer	31	rank	3	elems	8192	finite_bad	0	first_bad	18446744073709551615	max_abs	249996.812
tp_ep_tensor_stats	tag	shared_gate	layer	31	rank	4	elems	8192	finite_bad	0	first_bad	18446744073709551615	max_abs	404891.094
tp_ep_tensor_stats	tag	shared_up	layer	31	rank	4	elems	8192	finite_bad	0	first_bad	18446744073709551615	max_abs	215779.922
tp_ep_tensor_stats	tag	shared_gate	layer	31	rank	5	elems	8192	finite_bad	0	first_bad	18446744073709551615	max_abs	398733.219
tp_ep_tensor_stats	tag	shared_up	layer	31	rank	5	elems	8192	finite_bad	0	first_bad	18446744073709551615	max_abs	275405.438
tp_ep_tensor_stats	tag	shared_gate	layer	31	rank	6	elems	8192	finite_bad	0	first_bad	18446744073709551615	max_abs	408755.844
tp_ep_tensor_stats	tag	shared_up	layer	31	rank	6	elems	8192	finite_bad	0	first_bad	18446744073709551615	max_abs	254887.812
tp_ep_tensor_stats	tag	shared_gate	layer	31	rank	7	elems	8192	finite_bad	0	first_bad	18446744073709551615	max_abs	273718.438
tp_ep_tensor_stats	tag	shared_up	layer	31	rank	7	elems	8192	finite_bad	0	first_bad	18446744073709551615	max_abs	208176.156
tp_ep_tensor_stats	tag	shared_mid	layer	31	rank	0	elems	65536	finite_bad	0	first_bad	18446744073709551615	max_abs	99.9954605
tp_ep_tensor_stats	tag	shared_mid	layer	31	rank	1	elems	65536	finite_bad	0	first_bad	18446744073709551615	max_abs	99.9954605
tp_ep_tensor_stats	tag	shared_mid	layer	31	rank	2	elems	65536	finite_bad	0	first_bad	18446744073709551615	max_abs	99.9954605
tp_ep_tensor_stats	tag	shared_mid	layer	31	rank	3	elems	65536	finite_bad	0	first_bad	18446744073709551615	max_abs	99.9954605
tp_ep_tensor_stats	tag	shared_mid	layer	31	rank	4	elems	65536	finite_bad	0	first_bad	18446744073709551615	max_abs	99.9954605
tp_ep_tensor_stats	tag	shared_mid	layer	31	rank	5	elems	65536	finite_bad	0	first_bad	18446744073709551615	max_abs	99.9954605
tp_ep_tensor_stats	tag	shared_mid	layer	31	rank	6	elems	65536	finite_bad	0	first_bad	18446744073709551615	max_abs	99.9954605
tp_ep_tensor_stats	tag	shared_mid	layer	31	rank	7	elems	65536	finite_bad	0	first_bad	18446744073709551615	max_abs	99.9954605
tp_ep_tensor_stats	tag	shared_down	layer	31	rank	0	elems	16384	finite_bad	0	first_bad	18446744073709551615	max_abs	182.379547
tp_ep_tensor_stats	tag	shared_down	layer	31	rank	1	elems	16384	finite_bad	0	first_bad	18446744073709551615	max_abs	183.745544
tp_ep_tensor_stats	tag	shared_down	layer	31	rank	2	elems	16384	finite_bad	0	first_bad	18446744073709551615	max_abs	225.384857
tp_ep_tensor_stats	tag	shared_down	layer	31	rank	3	elems	16384	finite_bad	0	first_bad	18446744073709551615	max_abs	163.977615
tp_ep_tensor_stats	tag	shared_down	layer	31	rank	4	elems	16384	finite_bad	0	first_bad	18446744073709551615	max_abs	169.108246
tp_ep_tensor_stats	tag	shared_down	layer	31	rank	5	elems	16384	finite_bad	0	first_bad	18446744073709551615	max_abs	428.447998
tp_ep_tensor_stats	tag	shared_down	layer	31	rank	6	elems	16384	finite_bad	0	first_bad	18446744073709551615	max_abs	206.253403
tp_ep_tensor_stats	tag	shared_down	layer	31	rank	7	elems	16384	finite_bad	0	first_bad	18446744073709551615	max_abs	211.905945
tp_ep_route_tensor_stats	tag	route_gate_up	layer	31	rank	1	elems	4096	finite_bad	0	first_bad	18446744073709551615	max_abs	47
tp_ep_route_tensor_stats	tag	route_gated	layer	31	rank	1	elems	2048	finite_bad	0	first_bad	18446744073709551615	max_abs	100
tp_ep_route_tensor_stats	tag	route_down	layer	31	rank	1	elems	4096	finite_bad	0	first_bad	18446744073709551615	max_abs	322
tp_ep_route_tensor_stats	tag	route_gate_up	layer	31	rank	2	elems	4096	finite_bad	0	first_bad	18446744073709551615	max_abs	53.9375
tp_ep_route_tensor_stats	tag	route_gated	layer	31	rank	2	elems	2048	finite_bad	0	first_bad	18446744073709551615	max_abs	100
tp_ep_route_tensor_stats	tag	route_down	layer	31	rank	2	elems	4096	finite_bad	0	first_bad	18446744073709551615	max_abs	313
tp_ep_route_tensor_stats	tag	route_gate_up	layer	31	rank	3	elems	4096	finite_bad	0	first_bad	18446744073709551615	max_abs	51.6875
tp_ep_route_tensor_stats	tag	route_gated	layer	31	rank	3	elems	2048	finite_bad	0	first_bad	18446744073709551615	max_abs	100
tp_ep_route_tensor_stats	tag	route_down	layer	31	rank	3	elems	4096	finite_bad	0	first_bad	18446744073709551615	max_abs	318.75
tp_ep_route_tensor_stats	tag	route_gate_up	layer	31	rank	4	elems	8192	finite_bad	0	first_bad	18446744073709551615	max_abs	58.21875
tp_ep_route_tensor_stats	tag	route_gated	layer	31	rank	4	elems	4096	finite_bad	0	first_bad	18446744073709551615	max_abs	100
tp_ep_route_tensor_stats	tag	route_down	layer	31	rank	4	elems	8192	finite_bad	0	first_bad	18446744073709551615	max_abs	332.75
tp_ep_route_tensor_stats	tag	route_gate_up	layer	31	rank	5	elems	4096	finite_bad	0	first_bad	18446744073709551615	max_abs	52.875
tp_ep_route_tensor_stats	tag	route_gated	layer	31	rank	5	elems	2048	finite_bad	0	first_bad	18446744073709551615	max_abs	100
tp_ep_route_tensor_stats	tag	route_down	layer	31	rank	5	elems	4096	finite_bad	0	first_bad	18446744073709551615	max_abs	362
tp_ep_tensor_stats	tag	compose_next_hidden	layer	31	rank	0	elems	16384	finite_bad	0	first_bad	18446744073709551615	max_abs	4.00209482e+15
tp_ep_tensor_stats	tag	compose_next_hidden	layer	31	rank	1	elems	16384	finite_bad	0	first_bad	18446744073709551615	max_abs	3.96181366e+15
tp_ep_tensor_stats	tag	compose_next_hidden	layer	31	rank	2	elems	16384	finite_bad	0	first_bad	18446744073709551615	max_abs	4.01145758e+15
tp_ep_tensor_stats	tag	compose_next_hidden	layer	31	rank	3	elems	16384	finite_bad	0	first_bad	18446744073709551615	max_abs	3.14652498e+15
tp_ep_tensor_stats	tag	compose_next_hidden	layer	31	rank	4	elems	16384	finite_bad	0	first_bad	18446744073709551615	max_abs	3.16668127e+15
tp_ep_tensor_stats	tag	compose_next_hidden	layer	31	rank	5	elems	16384	finite_bad	0	first_bad	18446744073709551615	max_abs	2.97668131e+15
tp_ep_tensor_stats	tag	compose_next_hidden	layer	31	rank	6	elems	16384	finite_bad	0	first_bad	18446744073709551615	max_abs	2.71634777e+15
tp_ep_tensor_stats	tag	compose_next_hidden	layer	31	rank	7	elems	16384	finite_bad	0	first_bad	18446744073709551615	max_abs	3.81111534e+15
tp_ep_tensor_stats	tag	final_hc_shard	layer	31	rank	0	elems	65536	finite_bad	0	first_bad	18446744073709551615	max_abs	1.07742057e+16
tp_ep_tensor_stats	tag	final_hc_shard	layer	31	rank	1	elems	65536	finite_bad	0	first_bad	18446744073709551615	max_abs	1.06657621e+16
tp_ep_tensor_stats	tag	final_hc_shard	layer	31	rank	2	elems	65536	finite_bad	0	first_bad	18446744073709551615	max_abs	1.07994107e+16
tp_ep_tensor_stats	tag	final_hc_shard	layer	31	rank	3	elems	65536	finite_bad	0	first_bad	18446744073709551615	max_abs	8.47089045e+15
tp_ep_tensor_stats	tag	final_hc_shard	layer	31	rank	4	elems	65536	finite_bad	0	first_bad	18446744073709551615	max_abs	8.5251536e+15
tp_ep_tensor_stats	tag	final_hc_shard	layer	31	rank	5	elems	65536	finite_bad	0	first_bad	18446744073709551615	max_abs	8.01364715e+15
tp_ep_tensor_stats	tag	final_hc_shard	layer	31	rank	6	elems	65536	finite_bad	0	first_bad	18446744073709551615	max_abs	7.31279224e+15
tp_ep_tensor_stats	tag	final_hc_shard	layer	31	rank	7	elems	65536	finite_bad	0	first_bad	18446744073709551615	max_abs	1.02600616e+16
tp_ep_tensor_stats	tag	hc_current_shard	layer	32	rank	0	elems	16384	finite_bad	0	first_bad	18446744073709551615	max_abs	4.00209482e+15
tp_ep_tensor_stats	tag	hc_current_shard	layer	32	rank	1	elems	16384	finite_bad	0	first_bad	18446744073709551615	max_abs	3.96181366e+15
tp_ep_tensor_stats	tag	hc_current_shard	layer	32	rank	2	elems	16384	finite_bad	0	first_bad	18446744073709551615	max_abs	4.01145758e+15
tp_ep_tensor_stats	tag	hc_current_shard	layer	32	rank	3	elems	16384	finite_bad	0	first_bad	18446744073709551615	max_abs	3.14652498e+15
tp_ep_tensor_stats	tag	hc_current_shard	layer	32	rank	4	elems	16384	finite_bad	0	first_bad	18446744073709551615	max_abs	3.16668127e+15
tp_ep_tensor_stats	tag	hc_current_shard	layer	32	rank	5	elems	16384	finite_bad	0	first_bad	18446744073709551615	max_abs	2.97668131e+15
tp_ep_tensor_stats	tag	hc_current_shard	layer	32	rank	6	elems	16384	finite_bad	0	first_bad	18446744073709551615	max_abs	2.71634777e+15
tp_ep_tensor_stats	tag	hc_current_shard	layer	32	rank	7	elems	16384	finite_bad	0	first_bad	18446744073709551615	max_abs	3.81111534e+15
tp_ep_tensor_stats	tag	hc_current_full	layer	32	rank	0	elems	131072	finite_bad	0	first_bad	18446744073709551615	max_abs	9.217978e+15
tp_ep_tensor_stats	tag	hc_ffn_normed	layer	32	rank	0	elems	131072	finite_bad	0	first_bad	18446744073709551615	max_abs	5.00507369e+18
tp_ep_tensor_stats	tag	route_inv_scale	layer	32	rank	0	elems	1	finite_bad	0	first_bad	18446744073709551615	max_abs	1
tp_ep_tensor_stats	tag	route_inv_scale	layer	32	rank	1	elems	2	finite_bad	0	first_bad	18446744073709551615	max_abs	1
tp_ep_tensor_stats	tag	route_inv_scale	layer	32	rank	2	elems	1	finite_bad	0	first_bad	18446744073709551615	max_abs	1
tp_ep_tensor_stats	tag	route_inv_scale	layer	32	rank	3	elems	1	finite_bad	0	first_bad	18446744073709551615	max_abs	1
tp_ep_tensor_stats	tag	route_inv_scale	layer	32	rank	4	elems	1	finite_bad	0	first_bad	18446744073709551615	max_abs	1
tp_ep_route_tensor_stats	tag	route_input	layer	32	rank	0	elems	4096	finite_bad	0	first_bad	18446744073709551615	max_abs	0
tp_ep_route_tensor_stats	tag	route_input	layer	32	rank	1	elems	8192	finite_bad	0	first_bad	18446744073709551615	max_abs	0
tp_ep_route_tensor_stats	tag	route_input	layer	32	rank	2	elems	4096	finite_bad	0	first_bad	18446744073709551615	max_abs	0
tp_ep_route_tensor_stats	tag	route_input	layer	32	rank	3	elems	4096	finite_bad	0	first_bad	18446744073709551615	max_abs	0
tp_ep_route_tensor_stats	tag	route_input	layer	32	rank	4	elems	4096	finite_bad	0	first_bad	18446744073709551615	max_abs	0
tp_ep_tensor_stats	tag	shared_gate	layer	32	rank	0	elems	8192	finite_bad	0	first_bad	18446744073709551615	max_abs	270242.062
tp_ep_tensor_stats	tag	shared_up	layer	32	rank	0	elems	8192	finite_bad	0	first_bad	18446744073709551615	max_abs	221280.688
tp_ep_tensor_stats	tag	shared_gate	layer	32	rank	1	elems	8192	finite_bad	0	first_bad	18446744073709551615	max_abs	394161.469
tp_ep_tensor_stats	tag	shared_up	layer	32	rank	1	elems	8192	finite_bad	0	first_bad	18446744073709551615	max_abs	186424.031
tp_ep_tensor_stats	tag	shared_gate	layer	32	rank	2	elems	8192	finite_bad	0	first_bad	18446744073709551615	max_abs	339358.219
tp_ep_tensor_stats	tag	shared_up	layer	32	rank	2	elems	8192	finite_bad	0	first_bad	18446744073709551615	max_abs	218966.594
tp_ep_tensor_stats	tag	shared_gate	layer	32	rank	3	elems	8192	finite_bad	0	first_bad	18446744073709551615	max_abs	259765.375
tp_ep_tensor_stats	tag	shared_up	layer	32	rank	3	elems	8192	finite_bad	0	first_bad	18446744073709551615	max_abs	218321.344
tp_ep_tensor_stats	tag	shared_gate	layer	32	rank	4	elems	8192	finite_bad	0	first_bad	18446744073709551615	max_abs	412010.094
tp_ep_tensor_stats	tag	shared_up	layer	32	rank	4	elems	8192	finite_bad	0	first_bad	18446744073709551615	max_abs	169484.266
tp_ep_tensor_stats	tag	shared_gate	layer	32	rank	5	elems	8192	finite_bad	0	first_bad	18446744073709551615	max_abs	307446.656
tp_ep_tensor_stats	tag	shared_up	layer	32	rank	5	elems	8192	finite_bad	0	first_bad	18446744073709551615	max_abs	157404.281
tp_ep_tensor_stats	tag	shared_gate	layer	32	rank	6	elems	8192	finite_bad	0	first_bad	18446744073709551615	max_abs	270467.625
tp_ep_tensor_stats	tag	shared_up	layer	32	rank	6	elems	8192	finite_bad	0	first_bad	18446744073709551615	max_abs	228175.609
tp_ep_tensor_stats	tag	shared_gate	layer	32	rank	7	elems	8192	finite_bad	0	first_bad	18446744073709551615	max_abs	267919.062
tp_ep_tensor_stats	tag	shared_up	layer	32	rank	7	elems	8192	finite_bad	0	first_bad	18446744073709551615	max_abs	190459.281
tp_ep_tensor_stats	tag	shared_mid	layer	32	rank	0	elems	65536	finite_bad	0	first_bad	18446744073709551615	max_abs	99.9954605
tp_ep_tensor_stats	tag	shared_mid	layer	32	rank	1	elems	65536	finite_bad	0	first_bad	18446744073709551615	max_abs	99.9954605
tp_ep_tensor_stats	tag	shared_mid	layer	32	rank	2	elems	65536	finite_bad	0	first_bad	18446744073709551615	max_abs	99.9954605
tp_ep_tensor_stats	tag	shared_mid	layer	32	rank	3	elems	65536	finite_bad	0	first_bad	18446744073709551615	max_abs	99.9954605
tp_ep_tensor_stats	tag	shared_mid	layer	32	rank	4	elems	65536	finite_bad	0	first_bad	18446744073709551615	max_abs	99.9954605
tp_ep_tensor_stats	tag	shared_mid	layer	32	rank	5	elems	65536	finite_bad	0	first_bad	18446744073709551615	max_abs	99.9954605
tp_ep_tensor_stats	tag	shared_mid	layer	32	rank	6	elems	65536	finite_bad	0	first_bad	18446744073709551615	max_abs	99.9954605
tp_ep_tensor_stats	tag	shared_mid	layer	32	rank	7	elems	65536	finite_bad	0	first_bad	18446744073709551615	max_abs	99.9954605
tp_ep_tensor_stats	tag	shared_down	layer	32	rank	0	elems	16384	finite_bad	0	first_bad	18446744073709551615	max_abs	130.011948
tp_ep_tensor_stats	tag	shared_down	layer	32	rank	1	elems	16384	finite_bad	0	first_bad	18446744073709551615	max_abs	141.880005
tp_ep_tensor_stats	tag	shared_down	layer	32	rank	2	elems	16384	finite_bad	0	first_bad	18446744073709551615	max_abs	146.454651
tp_ep_tensor_stats	tag	shared_down	layer	32	rank	3	elems	16384	finite_bad	0	first_bad	18446744073709551615	max_abs	144.396912
tp_ep_tensor_stats	tag	shared_down	layer	32	rank	4	elems	16384	finite_bad	0	first_bad	18446744073709551615	max_abs	132.916412
tp_ep_tensor_stats	tag	shared_down	layer	32	rank	5	elems	16384	finite_bad	0	first_bad	18446744073709551615	max_abs	543.065186
tp_ep_tensor_stats	tag	shared_down	layer	32	rank	6	elems	16384	finite_bad	0	first_bad	18446744073709551615	max_abs	131.276794
tp_ep_tensor_stats	tag	shared_down	layer	32	rank	7	elems	16384	finite_bad	0	first_bad	18446744073709551615	max_abs	127.831169
tp_ep_route_tensor_stats	tag	route_gate_up	layer	32	rank	0	elems	4096	finite_bad	0	first_bad	18446744073709551615	max_abs	0
tp_ep_route_tensor_stats	tag	route_gated	layer	32	rank	0	elems	2048	finite_bad	0	first_bad	18446744073709551615	max_abs	0
tp_ep_route_tensor_stats	tag	route_down	layer	32	rank	0	elems	4096	finite_bad	0	first_bad	18446744073709551615	max_abs	0
tp_ep_route_tensor_stats	tag	route_gate_up	layer	32	rank	1	elems	8192	finite_bad	0	first_bad	18446744073709551615	max_abs	0
tp_ep_route_tensor_stats	tag	route_gated	layer	32	rank	1	elems	4096	finite_bad	0	first_bad	18446744073709551615	max_abs	0
tp_ep_route_tensor_stats	tag	route_down	layer	32	rank	1	elems	8192	finite_bad	0	first_bad	18446744073709551615	max_abs	0
tp_ep_route_tensor_stats	tag	route_gate_up	layer	32	rank	2	elems	4096	finite_bad	0	first_bad	18446744073709551615	max_abs	0
tp_ep_route_tensor_stats	tag	route_gated	layer	32	rank	2	elems	2048	finite_bad	0	first_bad	18446744073709551615	max_abs	0
tp_ep_route_tensor_stats	tag	route_down	layer	32	rank	2	elems	4096	finite_bad	0	first_bad	18446744073709551615	max_abs	0
tp_ep_route_tensor_stats	tag	route_gate_up	layer	32	rank	3	elems	4096	finite_bad	0	first_bad	18446744073709551615	max_abs	0
tp_ep_route_tensor_stats	tag	route_gated	layer	32	rank	3	elems	2048	finite_bad	0	first_bad	18446744073709551615	max_abs	0
tp_ep_route_tensor_stats	tag	route_down	layer	32	rank	3	elems	4096	finite_bad	0	first_bad	18446744073709551615	max_abs	0
tp_ep_route_tensor_stats	tag	route_gate_up	layer	32	rank	4	elems	4096	finite_bad	0	first_bad	18446744073709551615	max_abs	0
tp_ep_route_tensor_stats	tag	route_gated	layer	32	rank	4	elems	2048	finite_bad	0	first_bad	18446744073709551615	max_abs	0
tp_ep_route_tensor_stats	tag	route_down	layer	32	rank	4	elems	4096	finite_bad	0	first_bad	18446744073709551615	max_abs	0
tp_ep_tensor_stats	tag	compose_next_hidden	layer	32	rank	0	elems	16384	finite_bad	0	first_bad	18446744073709551615	max_abs	6.95883218e+15
tp_ep_tensor_stats	tag	compose_next_hidden	layer	32	rank	1	elems	16384	finite_bad	0	first_bad	18446744073709551615	max_abs	8.31205504e+15
tp_ep_tensor_stats	tag	compose_next_hidden	layer	32	rank	2	elems	16384	finite_bad	0	first_bad	18446744073709551615	max_abs	9.217978e+15
tp_ep_tensor_stats	tag	compose_next_hidden	layer	32	rank	3	elems	16384	finite_bad	0	first_bad	18446744073709551615	max_abs	7.35792054e+15
tp_ep_tensor_stats	tag	compose_next_hidden	layer	32	rank	4	elems	16384	finite_bad	0	first_bad	18446744073709551615	max_abs	8.69041106e+15
tp_ep_tensor_stats	tag	compose_next_hidden	layer	32	rank	5	elems	16384	finite_bad	0	first_bad	18446744073709551615	max_abs	7.90153777e+15
tp_ep_tensor_stats	tag	compose_next_hidden	layer	32	rank	6	elems	16384	finite_bad	0	first_bad	18446744073709551615	max_abs	8.76514671e+15
tp_ep_tensor_stats	tag	compose_next_hidden	layer	32	rank	7	elems	16384	finite_bad	0	first_bad	18446744073709551615	max_abs	8.41734455e+15
tp_ep_tensor_stats	tag	final_hc_shard	layer	32	rank	0	elems	65536	finite_bad	2048	first_bad	0	max_abs	1.71678959e+16
tp_ep_tensor_stats	tag	final_hc_shard	layer	32	rank	1	elems	65536	finite_bad	2048	first_bad	0	max_abs	2.05063836e+16
tp_ep_tensor_stats	tag	final_hc_shard	layer	32	rank	2	elems	65536	finite_bad	2048	first_bad	0	max_abs	2.27413558e+16
tp_ep_tensor_stats	tag	final_hc_shard	layer	32	rank	3	elems	65536	finite_bad	2048	first_bad	0	max_abs	1.81524731e+16
tp_ep_tensor_stats	tag	final_hc_shard	layer	32	rank	4	elems	65536	finite_bad	2048	first_bad	0	max_abs	2.14398132e+16
tp_ep_tensor_stats	tag	final_hc_shard	layer	32	rank	5	elems	65536	finite_bad	2048	first_bad	0	max_abs	1.9493611e+16
tp_ep_tensor_stats	tag	final_hc_shard	layer	32	rank	6	elems	65536	finite_bad	2048	first_bad	0	max_abs	2.16241918e+16
tp_ep_tensor_stats	tag	final_hc_shard	layer	32	rank	7	elems	65536	finite_bad	2048	first_bad	0	max_abs	2.07661411e+16
tp_ep_http_decode_failed	rc	5	batch	1	requested_steps	1	position	100000
