tp_ep_all_layer_dense_f16_cache	rows	4096	source_bytes	8640413696	cache_bytes	14451998720	cache_aligned_bytes	14451998720	max_temp_bytes	132382720	cache_ms	7627.935672	PASS
tp_ep_all_layer_turbomind_api_shared	devices	8	PASS
tp_ep_all_layer_rank_buffers_shared	devices	8	core_bytes	3933984	PASS
tp_ep_all_layer_tp_runtime_shared	devices	8	slots	32	ctx	262144	mode	local_per_layer	PASS
tp_ep_all_layer_expert_bindings_shared	layers	43	devices	8	bytes	27594326016	bytes_per_gpu	3449290752	PASS
tp_ep_all_layer_item	layer	0	ratio	0	total_rows	192	dense_rows	64	control_rows	104	expert_rows	16	kv_rows	8	comp_rows	0	decode_ms_per_step	0.926068	decode_slot_step_tok_s	34554.686733	decode_ep_ms_per_step	0.324176	decode_dense_ms_per_step	0.000000	decode_compose_ms_per_step	0.601700	decode_checksum	2089207552	PASS
tp_ep_all_layer_item	layer	1	ratio	0	total_rows	192	dense_rows	64	control_rows	104	expert_rows	16	kv_rows	8	comp_rows	0	decode_ms_per_step	0.924047	decode_slot_step_tok_s	34630.259644	decode_ep_ms_per_step	0.326366	decode_dense_ms_per_step	0.000000	decode_compose_ms_per_step	0.597502	decode_checksum	4285303765	PASS
tp_ep_all_layer_item	layer	2	ratio	4	total_rows	288	dense_rows	112	control_rows	136	expert_rows	16	kv_rows	16	comp_rows	8	decode_ms_per_step	0.882031	decode_slot_step_tok_s	36279.903994	decode_ep_ms_per_step	0.299215	decode_dense_ms_per_step	0.000000	decode_compose_ms_per_step	0.582631	decode_checksum	50639913	PASS
tp_ep_all_layer_item	layer	3	ratio	128	total_rows	232	dense_rows	80	control_rows	120	expert_rows	16	kv_rows	8	comp_rows	8	decode_ms_per_step	0.879927	decode_slot_step_tok_s	36366.639091	decode_ep_ms_per_step	0.289935	decode_dense_ms_per_step	0.000000	decode_compose_ms_per_step	0.589800	decode_checksum	199228706	PASS
tp_ep_all_layer_item	layer	4	ratio	4	total_rows	288	dense_rows	112	control_rows	136	expert_rows	16	kv_rows	16	comp_rows	8	decode_ms_per_step	0.893477	decode_slot_step_tok_s	35815.133295	decode_ep_ms_per_step	0.291600	decode_dense_ms_per_step	0.000000	decode_compose_ms_per_step	0.601697	decode_checksum	92587346	PASS
tp_ep_all_layer_item	layer	5	ratio	128	total_rows	232	dense_rows	80	control_rows	120	expert_rows	16	kv_rows	8	comp_rows	8	decode_ms_per_step	0.862346	decode_slot_step_tok_s	37108.065482	decode_ep_ms_per_step	0.284833	decode_dense_ms_per_step	0.000000	decode_compose_ms_per_step	0.577325	decode_checksum	81917469	PASS
tp_ep_all_layer_item	layer	6	ratio	4	total_rows	288	dense_rows	112	control_rows	136	expert_rows	16	kv_rows	16	comp_rows	8	decode_ms_per_step	0.880801	decode_slot_step_tok_s	36330.558216	decode_ep_ms_per_step	0.292993	decode_dense_ms_per_step	0.000000	decode_compose_ms_per_step	0.587615	decode_checksum	41493907	PASS
tp_ep_all_layer_item	layer	7	ratio	128	total_rows	232	dense_rows	80	control_rows	120	expert_rows	16	kv_rows	8	comp_rows	8	decode_ms_per_step	0.871937	decode_slot_step_tok_s	36699.910975	decode_ep_ms_per_step	0.287477	decode_dense_ms_per_step	0.000000	decode_compose_ms_per_step	0.584287	decode_checksum	4211722188	PASS
tp_ep_all_layer_item	layer	8	ratio	4	total_rows	288	dense_rows	112	control_rows	136	expert_rows	16	kv_rows	16	comp_rows	8	decode_ms_per_step	0.873657	decode_slot_step_tok_s	36627.664385	decode_ep_ms_per_step	0.288271	decode_dense_ms_per_step	0.000000	decode_compose_ms_per_step	0.585206	decode_checksum	2164440608	PASS
tp_ep_all_layer_item	layer	9	ratio	128	total_rows	232	dense_rows	80	control_rows	120	expert_rows	16	kv_rows	8	comp_rows	8	decode_ms_per_step	0.888775	decode_slot_step_tok_s	36004.610660	decode_ep_ms_per_step	0.296263	decode_dense_ms_per_step	0.000000	decode_compose_ms_per_step	0.592323	decode_checksum	22847642	PASS
tp_ep_all_layer_item	layer	10	ratio	4	total_rows	288	dense_rows	112	control_rows	136	expert_rows	16	kv_rows	16	comp_rows	8	decode_ms_per_step	0.898270	decode_slot_step_tok_s	35624.028104	decode_ep_ms_per_step	0.296589	decode_dense_ms_per_step	0.000000	decode_compose_ms_per_step	0.601493	decode_checksum	2076607066	PASS
tp_ep_all_layer_item	layer	11	ratio	128	total_rows	232	dense_rows	80	control_rows	120	expert_rows	16	kv_rows	8	comp_rows	8	decode_ms_per_step	0.882223	decode_slot_step_tok_s	36271.993523	decode_ep_ms_per_step	0.290566	decode_dense_ms_per_step	0.000000	decode_compose_ms_per_step	0.591471	decode_checksum	4156450847	PASS
tp_ep_all_layer_item	layer	12	ratio	4	total_rows	288	dense_rows	112	control_rows	136	expert_rows	16	kv_rows	16	comp_rows	8	decode_ms_per_step	0.915880	decode_slot_step_tok_s	34939.068884	decode_ep_ms_per_step	0.290822	decode_dense_ms_per_step	0.000000	decode_compose_ms_per_step	0.624873	decode_checksum	1305516	PASS
tp_ep_all_layer_item	layer	13	ratio	128	total_rows	232	dense_rows	80	control_rows	120	expert_rows	16	kv_rows	8	comp_rows	8	decode_ms_per_step	0.926018	decode_slot_step_tok_s	34556.581608	decode_ep_ms_per_step	0.304695	decode_dense_ms_per_step	0.000000	decode_compose_ms_per_step	0.621118	decode_checksum	176722357	PASS
tp_ep_all_layer_item	layer	14	ratio	4	total_rows	288	dense_rows	112	control_rows	136	expert_rows	16	kv_rows	16	comp_rows	8	decode_ms_per_step	0.884484	decode_slot_step_tok_s	36179.298725	decode_ep_ms_per_step	0.291053	decode_dense_ms_per_step	0.000000	decode_compose_ms_per_step	0.593246	decode_checksum	2093197595	PASS
tp_ep_all_layer_item	layer	15	ratio	128	total_rows	232	dense_rows	80	control_rows	120	expert_rows	16	kv_rows	8	comp_rows	8	decode_ms_per_step	0.889755	decode_slot_step_tok_s	35964.956645	decode_ep_ms_per_step	0.294655	decode_dense_ms_per_step	0.000000	decode_compose_ms_per_step	0.594912	decode_checksum	2318348388	PASS
tp_ep_all_layer_item	layer	16	ratio	4	total_rows	288	dense_rows	112	control_rows	136	expert_rows	16	kv_rows	16	comp_rows	8	decode_ms_per_step	0.892375	decode_slot_step_tok_s	35859.380934	decode_ep_ms_per_step	0.292261	decode_dense_ms_per_step	0.000000	decode_compose_ms_per_step	0.599932	decode_checksum	2413897862	PASS
tp_ep_all_layer_item	layer	17	ratio	128	total_rows	232	dense_rows	80	control_rows	120	expert_rows	16	kv_rows	8	comp_rows	8	decode_ms_per_step	0.880227	decode_slot_step_tok_s	36354.275964	decode_ep_ms_per_step	0.287830	decode_dense_ms_per_step	0.000000	decode_compose_ms_per_step	0.592214	decode_checksum	4107675936	PASS
tp_ep_all_layer_item	layer	18	ratio	4	total_rows	288	dense_rows	112	control_rows	136	expert_rows	16	kv_rows	16	comp_rows	8	decode_ms_per_step	0.883854	decode_slot_step_tok_s	36205.059847	decode_ep_ms_per_step	0.288121	decode_dense_ms_per_step	0.000000	decode_compose_ms_per_step	0.595546	decode_checksum	37361686	PASS
tp_ep_all_layer_item	layer	19	ratio	128	total_rows	232	dense_rows	80	control_rows	120	expert_rows	16	kv_rows	8	comp_rows	8	decode_ms_per_step	0.884044	decode_slot_step_tok_s	36197.297442	decode_ep_ms_per_step	0.291302	decode_dense_ms_per_step	0.000000	decode_compose_ms_per_step	0.592569	decode_checksum	2212896144	PASS
tp_ep_all_layer_item	layer	20	ratio	4	total_rows	288	dense_rows	112	control_rows	136	expert_rows	16	kv_rows	16	comp_rows	8	decode_ms_per_step	0.879965	decode_slot_step_tok_s	36365.097579	decode_ep_ms_per_step	0.291718	decode_dense_ms_per_step	0.000000	decode_compose_ms_per_step	0.588067	decode_checksum	31300357	PASS
tp_ep_all_layer_item	layer	21	ratio	128	total_rows	232	dense_rows	80	control_rows	120	expert_rows	16	kv_rows	8	comp_rows	8	decode_ms_per_step	0.886766	decode_slot_step_tok_s	36086.190965	decode_ep_ms_per_step	0.292251	decode_dense_ms_per_step	0.000000	decode_compose_ms_per_step	0.594339	decode_checksum	2043177150	PASS
tp_ep_all_layer_item	layer	22	ratio	4	total_rows	288	dense_rows	112	control_rows	136	expert_rows	16	kv_rows	16	comp_rows	8	decode_ms_per_step	0.880570	decode_slot_step_tok_s	36340.115224	decode_ep_ms_per_step	0.287268	decode_dense_ms_per_step	0.000000	decode_compose_ms_per_step	0.593124	decode_checksum	149368565	PASS
tp_ep_all_layer_item	layer	23	ratio	128	total_rows	232	dense_rows	80	control_rows	120	expert_rows	16	kv_rows	8	comp_rows	8	decode_ms_per_step	0.879755	decode_slot_step_tok_s	36373.771419	decode_ep_ms_per_step	0.291535	decode_dense_ms_per_step	0.000000	decode_compose_ms_per_step	0.588040	decode_checksum	4087920758	PASS
tp_ep_all_layer_item	layer	24	ratio	4	total_rows	288	dense_rows	112	control_rows	136	expert_rows	16	kv_rows	16	comp_rows	8	decode_ms_per_step	0.888440	decode_slot_step_tok_s	36018.200537	decode_ep_ms_per_step	0.292444	decode_dense_ms_per_step	0.000000	decode_compose_ms_per_step	0.595808	decode_checksum	2232151951	PASS
tp_ep_all_layer_item	layer	25	ratio	128	total_rows	232	dense_rows	80	control_rows	120	expert_rows	16	kv_rows	8	comp_rows	8	decode_ms_per_step	0.884541	decode_slot_step_tok_s	36176.960779	decode_ep_ms_per_step	0.291609	decode_dense_ms_per_step	0.000000	decode_compose_ms_per_step	0.592761	decode_checksum	2259995728	PASS
tp_ep_all_layer_item	layer	26	ratio	4	total_rows	288	dense_rows	112	control_rows	136	expert_rows	16	kv_rows	16	comp_rows	8	decode_ms_per_step	0.889158	decode_slot_step_tok_s	35989.094585	decode_ep_ms_per_step	0.292474	decode_dense_ms_per_step	0.000000	decode_compose_ms_per_step	0.596499	decode_checksum	4173975789	PASS
tp_ep_all_layer_item	layer	27	ratio	128	total_rows	232	dense_rows	80	control_rows	120	expert_rows	16	kv_rows	8	comp_rows	8	decode_ms_per_step	0.873331	decode_slot_step_tok_s	36641.317592	decode_ep_ms_per_step	0.287817	decode_dense_ms_per_step	0.000000	decode_compose_ms_per_step	0.585334	decode_checksum	1958048886	PASS
tp_ep_all_layer_item	layer	28	ratio	4	total_rows	288	dense_rows	112	control_rows	136	expert_rows	16	kv_rows	16	comp_rows	8	decode_ms_per_step	0.877887	decode_slot_step_tok_s	36451.177179	decode_ep_ms_per_step	0.289827	decode_dense_ms_per_step	0.000000	decode_compose_ms_per_step	0.587883	decode_checksum	12572607	PASS
tp_ep_all_layer_item	layer	29	ratio	128	total_rows	232	dense_rows	80	control_rows	120	expert_rows	16	kv_rows	8	comp_rows	8	decode_ms_per_step	0.874890	decode_slot_step_tok_s	36576.025028	decode_ep_ms_per_step	0.291740	decode_dense_ms_per_step	0.000000	decode_compose_ms_per_step	0.582967	decode_checksum	1939549931	PASS
tp_ep_all_layer_item	layer	30	ratio	4	total_rows	288	dense_rows	112	control_rows	136	expert_rows	16	kv_rows	16	comp_rows	8	decode_ms_per_step	0.882767	decode_slot_step_tok_s	36249.676443	decode_ep_ms_per_step	0.291952	decode_dense_ms_per_step	0.000000	decode_compose_ms_per_step	0.590635	decode_checksum	2245266299	PASS
tp_ep_all_layer_item	layer	31	ratio	128	total_rows	232	dense_rows	80	control_rows	120	expert_rows	16	kv_rows	8	comp_rows	8	decode_ms_per_step	0.878216	decode_slot_step_tok_s	36437.508443	decode_ep_ms_per_step	0.290329	decode_dense_ms_per_step	0.000000	decode_compose_ms_per_step	0.587697	decode_checksum	4092244362	PASS
tp_ep_all_layer_item	layer	32	ratio	4	total_rows	288	dense_rows	112	control_rows	136	expert_rows	16	kv_rows	16	comp_rows	8	decode_ms_per_step	0.863933	decode_slot_step_tok_s	37039.891338	decode_ep_ms_per_step	0.284449	decode_dense_ms_per_step	0.000000	decode_compose_ms_per_step	0.579302	decode_checksum	1929924991	PASS
tp_ep_all_layer_item	layer	33	ratio	128	total_rows	232	dense_rows	80	control_rows	120	expert_rows	16	kv_rows	8	comp_rows	8	decode_ms_per_step	0.880681	decode_slot_step_tok_s	36335.501950	decode_ep_ms_per_step	0.294571	decode_dense_ms_per_step	0.000000	decode_compose_ms_per_step	0.585936	decode_checksum	154974069	PASS
tp_ep_all_layer_item	layer	34	ratio	4	total_rows	288	dense_rows	112	control_rows	136	expert_rows	16	kv_rows	16	comp_rows	8	decode_ms_per_step	0.883072	decode_slot_step_tok_s	36237.145665	decode_ep_ms_per_step	0.294455	decode_dense_ms_per_step	0.000000	decode_compose_ms_per_step	0.588439	decode_checksum	4247159498	PASS
tp_ep_all_layer_item	layer	35	ratio	128	total_rows	232	dense_rows	80	control_rows	120	expert_rows	16	kv_rows	8	comp_rows	8	decode_ms_per_step	0.877175	decode_slot_step_tok_s	36480.761164	decode_ep_ms_per_step	0.290757	decode_dense_ms_per_step	0.000000	decode_compose_ms_per_step	0.586249	decode_checksum	1960134344	PASS
tp_ep_all_layer_item	layer	36	ratio	4	total_rows	288	dense_rows	112	control_rows	136	expert_rows	16	kv_rows	16	comp_rows	8	decode_ms_per_step	0.895459	decode_slot_step_tok_s	35735.857250	decode_ep_ms_per_step	0.294650	decode_dense_ms_per_step	0.000000	decode_compose_ms_per_step	0.600636	decode_checksum	2318643187	PASS
tp_ep_all_layer_item	layer	37	ratio	128	total_rows	232	dense_rows	80	control_rows	120	expert_rows	16	kv_rows	8	comp_rows	8	decode_ms_per_step	0.875552	decode_slot_step_tok_s	36548.388467	decode_ep_ms_per_step	0.290022	decode_dense_ms_per_step	0.000000	decode_compose_ms_per_step	0.585355	decode_checksum	2051082468	PASS
tp_ep_all_layer_item	layer	38	ratio	4	total_rows	288	dense_rows	112	control_rows	136	expert_rows	16	kv_rows	16	comp_rows	8	decode_ms_per_step	0.874642	decode_slot_step_tok_s	36586.382576	decode_ep_ms_per_step	0.292112	decode_dense_ms_per_step	0.000000	decode_compose_ms_per_step	0.582349	decode_checksum	2208797608	PASS
tp_ep_all_layer_item	layer	39	ratio	128	total_rows	232	dense_rows	80	control_rows	120	expert_rows	16	kv_rows	8	comp_rows	8	decode_ms_per_step	0.887595	decode_slot_step_tok_s	36052.490263	decode_ep_ms_per_step	0.292479	decode_dense_ms_per_step	0.000000	decode_compose_ms_per_step	0.594938	decode_checksum	1901862423	PASS
tp_ep_all_layer_item	layer	40	ratio	4	total_rows	288	dense_rows	112	control_rows	136	expert_rows	16	kv_rows	16	comp_rows	8	decode_ms_per_step	0.880302	decode_slot_step_tok_s	36351.173694	decode_ep_ms_per_step	0.291532	decode_dense_ms_per_step	0.000000	decode_compose_ms_per_step	0.588585	decode_checksum	1971716968	PASS
tp_ep_all_layer_item	layer	41	ratio	128	total_rows	232	dense_rows	80	control_rows	120	expert_rows	16	kv_rows	8	comp_rows	8	decode_ms_per_step	0.883492	decode_slot_step_tok_s	36219.891140	decode_ep_ms_per_step	0.299109	decode_dense_ms_per_step	0.000000	decode_compose_ms_per_step	0.584217	decode_checksum	4100126953	PASS
tp_ep_all_layer_item	layer	42	ratio	4	total_rows	288	dense_rows	112	control_rows	136	expert_rows	16	kv_rows	16	comp_rows	8	decode_ms_per_step	0.874438	decode_slot_step_tok_s	36594.948040	decode_ep_ms_per_step	0.288570	decode_dense_ms_per_step	0.000000	decode_compose_ms_per_step	0.585700	decode_checksum	260576764	PASS
tp_ep_all_layer_scaffold	layers	43	pass_layers	43	slots	32	ctx	262144	decode_steps_per_layer	50	descriptor_checks	0	predecode_probes	0	shared_api	1	shared_rank_buffers	1	shared_tp_runtime	0	shared_expert_bindings	1	overlap_ep_dense	1	direct_remote_compose	0	source_copy_schedule	0	sum_decode_ms_per_token	38.072821	projected_slot_step_tok_s	840.494594	sum_ep_ms	12.612690	sum_dense_ms	0.000000	sum_compose_ms	25.452322	wall_ms	14060.874811	checksum	204721433	PASS
