tp_ep_all_layer_dense_f16_cache	rows	4096	source_bytes	8640413696	cache_bytes	14451998720	cache_aligned_bytes	14451998720	max_temp_bytes	132382720	cache_ms	7738.809135	PASS
tp_ep_all_layer_turbomind_api_shared	devices	8	PASS
tp_ep_all_layer_rank_buffers_shared	devices	8	core_bytes	3933984	PASS
tp_ep_all_layer_tp_runtime_shared	devices	8	slots	32	ctx	262144	mode	local_per_layer	PASS
tp_ep_all_layer_expert_bindings_shared	layers	43	devices	8	bytes	27594326016	bytes_per_gpu	3449290752	PASS
tp_ep_all_layer_item	layer	0	ratio	0	total_rows	192	dense_rows	64	control_rows	104	expert_rows	16	kv_rows	8	comp_rows	0	decode_ms_per_step	0.803650	decode_slot_step_tok_s	39818.348693	decode_ep_ms_per_step	0.314860	decode_dense_ms_per_step	0.000000	decode_compose_ms_per_step	0.488584	decode_checksum	2089207552	PASS
tp_ep_all_layer_item	layer	1	ratio	0	total_rows	192	dense_rows	64	control_rows	104	expert_rows	16	kv_rows	8	comp_rows	0	decode_ms_per_step	0.764297	decode_slot_step_tok_s	41868.557067	decode_ep_ms_per_step	0.317427	decode_dense_ms_per_step	0.000000	decode_compose_ms_per_step	0.446688	decode_checksum	4285303765	PASS
tp_ep_all_layer_item	layer	2	ratio	4	total_rows	288	dense_rows	112	control_rows	136	expert_rows	16	kv_rows	16	comp_rows	8	decode_ms_per_step	0.755099	decode_slot_step_tok_s	42378.565875	decode_ep_ms_per_step	0.277598	decode_dense_ms_per_step	0.000000	decode_compose_ms_per_step	0.477300	decode_checksum	50639913	PASS
tp_ep_all_layer_item	layer	3	ratio	128	total_rows	232	dense_rows	80	control_rows	120	expert_rows	16	kv_rows	8	comp_rows	8	decode_ms_per_step	0.742224	decode_slot_step_tok_s	43113.664542	decode_ep_ms_per_step	0.283970	decode_dense_ms_per_step	0.000000	decode_compose_ms_per_step	0.458058	decode_checksum	199228706	PASS
tp_ep_all_layer_item	layer	4	ratio	4	total_rows	288	dense_rows	112	control_rows	136	expert_rows	16	kv_rows	16	comp_rows	8	decode_ms_per_step	0.751249	decode_slot_step_tok_s	42595.748721	decode_ep_ms_per_step	0.290135	decode_dense_ms_per_step	0.000000	decode_compose_ms_per_step	0.460922	decode_checksum	92587346	PASS
tp_ep_all_layer_item	layer	5	ratio	128	total_rows	232	dense_rows	80	control_rows	120	expert_rows	16	kv_rows	8	comp_rows	8	decode_ms_per_step	0.746072	decode_slot_step_tok_s	42891.319963	decode_ep_ms_per_step	0.283251	decode_dense_ms_per_step	0.000000	decode_compose_ms_per_step	0.462620	decode_checksum	81917469	PASS
tp_ep_all_layer_item	layer	6	ratio	4	total_rows	288	dense_rows	112	control_rows	136	expert_rows	16	kv_rows	16	comp_rows	8	decode_ms_per_step	0.736803	decode_slot_step_tok_s	43430.896409	decode_ep_ms_per_step	0.288164	decode_dense_ms_per_step	0.000000	decode_compose_ms_per_step	0.448440	decode_checksum	41493907	PASS
tp_ep_all_layer_item	layer	7	ratio	128	total_rows	232	dense_rows	80	control_rows	120	expert_rows	16	kv_rows	8	comp_rows	8	decode_ms_per_step	0.742072	decode_slot_step_tok_s	43122.524649	decode_ep_ms_per_step	0.287029	decode_dense_ms_per_step	0.000000	decode_compose_ms_per_step	0.454848	decode_checksum	4211722188	PASS
tp_ep_all_layer_item	layer	8	ratio	4	total_rows	288	dense_rows	112	control_rows	136	expert_rows	16	kv_rows	16	comp_rows	8	decode_ms_per_step	0.746416	decode_slot_step_tok_s	42871.557270	decode_ep_ms_per_step	0.288716	decode_dense_ms_per_step	0.000000	decode_compose_ms_per_step	0.457504	decode_checksum	2164440608	PASS
tp_ep_all_layer_item	layer	9	ratio	128	total_rows	232	dense_rows	80	control_rows	120	expert_rows	16	kv_rows	8	comp_rows	8	decode_ms_per_step	0.738919	decode_slot_step_tok_s	43306.514060	decode_ep_ms_per_step	0.287733	decode_dense_ms_per_step	0.000000	decode_compose_ms_per_step	0.450990	decode_checksum	22847642	PASS
tp_ep_all_layer_item	layer	10	ratio	4	total_rows	288	dense_rows	112	control_rows	136	expert_rows	16	kv_rows	16	comp_rows	8	decode_ms_per_step	0.743786	decode_slot_step_tok_s	43023.132248	decode_ep_ms_per_step	0.288791	decode_dense_ms_per_step	0.000000	decode_compose_ms_per_step	0.454798	decode_checksum	2076607066	PASS
tp_ep_all_layer_item	layer	11	ratio	128	total_rows	232	dense_rows	80	control_rows	120	expert_rows	16	kv_rows	8	comp_rows	8	decode_ms_per_step	0.748642	decode_slot_step_tok_s	42744.079043	decode_ep_ms_per_step	0.287289	decode_dense_ms_per_step	0.000000	decode_compose_ms_per_step	0.461151	decode_checksum	4156450847	PASS
tp_ep_all_layer_item	layer	12	ratio	4	total_rows	288	dense_rows	112	control_rows	136	expert_rows	16	kv_rows	16	comp_rows	8	decode_ms_per_step	0.753751	decode_slot_step_tok_s	42454.350760	decode_ep_ms_per_step	0.295651	decode_dense_ms_per_step	0.000000	decode_compose_ms_per_step	0.457890	decode_checksum	1305516	PASS
tp_ep_all_layer_item	layer	13	ratio	128	total_rows	232	dense_rows	80	control_rows	120	expert_rows	16	kv_rows	8	comp_rows	8	decode_ms_per_step	0.739768	decode_slot_step_tok_s	43256.808345	decode_ep_ms_per_step	0.287200	decode_dense_ms_per_step	0.000000	decode_compose_ms_per_step	0.452375	decode_checksum	176722357	PASS
tp_ep_all_layer_item	layer	14	ratio	4	total_rows	288	dense_rows	112	control_rows	136	expert_rows	16	kv_rows	16	comp_rows	8	decode_ms_per_step	0.738829	decode_slot_step_tok_s	43311.756589	decode_ep_ms_per_step	0.286088	decode_dense_ms_per_step	0.000000	decode_compose_ms_per_step	0.452539	decode_checksum	2093197595	PASS
tp_ep_all_layer_item	layer	15	ratio	128	total_rows	232	dense_rows	80	control_rows	120	expert_rows	16	kv_rows	8	comp_rows	8	decode_ms_per_step	0.726964	decode_slot_step_tok_s	44018.708942	decode_ep_ms_per_step	0.286776	decode_dense_ms_per_step	0.000000	decode_compose_ms_per_step	0.439989	decode_checksum	2318348388	PASS
tp_ep_all_layer_item	layer	16	ratio	4	total_rows	288	dense_rows	112	control_rows	136	expert_rows	16	kv_rows	16	comp_rows	8	decode_ms_per_step	0.757488	decode_slot_step_tok_s	42244.870225	decode_ep_ms_per_step	0.285806	decode_dense_ms_per_step	0.000000	decode_compose_ms_per_step	0.471486	decode_checksum	2413897862	PASS
tp_ep_all_layer_item	layer	17	ratio	128	total_rows	232	dense_rows	80	control_rows	120	expert_rows	16	kv_rows	8	comp_rows	8	decode_ms_per_step	0.735515	decode_slot_step_tok_s	43506.951813	decode_ep_ms_per_step	0.286792	decode_dense_ms_per_step	0.000000	decode_compose_ms_per_step	0.448534	decode_checksum	4107675936	PASS
tp_ep_all_layer_item	layer	18	ratio	4	total_rows	288	dense_rows	112	control_rows	136	expert_rows	16	kv_rows	16	comp_rows	8	decode_ms_per_step	0.746598	decode_slot_step_tok_s	42861.082250	decode_ep_ms_per_step	0.289295	decode_dense_ms_per_step	0.000000	decode_compose_ms_per_step	0.457113	decode_checksum	37361686	PASS
tp_ep_all_layer_item	layer	19	ratio	128	total_rows	232	dense_rows	80	control_rows	120	expert_rows	16	kv_rows	8	comp_rows	8	decode_ms_per_step	0.734186	decode_slot_step_tok_s	43585.677060	decode_ep_ms_per_step	0.287061	decode_dense_ms_per_step	0.000000	decode_compose_ms_per_step	0.446942	decode_checksum	2212896144	PASS
tp_ep_all_layer_item	layer	20	ratio	4	total_rows	288	dense_rows	112	control_rows	136	expert_rows	16	kv_rows	16	comp_rows	8	decode_ms_per_step	0.729448	decode_slot_step_tok_s	43868.790859	decode_ep_ms_per_step	0.285600	decode_dense_ms_per_step	0.000000	decode_compose_ms_per_step	0.443653	decode_checksum	31300357	PASS
tp_ep_all_layer_item	layer	21	ratio	128	total_rows	232	dense_rows	80	control_rows	120	expert_rows	16	kv_rows	8	comp_rows	8	decode_ms_per_step	0.757961	decode_slot_step_tok_s	42218.516551	decode_ep_ms_per_step	0.285565	decode_dense_ms_per_step	0.000000	decode_compose_ms_per_step	0.472211	decode_checksum	2043177150	PASS
tp_ep_all_layer_item	layer	22	ratio	4	total_rows	288	dense_rows	112	control_rows	136	expert_rows	16	kv_rows	16	comp_rows	8	decode_ms_per_step	0.731613	decode_slot_step_tok_s	43738.968895	decode_ep_ms_per_step	0.287630	decode_dense_ms_per_step	0.000000	decode_compose_ms_per_step	0.443789	decode_checksum	149368565	PASS
tp_ep_all_layer_item	layer	23	ratio	128	total_rows	232	dense_rows	80	control_rows	120	expert_rows	16	kv_rows	8	comp_rows	8	decode_ms_per_step	0.726130	decode_slot_step_tok_s	44069.251082	decode_ep_ms_per_step	0.287974	decode_dense_ms_per_step	0.000000	decode_compose_ms_per_step	0.437953	decode_checksum	4087920758	PASS
tp_ep_all_layer_item	layer	24	ratio	4	total_rows	288	dense_rows	112	control_rows	136	expert_rows	16	kv_rows	16	comp_rows	8	decode_ms_per_step	0.936870	decode_slot_step_tok_s	34156.271775	decode_ep_ms_per_step	0.379405	decode_dense_ms_per_step	0.000000	decode_compose_ms_per_step	0.557147	decode_checksum	2232151951	PASS
tp_ep_all_layer_item	layer	25	ratio	128	total_rows	232	dense_rows	80	control_rows	120	expert_rows	16	kv_rows	8	comp_rows	8	decode_ms_per_step	0.738031	decode_slot_step_tok_s	43358.624057	decode_ep_ms_per_step	0.288148	decode_dense_ms_per_step	0.000000	decode_compose_ms_per_step	0.449691	decode_checksum	2259995728	PASS
tp_ep_all_layer_item	layer	26	ratio	4	total_rows	288	dense_rows	112	control_rows	136	expert_rows	16	kv_rows	16	comp_rows	8	decode_ms_per_step	0.727436	decode_slot_step_tok_s	43990.129055	decode_ep_ms_per_step	0.285406	decode_dense_ms_per_step	0.000000	decode_compose_ms_per_step	0.441846	decode_checksum	4173975789	PASS
tp_ep_all_layer_item	layer	27	ratio	128	total_rows	232	dense_rows	80	control_rows	120	expert_rows	16	kv_rows	8	comp_rows	8	decode_ms_per_step	0.729472	decode_slot_step_tok_s	43867.322297	decode_ep_ms_per_step	0.282543	decode_dense_ms_per_step	0.000000	decode_compose_ms_per_step	0.446742	decode_checksum	1958048886	PASS
tp_ep_all_layer_item	layer	28	ratio	4	total_rows	288	dense_rows	112	control_rows	136	expert_rows	16	kv_rows	16	comp_rows	8	decode_ms_per_step	0.728686	decode_slot_step_tok_s	43914.642341	decode_ep_ms_per_step	0.288889	decode_dense_ms_per_step	0.000000	decode_compose_ms_per_step	0.439624	decode_checksum	12572607	PASS
tp_ep_all_layer_item	layer	29	ratio	128	total_rows	232	dense_rows	80	control_rows	120	expert_rows	16	kv_rows	8	comp_rows	8	decode_ms_per_step	0.730508	decode_slot_step_tok_s	43805.105282	decode_ep_ms_per_step	0.285760	decode_dense_ms_per_step	0.000000	decode_compose_ms_per_step	0.444564	decode_checksum	1939549931	PASS
tp_ep_all_layer_item	layer	30	ratio	4	total_rows	288	dense_rows	112	control_rows	136	expert_rows	16	kv_rows	16	comp_rows	8	decode_ms_per_step	0.733053	decode_slot_step_tok_s	43653.024805	decode_ep_ms_per_step	0.288663	decode_dense_ms_per_step	0.000000	decode_compose_ms_per_step	0.444194	decode_checksum	2245266299	PASS
tp_ep_all_layer_item	layer	31	ratio	128	total_rows	232	dense_rows	80	control_rows	120	expert_rows	16	kv_rows	8	comp_rows	8	decode_ms_per_step	0.728695	decode_slot_step_tok_s	43914.138527	decode_ep_ms_per_step	0.287381	decode_dense_ms_per_step	0.000000	decode_compose_ms_per_step	0.441106	decode_checksum	4092244362	PASS
tp_ep_all_layer_item	layer	32	ratio	4	total_rows	288	dense_rows	112	control_rows	136	expert_rows	16	kv_rows	16	comp_rows	8	decode_ms_per_step	0.729544	decode_slot_step_tok_s	43863.008587	decode_ep_ms_per_step	0.284219	decode_dense_ms_per_step	0.000000	decode_compose_ms_per_step	0.445129	decode_checksum	1929924991	PASS
tp_ep_all_layer_item	layer	33	ratio	128	total_rows	232	dense_rows	80	control_rows	120	expert_rows	16	kv_rows	8	comp_rows	8	decode_ms_per_step	0.746784	decode_slot_step_tok_s	42850.392007	decode_ep_ms_per_step	0.288948	decode_dense_ms_per_step	0.000000	decode_compose_ms_per_step	0.457439	decode_checksum	154974069	PASS
tp_ep_all_layer_item	layer	34	ratio	4	total_rows	288	dense_rows	112	control_rows	136	expert_rows	16	kv_rows	16	comp_rows	8	decode_ms_per_step	0.736231	decode_slot_step_tok_s	43464.620302	decode_ep_ms_per_step	0.289422	decode_dense_ms_per_step	0.000000	decode_compose_ms_per_step	0.446613	decode_checksum	4247159498	PASS
tp_ep_all_layer_item	layer	35	ratio	128	total_rows	232	dense_rows	80	control_rows	120	expert_rows	16	kv_rows	8	comp_rows	8	decode_ms_per_step	0.730804	decode_slot_step_tok_s	43787.369955	decode_ep_ms_per_step	0.284798	decode_dense_ms_per_step	0.000000	decode_compose_ms_per_step	0.445809	decode_checksum	1960134344	PASS
tp_ep_all_layer_item	layer	36	ratio	4	total_rows	288	dense_rows	112	control_rows	136	expert_rows	16	kv_rows	16	comp_rows	8	decode_ms_per_step	0.725064	decode_slot_step_tok_s	44134.021673	decode_ep_ms_per_step	0.288620	decode_dense_ms_per_step	0.000000	decode_compose_ms_per_step	0.436257	decode_checksum	2318643187	PASS
tp_ep_all_layer_item	layer	37	ratio	128	total_rows	232	dense_rows	80	control_rows	120	expert_rows	16	kv_rows	8	comp_rows	8	decode_ms_per_step	0.737423	decode_slot_step_tok_s	43394.334105	decode_ep_ms_per_step	0.288903	decode_dense_ms_per_step	0.000000	decode_compose_ms_per_step	0.448342	decode_checksum	2051082468	PASS
tp_ep_all_layer_item	layer	38	ratio	4	total_rows	288	dense_rows	112	control_rows	136	expert_rows	16	kv_rows	16	comp_rows	8	decode_ms_per_step	0.718865	decode_slot_step_tok_s	44514.604407	decode_ep_ms_per_step	0.286720	decode_dense_ms_per_step	0.000000	decode_compose_ms_per_step	0.431963	decode_checksum	2208797608	PASS
tp_ep_all_layer_item	layer	39	ratio	128	total_rows	232	dense_rows	80	control_rows	120	expert_rows	16	kv_rows	8	comp_rows	8	decode_ms_per_step	0.729574	decode_slot_step_tok_s	43861.200136	decode_ep_ms_per_step	0.286326	decode_dense_ms_per_step	0.000000	decode_compose_ms_per_step	0.443053	decode_checksum	1901862423	PASS
tp_ep_all_layer_item	layer	40	ratio	4	total_rows	288	dense_rows	112	control_rows	136	expert_rows	16	kv_rows	16	comp_rows	8	decode_ms_per_step	0.729226	decode_slot_step_tok_s	43882.166400	decode_ep_ms_per_step	0.285513	decode_dense_ms_per_step	0.000000	decode_compose_ms_per_step	0.443529	decode_checksum	1971716968	PASS
tp_ep_all_layer_item	layer	41	ratio	128	total_rows	232	dense_rows	80	control_rows	120	expert_rows	16	kv_rows	8	comp_rows	8	decode_ms_per_step	0.741595	decode_slot_step_tok_s	43150.253281	decode_ep_ms_per_step	0.290759	decode_dense_ms_per_step	0.000000	decode_compose_ms_per_step	0.450655	decode_checksum	4100126953	PASS
tp_ep_all_layer_item	layer	42	ratio	4	total_rows	288	dense_rows	112	control_rows	136	expert_rows	16	kv_rows	16	comp_rows	8	decode_ms_per_step	0.740975	decode_slot_step_tok_s	43186.356307	decode_ep_ms_per_step	0.287761	decode_dense_ms_per_step	0.000000	decode_compose_ms_per_step	0.453010	decode_checksum	260576764	PASS
tp_ep_all_layer_scaffold	layers	43	pass_layers	43	slots	32	ctx	262144	decode_steps_per_layer	50	descriptor_checks	0	predecode_probes	0	shared_api	1	shared_rank_buffers	1	shared_tp_runtime	0	shared_expert_bindings	1	overlap_ep_dense	1	direct_remote_compose	0	source_copy_schedule	1	sum_decode_ms_per_token	32.016315	projected_slot_step_tok_s	999.490407	sum_ep_ms	12.494587	sum_dense_ms	0.000000	sum_compose_ms	19.513090	wall_ms	13661.510783	checksum	204721433	PASS
