==41497== NVPROF is profiling process 41497, command: ./tools/ds4-v100-replay --serve --model /models/DSv4-Flash-256e-fixed.gguf --ctx 1048576 --slots 4 --active-microbatch 4 --microbatch-wait-us 50000 --queue-policy sequential --tokens 16 --host 127.0.0.1 --port 18174 --appliance-dir /workspace/ds4-applianc
==41497== Profiling application: ./tools/ds4-v100-replay --serve --model /models/DSv4-Flash-256e-fixed.gguf --ctx 1048576 --slots 4 --active-microbatch 4 --microbatch-wait-us 50000 --queue-policy sequential --tokens 16 --host 127.0.0.1 --port 18174 --appliance-dir /workspace/ds4-applianc
==41497== Profiling result:
            Type  Time(%)      Time     Calls       Avg       Min       Max  Name
 GPU activities:   45.96%  519.58ms      5544  93.719us  17.088us  280.96us  arena_f8_e4m3_b128_matmul_kernel(float*, unsigned char const *, float const *, unsigned int, unsigned int, unsigned int)
                   20.75%  234.53ms      2376  98.708us  69.503us  173.41us  void turbomind::gemm::gemm_kernel<turbomind::gemm::GemmUniversal<turbomind::gemm::Sm70, turbomind::gemm::MainloopSm70<turbomind::gemm::Tiled_MMA_v2<turbomind::gemm::SM70_MMA_884, turbomind::gemm::MMA_Map<int=8, int=128, int=64, int=8, int=32, int=8, turbomind::gemm::Blocked<int=1, int=4, turbomind::gemm::Order>, int=1, bool=0>, turbomind::gemm::Order>, turbomind::gemm::sm70_s884::Operand_A<__half>, turbomind::gemm::IteratorSm70<turbomind::gemm::Striding, turbomind::cache_policy::Default>, turbomind::gemm::Transform_Default, turbomind::gemm::VoidOperand, int=1, turbomind::gemm::sm70_s884::Operand_B_Pack<turbomind::fp4_e2m1_t>, turbomind::gemm::IteratorSm70<turbomind::gemm::Striding, turbomind::cache_policy::Stream>, turbomind::gemm::Transform_HMMA_SIMT_B, turbomind::gemm::sm70_s884::Operand_V_Pack<unsigned char>, int=32, int=2, bool=1>, turbomind::gemm::Epilogue_<__half, int=8, int=128, int=8, int=128, int=128, turbomind::gemm::Rearrange<turbomind::gemm::Tiled_MMA_v2<turbomind::gemm::SM70_MMA_884, turbomind::gemm::MMA_Map<int=8, int=128, int=64, int=8, int=32, int=8, turbomind::gemm::Blocked<int=1, int=4, turbomind::gemm::Order>, int=1, bool=0>, turbomind::gemm::Order>>, turbomind::gemm::sm70_s884::Operand_C<float, turbomind::gemm::Order>, turbomind::gemm::Striding, bool=1>, turbomind::gemm::SchedulerSm70<turbomind::gemm::Order, int=8, int=128, int=64, int=64, int=1, int=0>>, turbomind::gemm::GemmParam, turbomind::gemm::EpilogueParam, turbomind::gemm::SchedulerSm70<turbomind::gemm::Order, int=8, int=128, int=64, int=64, int=1, int=0>>(turbomind::gemm::SM70_MMA_884, int=8, int=128)
                   14.54%  164.32ms       792  207.48us  204.61us  238.40us  arena_f8_e4m3_b128_matmul_grouped_kernel(float*, unsigned char const *, float const *, unsigned int, unsigned int, unsigned int, unsigned int)
                    3.74%  42.331ms      1584  26.724us  25.088us  30.688us  matmul_f32_kernel(float*, float const *, float const *, unsigned long, unsigned long, unsigned long)
                    2.43%  27.428ms      1584  17.315us  16.448us  20.703us  rms_norm_plain_kernel(float*, float const *, unsigned int, unsigned int, float)
                    2.37%  26.745ms       792  33.768us  20.032us  55.936us  attention_decode_mixed_kernel(float*, float const *, float const *, float const *, float const *, float const *, unsigned int, unsigned int, unsigned int, unsigned int, unsigned int, unsigned int, unsigned int, unsigned int, unsigned int, unsigned int, unsigned int)
                    2.08%  23.479ms      1584  14.822us  9.5680us  24.416us  arena_bf16_matmul_kernel(float*, unsigned short const *, float const *, unsigned int, unsigned int, unsigned int)
                    1.95%  22.043ms      3296  6.6870us  2.2710us  12.288us  rms_norm_weight_kernel(float*, float const *, float const *, unsigned int, unsigned int, float)
                    1.19%  13.480ms      1584  8.5100us  8.1590us  10.496us  hc_split_weighted_sum_fused_kernel(float*, float*, float const *, float const *, float const *, float const *, unsigned int, unsigned int, unsigned int, unsigned int, float)
                    0.92%  10.402ms       792  13.133us  12.927us  15.520us  tm_prefix_offsets_kernel(int*, int*, int const *, unsigned int)
                    0.82%  9.2239ms       792  11.646us  10.879us  13.152us  arena_f32_matmul_kernel(float*, float const *, float const *, unsigned int, unsigned int, unsigned int)
                    0.46%  5.2060ms       792  6.5730us  4.1270us  11.072us  router_select_warp_topk_kernel(int*, float*, float*, float const *, int const *, float const *, int const *, int, unsigned int, unsigned int, int, int)
                    0.41%  4.6867ms      1584  2.9580us  2.5910us  3.9360us  hc_expand_kernel(float*, float const *, float const *, float const *, float const *, float const *, unsigned int, unsigned int, unsigned int, unsigned int, unsigned int, int)
                    0.37%  4.1463ms      2504  1.6550us  1.3120us  6.0480us  rope_tail_kernel(float*, unsigned int, unsigned int, unsigned int, unsigned int, unsigned int, unsigned int, int, float, float, float, float, float, float)
                    0.27%  3.0475ms      2376  1.2820us     895ns  2.2410us  [CUDA memset]
                    0.23%  2.6057ms       792  3.2900us  3.0720us  6.1760us  head_rms_norm_kernel(float*, unsigned int, unsigned int, unsigned int, float)
                    0.16%  1.8459ms       231  7.9910us  7.6160us  8.7040us  [CUDA memcpy HtoD]
                    0.15%  1.6409ms       792  2.0710us  1.9200us  2.5920us  swiglu_kernel(float*, float const *, float const *, unsigned int, float, float)
                    0.14%  1.6277ms       792  2.0550us  1.6950us  3.2640us  compressor_store_kernel(float const *, float const *, float*, float*, void const *, unsigned long, unsigned int, unsigned int, unsigned int, unsigned int, unsigned int)
                    0.14%  1.6232ms       792  2.0490us  1.8880us  2.4970us  add_kernel(float*, float const *, float const *, unsigned int)
                    0.14%  1.5407ms       792  1.9450us  1.8870us  2.5920us  tm_gather_f32_to_f16_kernel(__half*, float const *, float const * const *, int const *, unsigned int, unsigned int, unsigned int)
                    0.13%  1.4405ms       792  1.8180us  1.7270us  6.5920us  tm_swiglu_half_kernel(__half*, __half const *, __half const *, float const *, unsigned int, unsigned int, float)
                    0.13%  1.4338ms       792  1.8100us  1.7270us  9.0240us  tm_scatter_routes_kernel(int*, float*, int*, int*, int const *, float const *, unsigned int, unsigned int)
                    0.12%  1.3620ms       792  1.7190us  1.6320us  2.1760us  tm_scatter_sum_half_to_f32_kernel(float*, __half const *, int const *, unsigned int, unsigned int, unsigned int)
                    0.12%  1.3420ms       231  5.8090us  5.5990us  6.8480us  [CUDA memcpy DtoH]
                    0.10%  1.1363ms       792  1.4340us  1.3750us  7.1680us  tm_count_routes_kernel(int*, int*, int const *, unsigned int, unsigned int)
                    0.10%  1.1351ms       792  1.4330us  1.3760us  1.8240us  store_raw_kv_batch_kernel(float*, float const *, unsigned int, unsigned int, unsigned int, unsigned int)
                    0.03%  346.04us       128  2.7030us  1.9510us  4.0000us  compressor_update_pool_kernel(float*, float const *, float const *, unsigned int, unsigned int)
                    0.02%  221.37us       132  1.6770us  1.5670us  2.0160us  embed_token_hc_kernel(float*, unsigned short const *, unsigned int, unsigned int, unsigned int)
                    0.02%  210.11us       128  1.6410us  1.4390us  2.3680us  compressor_shift_ratio4_kernel(float*, float*, unsigned int)
                    0.01%  158.12us       128  1.2350us  1.1840us  1.2800us  f32_f16_round_kernel(float*, unsigned long)
                    0.01%  154.87us       104  1.4890us  1.2470us  1.9190us  fill_f32_kernel(float*, unsigned long, float)
      API calls:   71.24%  760.65ms       165  4.6100ms  8.0090us  7.8022ms  cudaDeviceSynchronize
                   20.56%  219.49ms     34140  6.4290us  3.5760us  698.69us  cudaLaunchKernel
                    3.05%  32.589ms     34255     951ns     450ns  662.54us  cudaSetDevice
                    2.05%  21.849ms     37484     582ns     320ns  24.069us  cudaGetDevice
                    1.35%  14.459ms      2376  6.0850us  2.4320us  677.96us  cudaMemset
                    0.88%  9.3536ms     34140     273ns     142ns  671.99us  cudaGetLastError
                    0.87%  9.3251ms        37  252.03us  2.5130us  9.0157ms  cudaFree
                    0.00%  10.963us         1  10.963us  10.963us  10.963us  cuDeviceGetCount
