[tp_split_4gpu] start tpa=1 gpus=0,1,2,3 warmup=5 iters=50
[tp_split_4gpu] initialized tpa=1
[tp_split_4gpu] fixtures ready tpa=1
[tp_split_4gpu] full pack ready tpa=1
[tp_split_4gpu] shard packs ready tpa=1
[tp_split_4gpu] full warmup done tpa=1
[tp_split_4gpu] warmup done tpa=1
[tp_split_4gpu] full bench done tpa=1 full_ms=0.1457
[tp_split_4gpu] shard bench done tpa=1 concurrent_ms=0.0543
[tp_split_4gpu] copy-inclusive bench done tpa=1 total_ms=0.1479
[tp_split_4gpu tpa=1] gpus=0,1,2,3 routes=6 full_ms=0.1457 part_ms=0.0535,0.0540,0.0541,0.0543 concurrent_compute_ms=0.0543 compute_speedup=2.686x total_with_copy_ms=0.1479 total_with_copy_speedup=0.986x input_payload_mib=0.14 output_payload_mib=0.14
[tp_split_4gpu tpa=1] correctness total_routes=6 values=24576 max_abs=4.0054e-05 rel=2.6915e-04 bad=0 bad_frac=0.0000e+00 nan=0 status=PASS
[tp_split_4gpu] start tpa=16 gpus=0,1,2,3 warmup=5 iters=50
[tp_split_4gpu] initialized tpa=16
[tp_split_4gpu] fixtures ready tpa=16
[tp_split_4gpu] full pack ready tpa=16
[tp_split_4gpu] shard packs ready tpa=16
[tp_split_4gpu] full warmup done tpa=16
[tp_split_4gpu] warmup done tpa=16
[tp_split_4gpu] full bench done tpa=16 full_ms=0.2920
[tp_split_4gpu] shard bench done tpa=16 concurrent_ms=0.1242
[tp_split_4gpu] copy-inclusive bench done tpa=16 total_ms=0.3729
[tp_split_4gpu tpa=16] gpus=0,1,2,3 routes=96 full_ms=0.2920 part_ms=0.1229,0.1237,0.1240,0.1242 concurrent_compute_ms=0.1242 compute_speedup=2.350x total_with_copy_ms=0.3729 total_with_copy_speedup=0.783x input_payload_mib=2.25 output_payload_mib=2.25
[tp_split_4gpu tpa=16] correctness total_routes=96 values=393216 max_abs=4.9591e-05 rel=2.6929e-04 bad=0 bad_frac=0.0000e+00 nan=0 status=PASS
[tp_split_4gpu] start tpa=128 gpus=0,1,2,3 warmup=5 iters=50
[tp_split_4gpu] initialized tpa=128
[tp_split_4gpu] fixtures ready tpa=128
[tp_split_4gpu] full pack ready tpa=128
[tp_split_4gpu] shard packs ready tpa=128
[tp_split_4gpu] full warmup done tpa=128
[tp_split_4gpu] warmup done tpa=128
[tp_split_4gpu] full bench done tpa=128 full_ms=1.1553
[tp_split_4gpu] shard bench done tpa=128 concurrent_ms=0.3178
[tp_split_4gpu] copy-inclusive bench done tpa=128 total_ms=1.6936
[tp_split_4gpu tpa=128] gpus=0,1,2,3 routes=768 full_ms=1.1553 part_ms=0.3120,0.3147,0.3148,0.3178 concurrent_compute_ms=0.3178 compute_speedup=3.636x total_with_copy_ms=1.6936 total_with_copy_speedup=0.682x input_payload_mib=18.00 output_payload_mib=18.00
[tp_split_4gpu tpa=128] correctness total_routes=768 values=3145728 max_abs=7.6294e-05 rel=2.6943e-04 bad=0 bad_frac=0.0000e+00 nan=0 status=PASS
