tp_ep_tensor_stats	tag	true_attn_q_a_full	layer	0	rank	0	elems	32768	finite_bad	0	first_bad	18446744073709551615	max_abs	0.221705362
tp_ep_tensor_stats	tag	true_attn_kv_normed	layer	0	rank	0	elems	16384	finite_bad	0	first_bad	18446744073709551615	max_abs	4.34364033
tp_ep_tensor_stats	tag	true_attn_q_b_shard	layer	0	rank	0	elems	131072	finite_bad	0	first_bad	18446744073709551615	max_abs	0.388993263
tp_ep_tensor_stats	tag	true_attn_q_b_shard	layer	0	rank	1	elems	131072	finite_bad	0	first_bad	18446744073709551615	max_abs	0.548253298
tp_ep_tensor_stats	tag	true_attn_q_b_shard	layer	0	rank	2	elems	131072	finite_bad	0	first_bad	18446744073709551615	max_abs	0.172012836
tp_ep_tensor_stats	tag	true_attn_q_b_shard	layer	0	rank	3	elems	131072	finite_bad	0	first_bad	18446744073709551615	max_abs	0.717421114
tp_ep_tensor_stats	tag	true_attn_q_b_shard	layer	0	rank	4	elems	131072	finite_bad	0	first_bad	18446744073709551615	max_abs	0.159261376
tp_ep_tensor_stats	tag	true_attn_q_b_shard	layer	0	rank	5	elems	131072	finite_bad	0	first_bad	18446744073709551615	max_abs	0.488450855
tp_ep_tensor_stats	tag	true_attn_q_b_shard	layer	0	rank	6	elems	131072	finite_bad	0	first_bad	18446744073709551615	max_abs	0.208499119
tp_ep_tensor_stats	tag	true_attn_q_b_shard	layer	0	rank	7	elems	131072	finite_bad	0	first_bad	18446744073709551615	max_abs	0.291844696
tp_ep_tensor_stats	tag	true_attn_q_heads_normed_shard	layer	0	rank	0	elems	131072	finite_bad	0	first_bad	18446744073709551615	max_abs	9.78168392
tp_ep_tensor_stats	tag	true_attn_q_heads_normed_shard	layer	0	rank	1	elems	131072	finite_bad	0	first_bad	18446744073709551615	max_abs	8.7255125
tp_ep_tensor_stats	tag	true_attn_q_heads_normed_shard	layer	0	rank	2	elems	131072	finite_bad	0	first_bad	18446744073709551615	max_abs	6.09546471
tp_ep_tensor_stats	tag	true_attn_q_heads_normed_shard	layer	0	rank	3	elems	131072	finite_bad	0	first_bad	18446744073709551615	max_abs	14.9229193
tp_ep_tensor_stats	tag	true_attn_q_heads_normed_shard	layer	0	rank	4	elems	131072	finite_bad	0	first_bad	18446744073709551615	max_abs	6.7980094
tp_ep_tensor_stats	tag	true_attn_q_heads_normed_shard	layer	0	rank	5	elems	131072	finite_bad	0	first_bad	18446744073709551615	max_abs	11.353569
tp_ep_tensor_stats	tag	true_attn_q_heads_normed_shard	layer	0	rank	6	elems	131072	finite_bad	0	first_bad	18446744073709551615	max_abs	7.17404127
tp_ep_tensor_stats	tag	true_attn_q_heads_normed_shard	layer	0	rank	7	elems	131072	finite_bad	0	first_bad	18446744073709551615	max_abs	7.0121789
tp_ep_tensor_stats	tag	true_attn_raw_swa_rank0	layer	0	rank	0	elems	2097152	finite_bad	0	first_bad	18446744073709551615	max_abs	4.265625
tp_ep_tensor_stats	tag	true_attn_raw_window_heads	layer	0	rank	0	elems	131072	finite_bad	0	first_bad	18446744073709551615	max_abs	4.19294071
tp_ep_tensor_stats	tag	true_attn_raw_window_heads	layer	0	rank	1	elems	131072	finite_bad	0	first_bad	18446744073709551615	max_abs	4.20285749
tp_ep_tensor_stats	tag	true_attn_raw_window_heads	layer	0	rank	2	elems	131072	finite_bad	0	first_bad	18446744073709551615	max_abs	3.43292952
tp_ep_tensor_stats	tag	true_attn_raw_window_heads	layer	0	rank	3	elems	131072	finite_bad	0	first_bad	18446744073709551615	max_abs	4.17551517
tp_ep_tensor_stats	tag	true_attn_raw_window_heads	layer	0	rank	4	elems	131072	finite_bad	0	first_bad	18446744073709551615	max_abs	3.81502318
tp_ep_tensor_stats	tag	true_attn_raw_window_heads	layer	0	rank	5	elems	131072	finite_bad	0	first_bad	18446744073709551615	max_abs	4.25755453
tp_ep_tensor_stats	tag	true_attn_raw_window_heads	layer	0	rank	6	elems	131072	finite_bad	0	first_bad	18446744073709551615	max_abs	4.24805784
tp_ep_tensor_stats	tag	true_attn_raw_window_heads	layer	0	rank	7	elems	131072	finite_bad	0	first_bad	18446744073709551615	max_abs	4.21677732
tp_ep_tensor_stats	tag	true_attn_q_a_full	layer	1	rank	0	elems	32768	finite_bad	0	first_bad	18446744073709551615	max_abs	0.336438328
tp_ep_tensor_stats	tag	true_attn_kv_normed	layer	1	rank	0	elems	16384	finite_bad	0	first_bad	18446744073709551615	max_abs	9.63699818
tp_ep_tensor_stats	tag	true_attn_q_b_shard	layer	1	rank	0	elems	131072	finite_bad	0	first_bad	18446744073709551615	max_abs	0.532411635
tp_ep_tensor_stats	tag	true_attn_q_b_shard	layer	1	rank	1	elems	131072	finite_bad	0	first_bad	18446744073709551615	max_abs	0.451910436
tp_ep_tensor_stats	tag	true_attn_q_b_shard	layer	1	rank	2	elems	131072	finite_bad	0	first_bad	18446744073709551615	max_abs	0.412391067
tp_ep_tensor_stats	tag	true_attn_q_b_shard	layer	1	rank	3	elems	131072	finite_bad	0	first_bad	18446744073709551615	max_abs	0.446086943
tp_ep_tensor_stats	tag	true_attn_q_b_shard	layer	1	rank	4	elems	131072	finite_bad	0	first_bad	18446744073709551615	max_abs	0.46649766
tp_ep_tensor_stats	tag	true_attn_q_b_shard	layer	1	rank	5	elems	131072	finite_bad	0	first_bad	18446744073709551615	max_abs	0.528247774
tp_ep_tensor_stats	tag	true_attn_q_b_shard	layer	1	rank	6	elems	131072	finite_bad	0	first_bad	18446744073709551615	max_abs	0.669466496
tp_ep_tensor_stats	tag	true_attn_q_b_shard	layer	1	rank	7	elems	131072	finite_bad	0	first_bad	18446744073709551615	max_abs	0.439795971
tp_ep_tensor_stats	tag	true_attn_q_heads_normed_shard	layer	1	rank	0	elems	131072	finite_bad	0	first_bad	18446744073709551615	max_abs	11.3316364
tp_ep_tensor_stats	tag	true_attn_q_heads_normed_shard	layer	1	rank	1	elems	131072	finite_bad	0	first_bad	18446744073709551615	max_abs	12.5147943
tp_ep_tensor_stats	tag	true_attn_q_heads_normed_shard	layer	1	rank	2	elems	131072	finite_bad	0	first_bad	18446744073709551615	max_abs	12.7368984
tp_ep_tensor_stats	tag	true_attn_q_heads_normed_shard	layer	1	rank	3	elems	131072	finite_bad	0	first_bad	18446744073709551615	max_abs	10.7148027
tp_ep_tensor_stats	tag	true_attn_q_heads_normed_shard	layer	1	rank	4	elems	131072	finite_bad	0	first_bad	18446744073709551615	max_abs	11.6530514
tp_ep_tensor_stats	tag	true_attn_q_heads_normed_shard	layer	1	rank	5	elems	131072	finite_bad	0	first_bad	18446744073709551615	max_abs	11.9074011
tp_ep_tensor_stats	tag	true_attn_q_heads_normed_shard	layer	1	rank	6	elems	131072	finite_bad	0	first_bad	18446744073709551615	max_abs	12.096982
tp_ep_tensor_stats	tag	true_attn_q_heads_normed_shard	layer	1	rank	7	elems	131072	finite_bad	0	first_bad	18446744073709551615	max_abs	10.0760317
tp_ep_tensor_stats	tag	true_attn_raw_swa_rank0	layer	1	rank	0	elems	2097152	finite_bad	0	first_bad	18446744073709551615	max_abs	8.9765625
tp_ep_tensor_stats	tag	true_attn_raw_window_heads	layer	1	rank	0	elems	131072	finite_bad	0	first_bad	18446744073709551615	max_abs	6.24224949
tp_ep_tensor_stats	tag	true_attn_raw_window_heads	layer	1	rank	1	elems	131072	finite_bad	0	first_bad	18446744073709551615	max_abs	4.54598522
tp_ep_tensor_stats	tag	true_attn_raw_window_heads	layer	1	rank	2	elems	131072	finite_bad	0	first_bad	18446744073709551615	max_abs	7.91807652
tp_ep_tensor_stats	tag	true_attn_raw_window_heads	layer	1	rank	3	elems	131072	finite_bad	0	first_bad	18446744073709551615	max_abs	5.94512749
tp_ep_tensor_stats	tag	true_attn_raw_window_heads	layer	1	rank	4	elems	131072	finite_bad	0	first_bad	18446744073709551615	max_abs	7.86364222
tp_ep_tensor_stats	tag	true_attn_raw_window_heads	layer	1	rank	5	elems	131072	finite_bad	0	first_bad	18446744073709551615	max_abs	7.73011398
tp_ep_tensor_stats	tag	true_attn_raw_window_heads	layer	1	rank	6	elems	131072	finite_bad	0	first_bad	18446744073709551615	max_abs	8.04287243
tp_ep_tensor_stats	tag	true_attn_raw_window_heads	layer	1	rank	7	elems	131072	finite_bad	0	first_bad	18446744073709551615	max_abs	8.58684731
tp_ep_tensor_stats	tag	true_attn_q_a_full	layer	2	rank	0	elems	32768	finite_bad	0	first_bad	18446744073709551615	max_abs	0.27031371
tp_ep_tensor_stats	tag	true_attn_kv_normed	layer	2	rank	0	elems	16384	finite_bad	0	first_bad	18446744073709551615	max_abs	2.0996778
tp_ep_tensor_stats	tag	true_attn_q_b_shard	layer	2	rank	0	elems	131072	finite_bad	0	first_bad	18446744073709551615	max_abs	0.169079423
tp_ep_tensor_stats	tag	true_attn_q_b_shard	layer	2	rank	1	elems	131072	finite_bad	0	first_bad	18446744073709551615	max_abs	0.159306705
tp_ep_tensor_stats	tag	true_attn_q_b_shard	layer	2	rank	2	elems	131072	finite_bad	0	first_bad	18446744073709551615	max_abs	0.135045767
tp_ep_tensor_stats	tag	true_attn_q_b_shard	layer	2	rank	3	elems	131072	finite_bad	0	first_bad	18446744073709551615	max_abs	0.213863105
tp_ep_tensor_stats	tag	true_attn_q_b_shard	layer	2	rank	4	elems	131072	finite_bad	0	first_bad	18446744073709551615	max_abs	0.130038112
tp_ep_tensor_stats	tag	true_attn_q_b_shard	layer	2	rank	5	elems	131072	finite_bad	0	first_bad	18446744073709551615	max_abs	0.190398127
tp_ep_tensor_stats	tag	true_attn_q_b_shard	layer	2	rank	6	elems	131072	finite_bad	0	first_bad	18446744073709551615	max_abs	0.19489716
tp_ep_tensor_stats	tag	true_attn_q_b_shard	layer	2	rank	7	elems	131072	finite_bad	0	first_bad	18446744073709551615	max_abs	0.157385394
tp_ep_tensor_stats	tag	true_attn_q_heads_normed_shard	layer	2	rank	0	elems	131072	finite_bad	0	first_bad	18446744073709551615	max_abs	7.96824026
tp_ep_tensor_stats	tag	true_attn_q_heads_normed_shard	layer	2	rank	1	elems	131072	finite_bad	0	first_bad	18446744073709551615	max_abs	5.08787251
tp_ep_tensor_stats	tag	true_attn_q_heads_normed_shard	layer	2	rank	2	elems	131072	finite_bad	0	first_bad	18446744073709551615	max_abs	5.46903992
tp_ep_tensor_stats	tag	true_attn_q_heads_normed_shard	layer	2	rank	3	elems	131072	finite_bad	0	first_bad	18446744073709551615	max_abs	5.03882504
tp_ep_tensor_stats	tag	true_attn_q_heads_normed_shard	layer	2	rank	4	elems	131072	finite_bad	0	first_bad	18446744073709551615	max_abs	6.74381971
tp_ep_tensor_stats	tag	true_attn_q_heads_normed_shard	layer	2	rank	5	elems	131072	finite_bad	0	first_bad	18446744073709551615	max_abs	5.16891241
tp_ep_tensor_stats	tag	true_attn_q_heads_normed_shard	layer	2	rank	6	elems	131072	finite_bad	0	first_bad	18446744073709551615	max_abs	7.27307272
tp_ep_tensor_stats	tag	true_attn_q_heads_normed_shard	layer	2	rank	7	elems	131072	finite_bad	0	first_bad	18446744073709551615	max_abs	4.15099764
tp_ep_tensor_stats	tag	true_attn_raw_swa_rank0	layer	2	rank	0	elems	2097152	finite_bad	0	first_bad	18446744073709551615	max_abs	2
tp_ep_tensor_stats	tag	true_attn_raw_window_heads	layer	2	rank	0	elems	131072	finite_bad	0	first_bad	18446744073709551615	max_abs	1.66362786
tp_ep_tensor_stats	tag	true_attn_raw_window_heads	layer	2	rank	1	elems	131072	finite_bad	0	first_bad	18446744073709551615	max_abs	1.88489234
tp_ep_tensor_stats	tag	true_attn_raw_window_heads	layer	2	rank	2	elems	131072	finite_bad	0	first_bad	18446744073709551615	max_abs	2.82449698
tp_ep_tensor_stats	tag	true_attn_raw_window_heads	layer	2	rank	3	elems	131072	finite_bad	0	first_bad	18446744073709551615	max_abs	1.93007362
tp_ep_tensor_stats	tag	true_attn_raw_window_heads	layer	2	rank	4	elems	131072	finite_bad	0	first_bad	18446744073709551615	max_abs	2.00179029
tp_ep_tensor_stats	tag	true_attn_raw_window_heads	layer	2	rank	5	elems	131072	finite_bad	0	first_bad	18446744073709551615	max_abs	1.45797241
tp_ep_tensor_stats	tag	true_attn_raw_window_heads	layer	2	rank	6	elems	131072	finite_bad	0	first_bad	18446744073709551615	max_abs	1.99487805
tp_ep_tensor_stats	tag	true_attn_raw_window_heads	layer	2	rank	7	elems	131072	finite_bad	0	first_bad	18446744073709551615	max_abs	2.1636138
tp_runtime_dense_kv_slice_failed	slot	7	position is outside configured context
tp_ep_http_decode_failed	rc	3	batch	32	requested_steps	32	position	262143
