tp_ep_all_layer_dense_f16_cache	rows	4096	source_bytes	8640413696	cache_bytes	14451998720	cache_aligned_bytes	14451998720	max_temp_bytes	132382720	cache_ms	7686.226580	PASS
tp_ep_all_layer_turbomind_api_shared	devices	8	PASS
tp_ep_all_layer_rank_buffers_shared	devices	8	core_bytes	3933984	PASS
tp_ep_all_layer_tp_runtime_shared	devices	8	slots	32	ctx	262144	mode	local_per_layer	PASS
tp_ep_all_layer_expert_bindings_shared	layers	43	devices	8	bytes	27594326016	bytes_per_gpu	3449290752	PASS
tp_ep_all_layer_dense_ops_shared	layers	43	devices	8	mode	local_per_layer	PASS
tp_ep_token_major_item	step	0	layer	0	ratio	0	decode_ms_per_step	40.780396	decode_slot_step_tok_s	784.690762	decode_ep_ms_per_step	39.591890	decode_dense_ms_per_step	0.000000	decode_compose_ms_per_step	1.188124	decode_checksum	2089207552	PASS
tp_ep_token_major_item	step	0	layer	1	ratio	0	decode_ms_per_step	0.957291	decode_slot_step_tok_s	33427.662017	decode_ep_ms_per_step	0.413232	decode_dense_ms_per_step	0.000000	decode_compose_ms_per_step	0.543763	decode_checksum	4285303765	PASS
tp_ep_token_major_item	step	0	layer	2	ratio	4	decode_ms_per_step	1.021880	decode_slot_step_tok_s	31314.831487	decode_ep_ms_per_step	0.429353	decode_dense_ms_per_step	0.000000	decode_compose_ms_per_step	0.592232	decode_checksum	50639913	PASS
tp_ep_token_major_item	step	0	layer	3	ratio	128	decode_ms_per_step	0.955798	decode_slot_step_tok_s	33479.877547	decode_ep_ms_per_step	0.418695	decode_dense_ms_per_step	0.000000	decode_compose_ms_per_step	0.536823	decode_checksum	199228706	PASS
tp_ep_token_major_item	step	0	layer	4	ratio	4	decode_ms_per_step	0.996697	decode_slot_step_tok_s	32106.046271	decode_ep_ms_per_step	0.428189	decode_dense_ms_per_step	0.000000	decode_compose_ms_per_step	0.568157	decode_checksum	92587346	PASS
tp_ep_token_major_item	step	0	layer	5	ratio	128	decode_ms_per_step	1.053453	decode_slot_step_tok_s	30376.295858	decode_ep_ms_per_step	0.404299	decode_dense_ms_per_step	0.000000	decode_compose_ms_per_step	0.648849	decode_checksum	81917469	PASS
tp_ep_token_major_item	step	0	layer	6	ratio	4	decode_ms_per_step	0.924301	decode_slot_step_tok_s	34620.756658	decode_ep_ms_per_step	0.417919	decode_dense_ms_per_step	0.000000	decode_compose_ms_per_step	0.506060	decode_checksum	41493907	PASS
tp_ep_token_major_item	step	0	layer	7	ratio	128	decode_ms_per_step	0.909362	decode_slot_step_tok_s	35189.506489	decode_ep_ms_per_step	0.410427	decode_dense_ms_per_step	0.000000	decode_compose_ms_per_step	0.498629	decode_checksum	4211722188	PASS
tp_ep_token_major_item	step	0	layer	8	ratio	4	decode_ms_per_step	1.066363	decode_slot_step_tok_s	30008.543057	decode_ep_ms_per_step	0.419304	decode_dense_ms_per_step	0.000000	decode_compose_ms_per_step	0.646749	decode_checksum	2164440608	PASS
tp_ep_token_major_item	step	0	layer	9	ratio	128	decode_ms_per_step	1.083699	decode_slot_step_tok_s	29528.494536	decode_ep_ms_per_step	0.586157	decode_dense_ms_per_step	0.000000	decode_compose_ms_per_step	0.496986	decode_checksum	22847642	PASS
tp_ep_token_major_item	step	0	layer	10	ratio	4	decode_ms_per_step	0.920843	decode_slot_step_tok_s	34750.766417	decode_ep_ms_per_step	0.421298	decode_dense_ms_per_step	0.000000	decode_compose_ms_per_step	0.499220	decode_checksum	2076607066	PASS
tp_ep_token_major_item	step	0	layer	11	ratio	128	decode_ms_per_step	1.065641	decode_slot_step_tok_s	30028.874640	decode_ep_ms_per_step	0.426763	decode_dense_ms_per_step	0.000000	decode_compose_ms_per_step	0.638573	decode_checksum	4156450847	PASS
tp_ep_token_major_item	step	0	layer	12	ratio	4	decode_ms_per_step	1.039669	decode_slot_step_tok_s	30779.026786	decode_ep_ms_per_step	0.403830	decode_dense_ms_per_step	0.000000	decode_compose_ms_per_step	0.635551	decode_checksum	1305516	PASS
tp_ep_token_major_item	step	0	layer	13	ratio	128	decode_ms_per_step	2.720892	decode_slot_step_tok_s	11760.849016	decode_ep_ms_per_step	1.302413	decode_dense_ms_per_step	0.000000	decode_compose_ms_per_step	1.417339	decode_checksum	176722357	PASS
tp_ep_token_major_item	step	0	layer	14	ratio	4	decode_ms_per_step	0.917000	decode_slot_step_tok_s	34896.401309	decode_ep_ms_per_step	0.436309	decode_dense_ms_per_step	0.000000	decode_compose_ms_per_step	0.480386	decode_checksum	2093197595	PASS
tp_ep_token_major_item	step	0	layer	15	ratio	128	decode_ms_per_step	1.008622	decode_slot_step_tok_s	31726.454509	decode_ep_ms_per_step	0.521459	decode_dense_ms_per_step	0.000000	decode_compose_ms_per_step	0.486605	decode_checksum	2318348388	PASS
tp_ep_token_major_item	step	0	layer	16	ratio	4	decode_ms_per_step	1.095797	decode_slot_step_tok_s	29202.489147	decode_ep_ms_per_step	0.467307	decode_dense_ms_per_step	0.000000	decode_compose_ms_per_step	0.628168	decode_checksum	2413897862	PASS
tp_ep_token_major_item	step	0	layer	17	ratio	128	decode_ms_per_step	1.089913	decode_slot_step_tok_s	29360.141589	decode_ep_ms_per_step	0.532484	decode_dense_ms_per_step	0.000000	decode_compose_ms_per_step	0.557131	decode_checksum	4107675936	PASS
tp_ep_token_major_item	step	0	layer	18	ratio	4	decode_ms_per_step	1.001145	decode_slot_step_tok_s	31963.401905	decode_ep_ms_per_step	0.457234	decode_dense_ms_per_step	0.000000	decode_compose_ms_per_step	0.543634	decode_checksum	37361686	PASS
tp_ep_token_major_item	step	0	layer	19	ratio	128	decode_ms_per_step	0.973780	decode_slot_step_tok_s	32861.631991	decode_ep_ms_per_step	0.451635	decode_dense_ms_per_step	0.000000	decode_compose_ms_per_step	0.521831	decode_checksum	2212896144	PASS
tp_ep_token_major_item	step	0	layer	20	ratio	4	decode_ms_per_step	1.232310	decode_slot_step_tok_s	25967.491946	decode_ep_ms_per_step	0.547727	decode_dense_ms_per_step	0.000000	decode_compose_ms_per_step	0.684256	decode_checksum	31300357	PASS
tp_ep_token_major_item	step	0	layer	21	ratio	128	decode_ms_per_step	0.938948	decode_slot_step_tok_s	34080.694565	decode_ep_ms_per_step	0.412812	decode_dense_ms_per_step	0.000000	decode_compose_ms_per_step	0.525853	decode_checksum	2043177150	PASS
tp_ep_token_major_item	step	0	layer	22	ratio	4	decode_ms_per_step	0.979618	decode_slot_step_tok_s	32665.794218	decode_ep_ms_per_step	0.456621	decode_dense_ms_per_step	0.000000	decode_compose_ms_per_step	0.522695	decode_checksum	149368565	PASS
tp_ep_token_major_item	step	0	layer	23	ratio	128	decode_ms_per_step	0.961715	decode_slot_step_tok_s	33273.890914	decode_ep_ms_per_step	0.447184	decode_dense_ms_per_step	0.000000	decode_compose_ms_per_step	0.514235	decode_checksum	4087920758	PASS
tp_ep_token_major_item	step	0	layer	24	ratio	4	decode_ms_per_step	0.955268	decode_slot_step_tok_s	33498.452790	decode_ep_ms_per_step	0.462297	decode_dense_ms_per_step	0.000000	decode_compose_ms_per_step	0.492676	decode_checksum	2232151951	PASS
tp_ep_token_major_item	step	0	layer	25	ratio	128	decode_ms_per_step	0.901795	decode_slot_step_tok_s	35484.783127	decode_ep_ms_per_step	0.409667	decode_dense_ms_per_step	0.000000	decode_compose_ms_per_step	0.491844	decode_checksum	2259995728	PASS
tp_ep_token_major_item	step	0	layer	26	ratio	4	decode_ms_per_step	1.198707	decode_slot_step_tok_s	26695.430994	decode_ep_ms_per_step	0.486898	decode_dense_ms_per_step	0.000000	decode_compose_ms_per_step	0.711478	decode_checksum	4173975789	PASS
tp_ep_token_major_item	step	0	layer	27	ratio	128	decode_ms_per_step	0.944594	decode_slot_step_tok_s	33876.988420	decode_ep_ms_per_step	0.415319	decode_dense_ms_per_step	0.000000	decode_compose_ms_per_step	0.528982	decode_checksum	1958048886	PASS
tp_ep_token_major_item	step	0	layer	28	ratio	4	decode_ms_per_step	1.020520	decode_slot_step_tok_s	31356.563321	decode_ep_ms_per_step	0.486699	decode_dense_ms_per_step	0.000000	decode_compose_ms_per_step	0.533526	decode_checksum	12572607	PASS
tp_ep_token_major_item	step	0	layer	29	ratio	128	decode_ms_per_step	0.953620	decode_slot_step_tok_s	33556.343198	decode_ep_ms_per_step	0.441668	decode_dense_ms_per_step	0.000000	decode_compose_ms_per_step	0.511645	decode_checksum	1939549931	PASS
tp_ep_token_major_item	step	0	layer	30	ratio	4	decode_ms_per_step	1.060230	decode_slot_step_tok_s	30182.130292	decode_ep_ms_per_step	0.413515	decode_dense_ms_per_step	0.000000	decode_compose_ms_per_step	0.646391	decode_checksum	2245266299	PASS
tp_ep_token_major_item	step	0	layer	31	ratio	128	decode_ms_per_step	0.921686	decode_slot_step_tok_s	34718.982387	decode_ep_ms_per_step	0.432886	decode_dense_ms_per_step	0.000000	decode_compose_ms_per_step	0.488504	decode_checksum	4092244362	PASS
tp_ep_token_major_item	step	0	layer	32	ratio	4	decode_ms_per_step	1.031121	decode_slot_step_tok_s	31034.185125	decode_ep_ms_per_step	0.418534	decode_dense_ms_per_step	0.000000	decode_compose_ms_per_step	0.612281	decode_checksum	1929924991	PASS
tp_ep_token_major_item	step	0	layer	33	ratio	128	decode_ms_per_step	1.608363	decode_slot_step_tok_s	19896.006063	decode_ep_ms_per_step	0.667500	decode_dense_ms_per_step	0.000000	decode_compose_ms_per_step	0.940444	decode_checksum	154974069	PASS
tp_ep_token_major_item	step	0	layer	34	ratio	4	decode_ms_per_step	0.875238	decode_slot_step_tok_s	36561.483848	decode_ep_ms_per_step	0.361273	decode_dense_ms_per_step	0.000000	decode_compose_ms_per_step	0.513655	decode_checksum	4247159498	PASS
tp_ep_token_major_item	step	0	layer	35	ratio	128	decode_ms_per_step	1.131948	decode_slot_step_tok_s	28269.849852	decode_ep_ms_per_step	0.514472	decode_dense_ms_per_step	0.000000	decode_compose_ms_per_step	0.617077	decode_checksum	1960134344	PASS
tp_ep_token_major_item	step	0	layer	36	ratio	4	decode_ms_per_step	0.869005	decode_slot_step_tok_s	36823.723684	decode_ep_ms_per_step	0.374753	decode_dense_ms_per_step	0.000000	decode_compose_ms_per_step	0.493966	decode_checksum	2318643187	PASS
tp_ep_token_major_item	step	0	layer	37	ratio	128	decode_ms_per_step	1.062576	decode_slot_step_tok_s	30115.492915	decode_ep_ms_per_step	0.415023	decode_dense_ms_per_step	0.000000	decode_compose_ms_per_step	0.647269	decode_checksum	2051082468	PASS
tp_ep_token_major_item	step	0	layer	38	ratio	4	decode_ms_per_step	0.881350	decode_slot_step_tok_s	36307.936688	decode_ep_ms_per_step	0.391904	decode_dense_ms_per_step	0.000000	decode_compose_ms_per_step	0.489149	decode_checksum	2208797608	PASS
tp_ep_token_major_item	step	0	layer	39	ratio	128	decode_ms_per_step	0.866648	decode_slot_step_tok_s	36923.872206	decode_ep_ms_per_step	0.398891	decode_dense_ms_per_step	0.000000	decode_compose_ms_per_step	0.467421	decode_checksum	1901862423	PASS
tp_ep_token_major_item	step	0	layer	40	ratio	4	decode_ms_per_step	0.842082	decode_slot_step_tok_s	38001.049779	decode_ep_ms_per_step	0.361571	decode_dense_ms_per_step	0.000000	decode_compose_ms_per_step	0.480229	decode_checksum	1971716968	PASS
tp_ep_token_major_item	step	0	layer	41	ratio	128	decode_ms_per_step	1.059381	decode_slot_step_tok_s	30206.318595	decode_ep_ms_per_step	0.404396	decode_dense_ms_per_step	0.000000	decode_compose_ms_per_step	0.654686	decode_checksum	4100126953	PASS
tp_ep_token_major_item	step	0	layer	42	ratio	4	decode_ms_per_step	0.851127	decode_slot_step_tok_s	37597.209347	decode_ep_ms_per_step	0.345581	decode_dense_ms_per_step	0.000000	decode_compose_ms_per_step	0.505260	decode_checksum	260576764	PASS
tp_ep_token_major_item	step	1	layer	0	ratio	0	decode_ms_per_step	0.937733	decode_slot_step_tok_s	34124.852170	decode_ep_ms_per_step	0.386014	decode_dense_ms_per_step	0.000000	decode_compose_ms_per_step	0.551433	decode_checksum	2089207552	PASS
tp_ep_token_major_item	step	1	layer	1	ratio	0	decode_ms_per_step	0.926358	decode_slot_step_tok_s	34543.880444	decode_ep_ms_per_step	0.405610	decode_dense_ms_per_step	0.000000	decode_compose_ms_per_step	0.520463	decode_checksum	4285303765	PASS
tp_ep_token_major_item	step	1	layer	2	ratio	4	decode_ms_per_step	0.859489	decode_slot_step_tok_s	37231.424719	decode_ep_ms_per_step	0.372226	decode_dense_ms_per_step	0.000000	decode_compose_ms_per_step	0.486915	decode_checksum	50639913	PASS
tp_ep_token_major_item	step	1	layer	3	ratio	128	decode_ms_per_step	0.883671	decode_slot_step_tok_s	36212.572326	decode_ep_ms_per_step	0.392047	decode_dense_ms_per_step	0.000000	decode_compose_ms_per_step	0.491339	decode_checksum	199228706	PASS
tp_ep_token_major_item	step	1	layer	4	ratio	4	decode_ms_per_step	1.011680	decode_slot_step_tok_s	31630.555116	decode_ep_ms_per_step	0.388638	decode_dense_ms_per_step	0.000000	decode_compose_ms_per_step	0.622762	decode_checksum	92587346	PASS
tp_ep_token_major_item	step	1	layer	5	ratio	128	decode_ms_per_step	0.918527	decode_slot_step_tok_s	34838.387984	decode_ep_ms_per_step	0.366093	decode_dense_ms_per_step	0.000000	decode_compose_ms_per_step	0.552169	decode_checksum	81917469	PASS
tp_ep_token_major_item	step	1	layer	6	ratio	4	decode_ms_per_step	0.846276	decode_slot_step_tok_s	37812.723036	decode_ep_ms_per_step	0.368552	decode_dense_ms_per_step	0.000000	decode_compose_ms_per_step	0.477451	decode_checksum	41493907	PASS
tp_ep_token_major_item	step	1	layer	7	ratio	128	decode_ms_per_step	0.960925	decode_slot_step_tok_s	33301.246195	decode_ep_ms_per_step	0.349561	decode_dense_ms_per_step	0.000000	decode_compose_ms_per_step	0.611069	decode_checksum	4211722188	PASS
tp_ep_token_major_item	step	1	layer	8	ratio	4	decode_ms_per_step	0.869685	decode_slot_step_tok_s	36794.931498	decode_ep_ms_per_step	0.376147	decode_dense_ms_per_step	0.000000	decode_compose_ms_per_step	0.493256	decode_checksum	2164440608	PASS
tp_ep_token_major_item	step	1	layer	9	ratio	128	decode_ms_per_step	0.883567	decode_slot_step_tok_s	36216.834717	decode_ep_ms_per_step	0.346502	decode_dense_ms_per_step	0.000000	decode_compose_ms_per_step	0.536775	decode_checksum	22847642	PASS
tp_ep_token_major_item	step	1	layer	10	ratio	4	decode_ms_per_step	1.067679	decode_slot_step_tok_s	29971.555121	decode_ep_ms_per_step	0.425117	decode_dense_ms_per_step	0.000000	decode_compose_ms_per_step	0.642277	decode_checksum	2076607066	PASS
tp_ep_token_major_item	step	1	layer	11	ratio	128	decode_ms_per_step	0.851124	decode_slot_step_tok_s	37597.341868	decode_ep_ms_per_step	0.344796	decode_dense_ms_per_step	0.000000	decode_compose_ms_per_step	0.506035	decode_checksum	4156450847	PASS
tp_ep_token_major_item	step	1	layer	12	ratio	4	decode_ms_per_step	0.854357	decode_slot_step_tok_s	37455.068549	decode_ep_ms_per_step	0.352675	decode_dense_ms_per_step	0.000000	decode_compose_ms_per_step	0.501356	decode_checksum	1305516	PASS
tp_ep_token_major_item	step	1	layer	13	ratio	128	decode_ms_per_step	0.912967	decode_slot_step_tok_s	35050.554949	decode_ep_ms_per_step	0.410518	decode_dense_ms_per_step	0.000000	decode_compose_ms_per_step	0.502153	decode_checksum	176722357	PASS
tp_ep_token_major_item	step	1	layer	14	ratio	4	decode_ms_per_step	0.844111	decode_slot_step_tok_s	37909.706188	decode_ep_ms_per_step	0.362226	decode_dense_ms_per_step	0.000000	decode_compose_ms_per_step	0.481621	decode_checksum	2093197595	PASS
tp_ep_token_major_item	step	1	layer	15	ratio	128	decode_ms_per_step	0.810425	decode_slot_step_tok_s	39485.455162	decode_ep_ms_per_step	0.349645	decode_dense_ms_per_step	0.000000	decode_compose_ms_per_step	0.460483	decode_checksum	2318348388	PASS
tp_ep_token_major_item	step	1	layer	16	ratio	4	decode_ms_per_step	0.913242	decode_slot_step_tok_s	35040.000350	decode_ep_ms_per_step	0.415221	decode_dense_ms_per_step	0.000000	decode_compose_ms_per_step	0.497672	decode_checksum	2413897862	PASS
tp_ep_token_major_item	step	1	layer	17	ratio	128	decode_ms_per_step	0.989210	decode_slot_step_tok_s	32349.046209	decode_ep_ms_per_step	0.463349	decode_dense_ms_per_step	0.000000	decode_compose_ms_per_step	0.525552	decode_checksum	4107675936	PASS
tp_ep_token_major_item	step	1	layer	18	ratio	4	decode_ms_per_step	1.544914	decode_slot_step_tok_s	20713.127074	decode_ep_ms_per_step	0.710358	decode_dense_ms_per_step	0.000000	decode_compose_ms_per_step	0.833504	decode_checksum	37361686	PASS
tp_ep_token_major_item	step	1	layer	19	ratio	128	decode_ms_per_step	0.974320	decode_slot_step_tok_s	32843.419000	decode_ep_ms_per_step	0.441636	decode_dense_ms_per_step	0.000000	decode_compose_ms_per_step	0.532333	decode_checksum	2212896144	PASS
tp_ep_token_major_item	step	1	layer	20	ratio	4	decode_ms_per_step	0.975900	decode_slot_step_tok_s	32790.244902	decode_ep_ms_per_step	0.449631	decode_dense_ms_per_step	0.000000	decode_compose_ms_per_step	0.525990	decode_checksum	31300357	PASS
tp_ep_token_major_item	step	1	layer	21	ratio	128	decode_ms_per_step	0.967486	decode_slot_step_tok_s	33075.414011	decode_ep_ms_per_step	0.435497	decode_dense_ms_per_step	0.000000	decode_compose_ms_per_step	0.531688	decode_checksum	2043177150	PASS
tp_ep_token_major_item	step	1	layer	22	ratio	4	decode_ms_per_step	0.931489	decode_slot_step_tok_s	34353.599452	decode_ep_ms_per_step	0.416429	decode_dense_ms_per_step	0.000000	decode_compose_ms_per_step	0.514771	decode_checksum	149368565	PASS
tp_ep_token_major_item	step	1	layer	23	ratio	128	decode_ms_per_step	0.962840	decode_slot_step_tok_s	33235.013086	decode_ep_ms_per_step	0.414866	decode_dense_ms_per_step	0.000000	decode_compose_ms_per_step	0.547676	decode_checksum	4087920758	PASS
tp_ep_token_major_item	step	1	layer	24	ratio	4	decode_ms_per_step	1.244986	decode_slot_step_tok_s	25703.100276	decode_ep_ms_per_step	0.496033	decode_dense_ms_per_step	0.000000	decode_compose_ms_per_step	0.748660	decode_checksum	2232151951	PASS
tp_ep_token_major_item	step	1	layer	25	ratio	128	decode_ms_per_step	1.020784	decode_slot_step_tok_s	31348.453738	decode_ep_ms_per_step	0.459997	decode_dense_ms_per_step	0.000000	decode_compose_ms_per_step	0.560495	decode_checksum	2259995728	PASS
tp_ep_token_major_item	step	1	layer	26	ratio	4	decode_ms_per_step	1.007509	decode_slot_step_tok_s	31761.502875	decode_ep_ms_per_step	0.455206	decode_dense_ms_per_step	0.000000	decode_compose_ms_per_step	0.551945	decode_checksum	4173975789	PASS
tp_ep_token_major_item	step	1	layer	27	ratio	128	decode_ms_per_step	1.039116	decode_slot_step_tok_s	30795.406865	decode_ep_ms_per_step	0.468160	decode_dense_ms_per_step	0.000000	decode_compose_ms_per_step	0.570624	decode_checksum	1958048886	PASS
tp_ep_token_major_item	step	1	layer	28	ratio	4	decode_ms_per_step	1.006273	decode_slot_step_tok_s	31800.515367	decode_ep_ms_per_step	0.467128	decode_dense_ms_per_step	0.000000	decode_compose_ms_per_step	0.538785	decode_checksum	12572607	PASS
tp_ep_token_major_item	step	1	layer	29	ratio	128	decode_ms_per_step	1.134828	decode_slot_step_tok_s	28198.105792	decode_ep_ms_per_step	0.561013	decode_dense_ms_per_step	0.000000	decode_compose_ms_per_step	0.573499	decode_checksum	1939549931	PASS
tp_ep_token_major_item	step	1	layer	30	ratio	4	decode_ms_per_step	1.012910	decode_slot_step_tok_s	31592.145403	decode_ep_ms_per_step	0.464059	decode_dense_ms_per_step	0.000000	decode_compose_ms_per_step	0.548490	decode_checksum	2245266299	PASS
tp_ep_token_major_item	step	1	layer	31	ratio	128	decode_ms_per_step	0.989754	decode_slot_step_tok_s	32331.266153	decode_ep_ms_per_step	0.447692	decode_dense_ms_per_step	0.000000	decode_compose_ms_per_step	0.541742	decode_checksum	4092244362	PASS
tp_ep_token_major_item	step	1	layer	32	ratio	4	decode_ms_per_step	1.020783	decode_slot_step_tok_s	31348.484448	decode_ep_ms_per_step	0.456309	decode_dense_ms_per_step	0.000000	decode_compose_ms_per_step	0.564166	decode_checksum	1929924991	PASS
tp_ep_token_major_item	step	1	layer	33	ratio	128	decode_ms_per_step	1.038182	decode_slot_step_tok_s	30823.111940	decode_ep_ms_per_step	0.502855	decode_dense_ms_per_step	0.000000	decode_compose_ms_per_step	0.535037	decode_checksum	154974069	PASS
tp_ep_token_major_item	step	1	layer	34	ratio	4	decode_ms_per_step	1.066261	decode_slot_step_tok_s	30011.413716	decode_ep_ms_per_step	0.495092	decode_dense_ms_per_step	0.000000	decode_compose_ms_per_step	0.570797	decode_checksum	4247159498	PASS
tp_ep_token_major_item	step	1	layer	35	ratio	128	decode_ms_per_step	1.011809	decode_slot_step_tok_s	31626.522397	decode_ep_ms_per_step	0.466527	decode_dense_ms_per_step	0.000000	decode_compose_ms_per_step	0.544924	decode_checksum	1960134344	PASS
tp_ep_token_major_item	step	1	layer	36	ratio	4	decode_ms_per_step	1.069603	decode_slot_step_tok_s	29917.642340	decode_ep_ms_per_step	0.475987	decode_dense_ms_per_step	0.000000	decode_compose_ms_per_step	0.592974	decode_checksum	2318643187	PASS
tp_ep_token_major_item	step	1	layer	37	ratio	128	decode_ms_per_step	1.022071	decode_slot_step_tok_s	31308.979513	decode_ep_ms_per_step	0.473677	decode_dense_ms_per_step	0.000000	decode_compose_ms_per_step	0.548066	decode_checksum	2051082468	PASS
tp_ep_token_major_item	step	1	layer	38	ratio	4	decode_ms_per_step	1.085517	decode_slot_step_tok_s	29479.040863	decode_ep_ms_per_step	0.530291	decode_dense_ms_per_step	0.000000	decode_compose_ms_per_step	0.554865	decode_checksum	2208797608	PASS
tp_ep_token_major_item	step	1	layer	39	ratio	128	decode_ms_per_step	1.040754	decode_slot_step_tok_s	30746.939238	decode_ep_ms_per_step	0.481543	decode_dense_ms_per_step	0.000000	decode_compose_ms_per_step	0.558922	decode_checksum	1901862423	PASS
tp_ep_token_major_item	step	1	layer	40	ratio	4	decode_ms_per_step	1.034807	decode_slot_step_tok_s	30923.640834	decode_ep_ms_per_step	0.492474	decode_dense_ms_per_step	0.000000	decode_compose_ms_per_step	0.541987	decode_checksum	1971716968	PASS
tp_ep_token_major_item	step	1	layer	41	ratio	128	decode_ms_per_step	1.018257	decode_slot_step_tok_s	31426.250937	decode_ep_ms_per_step	0.479169	decode_dense_ms_per_step	0.000000	decode_compose_ms_per_step	0.538790	decode_checksum	4100126953	PASS
tp_ep_token_major_item	step	1	layer	42	ratio	4	decode_ms_per_step	1.038190	decode_slot_step_tok_s	30822.874426	decode_ep_ms_per_step	0.488160	decode_dense_ms_per_step	0.000000	decode_compose_ms_per_step	0.549649	decode_checksum	260576764	PASS
tp_ep_token_major_item	step	2	layer	0	ratio	0	decode_ms_per_step	1.289534	decode_slot_step_tok_s	24815.165789	decode_ep_ms_per_step	0.544040	decode_dense_ms_per_step	0.000000	decode_compose_ms_per_step	0.745204	decode_checksum	2089207552	PASS
tp_ep_token_major_item	step	2	layer	1	ratio	0	decode_ms_per_step	0.912719	decode_slot_step_tok_s	35060.078732	decode_ep_ms_per_step	0.385980	decode_dense_ms_per_step	0.000000	decode_compose_ms_per_step	0.526455	decode_checksum	4285303765	PASS
tp_ep_token_major_item	step	2	layer	2	ratio	4	decode_ms_per_step	0.978380	decode_slot_step_tok_s	32707.128110	decode_ep_ms_per_step	0.413052	decode_dense_ms_per_step	0.000000	decode_compose_ms_per_step	0.564987	decode_checksum	50639913	PASS
tp_ep_token_major_item	step	2	layer	3	ratio	128	decode_ms_per_step	0.946891	decode_slot_step_tok_s	33794.808484	decode_ep_ms_per_step	0.394400	decode_dense_ms_per_step	0.000000	decode_compose_ms_per_step	0.552191	decode_checksum	199228706	PASS
tp_ep_token_major_item	step	2	layer	4	ratio	4	decode_ms_per_step	0.911505	decode_slot_step_tok_s	35106.773962	decode_ep_ms_per_step	0.383711	decode_dense_ms_per_step	0.000000	decode_compose_ms_per_step	0.527515	decode_checksum	92587346	PASS
tp_ep_token_major_item	step	2	layer	5	ratio	128	decode_ms_per_step	0.897071	decode_slot_step_tok_s	35671.646949	decode_ep_ms_per_step	0.398055	decode_dense_ms_per_step	0.000000	decode_compose_ms_per_step	0.498734	decode_checksum	81917469	PASS
tp_ep_token_major_item	step	2	layer	6	ratio	4	decode_ms_per_step	0.970539	decode_slot_step_tok_s	32971.369517	decode_ep_ms_per_step	0.444892	decode_dense_ms_per_step	0.000000	decode_compose_ms_per_step	0.525348	decode_checksum	41493907	PASS
tp_ep_token_major_item	step	2	layer	7	ratio	128	decode_ms_per_step	0.907707	decode_slot_step_tok_s	35253.666657	decode_ep_ms_per_step	0.392825	decode_dense_ms_per_step	0.000000	decode_compose_ms_per_step	0.514543	decode_checksum	4211722188	PASS
tp_ep_token_major_item	step	2	layer	8	ratio	4	decode_ms_per_step	0.865932	decode_slot_step_tok_s	36954.402886	decode_ep_ms_per_step	0.376477	decode_dense_ms_per_step	0.000000	decode_compose_ms_per_step	0.489107	decode_checksum	2164440608	PASS
tp_ep_token_major_item	step	2	layer	9	ratio	128	decode_ms_per_step	0.888826	decode_slot_step_tok_s	36002.547180	decode_ep_ms_per_step	0.377668	decode_dense_ms_per_step	0.000000	decode_compose_ms_per_step	0.510888	decode_checksum	22847642	PASS
tp_ep_token_major_item	step	2	layer	10	ratio	4	decode_ms_per_step	0.867339	decode_slot_step_tok_s	36894.455340	decode_ep_ms_per_step	0.373147	decode_dense_ms_per_step	0.000000	decode_compose_ms_per_step	0.493909	decode_checksum	2076607066	PASS
tp_ep_token_major_item	step	2	layer	11	ratio	128	decode_ms_per_step	0.957315	decode_slot_step_tok_s	33426.823982	decode_ep_ms_per_step	0.423240	decode_dense_ms_per_step	0.000000	decode_compose_ms_per_step	0.533767	decode_checksum	4156450847	PASS
tp_ep_token_major_item	step	2	layer	12	ratio	4	decode_ms_per_step	0.927924	decode_slot_step_tok_s	34485.582871	decode_ep_ms_per_step	0.410446	decode_dense_ms_per_step	0.000000	decode_compose_ms_per_step	0.517192	decode_checksum	1305516	PASS
tp_ep_token_major_item	step	2	layer	13	ratio	128	decode_ms_per_step	0.899265	decode_slot_step_tok_s	35584.616326	decode_ep_ms_per_step	0.387758	decode_dense_ms_per_step	0.000000	decode_compose_ms_per_step	0.511214	decode_checksum	176722357	PASS
tp_ep_token_major_item	step	2	layer	14	ratio	4	decode_ms_per_step	0.938371	decode_slot_step_tok_s	34101.650626	decode_ep_ms_per_step	0.411897	decode_dense_ms_per_step	0.000000	decode_compose_ms_per_step	0.526153	decode_checksum	2093197595	PASS
tp_ep_token_major_item	step	2	layer	15	ratio	128	decode_ms_per_step	0.939756	decode_slot_step_tok_s	34051.392063	decode_ep_ms_per_step	0.385134	decode_dense_ms_per_step	0.000000	decode_compose_ms_per_step	0.554342	decode_checksum	2318348388	PASS
tp_ep_token_major_item	step	2	layer	16	ratio	4	decode_ms_per_step	0.927644	decode_slot_step_tok_s	34495.991997	decode_ep_ms_per_step	0.414943	decode_dense_ms_per_step	0.000000	decode_compose_ms_per_step	0.512420	decode_checksum	2413897862	PASS
tp_ep_token_major_item	step	2	layer	17	ratio	128	decode_ms_per_step	0.944865	decode_slot_step_tok_s	33867.272044	decode_ep_ms_per_step	0.426660	decode_dense_ms_per_step	0.000000	decode_compose_ms_per_step	0.517931	decode_checksum	4107675936	PASS
tp_ep_token_major_item	step	2	layer	18	ratio	4	decode_ms_per_step	0.907368	decode_slot_step_tok_s	35266.837711	decode_ep_ms_per_step	0.410848	decode_dense_ms_per_step	0.000000	decode_compose_ms_per_step	0.496233	decode_checksum	37361686	PASS
tp_ep_token_major_item	step	2	layer	19	ratio	128	decode_ms_per_step	0.919647	decode_slot_step_tok_s	34795.959754	decode_ep_ms_per_step	0.417397	decode_dense_ms_per_step	0.000000	decode_compose_ms_per_step	0.501976	decode_checksum	2212896144	PASS
tp_ep_token_major_item	step	2	layer	20	ratio	4	decode_ms_per_step	0.933159	decode_slot_step_tok_s	34292.119564	decode_ep_ms_per_step	0.416119	decode_dense_ms_per_step	0.000000	decode_compose_ms_per_step	0.516669	decode_checksum	31300357	PASS
tp_ep_token_major_item	step	2	layer	21	ratio	128	decode_ms_per_step	0.922042	decode_slot_step_tok_s	34705.577403	decode_ep_ms_per_step	0.409737	decode_dense_ms_per_step	0.000000	decode_compose_ms_per_step	0.512025	decode_checksum	2043177150	PASS
tp_ep_token_major_item	step	2	layer	22	ratio	4	decode_ms_per_step	0.894852	decode_slot_step_tok_s	35760.103347	decode_ep_ms_per_step	0.391583	decode_dense_ms_per_step	0.000000	decode_compose_ms_per_step	0.502937	decode_checksum	149368565	PASS
tp_ep_token_major_item	step	2	layer	23	ratio	128	decode_ms_per_step	1.160935	decode_slot_step_tok_s	27563.989371	decode_ep_ms_per_step	0.456437	decode_dense_ms_per_step	0.000000	decode_compose_ms_per_step	0.704237	decode_checksum	4087920758	PASS
tp_ep_token_major_item	step	2	layer	24	ratio	4	decode_ms_per_step	0.954676	decode_slot_step_tok_s	33519.225371	decode_ep_ms_per_step	0.399893	decode_dense_ms_per_step	0.000000	decode_compose_ms_per_step	0.554505	decode_checksum	2232151951	PASS
tp_ep_token_major_item	step	2	layer	25	ratio	128	decode_ms_per_step	0.904672	decode_slot_step_tok_s	35371.935906	decode_ep_ms_per_step	0.373381	decode_dense_ms_per_step	0.000000	decode_compose_ms_per_step	0.531010	decode_checksum	2259995728	PASS
tp_ep_token_major_item	step	2	layer	26	ratio	4	decode_ms_per_step	0.931352	decode_slot_step_tok_s	34358.652797	decode_ep_ms_per_step	0.408010	decode_dense_ms_per_step	0.000000	decode_compose_ms_per_step	0.523074	decode_checksum	4173975789	PASS
tp_ep_token_major_item	step	2	layer	27	ratio	128	decode_ms_per_step	0.872620	decode_slot_step_tok_s	36671.174165	decode_ep_ms_per_step	0.373425	decode_dense_ms_per_step	0.000000	decode_compose_ms_per_step	0.498900	decode_checksum	1958048886	PASS
tp_ep_token_major_item	step	2	layer	28	ratio	4	decode_ms_per_step	0.912365	decode_slot_step_tok_s	35073.682134	decode_ep_ms_per_step	0.404329	decode_dense_ms_per_step	0.000000	decode_compose_ms_per_step	0.507684	decode_checksum	12572607	PASS
tp_ep_token_major_item	step	2	layer	29	ratio	128	decode_ms_per_step	0.902341	decode_slot_step_tok_s	35463.311542	decode_ep_ms_per_step	0.382651	decode_dense_ms_per_step	0.000000	decode_compose_ms_per_step	0.519351	decode_checksum	1939549931	PASS
tp_ep_token_major_item	step	2	layer	30	ratio	4	decode_ms_per_step	1.014646	decode_slot_step_tok_s	31538.093089	decode_ep_ms_per_step	0.483269	decode_dense_ms_per_step	0.000000	decode_compose_ms_per_step	0.531016	decode_checksum	2245266299	PASS
tp_ep_token_major_item	step	2	layer	31	ratio	128	decode_ms_per_step	0.896588	decode_slot_step_tok_s	35690.863585	decode_ep_ms_per_step	0.371238	decode_dense_ms_per_step	0.000000	decode_compose_ms_per_step	0.524988	decode_checksum	4092244362	PASS
tp_ep_token_major_item	step	2	layer	32	ratio	4	decode_ms_per_step	0.885841	decode_slot_step_tok_s	36123.864215	decode_ep_ms_per_step	0.388496	decode_dense_ms_per_step	0.000000	decode_compose_ms_per_step	0.497056	decode_checksum	1929924991	PASS
tp_ep_token_major_item	step	2	layer	33	ratio	128	decode_ms_per_step	0.877312	decode_slot_step_tok_s	36475.051065	decode_ep_ms_per_step	0.379316	decode_dense_ms_per_step	0.000000	decode_compose_ms_per_step	0.497692	decode_checksum	154974069	PASS
tp_ep_token_major_item	step	2	layer	34	ratio	4	decode_ms_per_step	0.854327	decode_slot_step_tok_s	37456.383797	decode_ep_ms_per_step	0.366404	decode_dense_ms_per_step	0.000000	decode_compose_ms_per_step	0.487618	decode_checksum	4247159498	PASS
tp_ep_token_major_item	step	2	layer	35	ratio	128	decode_ms_per_step	0.891457	decode_slot_step_tok_s	35896.291128	decode_ep_ms_per_step	0.371975	decode_dense_ms_per_step	0.000000	decode_compose_ms_per_step	0.519187	decode_checksum	1960134344	PASS
tp_ep_token_major_item	step	2	layer	36	ratio	4	decode_ms_per_step	0.883908	decode_slot_step_tok_s	36202.862741	decode_ep_ms_per_step	0.380115	decode_dense_ms_per_step	0.000000	decode_compose_ms_per_step	0.503509	decode_checksum	2318643187	PASS
tp_ep_token_major_item	step	2	layer	37	ratio	128	decode_ms_per_step	0.933029	decode_slot_step_tok_s	34296.897524	decode_ep_ms_per_step	0.421481	decode_dense_ms_per_step	0.000000	decode_compose_ms_per_step	0.511238	decode_checksum	2051082468	PASS
tp_ep_token_major_item	step	2	layer	38	ratio	4	decode_ms_per_step	0.900866	decode_slot_step_tok_s	35521.376098	decode_ep_ms_per_step	0.393508	decode_dense_ms_per_step	0.000000	decode_compose_ms_per_step	0.507067	decode_checksum	2208797608	PASS
tp_ep_token_major_item	step	2	layer	39	ratio	128	decode_ms_per_step	0.897939	decode_slot_step_tok_s	35637.164663	decode_ep_ms_per_step	0.375121	decode_dense_ms_per_step	0.000000	decode_compose_ms_per_step	0.522575	decode_checksum	1901862423	PASS
tp_ep_token_major_item	step	2	layer	40	ratio	4	decode_ms_per_step	0.877608	decode_slot_step_tok_s	36462.748744	decode_ep_ms_per_step	0.380546	decode_dense_ms_per_step	0.000000	decode_compose_ms_per_step	0.496754	decode_checksum	1971716968	PASS
tp_ep_token_major_item	step	2	layer	41	ratio	128	decode_ms_per_step	0.883092	decode_slot_step_tok_s	36236.315129	decode_ep_ms_per_step	0.375270	decode_dense_ms_per_step	0.000000	decode_compose_ms_per_step	0.507550	decode_checksum	4100126953	PASS
tp_ep_token_major_item	step	2	layer	42	ratio	4	decode_ms_per_step	0.920237	decode_slot_step_tok_s	34773.650701	decode_ep_ms_per_step	0.418325	decode_dense_ms_per_step	0.000000	decode_compose_ms_per_step	0.501615	decode_checksum	260576764	PASS
tp_ep_token_major_item	step	3	layer	0	ratio	0	decode_ms_per_step	0.886798	decode_slot_step_tok_s	36084.880661	decode_ep_ms_per_step	0.393603	decode_dense_ms_per_step	0.000000	decode_compose_ms_per_step	0.492917	decode_checksum	2089207552	PASS
tp_ep_token_major_item	step	3	layer	1	ratio	0	decode_ms_per_step	0.888705	decode_slot_step_tok_s	36007.449041	decode_ep_ms_per_step	0.380102	decode_dense_ms_per_step	0.000000	decode_compose_ms_per_step	0.508315	decode_checksum	4285303765	PASS
tp_ep_token_major_item	step	3	layer	2	ratio	4	decode_ms_per_step	0.862243	decode_slot_step_tok_s	37112.507727	decode_ep_ms_per_step	0.370963	decode_dense_ms_per_step	0.000000	decode_compose_ms_per_step	0.490963	decode_checksum	50639913	PASS
tp_ep_token_major_item	step	3	layer	3	ratio	128	decode_ms_per_step	0.866982	decode_slot_step_tok_s	36909.647490	decode_ep_ms_per_step	0.371700	decode_dense_ms_per_step	0.000000	decode_compose_ms_per_step	0.495000	decode_checksum	199228706	PASS
tp_ep_token_major_item	step	3	layer	4	ratio	4	decode_ms_per_step	0.899089	decode_slot_step_tok_s	35591.582146	decode_ep_ms_per_step	0.398966	decode_dense_ms_per_step	0.000000	decode_compose_ms_per_step	0.499813	decode_checksum	92587346	PASS
tp_ep_token_major_item	step	3	layer	5	ratio	128	decode_ms_per_step	0.886908	decode_slot_step_tok_s	36080.405183	decode_ep_ms_per_step	0.391166	decode_dense_ms_per_step	0.000000	decode_compose_ms_per_step	0.495468	decode_checksum	81917469	PASS
tp_ep_token_major_item	step	3	layer	6	ratio	4	decode_ms_per_step	0.917261	decode_slot_step_tok_s	34886.471789	decode_ep_ms_per_step	0.392752	decode_dense_ms_per_step	0.000000	decode_compose_ms_per_step	0.524203	decode_checksum	41493907	PASS
tp_ep_token_major_item	step	3	layer	7	ratio	128	decode_ms_per_step	1.016077	decode_slot_step_tok_s	31493.676168	decode_ep_ms_per_step	0.371621	decode_dense_ms_per_step	0.000000	decode_compose_ms_per_step	0.644106	decode_checksum	4211722188	PASS
tp_ep_token_major_item	step	3	layer	8	ratio	4	decode_ms_per_step	1.164831	decode_slot_step_tok_s	27471.796338	decode_ep_ms_per_step	0.472987	decode_dense_ms_per_step	0.000000	decode_compose_ms_per_step	0.691530	decode_checksum	2164440608	PASS
tp_ep_token_major_item	step	3	layer	9	ratio	128	decode_ms_per_step	0.939946	decode_slot_step_tok_s	34044.508940	decode_ep_ms_per_step	0.388239	decode_dense_ms_per_step	0.000000	decode_compose_ms_per_step	0.551397	decode_checksum	22847642	PASS
tp_ep_token_major_item	step	3	layer	10	ratio	4	decode_ms_per_step	0.936774	decode_slot_step_tok_s	34159.786672	decode_ep_ms_per_step	0.397113	decode_dense_ms_per_step	0.000000	decode_compose_ms_per_step	0.539355	decode_checksum	2076607066	PASS
tp_ep_token_major_item	step	3	layer	11	ratio	128	decode_ms_per_step	1.441434	decode_slot_step_tok_s	22200.114608	decode_ep_ms_per_step	0.635128	decode_dense_ms_per_step	0.000000	decode_compose_ms_per_step	0.805810	decode_checksum	4156450847	PASS
tp_ep_token_major_item	step	3	layer	12	ratio	4	decode_ms_per_step	0.879420	decode_slot_step_tok_s	36387.619113	decode_ep_ms_per_step	0.383145	decode_dense_ms_per_step	0.000000	decode_compose_ms_per_step	0.495975	decode_checksum	1305516	PASS
tp_ep_token_major_item	step	3	layer	13	ratio	128	decode_ms_per_step	0.905167	decode_slot_step_tok_s	35352.592395	decode_ep_ms_per_step	0.405032	decode_dense_ms_per_step	0.000000	decode_compose_ms_per_step	0.499869	decode_checksum	176722357	PASS
tp_ep_token_major_item	step	3	layer	14	ratio	4	decode_ms_per_step	1.042783	decode_slot_step_tok_s	30687.113234	decode_ep_ms_per_step	0.399804	decode_dense_ms_per_step	0.000000	decode_compose_ms_per_step	0.642663	decode_checksum	2093197595	PASS
tp_ep_token_major_item	step	3	layer	15	ratio	128	decode_ms_per_step	0.891538	decode_slot_step_tok_s	35893.029798	decode_ep_ms_per_step	0.367157	decode_dense_ms_per_step	0.000000	decode_compose_ms_per_step	0.524099	decode_checksum	2318348388	PASS
tp_ep_token_major_item	step	3	layer	16	ratio	4	decode_ms_per_step	0.985626	decode_slot_step_tok_s	32466.676001	decode_ep_ms_per_step	0.453656	decode_dense_ms_per_step	0.000000	decode_compose_ms_per_step	0.531682	decode_checksum	2413897862	PASS
tp_ep_token_major_item	step	3	layer	17	ratio	128	decode_ms_per_step	0.897726	decode_slot_step_tok_s	35645.620156	decode_ep_ms_per_step	0.388164	decode_dense_ms_per_step	0.000000	decode_compose_ms_per_step	0.509219	decode_checksum	4107675936	PASS
tp_ep_token_major_item	step	3	layer	18	ratio	4	decode_ms_per_step	0.916832	decode_slot_step_tok_s	34902.795714	decode_ep_ms_per_step	0.406542	decode_dense_ms_per_step	0.000000	decode_compose_ms_per_step	0.510016	decode_checksum	37361686	PASS
tp_ep_token_major_item	step	3	layer	19	ratio	128	decode_ms_per_step	0.900405	decode_slot_step_tok_s	35539.562752	decode_ep_ms_per_step	0.384150	decode_dense_ms_per_step	0.000000	decode_compose_ms_per_step	0.515968	decode_checksum	2212896144	PASS
tp_ep_token_major_item	step	3	layer	20	ratio	4	decode_ms_per_step	0.930109	decode_slot_step_tok_s	34404.569787	decode_ep_ms_per_step	0.417091	decode_dense_ms_per_step	0.000000	decode_compose_ms_per_step	0.512729	decode_checksum	31300357	PASS
tp_ep_token_major_item	step	3	layer	21	ratio	128	decode_ms_per_step	0.904439	decode_slot_step_tok_s	35381.048363	decode_ep_ms_per_step	0.397381	decode_dense_ms_per_step	0.000000	decode_compose_ms_per_step	0.506771	decode_checksum	2043177150	PASS
tp_ep_token_major_item	step	3	layer	22	ratio	4	decode_ms_per_step	0.869398	decode_slot_step_tok_s	36807.078001	decode_ep_ms_per_step	0.379131	decode_dense_ms_per_step	0.000000	decode_compose_ms_per_step	0.489971	decode_checksum	149368565	PASS
tp_ep_token_major_item	step	3	layer	23	ratio	128	decode_ms_per_step	0.897133	decode_slot_step_tok_s	35669.181716	decode_ep_ms_per_step	0.386140	decode_dense_ms_per_step	0.000000	decode_compose_ms_per_step	0.510706	decode_checksum	4087920758	PASS
tp_ep_token_major_item	step	3	layer	24	ratio	4	decode_ms_per_step	1.058965	decode_slot_step_tok_s	30218.184737	decode_ep_ms_per_step	0.408379	decode_dense_ms_per_step	0.000000	decode_compose_ms_per_step	0.650287	decode_checksum	2232151951	PASS
tp_ep_token_major_item	step	3	layer	25	ratio	128	decode_ms_per_step	0.884250	decode_slot_step_tok_s	36188.860616	decode_ep_ms_per_step	0.382126	decode_dense_ms_per_step	0.000000	decode_compose_ms_per_step	0.501822	decode_checksum	2259995728	PASS
tp_ep_token_major_item	step	3	layer	26	ratio	4	decode_ms_per_step	0.963637	decode_slot_step_tok_s	33207.525240	decode_ep_ms_per_step	0.430364	decode_dense_ms_per_step	0.000000	decode_compose_ms_per_step	0.532902	decode_checksum	4173975789	PASS
tp_ep_token_major_item	step	3	layer	27	ratio	128	decode_ms_per_step	0.937248	decode_slot_step_tok_s	34142.510840	decode_ep_ms_per_step	0.412056	decode_dense_ms_per_step	0.000000	decode_compose_ms_per_step	0.524850	decode_checksum	1958048886	PASS
tp_ep_token_major_item	step	3	layer	28	ratio	4	decode_ms_per_step	0.920517	decode_slot_step_tok_s	34763.073360	decode_ep_ms_per_step	0.380185	decode_dense_ms_per_step	0.000000	decode_compose_ms_per_step	0.540063	decode_checksum	12572607	PASS
tp_ep_token_major_item	step	3	layer	29	ratio	128	decode_ms_per_step	0.922559	decode_slot_step_tok_s	34686.128475	decode_ep_ms_per_step	0.409730	decode_dense_ms_per_step	0.000000	decode_compose_ms_per_step	0.512457	decode_checksum	1939549931	PASS
tp_ep_token_major_item	step	3	layer	30	ratio	4	decode_ms_per_step	0.953063	decode_slot_step_tok_s	33575.954580	decode_ep_ms_per_step	0.417709	decode_dense_ms_per_step	0.000000	decode_compose_ms_per_step	0.534972	decode_checksum	2245266299	PASS
tp_ep_token_major_item	step	3	layer	31	ratio	128	decode_ms_per_step	0.876055	decode_slot_step_tok_s	36527.386979	decode_ep_ms_per_step	0.378202	decode_dense_ms_per_step	0.000000	decode_compose_ms_per_step	0.497580	decode_checksum	4092244362	PASS
tp_ep_token_major_item	step	3	layer	32	ratio	4	decode_ms_per_step	0.920033	decode_slot_step_tok_s	34781.361103	decode_ep_ms_per_step	0.414858	decode_dense_ms_per_step	0.000000	decode_compose_ms_per_step	0.504547	decode_checksum	1929924991	PASS
tp_ep_token_major_item	step	3	layer	33	ratio	128	decode_ms_per_step	0.893994	decode_slot_step_tok_s	35794.423676	decode_ep_ms_per_step	0.386372	decode_dense_ms_per_step	0.000000	decode_compose_ms_per_step	0.507307	decode_checksum	154974069	PASS
tp_ep_token_major_item	step	3	layer	34	ratio	4	decode_ms_per_step	0.910091	decode_slot_step_tok_s	35161.319033	decode_ep_ms_per_step	0.400682	decode_dense_ms_per_step	0.000000	decode_compose_ms_per_step	0.509031	decode_checksum	4247159498	PASS
tp_ep_token_major_item	step	3	layer	35	ratio	128	decode_ms_per_step	0.896442	decode_slot_step_tok_s	35696.676416	decode_ep_ms_per_step	0.371049	decode_dense_ms_per_step	0.000000	decode_compose_ms_per_step	0.525094	decode_checksum	1960134344	PASS
tp_ep_token_major_item	step	3	layer	36	ratio	4	decode_ms_per_step	0.889028	decode_slot_step_tok_s	35994.366882	decode_ep_ms_per_step	0.368137	decode_dense_ms_per_step	0.000000	decode_compose_ms_per_step	0.520588	decode_checksum	2318643187	PASS
tp_ep_token_major_item	step	3	layer	37	ratio	128	decode_ms_per_step	0.887351	decode_slot_step_tok_s	36062.392447	decode_ep_ms_per_step	0.380090	decode_dense_ms_per_step	0.000000	decode_compose_ms_per_step	0.506901	decode_checksum	2051082468	PASS
tp_ep_token_major_item	step	3	layer	38	ratio	4	decode_ms_per_step	0.912043	decode_slot_step_tok_s	35086.065021	decode_ep_ms_per_step	0.402082	decode_dense_ms_per_step	0.000000	decode_compose_ms_per_step	0.509604	decode_checksum	2208797608	PASS
tp_ep_token_major_item	step	3	layer	39	ratio	128	decode_ms_per_step	0.923782	decode_slot_step_tok_s	34640.207322	decode_ep_ms_per_step	0.402189	decode_dense_ms_per_step	0.000000	decode_compose_ms_per_step	0.521296	decode_checksum	1901862423	PASS
tp_ep_token_major_item	step	3	layer	40	ratio	4	decode_ms_per_step	0.893379	decode_slot_step_tok_s	35819.064473	decode_ep_ms_per_step	0.391425	decode_dense_ms_per_step	0.000000	decode_compose_ms_per_step	0.501589	decode_checksum	1971716968	PASS
tp_ep_token_major_item	step	3	layer	41	ratio	128	decode_ms_per_step	1.418717	decode_slot_step_tok_s	22555.590720	decode_ep_ms_per_step	0.689022	decode_dense_ms_per_step	0.000000	decode_compose_ms_per_step	0.729345	decode_checksum	4100126953	PASS
tp_ep_token_major_item	step	3	layer	42	ratio	4	decode_ms_per_step	0.943920	decode_slot_step_tok_s	33901.178066	decode_ep_ms_per_step	0.410951	decode_dense_ms_per_step	0.000000	decode_compose_ms_per_step	0.532611	decode_checksum	260576764	PASS
tp_ep_token_major_scaffold	steps	4	layers	43	pass_invocations	172	slots	32	ctx	262144	shared_api	1	shared_rank_buffers	1	shared_tp_runtime	0	shared_expert_bindings	1	overlap_ep_dense	1	shared_dense_ops	0	direct_remote_compose	0	source_copy_schedule	1	sum_decode_ms	207.967921	ms_per_token	51.991980	projected_slot_step_tok_s	615.479538	sum_ep_ms	112.772654	sum_dense_ms	0.000000	sum_compose_ms	95.139249	wall_ms	36149.389385	checksum	296236348	PASS
