tp_ep_all_layer_dense_f16_cache	rows	4096	source_bytes	8640413696	cache_bytes	14451998720	cache_aligned_bytes	14451998720	max_temp_bytes	132382720	cache_ms	7617.225612	PASS
tp_ep_all_layer_turbomind_api_shared	devices	8	PASS
tp_ep_all_layer_rank_buffers_shared	devices	8	core_bytes	3933984	PASS
tp_ep_all_layer_tp_runtime_shared	devices	8	slots	32	ctx	262144	mode	local_per_layer	PASS
tp_ep_all_layer_expert_bindings_shared	layers	43	devices	8	bytes	27594326016	bytes_per_gpu	3449290752	PASS
tp_ep_all_layer_dense_ops_shared	layers	43	devices	8	loaded_bytes	1817640960	PASS
tp_ep_token_major_item	step	0	layer	0	ratio	0	decode_ms_per_step	42.964331	decode_slot_step_tok_s	744.803870	decode_ep_ms_per_step	41.740138	decode_dense_ms_per_step	0.000000	decode_compose_ms_per_step	1.223394	decode_checksum	2089207552	PASS
tp_ep_token_major_item	step	0	layer	1	ratio	0	decode_ms_per_step	0.936826	decode_slot_step_tok_s	34157.890579	decode_ep_ms_per_step	0.360455	decode_dense_ms_per_step	0.000000	decode_compose_ms_per_step	0.576055	decode_checksum	4285303765	PASS
tp_ep_token_major_item	step	0	layer	2	ratio	4	decode_ms_per_step	1.077771	decode_slot_step_tok_s	29690.908366	decode_ep_ms_per_step	0.433572	decode_dense_ms_per_step	0.000000	decode_compose_ms_per_step	0.643785	decode_checksum	50639913	PASS
tp_ep_token_major_item	step	0	layer	3	ratio	128	decode_ms_per_step	0.963060	decode_slot_step_tok_s	33227.420929	decode_ep_ms_per_step	0.418606	decode_dense_ms_per_step	0.000000	decode_compose_ms_per_step	0.544080	decode_checksum	199228706	PASS
tp_ep_token_major_item	step	0	layer	4	ratio	4	decode_ms_per_step	0.907905	decode_slot_step_tok_s	35245.978379	decode_ep_ms_per_step	0.358630	decode_dense_ms_per_step	0.000000	decode_compose_ms_per_step	0.549021	decode_checksum	92587346	PASS
tp_ep_token_major_item	step	0	layer	5	ratio	128	decode_ms_per_step	1.239139	decode_slot_step_tok_s	25824.382898	decode_ep_ms_per_step	0.582280	decode_dense_ms_per_step	0.000000	decode_compose_ms_per_step	0.656522	decode_checksum	81917469	PASS
tp_ep_token_major_item	step	0	layer	6	ratio	4	decode_ms_per_step	1.519626	decode_slot_step_tok_s	21057.812909	decode_ep_ms_per_step	0.677387	decode_dense_ms_per_step	0.000000	decode_compose_ms_per_step	0.841754	decode_checksum	41493907	PASS
tp_ep_token_major_item	step	0	layer	7	ratio	128	decode_ms_per_step	1.342642	decode_slot_step_tok_s	23833.605682	decode_ep_ms_per_step	0.607965	decode_dense_ms_per_step	0.000000	decode_compose_ms_per_step	0.733632	decode_checksum	4211722188	PASS
tp_ep_token_major_item	step	0	layer	8	ratio	4	decode_ms_per_step	0.932941	decode_slot_step_tok_s	34300.132591	decode_ep_ms_per_step	0.396234	decode_dense_ms_per_step	0.000000	decode_compose_ms_per_step	0.536377	decode_checksum	2164440608	PASS
tp_ep_token_major_item	step	0	layer	9	ratio	128	decode_ms_per_step	1.267725	decode_slot_step_tok_s	25242.067483	decode_ep_ms_per_step	0.576753	decode_dense_ms_per_step	0.000000	decode_compose_ms_per_step	0.690434	decode_checksum	22847642	PASS
tp_ep_token_major_item	step	0	layer	10	ratio	4	decode_ms_per_step	0.914946	decode_slot_step_tok_s	34974.741679	decode_ep_ms_per_step	0.391524	decode_dense_ms_per_step	0.000000	decode_compose_ms_per_step	0.523047	decode_checksum	2076607066	PASS
tp_ep_token_major_item	step	0	layer	11	ratio	128	decode_ms_per_step	0.923323	decode_slot_step_tok_s	34657.427574	decode_ep_ms_per_step	0.382598	decode_dense_ms_per_step	0.000000	decode_compose_ms_per_step	0.540426	decode_checksum	4156450847	PASS
tp_ep_token_major_item	step	0	layer	12	ratio	4	decode_ms_per_step	0.972271	decode_slot_step_tok_s	32912.634440	decode_ep_ms_per_step	0.426573	decode_dense_ms_per_step	0.000000	decode_compose_ms_per_step	0.545380	decode_checksum	1305516	PASS
tp_ep_token_major_item	step	0	layer	13	ratio	128	decode_ms_per_step	1.601910	decode_slot_step_tok_s	19976.153467	decode_ep_ms_per_step	0.728221	decode_dense_ms_per_step	0.000000	decode_compose_ms_per_step	0.873059	decode_checksum	176722357	PASS
tp_ep_token_major_item	step	0	layer	14	ratio	4	decode_ms_per_step	1.405825	decode_slot_step_tok_s	22762.434869	decode_ep_ms_per_step	0.639213	decode_dense_ms_per_step	0.000000	decode_compose_ms_per_step	0.766046	decode_checksum	2093197595	PASS
tp_ep_token_major_item	step	0	layer	15	ratio	128	decode_ms_per_step	1.404763	decode_slot_step_tok_s	22779.643257	decode_ep_ms_per_step	0.641527	decode_dense_ms_per_step	0.000000	decode_compose_ms_per_step	0.762542	decode_checksum	2318348388	PASS
tp_ep_token_major_item	step	0	layer	16	ratio	4	decode_ms_per_step	1.191722	decode_slot_step_tok_s	26851.900024	decode_ep_ms_per_step	0.545112	decode_dense_ms_per_step	0.000000	decode_compose_ms_per_step	0.646061	decode_checksum	2413897862	PASS
tp_ep_token_major_item	step	0	layer	17	ratio	128	decode_ms_per_step	0.903192	decode_slot_step_tok_s	35429.897519	decode_ep_ms_per_step	0.387920	decode_dense_ms_per_step	0.000000	decode_compose_ms_per_step	0.515016	decode_checksum	4107675936	PASS
tp_ep_token_major_item	step	0	layer	18	ratio	4	decode_ms_per_step	0.885821	decode_slot_step_tok_s	36124.679817	decode_ep_ms_per_step	0.374729	decode_dense_ms_per_step	0.000000	decode_compose_ms_per_step	0.510822	decode_checksum	37361686	PASS
tp_ep_token_major_item	step	0	layer	19	ratio	128	decode_ms_per_step	0.886475	decode_slot_step_tok_s	36098.028709	decode_ep_ms_per_step	0.390775	decode_dense_ms_per_step	0.000000	decode_compose_ms_per_step	0.495367	decode_checksum	2212896144	PASS
tp_ep_token_major_item	step	0	layer	20	ratio	4	decode_ms_per_step	1.483874	decode_slot_step_tok_s	21565.173323	decode_ep_ms_per_step	0.687768	decode_dense_ms_per_step	0.000000	decode_compose_ms_per_step	0.795220	decode_checksum	31300357	PASS
tp_ep_token_major_item	step	0	layer	21	ratio	128	decode_ms_per_step	1.038058	decode_slot_step_tok_s	30826.793879	decode_ep_ms_per_step	0.397153	decode_dense_ms_per_step	0.000000	decode_compose_ms_per_step	0.640584	decode_checksum	2043177150	PASS
tp_ep_token_major_item	step	0	layer	22	ratio	4	decode_ms_per_step	0.882204	decode_slot_step_tok_s	36272.789514	decode_ep_ms_per_step	0.388400	decode_dense_ms_per_step	0.000000	decode_compose_ms_per_step	0.493521	decode_checksum	149368565	PASS
tp_ep_token_major_item	step	0	layer	23	ratio	128	decode_ms_per_step	0.926061	decode_slot_step_tok_s	34554.959123	decode_ep_ms_per_step	0.392369	decode_dense_ms_per_step	0.000000	decode_compose_ms_per_step	0.533414	decode_checksum	4087920758	PASS
tp_ep_token_major_item	step	0	layer	24	ratio	4	decode_ms_per_step	1.166318	decode_slot_step_tok_s	27436.771104	decode_ep_ms_per_step	0.545075	decode_dense_ms_per_step	0.000000	decode_compose_ms_per_step	0.620710	decode_checksum	2232151951	PASS
tp_ep_token_major_item	step	0	layer	25	ratio	128	decode_ms_per_step	1.021033	decode_slot_step_tok_s	31340.808769	decode_ep_ms_per_step	0.454826	decode_dense_ms_per_step	0.000000	decode_compose_ms_per_step	0.565787	decode_checksum	2259995728	PASS
tp_ep_token_major_item	step	0	layer	26	ratio	4	decode_ms_per_step	0.930398	decode_slot_step_tok_s	34393.883048	decode_ep_ms_per_step	0.412092	decode_dense_ms_per_step	0.000000	decode_compose_ms_per_step	0.517956	decode_checksum	4173975789	PASS
tp_ep_token_major_item	step	0	layer	27	ratio	128	decode_ms_per_step	1.669110	decode_slot_step_tok_s	19171.894003	decode_ep_ms_per_step	0.761186	decode_dense_ms_per_step	0.000000	decode_compose_ms_per_step	0.907199	decode_checksum	1958048886	PASS
tp_ep_token_major_item	step	0	layer	28	ratio	4	decode_ms_per_step	0.910181	decode_slot_step_tok_s	35157.842231	decode_ep_ms_per_step	0.398736	decode_dense_ms_per_step	0.000000	decode_compose_ms_per_step	0.511180	decode_checksum	12572607	PASS
tp_ep_token_major_item	step	0	layer	29	ratio	128	decode_ms_per_step	1.239988	decode_slot_step_tok_s	25806.701355	decode_ep_ms_per_step	0.572968	decode_dense_ms_per_step	0.000000	decode_compose_ms_per_step	0.666596	decode_checksum	1939549931	PASS
tp_ep_token_major_item	step	0	layer	30	ratio	4	decode_ms_per_step	1.191252	decode_slot_step_tok_s	26862.494250	decode_ep_ms_per_step	0.547780	decode_dense_ms_per_step	0.000000	decode_compose_ms_per_step	0.643077	decode_checksum	2245266299	PASS
tp_ep_token_major_item	step	0	layer	31	ratio	128	decode_ms_per_step	1.043573	decode_slot_step_tok_s	30663.882642	decode_ep_ms_per_step	0.410443	decode_dense_ms_per_step	0.000000	decode_compose_ms_per_step	0.632802	decode_checksum	4092244362	PASS
tp_ep_token_major_item	step	0	layer	32	ratio	4	decode_ms_per_step	0.985261	decode_slot_step_tok_s	32478.703613	decode_ep_ms_per_step	0.421740	decode_dense_ms_per_step	0.000000	decode_compose_ms_per_step	0.563131	decode_checksum	1929924991	PASS
tp_ep_token_major_item	step	0	layer	33	ratio	128	decode_ms_per_step	1.407526	decode_slot_step_tok_s	22734.926389	decode_ep_ms_per_step	0.646316	decode_dense_ms_per_step	0.000000	decode_compose_ms_per_step	0.760655	decode_checksum	154974069	PASS
tp_ep_token_major_item	step	0	layer	34	ratio	4	decode_ms_per_step	0.905851	decode_slot_step_tok_s	35325.897968	decode_ep_ms_per_step	0.379755	decode_dense_ms_per_step	0.000000	decode_compose_ms_per_step	0.525773	decode_checksum	4247159498	PASS
tp_ep_token_major_item	step	0	layer	35	ratio	128	decode_ms_per_step	0.989776	decode_slot_step_tok_s	32330.547518	decode_ep_ms_per_step	0.368970	decode_dense_ms_per_step	0.000000	decode_compose_ms_per_step	0.620501	decode_checksum	1960134344	PASS
tp_ep_token_major_item	step	0	layer	36	ratio	4	decode_ms_per_step	1.332887	decode_slot_step_tok_s	24008.036690	decode_ep_ms_per_step	0.587846	decode_dense_ms_per_step	0.000000	decode_compose_ms_per_step	0.744490	decode_checksum	2318643187	PASS
tp_ep_token_major_item	step	0	layer	37	ratio	128	decode_ms_per_step	0.870821	decode_slot_step_tok_s	36746.931918	decode_ep_ms_per_step	0.369682	decode_dense_ms_per_step	0.000000	decode_compose_ms_per_step	0.500901	decode_checksum	2051082468	PASS
tp_ep_token_major_item	step	0	layer	38	ratio	4	decode_ms_per_step	1.088294	decode_slot_step_tok_s	29403.819189	decode_ep_ms_per_step	0.435065	decode_dense_ms_per_step	0.000000	decode_compose_ms_per_step	0.652921	decode_checksum	2208797608	PASS
tp_ep_token_major_item	step	0	layer	39	ratio	128	decode_ms_per_step	1.809391	decode_slot_step_tok_s	17685.508550	decode_ep_ms_per_step	0.790293	decode_dense_ms_per_step	0.000000	decode_compose_ms_per_step	1.018409	decode_checksum	1901862423	PASS
tp_ep_token_major_item	step	0	layer	40	ratio	4	decode_ms_per_step	1.427319	decode_slot_step_tok_s	22419.655312	decode_ep_ms_per_step	0.607880	decode_dense_ms_per_step	0.000000	decode_compose_ms_per_step	0.818916	decode_checksum	1971716968	PASS
tp_ep_token_major_item	step	0	layer	41	ratio	128	decode_ms_per_step	1.436260	decode_slot_step_tok_s	22280.088563	decode_ep_ms_per_step	0.625775	decode_dense_ms_per_step	0.000000	decode_compose_ms_per_step	0.809872	decode_checksum	4100126953	PASS
tp_ep_token_major_item	step	0	layer	42	ratio	4	decode_ms_per_step	1.281591	decode_slot_step_tok_s	24968.964358	decode_ep_ms_per_step	0.574718	decode_dense_ms_per_step	0.000000	decode_compose_ms_per_step	0.706366	decode_checksum	260576764	PASS
tp_ep_token_major_item	step	1	layer	0	ratio	0	decode_ms_per_step	0.878542	decode_slot_step_tok_s	36423.984283	decode_ep_ms_per_step	0.360657	decode_dense_ms_per_step	0.000000	decode_compose_ms_per_step	0.517559	decode_checksum	2089207552	PASS
tp_ep_token_major_item	step	1	layer	1	ratio	0	decode_ms_per_step	0.858403	decode_slot_step_tok_s	37278.527685	decode_ep_ms_per_step	0.346575	decode_dense_ms_per_step	0.000000	decode_compose_ms_per_step	0.511591	decode_checksum	4285303765	PASS
tp_ep_token_major_item	step	1	layer	2	ratio	4	decode_ms_per_step	0.824403	decode_slot_step_tok_s	38815.967433	decode_ep_ms_per_step	0.341988	decode_dense_ms_per_step	0.000000	decode_compose_ms_per_step	0.482142	decode_checksum	50639913	PASS
tp_ep_token_major_item	step	1	layer	3	ratio	128	decode_ms_per_step	0.873559	decode_slot_step_tok_s	36631.755840	decode_ep_ms_per_step	0.357941	decode_dense_ms_per_step	0.000000	decode_compose_ms_per_step	0.515284	decode_checksum	199228706	PASS
tp_ep_token_major_item	step	1	layer	4	ratio	4	decode_ms_per_step	1.113519	decode_slot_step_tok_s	28737.722482	decode_ep_ms_per_step	0.488708	decode_dense_ms_per_step	0.000000	decode_compose_ms_per_step	0.624320	decode_checksum	92587346	PASS
tp_ep_token_major_item	step	1	layer	5	ratio	128	decode_ms_per_step	1.001975	decode_slot_step_tok_s	31936.924574	decode_ep_ms_per_step	0.421971	decode_dense_ms_per_step	0.000000	decode_compose_ms_per_step	0.579621	decode_checksum	81917469	PASS
tp_ep_token_major_item	step	1	layer	6	ratio	4	decode_ms_per_step	0.877556	decode_slot_step_tok_s	36464.909362	decode_ep_ms_per_step	0.370682	decode_dense_ms_per_step	0.000000	decode_compose_ms_per_step	0.506374	decode_checksum	41493907	PASS
tp_ep_token_major_item	step	1	layer	7	ratio	128	decode_ms_per_step	1.176757	decode_slot_step_tok_s	27193.379772	decode_ep_ms_per_step	0.513831	decode_dense_ms_per_step	0.000000	decode_compose_ms_per_step	0.662422	decode_checksum	4211722188	PASS
tp_ep_token_major_item	step	1	layer	8	ratio	4	decode_ms_per_step	0.848883	decode_slot_step_tok_s	37696.596586	decode_ep_ms_per_step	0.343049	decode_dense_ms_per_step	0.000000	decode_compose_ms_per_step	0.505243	decode_checksum	2164440608	PASS
tp_ep_token_major_item	step	1	layer	9	ratio	128	decode_ms_per_step	1.023668	decode_slot_step_tok_s	31260.135122	decode_ep_ms_per_step	0.433621	decode_dense_ms_per_step	0.000000	decode_compose_ms_per_step	0.589615	decode_checksum	22847642	PASS
tp_ep_token_major_item	step	1	layer	10	ratio	4	decode_ms_per_step	1.155138	decode_slot_step_tok_s	27702.317818	decode_ep_ms_per_step	0.503263	decode_dense_ms_per_step	0.000000	decode_compose_ms_per_step	0.651372	decode_checksum	2076607066	PASS
tp_ep_token_major_item	step	1	layer	11	ratio	128	decode_ms_per_step	0.834755	decode_slot_step_tok_s	38334.601170	decode_ep_ms_per_step	0.336469	decode_dense_ms_per_step	0.000000	decode_compose_ms_per_step	0.497954	decode_checksum	4156450847	PASS
tp_ep_token_major_item	step	1	layer	12	ratio	4	decode_ms_per_step	0.875374	decode_slot_step_tok_s	36555.803577	decode_ep_ms_per_step	0.355057	decode_dense_ms_per_step	0.000000	decode_compose_ms_per_step	0.520073	decode_checksum	1305516	PASS
tp_ep_token_major_item	step	1	layer	13	ratio	128	decode_ms_per_step	1.371939	decode_slot_step_tok_s	23324.652189	decode_ep_ms_per_step	0.576507	decode_dense_ms_per_step	0.000000	decode_compose_ms_per_step	0.794883	decode_checksum	176722357	PASS
tp_ep_token_major_item	step	1	layer	14	ratio	4	decode_ms_per_step	0.846976	decode_slot_step_tok_s	37781.471966	decode_ep_ms_per_step	0.341153	decode_dense_ms_per_step	0.000000	decode_compose_ms_per_step	0.505402	decode_checksum	2093197595	PASS
tp_ep_token_major_item	step	1	layer	15	ratio	128	decode_ms_per_step	0.946533	decode_slot_step_tok_s	33807.590438	decode_ep_ms_per_step	0.393933	decode_dense_ms_per_step	0.000000	decode_compose_ms_per_step	0.552173	decode_checksum	2318348388	PASS
tp_ep_token_major_item	step	1	layer	16	ratio	4	decode_ms_per_step	0.843223	decode_slot_step_tok_s	37949.628983	decode_ep_ms_per_step	0.342875	decode_dense_ms_per_step	0.000000	decode_compose_ms_per_step	0.500062	decode_checksum	2413897862	PASS
tp_ep_token_major_item	step	1	layer	17	ratio	128	decode_ms_per_step	1.427598	decode_slot_step_tok_s	22415.273768	decode_ep_ms_per_step	0.625426	decode_dense_ms_per_step	0.000000	decode_compose_ms_per_step	0.801422	decode_checksum	4107675936	PASS
tp_ep_token_major_item	step	1	layer	18	ratio	4	decode_ms_per_step	0.846972	decode_slot_step_tok_s	37781.650397	decode_ep_ms_per_step	0.345839	decode_dense_ms_per_step	0.000000	decode_compose_ms_per_step	0.500837	decode_checksum	37361686	PASS
tp_ep_token_major_item	step	1	layer	19	ratio	128	decode_ms_per_step	0.873454	decode_slot_step_tok_s	36636.159431	decode_ep_ms_per_step	0.362699	decode_dense_ms_per_step	0.000000	decode_compose_ms_per_step	0.510513	decode_checksum	2212896144	PASS
tp_ep_token_major_item	step	1	layer	20	ratio	4	decode_ms_per_step	1.481826	decode_slot_step_tok_s	21594.978088	decode_ep_ms_per_step	0.640347	decode_dense_ms_per_step	0.000000	decode_compose_ms_per_step	0.840868	decode_checksum	31300357	PASS
tp_ep_token_major_item	step	1	layer	21	ratio	128	decode_ms_per_step	1.396353	decode_slot_step_tok_s	22916.841229	decode_ep_ms_per_step	0.589419	decode_dense_ms_per_step	0.000000	decode_compose_ms_per_step	0.806447	decode_checksum	2043177150	PASS
tp_ep_token_major_item	step	1	layer	22	ratio	4	decode_ms_per_step	1.367285	decode_slot_step_tok_s	23404.045243	decode_ep_ms_per_step	0.570221	decode_dense_ms_per_step	0.000000	decode_compose_ms_per_step	0.796463	decode_checksum	149368565	PASS
tp_ep_token_major_item	step	1	layer	23	ratio	128	decode_ms_per_step	1.386481	decode_slot_step_tok_s	23080.013358	decode_ep_ms_per_step	0.593254	decode_dense_ms_per_step	0.000000	decode_compose_ms_per_step	0.792687	decode_checksum	4087920758	PASS
tp_ep_token_major_item	step	1	layer	24	ratio	4	decode_ms_per_step	0.954225	decode_slot_step_tok_s	33535.067725	decode_ep_ms_per_step	0.367800	decode_dense_ms_per_step	0.000000	decode_compose_ms_per_step	0.586084	decode_checksum	2232151951	PASS
tp_ep_token_major_item	step	1	layer	25	ratio	128	decode_ms_per_step	0.844105	decode_slot_step_tok_s	37909.975655	decode_ep_ms_per_step	0.345101	decode_dense_ms_per_step	0.000000	decode_compose_ms_per_step	0.498750	decode_checksum	2259995728	PASS
tp_ep_token_major_item	step	1	layer	26	ratio	4	decode_ms_per_step	0.840479	decode_slot_step_tok_s	38073.527120	decode_ep_ms_per_step	0.338752	decode_dense_ms_per_step	0.000000	decode_compose_ms_per_step	0.501478	decode_checksum	4173975789	PASS
tp_ep_token_major_item	step	1	layer	27	ratio	128	decode_ms_per_step	0.975650	decode_slot_step_tok_s	32798.647056	decode_ep_ms_per_step	0.417046	decode_dense_ms_per_step	0.000000	decode_compose_ms_per_step	0.557948	decode_checksum	1958048886	PASS
tp_ep_token_major_item	step	1	layer	28	ratio	4	decode_ms_per_step	1.336161	decode_slot_step_tok_s	23949.209714	decode_ep_ms_per_step	0.528443	decode_dense_ms_per_step	0.000000	decode_compose_ms_per_step	0.807362	decode_checksum	12572607	PASS
tp_ep_token_major_item	step	1	layer	29	ratio	128	decode_ms_per_step	0.844281	decode_slot_step_tok_s	37902.072888	decode_ep_ms_per_step	0.365336	decode_dense_ms_per_step	0.000000	decode_compose_ms_per_step	0.478674	decode_checksum	1939549931	PASS
tp_ep_token_major_item	step	1	layer	30	ratio	4	decode_ms_per_step	0.906265	decode_slot_step_tok_s	35309.760390	decode_ep_ms_per_step	0.385146	decode_dense_ms_per_step	0.000000	decode_compose_ms_per_step	0.520764	decode_checksum	2245266299	PASS
tp_ep_token_major_item	step	1	layer	31	ratio	128	decode_ms_per_step	1.509032	decode_slot_step_tok_s	21205.647064	decode_ep_ms_per_step	0.686557	decode_dense_ms_per_step	0.000000	decode_compose_ms_per_step	0.821985	decode_checksum	4092244362	PASS
tp_ep_token_major_item	step	1	layer	32	ratio	4	decode_ms_per_step	0.883767	decode_slot_step_tok_s	36208.638702	decode_ep_ms_per_step	0.386497	decode_dense_ms_per_step	0.000000	decode_compose_ms_per_step	0.496979	decode_checksum	1929924991	PASS
tp_ep_token_major_item	step	1	layer	33	ratio	128	decode_ms_per_step	0.886083	decode_slot_step_tok_s	36113.998350	decode_ep_ms_per_step	0.375688	decode_dense_ms_per_step	0.000000	decode_compose_ms_per_step	0.510091	decode_checksum	154974069	PASS
tp_ep_token_major_item	step	1	layer	34	ratio	4	decode_ms_per_step	1.642377	decode_slot_step_tok_s	19483.955267	decode_ep_ms_per_step	0.769805	decode_dense_ms_per_step	0.000000	decode_compose_ms_per_step	0.871867	decode_checksum	4247159498	PASS
tp_ep_token_major_item	step	1	layer	35	ratio	128	decode_ms_per_step	0.893511	decode_slot_step_tok_s	35813.772858	decode_ep_ms_per_step	0.399227	decode_dense_ms_per_step	0.000000	decode_compose_ms_per_step	0.494037	decode_checksum	1960134344	PASS
tp_ep_token_major_item	step	1	layer	36	ratio	4	decode_ms_per_step	1.035674	decode_slot_step_tok_s	30897.753540	decode_ep_ms_per_step	0.391243	decode_dense_ms_per_step	0.000000	decode_compose_ms_per_step	0.644139	decode_checksum	2318643187	PASS
tp_ep_token_major_item	step	1	layer	37	ratio	128	decode_ms_per_step	0.999405	decode_slot_step_tok_s	32019.051336	decode_ep_ms_per_step	0.392357	decode_dense_ms_per_step	0.000000	decode_compose_ms_per_step	0.606762	decode_checksum	2051082468	PASS
tp_ep_token_major_item	step	1	layer	38	ratio	4	decode_ms_per_step	1.424690	decode_slot_step_tok_s	22461.026609	decode_ep_ms_per_step	0.651057	decode_dense_ms_per_step	0.000000	decode_compose_ms_per_step	0.773169	decode_checksum	2208797608	PASS
tp_ep_token_major_item	step	1	layer	39	ratio	128	decode_ms_per_step	0.983233	decode_slot_step_tok_s	32545.693645	decode_ep_ms_per_step	0.426654	decode_dense_ms_per_step	0.000000	decode_compose_ms_per_step	0.556161	decode_checksum	1901862423	PASS
tp_ep_token_major_item	step	1	layer	40	ratio	4	decode_ms_per_step	0.829947	decode_slot_step_tok_s	38556.678920	decode_ep_ms_per_step	0.353947	decode_dense_ms_per_step	0.000000	decode_compose_ms_per_step	0.475763	decode_checksum	1971716968	PASS
tp_ep_token_major_item	step	1	layer	41	ratio	128	decode_ms_per_step	1.245795	decode_slot_step_tok_s	25686.409080	decode_ep_ms_per_step	0.565806	decode_dense_ms_per_step	0.000000	decode_compose_ms_per_step	0.679507	decode_checksum	4100126953	PASS
tp_ep_token_major_item	step	1	layer	42	ratio	4	decode_ms_per_step	0.838790	decode_slot_step_tok_s	38150.192539	decode_ep_ms_per_step	0.353262	decode_dense_ms_per_step	0.000000	decode_compose_ms_per_step	0.485266	decode_checksum	260576764	PASS
tp_ep_token_major_item	step	2	layer	0	ratio	0	decode_ms_per_step	1.002514	decode_slot_step_tok_s	31919.753739	decode_ep_ms_per_step	0.371597	decode_dense_ms_per_step	0.000000	decode_compose_ms_per_step	0.630604	decode_checksum	2089207552	PASS
tp_ep_token_major_item	step	2	layer	1	ratio	0	decode_ms_per_step	1.348566	decode_slot_step_tok_s	23728.909078	decode_ep_ms_per_step	0.601771	decode_dense_ms_per_step	0.000000	decode_compose_ms_per_step	0.746296	decode_checksum	4285303765	PASS
tp_ep_token_major_item	step	2	layer	2	ratio	4	decode_ms_per_step	0.848350	decode_slot_step_tok_s	37720.280545	decode_ep_ms_per_step	0.376197	decode_dense_ms_per_step	0.000000	decode_compose_ms_per_step	0.471908	decode_checksum	50639913	PASS
tp_ep_token_major_item	step	2	layer	3	ratio	128	decode_ms_per_step	1.009998	decode_slot_step_tok_s	31683.231056	decode_ep_ms_per_step	0.458231	decode_dense_ms_per_step	0.000000	decode_compose_ms_per_step	0.551392	decode_checksum	199228706	PASS
tp_ep_token_major_item	step	2	layer	4	ratio	4	decode_ms_per_step	0.903986	decode_slot_step_tok_s	35398.778300	decode_ep_ms_per_step	0.395578	decode_dense_ms_per_step	0.000000	decode_compose_ms_per_step	0.508049	decode_checksum	92587346	PASS
tp_ep_token_major_item	step	2	layer	5	ratio	128	decode_ms_per_step	0.991219	decode_slot_step_tok_s	32283.481249	decode_ep_ms_per_step	0.449483	decode_dense_ms_per_step	0.000000	decode_compose_ms_per_step	0.541305	decode_checksum	81917469	PASS
tp_ep_token_major_item	step	2	layer	6	ratio	4	decode_ms_per_step	0.909863	decode_slot_step_tok_s	35170.130009	decode_ep_ms_per_step	0.409263	decode_dense_ms_per_step	0.000000	decode_compose_ms_per_step	0.500244	decode_checksum	41493907	PASS
tp_ep_token_major_item	step	2	layer	7	ratio	128	decode_ms_per_step	1.286497	decode_slot_step_tok_s	24873.746305	decode_ep_ms_per_step	0.599607	decode_dense_ms_per_step	0.000000	decode_compose_ms_per_step	0.686401	decode_checksum	4211722188	PASS
tp_ep_token_major_item	step	2	layer	8	ratio	4	decode_ms_per_step	0.834711	decode_slot_step_tok_s	38336.621897	decode_ep_ms_per_step	0.367786	decode_dense_ms_per_step	0.000000	decode_compose_ms_per_step	0.466607	decode_checksum	2164440608	PASS
tp_ep_token_major_item	step	2	layer	9	ratio	128	decode_ms_per_step	0.991091	decode_slot_step_tok_s	32287.650680	decode_ep_ms_per_step	0.442678	decode_dense_ms_per_step	0.000000	decode_compose_ms_per_step	0.547742	decode_checksum	22847642	PASS
tp_ep_token_major_item	step	2	layer	10	ratio	4	decode_ms_per_step	0.963305	decode_slot_step_tok_s	33218.970108	decode_ep_ms_per_step	0.432136	decode_dense_ms_per_step	0.000000	decode_compose_ms_per_step	0.530746	decode_checksum	2076607066	PASS
tp_ep_token_major_item	step	2	layer	11	ratio	128	decode_ms_per_step	0.890415	decode_slot_step_tok_s	35938.298434	decode_ep_ms_per_step	0.395204	decode_dense_ms_per_step	0.000000	decode_compose_ms_per_step	0.494984	decode_checksum	4156450847	PASS
tp_ep_token_major_item	step	2	layer	12	ratio	4	decode_ms_per_step	1.066382	decode_slot_step_tok_s	30008.008387	decode_ep_ms_per_step	0.488599	decode_dense_ms_per_step	0.000000	decode_compose_ms_per_step	0.577334	decode_checksum	1305516	PASS
tp_ep_token_major_item	step	2	layer	13	ratio	128	decode_ms_per_step	1.336239	decode_slot_step_tok_s	23947.811731	decode_ep_ms_per_step	0.615489	decode_dense_ms_per_step	0.000000	decode_compose_ms_per_step	0.720305	decode_checksum	176722357	PASS
tp_ep_token_major_item	step	2	layer	14	ratio	4	decode_ms_per_step	0.879362	decode_slot_step_tok_s	36390.019128	decode_ep_ms_per_step	0.385098	decode_dense_ms_per_step	0.000000	decode_compose_ms_per_step	0.494012	decode_checksum	2093197595	PASS
tp_ep_token_major_item	step	2	layer	15	ratio	128	decode_ms_per_step	0.909671	decode_slot_step_tok_s	35177.553203	decode_ep_ms_per_step	0.400847	decode_dense_ms_per_step	0.000000	decode_compose_ms_per_step	0.508576	decode_checksum	2318348388	PASS
tp_ep_token_major_item	step	2	layer	16	ratio	4	decode_ms_per_step	1.389625	decode_slot_step_tok_s	23027.795269	decode_ep_ms_per_step	0.646903	decode_dense_ms_per_step	0.000000	decode_compose_ms_per_step	0.741988	decode_checksum	2413897862	PASS
tp_ep_token_major_item	step	2	layer	17	ratio	128	decode_ms_per_step	0.936550	decode_slot_step_tok_s	34167.956863	decode_ep_ms_per_step	0.418915	decode_dense_ms_per_step	0.000000	decode_compose_ms_per_step	0.517331	decode_checksum	4107675936	PASS
tp_ep_token_major_item	step	2	layer	18	ratio	4	decode_ms_per_step	1.004056	decode_slot_step_tok_s	31870.732310	decode_ep_ms_per_step	0.364352	decode_dense_ms_per_step	0.000000	decode_compose_ms_per_step	0.639381	decode_checksum	37361686	PASS
tp_ep_token_major_item	step	2	layer	19	ratio	128	decode_ms_per_step	1.630521	decode_slot_step_tok_s	19625.628863	decode_ep_ms_per_step	0.764188	decode_dense_ms_per_step	0.000000	decode_compose_ms_per_step	0.865709	decode_checksum	2212896144	PASS
tp_ep_token_major_item	step	2	layer	20	ratio	4	decode_ms_per_step	1.027576	decode_slot_step_tok_s	31141.248920	decode_ep_ms_per_step	0.390510	decode_dense_ms_per_step	0.000000	decode_compose_ms_per_step	0.636760	decode_checksum	31300357	PASS
tp_ep_token_major_item	step	2	layer	21	ratio	128	decode_ms_per_step	1.074157	decode_slot_step_tok_s	29790.803393	decode_ep_ms_per_step	0.459223	decode_dense_ms_per_step	0.000000	decode_compose_ms_per_step	0.614645	decode_checksum	2043177150	PASS
tp_ep_token_major_item	step	2	layer	22	ratio	4	decode_ms_per_step	0.902750	decode_slot_step_tok_s	35447.244531	decode_ep_ms_per_step	0.393747	decode_dense_ms_per_step	0.000000	decode_compose_ms_per_step	0.508730	decode_checksum	149368565	PASS
tp_ep_token_major_item	step	2	layer	23	ratio	128	decode_ms_per_step	1.599022	decode_slot_step_tok_s	20012.232477	decode_ep_ms_per_step	0.745261	decode_dense_ms_per_step	0.000000	decode_compose_ms_per_step	0.853106	decode_checksum	4087920758	PASS
tp_ep_token_major_item	step	2	layer	24	ratio	4	decode_ms_per_step	0.981476	decode_slot_step_tok_s	32603.955675	decode_ep_ms_per_step	0.451310	decode_dense_ms_per_step	0.000000	decode_compose_ms_per_step	0.529752	decode_checksum	2232151951	PASS
tp_ep_token_major_item	step	2	layer	25	ratio	128	decode_ms_per_step	0.958635	decode_slot_step_tok_s	33380.796654	decode_ep_ms_per_step	0.361784	decode_dense_ms_per_step	0.000000	decode_compose_ms_per_step	0.596584	decode_checksum	2259995728	PASS
tp_ep_token_major_item	step	2	layer	26	ratio	4	decode_ms_per_step	0.986778	decode_slot_step_tok_s	32428.773240	decode_ep_ms_per_step	0.372132	decode_dense_ms_per_step	0.000000	decode_compose_ms_per_step	0.614329	decode_checksum	4173975789	PASS
tp_ep_token_major_item	step	2	layer	27	ratio	128	decode_ms_per_step	1.268606	decode_slot_step_tok_s	25224.537800	decode_ep_ms_per_step	0.577346	decode_dense_ms_per_step	0.000000	decode_compose_ms_per_step	0.690728	decode_checksum	1958048886	PASS
tp_ep_token_major_item	step	2	layer	28	ratio	4	decode_ms_per_step	0.939267	decode_slot_step_tok_s	34069.119856	decode_ep_ms_per_step	0.319772	decode_dense_ms_per_step	0.000000	decode_compose_ms_per_step	0.619241	decode_checksum	12572607	PASS
tp_ep_token_major_item	step	2	layer	29	ratio	128	decode_ms_per_step	0.999497	decode_slot_step_tok_s	32016.104100	decode_ep_ms_per_step	0.429369	decode_dense_ms_per_step	0.000000	decode_compose_ms_per_step	0.569706	decode_checksum	1939549931	PASS
tp_ep_token_major_item	step	2	layer	30	ratio	4	decode_ms_per_step	0.880648	decode_slot_step_tok_s	36336.879207	decode_ep_ms_per_step	0.362015	decode_dense_ms_per_step	0.000000	decode_compose_ms_per_step	0.518262	decode_checksum	2245266299	PASS
tp_ep_token_major_item	step	2	layer	31	ratio	128	decode_ms_per_step	0.916142	decode_slot_step_tok_s	34929.083046	decode_ep_ms_per_step	0.380101	decode_dense_ms_per_step	0.000000	decode_compose_ms_per_step	0.535708	decode_checksum	4092244362	PASS
tp_ep_token_major_item	step	2	layer	32	ratio	4	decode_ms_per_step	1.066009	decode_slot_step_tok_s	30018.508287	decode_ep_ms_per_step	0.462855	decode_dense_ms_per_step	0.000000	decode_compose_ms_per_step	0.602811	decode_checksum	1929924991	PASS
tp_ep_token_major_item	step	2	layer	33	ratio	128	decode_ms_per_step	0.957372	decode_slot_step_tok_s	33424.833816	decode_ep_ms_per_step	0.340763	decode_dense_ms_per_step	0.000000	decode_compose_ms_per_step	0.616384	decode_checksum	154974069	PASS
tp_ep_token_major_item	step	2	layer	34	ratio	4	decode_ms_per_step	0.941451	decode_slot_step_tok_s	33990.085517	decode_ep_ms_per_step	0.314868	decode_dense_ms_per_step	0.000000	decode_compose_ms_per_step	0.626356	decode_checksum	4247159498	PASS
tp_ep_token_major_item	step	2	layer	35	ratio	128	decode_ms_per_step	1.680857	decode_slot_step_tok_s	19037.907448	decode_ep_ms_per_step	0.741416	decode_dense_ms_per_step	0.000000	decode_compose_ms_per_step	0.938766	decode_checksum	1960134344	PASS
tp_ep_token_major_item	step	2	layer	36	ratio	4	decode_ms_per_step	0.945097	decode_slot_step_tok_s	33858.958393	decode_ep_ms_per_step	0.325192	decode_dense_ms_per_step	0.000000	decode_compose_ms_per_step	0.619616	decode_checksum	2318643187	PASS
tp_ep_token_major_item	step	2	layer	37	ratio	128	decode_ms_per_step	0.905799	decode_slot_step_tok_s	35327.925953	decode_ep_ms_per_step	0.309416	decode_dense_ms_per_step	0.000000	decode_compose_ms_per_step	0.596124	decode_checksum	2051082468	PASS
tp_ep_token_major_item	step	2	layer	38	ratio	4	decode_ms_per_step	0.898316	decode_slot_step_tok_s	35622.208666	decode_ep_ms_per_step	0.301364	decode_dense_ms_per_step	0.000000	decode_compose_ms_per_step	0.596700	decode_checksum	2208797608	PASS
tp_ep_token_major_item	step	2	layer	39	ratio	128	decode_ms_per_step	1.340461	decode_slot_step_tok_s	23872.384202	decode_ep_ms_per_step	0.573432	decode_dense_ms_per_step	0.000000	decode_compose_ms_per_step	0.766547	decode_checksum	1901862423	PASS
tp_ep_token_major_item	step	2	layer	40	ratio	4	decode_ms_per_step	0.746731	decode_slot_step_tok_s	42853.450573	decode_ep_ms_per_step	0.302627	decode_dense_ms_per_step	0.000000	decode_compose_ms_per_step	0.443771	decode_checksum	1971716968	PASS
tp_ep_token_major_item	step	2	layer	41	ratio	128	decode_ms_per_step	0.791756	decode_slot_step_tok_s	40416.491950	decode_ep_ms_per_step	0.301628	decode_dense_ms_per_step	0.000000	decode_compose_ms_per_step	0.489875	decode_checksum	4100126953	PASS
tp_ep_token_major_item	step	2	layer	42	ratio	4	decode_ms_per_step	0.857333	decode_slot_step_tok_s	37325.053392	decode_ep_ms_per_step	0.297511	decode_dense_ms_per_step	0.000000	decode_compose_ms_per_step	0.559510	decode_checksum	260576764	PASS
tp_ep_token_major_item	step	3	layer	0	ratio	0	decode_ms_per_step	1.418044	decode_slot_step_tok_s	22566.295545	decode_ep_ms_per_step	0.617723	decode_dense_ms_per_step	0.000000	decode_compose_ms_per_step	0.799658	decode_checksum	2089207552	PASS
tp_ep_token_major_item	step	3	layer	1	ratio	0	decode_ms_per_step	0.923166	decode_slot_step_tok_s	34663.321656	decode_ep_ms_per_step	0.308122	decode_dense_ms_per_step	0.000000	decode_compose_ms_per_step	0.614450	decode_checksum	4285303765	PASS
tp_ep_token_major_item	step	3	layer	2	ratio	4	decode_ms_per_step	0.861524	decode_slot_step_tok_s	37143.480623	decode_ep_ms_per_step	0.306365	decode_dense_ms_per_step	0.000000	decode_compose_ms_per_step	0.554908	decode_checksum	50639913	PASS
tp_ep_token_major_item	step	3	layer	3	ratio	128	decode_ms_per_step	0.871838	decode_slot_step_tok_s	36704.066581	decode_ep_ms_per_step	0.304883	decode_dense_ms_per_step	0.000000	decode_compose_ms_per_step	0.566729	decode_checksum	199228706	PASS
tp_ep_token_major_item	step	3	layer	4	ratio	4	decode_ms_per_step	1.310167	decode_slot_step_tok_s	24424.367275	decode_ep_ms_per_step	0.573341	decode_dense_ms_per_step	0.000000	decode_compose_ms_per_step	0.736309	decode_checksum	92587346	PASS
tp_ep_token_major_item	step	3	layer	5	ratio	128	decode_ms_per_step	0.887870	decode_slot_step_tok_s	36041.312354	decode_ep_ms_per_step	0.322827	decode_dense_ms_per_step	0.000000	decode_compose_ms_per_step	0.564685	decode_checksum	81917469	PASS
tp_ep_token_major_item	step	3	layer	6	ratio	4	decode_ms_per_step	0.902437	decode_slot_step_tok_s	35459.539004	decode_ep_ms_per_step	0.309183	decode_dense_ms_per_step	0.000000	decode_compose_ms_per_step	0.592931	decode_checksum	41493907	PASS
tp_ep_token_major_item	step	3	layer	7	ratio	128	decode_ms_per_step	1.245587	decode_slot_step_tok_s	25690.698442	decode_ep_ms_per_step	0.547784	decode_dense_ms_per_step	0.000000	decode_compose_ms_per_step	0.697297	decode_checksum	4211722188	PASS
tp_ep_token_major_item	step	3	layer	8	ratio	4	decode_ms_per_step	0.881843	decode_slot_step_tok_s	36287.638503	decode_ep_ms_per_step	0.373039	decode_dense_ms_per_step	0.000000	decode_compose_ms_per_step	0.508504	decode_checksum	2164440608	PASS
tp_ep_token_major_item	step	3	layer	9	ratio	128	decode_ms_per_step	0.930250	decode_slot_step_tok_s	34399.355012	decode_ep_ms_per_step	0.309285	decode_dense_ms_per_step	0.000000	decode_compose_ms_per_step	0.620672	decode_checksum	22847642	PASS
tp_ep_token_major_item	step	3	layer	10	ratio	4	decode_ms_per_step	1.385544	decode_slot_step_tok_s	23095.621648	decode_ep_ms_per_step	0.609523	decode_dense_ms_per_step	0.000000	decode_compose_ms_per_step	0.775424	decode_checksum	2076607066	PASS
tp_ep_token_major_item	step	3	layer	11	ratio	128	decode_ms_per_step	0.853729	decode_slot_step_tok_s	37482.620363	decode_ep_ms_per_step	0.342662	decode_dense_ms_per_step	0.000000	decode_compose_ms_per_step	0.510749	decode_checksum	4156450847	PASS
tp_ep_token_major_item	step	3	layer	12	ratio	4	decode_ms_per_step	0.942960	decode_slot_step_tok_s	33935.691864	decode_ep_ms_per_step	0.330543	decode_dense_ms_per_step	0.000000	decode_compose_ms_per_step	0.612099	decode_checksum	1305516	PASS
tp_ep_token_major_item	step	3	layer	13	ratio	128	decode_ms_per_step	0.786430	decode_slot_step_tok_s	40690.207647	decode_ep_ms_per_step	0.334126	decode_dense_ms_per_step	0.000000	decode_compose_ms_per_step	0.452078	decode_checksum	176722357	PASS
tp_ep_token_major_item	step	3	layer	14	ratio	4	decode_ms_per_step	1.329805	decode_slot_step_tok_s	24063.678509	decode_ep_ms_per_step	0.578627	decode_dense_ms_per_step	0.000000	decode_compose_ms_per_step	0.750612	decode_checksum	2093197595	PASS
tp_ep_token_major_item	step	3	layer	15	ratio	128	decode_ms_per_step	0.779758	decode_slot_step_tok_s	41038.373444	decode_ep_ms_per_step	0.312246	decode_dense_ms_per_step	0.000000	decode_compose_ms_per_step	0.467271	decode_checksum	2318348388	PASS
tp_ep_token_major_item	step	3	layer	16	ratio	4	decode_ms_per_step	0.932256	decode_slot_step_tok_s	34325.335530	decode_ep_ms_per_step	0.329246	decode_dense_ms_per_step	0.000000	decode_compose_ms_per_step	0.602734	decode_checksum	2413897862	PASS
tp_ep_token_major_item	step	3	layer	17	ratio	128	decode_ms_per_step	1.301132	decode_slot_step_tok_s	24593.968944	decode_ep_ms_per_step	0.571923	decode_dense_ms_per_step	0.000000	decode_compose_ms_per_step	0.728743	decode_checksum	4107675936	PASS
tp_ep_token_major_item	step	3	layer	18	ratio	4	decode_ms_per_step	0.924159	decode_slot_step_tok_s	34626.076249	decode_ep_ms_per_step	0.313279	decode_dense_ms_per_step	0.000000	decode_compose_ms_per_step	0.610529	decode_checksum	37361686	PASS
tp_ep_token_major_item	step	3	layer	19	ratio	128	decode_ms_per_step	0.891585	decode_slot_step_tok_s	35891.137693	decode_ep_ms_per_step	0.304949	decode_dense_ms_per_step	0.000000	decode_compose_ms_per_step	0.586317	decode_checksum	2212896144	PASS
tp_ep_token_major_item	step	3	layer	20	ratio	4	decode_ms_per_step	0.927918	decode_slot_step_tok_s	34485.805858	decode_ep_ms_per_step	0.334593	decode_dense_ms_per_step	0.000000	decode_compose_ms_per_step	0.593056	decode_checksum	31300357	PASS
tp_ep_token_major_item	step	3	layer	21	ratio	128	decode_ms_per_step	1.352961	decode_slot_step_tok_s	23651.827362	decode_ep_ms_per_step	0.592475	decode_dense_ms_per_step	0.000000	decode_compose_ms_per_step	0.759986	decode_checksum	2043177150	PASS
tp_ep_token_major_item	step	3	layer	22	ratio	4	decode_ms_per_step	0.883301	decode_slot_step_tok_s	36227.741166	decode_ep_ms_per_step	0.310360	decode_dense_ms_per_step	0.000000	decode_compose_ms_per_step	0.572631	decode_checksum	149368565	PASS
tp_ep_token_major_item	step	3	layer	23	ratio	128	decode_ms_per_step	0.873360	decode_slot_step_tok_s	36640.102592	decode_ep_ms_per_step	0.306899	decode_dense_ms_per_step	0.000000	decode_compose_ms_per_step	0.566158	decode_checksum	4087920758	PASS
tp_ep_token_major_item	step	3	layer	24	ratio	4	decode_ms_per_step	0.921561	decode_slot_step_tok_s	34723.691649	decode_ep_ms_per_step	0.325093	decode_dense_ms_per_step	0.000000	decode_compose_ms_per_step	0.596129	decode_checksum	2232151951	PASS
tp_ep_token_major_item	step	3	layer	25	ratio	128	decode_ms_per_step	0.953356	decode_slot_step_tok_s	33565.635502	decode_ep_ms_per_step	0.406328	decode_dense_ms_per_step	0.000000	decode_compose_ms_per_step	0.546610	decode_checksum	2259995728	PASS
tp_ep_token_major_item	step	3	layer	26	ratio	4	decode_ms_per_step	0.825989	decode_slot_step_tok_s	38741.436024	decode_ep_ms_per_step	0.303306	decode_dense_ms_per_step	0.000000	decode_compose_ms_per_step	0.522439	decode_checksum	4173975789	PASS
tp_ep_token_major_item	step	3	layer	27	ratio	128	decode_ms_per_step	0.984213	decode_slot_step_tok_s	32513.287266	decode_ep_ms_per_step	0.351771	decode_dense_ms_per_step	0.000000	decode_compose_ms_per_step	0.632175	decode_checksum	1958048886	PASS
tp_ep_token_major_item	step	3	layer	28	ratio	4	decode_ms_per_step	1.036726	decode_slot_step_tok_s	30866.400573	decode_ep_ms_per_step	0.453262	decode_dense_ms_per_step	0.000000	decode_compose_ms_per_step	0.583077	decode_checksum	12572607	PASS
tp_ep_token_major_item	step	3	layer	29	ratio	128	decode_ms_per_step	0.887849	decode_slot_step_tok_s	36042.164828	decode_ep_ms_per_step	0.297112	decode_dense_ms_per_step	0.000000	decode_compose_ms_per_step	0.590386	decode_checksum	1939549931	PASS
tp_ep_token_major_item	step	3	layer	30	ratio	4	decode_ms_per_step	0.886433	decode_slot_step_tok_s	36099.739067	decode_ep_ms_per_step	0.378367	decode_dense_ms_per_step	0.000000	decode_compose_ms_per_step	0.507736	decode_checksum	2245266299	PASS
tp_ep_token_major_item	step	3	layer	31	ratio	128	decode_ms_per_step	0.894658	decode_slot_step_tok_s	35767.857662	decode_ep_ms_per_step	0.308286	decode_dense_ms_per_step	0.000000	decode_compose_ms_per_step	0.586139	decode_checksum	4092244362	PASS
tp_ep_token_major_item	step	3	layer	32	ratio	4	decode_ms_per_step	0.906546	decode_slot_step_tok_s	35298.815504	decode_ep_ms_per_step	0.313445	decode_dense_ms_per_step	0.000000	decode_compose_ms_per_step	0.592821	decode_checksum	1929924991	PASS
tp_ep_token_major_item	step	3	layer	33	ratio	128	decode_ms_per_step	1.560498	decode_slot_step_tok_s	20506.274279	decode_ep_ms_per_step	0.689751	decode_dense_ms_per_step	0.000000	decode_compose_ms_per_step	0.870052	decode_checksum	154974069	PASS
tp_ep_token_major_item	step	3	layer	34	ratio	4	decode_ms_per_step	1.249087	decode_slot_step_tok_s	25618.711907	decode_ep_ms_per_step	0.524609	decode_dense_ms_per_step	0.000000	decode_compose_ms_per_step	0.723907	decode_checksum	4247159498	PASS
tp_ep_token_major_item	step	3	layer	35	ratio	128	decode_ms_per_step	1.156669	decode_slot_step_tok_s	27665.650242	decode_ep_ms_per_step	0.494046	decode_dense_ms_per_step	0.000000	decode_compose_ms_per_step	0.662108	decode_checksum	1960134344	PASS
tp_ep_token_major_item	step	3	layer	36	ratio	4	decode_ms_per_step	1.127322	decode_slot_step_tok_s	28385.856038	decode_ep_ms_per_step	0.480797	decode_dense_ms_per_step	0.000000	decode_compose_ms_per_step	0.646038	decode_checksum	2318643187	PASS
tp_ep_token_major_item	step	3	layer	37	ratio	128	decode_ms_per_step	0.892860	decode_slot_step_tok_s	35839.885312	decode_ep_ms_per_step	0.297572	decode_dense_ms_per_step	0.000000	decode_compose_ms_per_step	0.595043	decode_checksum	2051082468	PASS
tp_ep_token_major_item	step	3	layer	38	ratio	4	decode_ms_per_step	0.915137	decode_slot_step_tok_s	34967.442033	decode_ep_ms_per_step	0.316943	decode_dense_ms_per_step	0.000000	decode_compose_ms_per_step	0.597944	decode_checksum	2208797608	PASS
tp_ep_token_major_item	step	3	layer	39	ratio	128	decode_ms_per_step	0.765325	decode_slot_step_tok_s	41812.301963	decode_ep_ms_per_step	0.294250	decode_dense_ms_per_step	0.000000	decode_compose_ms_per_step	0.470816	decode_checksum	1901862423	PASS
tp_ep_token_major_item	step	3	layer	40	ratio	4	decode_ms_per_step	0.990684	decode_slot_step_tok_s	32300.915327	decode_ep_ms_per_step	0.423759	decode_dense_ms_per_step	0.000000	decode_compose_ms_per_step	0.566545	decode_checksum	1971716968	PASS
tp_ep_token_major_item	step	3	layer	41	ratio	128	decode_ms_per_step	0.885032	decode_slot_step_tok_s	36156.884723	decode_ep_ms_per_step	0.298804	decode_dense_ms_per_step	0.000000	decode_compose_ms_per_step	0.585963	decode_checksum	4100126953	PASS
tp_ep_token_major_item	step	3	layer	42	ratio	4	decode_ms_per_step	1.023262	decode_slot_step_tok_s	31272.538216	decode_ep_ms_per_step	0.458370	decode_dense_ms_per_step	0.000000	decode_compose_ms_per_step	0.564503	decode_checksum	260576764	PASS
tp_ep_token_major_scaffold	steps	4	layers	43	pass_invocations	172	slots	32	ctx	262144	shared_api	1	shared_rank_buffers	1	shared_tp_runtime	0	shared_expert_bindings	1	overlap_ep_dense	1	shared_dense_ops	1	direct_remote_compose	0	source_copy_schedule	1	sum_decode_ms	224.343371	ms_per_token	56.085843	projected_slot_step_tok_s	570.553966	sum_ep_ms	117.749695	sum_dense_ms	0.000000	sum_compose_ms	106.524800	wall_ms	35519.067908	checksum	296236348	PASS
