provider	gguf
pack_rows	1328
model_size	156148189504
visible_devices	8
required_devices	8
reserve_mib	3072
gpu_topology	device_count	8
gpu	name	pci_bus_id	total_global_mem
0	Tesla V100-SXM2-32GB	0000:1A:00.0	34072559616
1	Tesla V100-SXM2-32GB	0000:1B:00.0	34072559616
2	Tesla V100-SXM2-32GB	0000:3D:00.0	34072559616
3	Tesla V100-SXM2-32GB	0000:3E:00.0	34072559616
4	Tesla V100-SXM2-32GB	0000:88:00.0	34072559616
5	Tesla V100-SXM2-32GB	0000:89:00.0	34072559616
6	Tesla V100-SXM2-32GB	0000:B2:00.0	34072559616
7	Tesla V100-SXM2-32GB	0000:B3:00.0	34072559616
p2p_from\to	0	1	2	3	4	5	6	7
0	1	1	1	1	1	1	1	1
1	1	1	1	1	1	1	1	1
2	1	1	1	1	1	1	1	1
3	1	1	1	1	1	1	1	1
4	1	1	1	1	1	1	1	1
5	1	1	1	1	1	1	1	1
6	1	1	1	1	1	1	1	1
7	1	1	1	1	1	1	1	1
gpu	logical_payload_bytes	arena_bytes	tensors
0	22524130064	22524134668	173
1	21494389008	21494393612	186
2	21494389008	21494393612	186
3	21494389008	21494393612	186
4	21494389008	21494393612	186
5	17922650936	17922654732	158
6	17901330744	17901334540	152
7	11817194908	11817197824	101
uploaded_tensors	1328
uploaded_bytes	156142862684
spot_checks	2230
gpu	arena_bytes	used_bytes	peak_used	memory_kind	free_before	total_before	free_after_alloc	total_after_alloc	free_after_upload	total_after_upload	valid
0	22524134668	22524134668	22524134668	device	33745797120	34072559616	11220287488	34072559616	11220287488	34072559616	1
1	21494393612	21494393612	21494393612	device	33745797120	34072559616	12249989120	34072559616	12249989120	34072559616	1
2	21494393612	21494393612	21494393612	device	33745797120	34072559616	12249989120	34072559616	12249989120	34072559616	1
3	21494393612	21494393612	21494393612	device	33745797120	34072559616	12249989120	34072559616	12249989120	34072559616	1
4	21494393612	21494393612	21494393612	device	33745797120	34072559616	12249989120	34072559616	12249989120	34072559616	1
5	17922654732	17922654732	17922654732	device	33745797120	34072559616	15821438976	34072559616	15821438976	34072559616	1
6	17901334540	17901334540	17901334540	device	33745797120	34072559616	15842410496	34072559616	15842410496	34072559616	1
7	11817197824	11817197824	11817197824	device	33745797120	34072559616	21928345600	34072559616	21928345600	34072559616	1
result	OK
