provider	shard
pack_rows	1328
model_size	156148189504
visible_devices	8
required_devices	8
reserve_mib	3072
probe_only	1
gpu_topology	device_count	8
gpu	name	pci_bus_id	total_global_mem
0	Tesla V100-SXM2-32GB	0000:1A:00.0	34072559616
1	Tesla V100-SXM2-32GB	0000:1B:00.0	34072559616
2	Tesla V100-SXM2-32GB	0000:3D:00.0	34072559616
3	Tesla V100-SXM2-32GB	0000:3E:00.0	34072559616
4	Tesla V100-SXM2-32GB	0000:88:00.0	34072559616
5	Tesla V100-SXM2-32GB	0000:89:00.0	34072559616
6	Tesla V100-SXM2-32GB	0000:B2:00.0	34072559616
7	Tesla V100-SXM2-32GB	0000:B3:00.0	34072559616
p2p_from\to	0	1	2	3	4	5	6	7
0	1	1	1	1	1	1	1	1
1	1	1	1	1	1	1	1	1
2	1	1	1	1	1	1	1	1
3	1	1	1	1	1	1	1	1
4	1	1	1	1	1	1	1	1
5	1	1	1	1	1	1	1	1
6	1	1	1	1	1	1	1	1
7	1	1	1	1	1	1	1	1
gpu	logical_payload_bytes	arena_bytes	tensors
0	1059061760	1059061760	1
uploaded_tensors	1
uploaded_bytes	1059061760
spot_checks	2
gpu	arena_bytes	used_bytes	peak_used	memory_kind	free_before	total_before	free_after_alloc	total_after_alloc	free_after_upload	total_after_upload	valid
0	1059061760	1059061760	1059061760	device	33745797120	34072559616	32686735360	34072559616	32686735360	34072559616	1
bf16_probe	token_embd.weight
bf16_probe_dtype	bf16
bf16_probe_shape	[4096x129280]
bf16_probe_owning_gpu	0
bf16_probe_arena_offset	0
bf16_probe_byte_length	1059061760
bf16_probe_memory_kind	device
bf16_probe_columns_checked	16
bf16_probe_sample	row=0	col=0	expected_bits=0xbddc0000	actual_bits=0xbddc0000
bf16_probe_sample	row=0	col=1	expected_bits=0xbca30000	actual_bits=0xbca30000
bf16_probe_sample	row=0	col=2	expected_bits=0x3dcf0000	actual_bits=0x3dcf0000
bf16_probe_sample	row=0	col=3	expected_bits=0x3e270000	actual_bits=0x3e270000
bf16_probe_sample	row=0	col=4	expected_bits=0xbb580000	actual_bits=0xbb580000
bf16_probe_sample	row=0	col=5	expected_bits=0xbe660000	actual_bits=0xbe660000
bf16_probe_sample	row=0	col=6	expected_bits=0x38b70000	actual_bits=0x38b70000
bf16_probe_sample	row=0	col=7	expected_bits=0x3e380000	actual_bits=0x3e380000
bf16_probe_sample	row=0	col=8	expected_bits=0x3e8f0000	actual_bits=0x3e8f0000
bf16_probe_sample	row=0	col=9	expected_bits=0xbeb80000	actual_bits=0xbeb80000
bf16_probe_sample	row=0	col=10	expected_bits=0x3e460000	actual_bits=0x3e460000
bf16_probe_sample	row=0	col=11	expected_bits=0x3e360000	actual_bits=0x3e360000
bf16_probe_sample	row=0	col=12	expected_bits=0xbd600000	actual_bits=0xbd600000
bf16_probe_sample	row=0	col=13	expected_bits=0xbd530000	actual_bits=0xbd530000
bf16_probe_sample	row=0	col=14	expected_bits=0xbe800000	actual_bits=0xbe800000
bf16_probe_sample	row=0	col=15	expected_bits=0x3da20000	actual_bits=0x3da20000
bf16_probe_row	0	OK
bf16_probe_sample	row=1	col=0	expected_bits=0x3ef90000	actual_bits=0x3ef90000
bf16_probe_sample	row=1	col=1	expected_bits=0xbe8a0000	actual_bits=0xbe8a0000
bf16_probe_sample	row=1	col=2	expected_bits=0x3ed00000	actual_bits=0x3ed00000
bf16_probe_sample	row=1	col=3	expected_bits=0xbee10000	actual_bits=0xbee10000
bf16_probe_sample	row=1	col=4	expected_bits=0xbdde0000	actual_bits=0xbdde0000
bf16_probe_sample	row=1	col=5	expected_bits=0xbf4e0000	actual_bits=0xbf4e0000
bf16_probe_sample	row=1	col=6	expected_bits=0xbf310000	actual_bits=0xbf310000
bf16_probe_sample	row=1	col=7	expected_bits=0x3ef60000	actual_bits=0x3ef60000
bf16_probe_sample	row=1	col=8	expected_bits=0xbfb00000	actual_bits=0xbfb00000
bf16_probe_sample	row=1	col=9	expected_bits=0xbf310000	actual_bits=0xbf310000
bf16_probe_sample	row=1	col=10	expected_bits=0x3f330000	actual_bits=0x3f330000
bf16_probe_sample	row=1	col=11	expected_bits=0x3f3e0000	actual_bits=0x3f3e0000
bf16_probe_sample	row=1	col=12	expected_bits=0x3eb70000	actual_bits=0x3eb70000
bf16_probe_sample	row=1	col=13	expected_bits=0x3f0d0000	actual_bits=0x3f0d0000
bf16_probe_sample	row=1	col=14	expected_bits=0xbf540000	actual_bits=0xbf540000
bf16_probe_sample	row=1	col=15	expected_bits=0x3f3a0000	actual_bits=0x3f3a0000
bf16_probe_row	1	OK
bf16_probe_sample	row=12345	col=0	expected_bits=0x3cdd0000	actual_bits=0x3cdd0000
bf16_probe_sample	row=12345	col=1	expected_bits=0x3c5d0000	actual_bits=0x3c5d0000
bf16_probe_sample	row=12345	col=2	expected_bits=0x3de80000	actual_bits=0x3de80000
bf16_probe_sample	row=12345	col=3	expected_bits=0xbdbd0000	actual_bits=0xbdbd0000
bf16_probe_sample	row=12345	col=4	expected_bits=0x3d8c0000	actual_bits=0x3d8c0000
bf16_probe_sample	row=12345	col=5	expected_bits=0xbdfb0000	actual_bits=0xbdfb0000
bf16_probe_sample	row=12345	col=6	expected_bits=0x3c7d0000	actual_bits=0x3c7d0000
bf16_probe_sample	row=12345	col=7	expected_bits=0xbda20000	actual_bits=0xbda20000
bf16_probe_sample	row=12345	col=8	expected_bits=0x3d5a0000	actual_bits=0x3d5a0000
bf16_probe_sample	row=12345	col=9	expected_bits=0xbce60000	actual_bits=0xbce60000
bf16_probe_sample	row=12345	col=10	expected_bits=0x3d320000	actual_bits=0x3d320000
bf16_probe_sample	row=12345	col=11	expected_bits=0xbd830000	actual_bits=0xbd830000
bf16_probe_sample	row=12345	col=12	expected_bits=0x3d9a0000	actual_bits=0x3d9a0000
bf16_probe_sample	row=12345	col=13	expected_bits=0xbd3b0000	actual_bits=0xbd3b0000
bf16_probe_sample	row=12345	col=14	expected_bits=0xbcb60000	actual_bits=0xbcb60000
bf16_probe_sample	row=12345	col=15	expected_bits=0x3c470000	actual_bits=0x3c470000
bf16_probe_row	12345	OK
bf16_probe_result	OK
result	OK
