cc -O3 -ffast-math -mcpu=native -Wall -Wextra -std=c99 -I. -c -o tests/v100_context_smoke.o tests/v100_context_smoke.c
cc -O3 -ffast-math -mcpu=native -Wall -Wextra -std=c99 -I. -c -o ds4_v100_context.o ds4_v100_context.c
cc -O3 -ffast-math -mcpu=native -Wall -Wextra -std=c99 -c -o ds4_pack.o ds4_pack.c
cc -O3 -ffast-math -mcpu=native -Wall -Wextra -std=c99 -o tests/v100_context_smoke tests/v100_context_smoke.o ds4_v100_context.o ds4_pack.o -lm -pthread
cc -O3 -ffast-math -mcpu=native -Wall -Wextra -std=c99 -I. -D_FILE_OFFSET_BITS=64 -c -o tools/ds4-v100-context-smoke.o tools/ds4-v100-context-smoke.c
cc -O3 -ffast-math -mcpu=native -Wall -Wextra -std=c99 -o tools/ds4-v100-context-smoke tools/ds4-v100-context-smoke.o ds4_v100_context.o ds4_pack.o -lm -pthread
v100_context_smoke: ok
ds4_v100_context_report
expected_gpus	8
mode	0
policy	bf16_fp8_fp4_are_not_native_v100_tensor_core_formats
policy	production_dense_gemm_target_fp16_hmma_with_fp32_accumulation
kv_ctx_tokens	1048576
kv_active_slots	1
tensor_count	0
exec_count	f32_control	0
exec_count	f16_hmma_after_convert	0
exec_count	lowbit_kernel	0
exec_count	diagnostic_only	0
exec_count	unsupported	0
layer_class_count	swa_only	2
layer_class_count	ratio_4	21
layer_class_count	ratio_128	20
stage	gpu	layers	arena_bytes	scratch_bytes	relay_f16_bytes	relay_f32_debug_bytes	kv_arena_bytes	kv_raw_swa_offset	kv_raw_swa_bytes	kv_compressed_attn_offset	kv_compressed_attn_bytes	kv_indexer_offset	kv_indexer_bytes	kv_compression_state_offset	kv_compression_state_bytes	planned_kv_bytes	reserve_bytes	device_total_bytes
0	0	0-5	0	0	65536	0	689864704	0	786432	786432	553648128	554434560	134217728	688652288	1212416	689864704	2147483648	0
1	1	6-11	0	0	65536	0	1034403840	0	786432	786432	830472192	831258624	201326592	1032585216	1818624	1034403840	2147483648	0
2	2	12-17	0	0	65536	0	1034403840	0	786432	786432	830472192	831258624	201326592	1032585216	1818624	1034403840	2147483648	0
3	3	18-23	0	0	65536	0	1034403840	0	786432	786432	830472192	831258624	201326592	1032585216	1818624	1034403840	2147483648	0
4	4	24-29	0	0	65536	0	1034403840	0	786432	786432	830472192	831258624	201326592	1032585216	1818624	1034403840	2147483648	0
5	5	30-34	0	0	65536	0	1025359872	0	655360	655360	822083584	822738944	201326592	1024065536	1294336	1025359872	2147483648	0
6	6	35-39	0	0	65536	0	698646528	0	655360	655360	562036736	562692096	134217728	696909824	1736704	698646528	2147483648	0
7	7	40-42	0	0	65536	0	680558592	0	393216	393216	545259520	545652736	134217728	679870464	688128	680558592	2147483648	0
layer_kv_view	layer	stage	class	raw_swa_offset	raw_swa_bytes	compressed_attn_offset	compressed_attn_bytes	indexer_kv_offset	indexer_kv_bytes	attn_state_kv_offset	attn_state_kv_bytes	attn_state_score_offset	attn_state_score_bytes	indexer_state_kv_offset	indexer_state_kv_bytes	indexer_state_score_offset	indexer_state_score_bytes	total_bytes
layer_kv_view	0	0	swa_only	0	131072	786432	0	554434560	0	688652288	0	688652288	0	688652288	0	688652288	0	131072
layer_kv_view	1	0	swa_only	131072	131072	786432	0	554434560	0	688652288	0	688652288	0	688652288	0	688652288	0	131072
layer_kv_view	2	0	ratio_4	262144	131072	786432	268435456	554434560	67108864	688652288	32768	688685056	32768	688717824	8192	688726016	8192	335757312
layer_kv_view	3	0	ratio_128	393216	131072	269221888	8388608	621543424	0	688734208	262144	688996352	262144	689258496	0	689258496	0	9043968
layer_kv_view	4	0	ratio_4	524288	131072	277610496	268435456	621543424	67108864	689258496	32768	689291264	32768	689324032	8192	689332224	8192	335757312
layer_kv_view	5	0	ratio_128	655360	131072	546045952	8388608	688652288	0	689340416	262144	689602560	262144	689864704	0	689864704	0	9043968
layer_kv_view	6	1	ratio_4	0	131072	786432	268435456	831258624	67108864	1032585216	32768	1032617984	32768	1032650752	8192	1032658944	8192	335757312
layer_kv_view	7	1	ratio_128	131072	131072	269221888	8388608	898367488	0	1032667136	262144	1032929280	262144	1033191424	0	1033191424	0	9043968
layer_kv_view	8	1	ratio_4	262144	131072	277610496	268435456	898367488	67108864	1033191424	32768	1033224192	32768	1033256960	8192	1033265152	8192	335757312
layer_kv_view	9	1	ratio_128	393216	131072	546045952	8388608	965476352	0	1033273344	262144	1033535488	262144	1033797632	0	1033797632	0	9043968
layer_kv_view	10	1	ratio_4	524288	131072	554434560	268435456	965476352	67108864	1033797632	32768	1033830400	32768	1033863168	8192	1033871360	8192	335757312
layer_kv_view	11	1	ratio_128	655360	131072	822870016	8388608	1032585216	0	1033879552	262144	1034141696	262144	1034403840	0	1034403840	0	9043968
layer_kv_view	12	2	ratio_4	0	131072	786432	268435456	831258624	67108864	1032585216	32768	1032617984	32768	1032650752	8192	1032658944	8192	335757312
layer_kv_view	13	2	ratio_128	131072	131072	269221888	8388608	898367488	0	1032667136	262144	1032929280	262144	1033191424	0	1033191424	0	9043968
layer_kv_view	14	2	ratio_4	262144	131072	277610496	268435456	898367488	67108864	1033191424	32768	1033224192	32768	1033256960	8192	1033265152	8192	335757312
layer_kv_view	15	2	ratio_128	393216	131072	546045952	8388608	965476352	0	1033273344	262144	1033535488	262144	1033797632	0	1033797632	0	9043968
layer_kv_view	16	2	ratio_4	524288	131072	554434560	268435456	965476352	67108864	1033797632	32768	1033830400	32768	1033863168	8192	1033871360	8192	335757312
layer_kv_view	17	2	ratio_128	655360	131072	822870016	8388608	1032585216	0	1033879552	262144	1034141696	262144	1034403840	0	1034403840	0	9043968
layer_kv_view	18	3	ratio_4	0	131072	786432	268435456	831258624	67108864	1032585216	32768	1032617984	32768	1032650752	8192	1032658944	8192	335757312
layer_kv_view	19	3	ratio_128	131072	131072	269221888	8388608	898367488	0	1032667136	262144	1032929280	262144	1033191424	0	1033191424	0	9043968
layer_kv_view	20	3	ratio_4	262144	131072	277610496	268435456	898367488	67108864	1033191424	32768	1033224192	32768	1033256960	8192	1033265152	8192	335757312
layer_kv_view	21	3	ratio_128	393216	131072	546045952	8388608	965476352	0	1033273344	262144	1033535488	262144	1033797632	0	1033797632	0	9043968
layer_kv_view	22	3	ratio_4	524288	131072	554434560	268435456	965476352	67108864	1033797632	32768	1033830400	32768	1033863168	8192	1033871360	8192	335757312
layer_kv_view	23	3	ratio_128	655360	131072	822870016	8388608	1032585216	0	1033879552	262144	1034141696	262144	1034403840	0	1034403840	0	9043968
layer_kv_view	24	4	ratio_4	0	131072	786432	268435456	831258624	67108864	1032585216	32768	1032617984	32768	1032650752	8192	1032658944	8192	335757312
layer_kv_view	25	4	ratio_128	131072	131072	269221888	8388608	898367488	0	1032667136	262144	1032929280	262144	1033191424	0	1033191424	0	9043968
layer_kv_view	26	4	ratio_4	262144	131072	277610496	268435456	898367488	67108864	1033191424	32768	1033224192	32768	1033256960	8192	1033265152	8192	335757312
layer_kv_view	27	4	ratio_128	393216	131072	546045952	8388608	965476352	0	1033273344	262144	1033535488	262144	1033797632	0	1033797632	0	9043968
layer_kv_view	28	4	ratio_4	524288	131072	554434560	268435456	965476352	67108864	1033797632	32768	1033830400	32768	1033863168	8192	1033871360	8192	335757312
layer_kv_view	29	4	ratio_128	655360	131072	822870016	8388608	1032585216	0	1033879552	262144	1034141696	262144	1034403840	0	1034403840	0	9043968
layer_kv_view	30	5	ratio_4	0	131072	655360	268435456	822738944	67108864	1024065536	32768	1024098304	32768	1024131072	8192	1024139264	8192	335757312
layer_kv_view	31	5	ratio_128	131072	131072	269090816	8388608	889847808	0	1024147456	262144	1024409600	262144	1024671744	0	1024671744	0	9043968
layer_kv_view	32	5	ratio_4	262144	131072	277479424	268435456	889847808	67108864	1024671744	32768	1024704512	32768	1024737280	8192	1024745472	8192	335757312
layer_kv_view	33	5	ratio_128	393216	131072	545914880	8388608	956956672	0	1024753664	262144	1025015808	262144	1025277952	0	1025277952	0	9043968
layer_kv_view	34	5	ratio_4	524288	131072	554303488	268435456	956956672	67108864	1025277952	32768	1025310720	32768	1025343488	8192	1025351680	8192	335757312
layer_kv_view	35	6	ratio_128	0	131072	655360	8388608	562692096	0	696909824	262144	697171968	262144	697434112	0	697434112	0	9043968
layer_kv_view	36	6	ratio_4	131072	131072	9043968	268435456	562692096	67108864	697434112	32768	697466880	32768	697499648	8192	697507840	8192	335757312
layer_kv_view	37	6	ratio_128	262144	131072	277479424	8388608	629800960	0	697516032	262144	697778176	262144	698040320	0	698040320	0	9043968
layer_kv_view	38	6	ratio_4	393216	131072	285868032	268435456	629800960	67108864	698040320	32768	698073088	32768	698105856	8192	698114048	8192	335757312
layer_kv_view	39	6	ratio_128	524288	131072	554303488	8388608	696909824	0	698122240	262144	698384384	262144	698646528	0	698646528	0	9043968
layer_kv_view	40	7	ratio_4	0	131072	393216	268435456	545652736	67108864	679870464	32768	679903232	32768	679936000	8192	679944192	8192	335757312
layer_kv_view	41	7	ratio_128	131072	131072	268828672	8388608	612761600	0	679952384	262144	680214528	262144	680476672	0	680476672	0	9043968
layer_kv_view	42	7	ratio_4	262144	131072	277217280	268435456	612761600	67108864	680476672	32768	680509440	32768	680542208	8192	680550400	8192	335757312
layer_skeleton_begin
layer	stage	class	kv_bytes	tensors	f32_control	fp8_dense	mxfp4_expert	hc_control	status
0	0	swa_only	131072	0	0	0	0	0	OK
1	0	swa_only	131072	0	0	0	0	0	OK
2	0	ratio_4	335757312	0	0	0	0	0	OK
3	0	ratio_128	9043968	0	0	0	0	0	OK
4	0	ratio_4	335757312	0	0	0	0	0	OK
5	0	ratio_128	9043968	0	0	0	0	0	OK
6	1	ratio_4	335757312	0	0	0	0	0	OK
7	1	ratio_128	9043968	0	0	0	0	0	OK
8	1	ratio_4	335757312	0	0	0	0	0	OK
9	1	ratio_128	9043968	0	0	0	0	0	OK
10	1	ratio_4	335757312	0	0	0	0	0	OK
11	1	ratio_128	9043968	0	0	0	0	0	OK
12	2	ratio_4	335757312	0	0	0	0	0	OK
13	2	ratio_128	9043968	0	0	0	0	0	OK
14	2	ratio_4	335757312	0	0	0	0	0	OK
15	2	ratio_128	9043968	0	0	0	0	0	OK
16	2	ratio_4	335757312	0	0	0	0	0	OK
17	2	ratio_128	9043968	0	0	0	0	0	OK
18	3	ratio_4	335757312	0	0	0	0	0	OK
19	3	ratio_128	9043968	0	0	0	0	0	OK
20	3	ratio_4	335757312	0	0	0	0	0	OK
21	3	ratio_128	9043968	0	0	0	0	0	OK
22	3	ratio_4	335757312	0	0	0	0	0	OK
23	3	ratio_128	9043968	0	0	0	0	0	OK
24	4	ratio_4	335757312	0	0	0	0	0	OK
25	4	ratio_128	9043968	0	0	0	0	0	OK
26	4	ratio_4	335757312	0	0	0	0	0	OK
27	4	ratio_128	9043968	0	0	0	0	0	OK
28	4	ratio_4	335757312	0	0	0	0	0	OK
29	4	ratio_128	9043968	0	0	0	0	0	OK
30	5	ratio_4	335757312	0	0	0	0	0	OK
31	5	ratio_128	9043968	0	0	0	0	0	OK
32	5	ratio_4	335757312	0	0	0	0	0	OK
33	5	ratio_128	9043968	0	0	0	0	0	OK
34	5	ratio_4	335757312	0	0	0	0	0	OK
35	6	ratio_128	9043968	0	0	0	0	0	OK
36	6	ratio_4	335757312	0	0	0	0	0	OK
37	6	ratio_128	9043968	0	0	0	0	0	OK
38	6	ratio_4	335757312	0	0	0	0	0	OK
39	6	ratio_128	9043968	0	0	0	0	0	OK
40	7	ratio_4	335757312	0	0	0	0	0	OK
41	7	ratio_128	9043968	0	0	0	0	0	OK
42	7	ratio_4	335757312	0	0	0	0	0	OK
layer_skeleton_result	OK
context_smoke_result	OK
