tp_ep_all_layer_dense_f16_cache	rows	4096	source_bytes	8640413696	cache_bytes	14451998720	cache_aligned_bytes	14451998720	max_temp_bytes	132382720	cache_ms	7593.349925	PASS
tp_ep_all_layer_turbomind_api_shared	devices	8	PASS
tp_ep_all_layer_rank_buffers_shared	devices	8	core_bytes	3933984	PASS
tp_ep_all_layer_tp_runtime_shared	devices	8	slots	32	ctx	262144	mode	local_per_layer	PASS
tp_ep_all_layer_expert_bindings_shared	layers	43	devices	8	bytes	27594326016	bytes_per_gpu	3449290752	PASS
tp_ep_all_layer_item	layer	0	ratio	0	total_rows	192	dense_rows	64	control_rows	104	expert_rows	16	kv_rows	8	comp_rows	0	decode_ms_per_step	1.193378	decode_slot_step_tok_s	26814.637434	decode_ep_ms_per_step	0.315527	decode_dense_ms_per_step	0.000000	decode_compose_ms_per_step	0.877737	decode_checksum	2089207552	PASS
tp_ep_all_layer_item	layer	1	ratio	0	total_rows	192	dense_rows	64	control_rows	104	expert_rows	16	kv_rows	8	comp_rows	0	decode_ms_per_step	1.193987	decode_slot_step_tok_s	26800.959126	decode_ep_ms_per_step	0.313024	decode_dense_ms_per_step	0.000000	decode_compose_ms_per_step	0.880859	decode_checksum	4285303765	PASS
tp_ep_all_layer_item	layer	2	ratio	4	total_rows	288	dense_rows	112	control_rows	136	expert_rows	16	kv_rows	16	comp_rows	8	decode_ms_per_step	1.167768	decode_slot_step_tok_s	27402.693421	decode_ep_ms_per_step	0.291111	decode_dense_ms_per_step	0.000000	decode_compose_ms_per_step	0.876543	decode_checksum	50639913	PASS
tp_ep_all_layer_item	layer	3	ratio	128	total_rows	232	dense_rows	80	control_rows	120	expert_rows	16	kv_rows	8	comp_rows	8	decode_ms_per_step	1.165585	decode_slot_step_tok_s	27454.031356	decode_ep_ms_per_step	0.287625	decode_dense_ms_per_step	0.000000	decode_compose_ms_per_step	0.877844	decode_checksum	199228706	PASS
tp_ep_all_layer_item	layer	4	ratio	4	total_rows	288	dense_rows	112	control_rows	136	expert_rows	16	kv_rows	16	comp_rows	8	decode_ms_per_step	1.173070	decode_slot_step_tok_s	27278.840678	decode_ep_ms_per_step	0.296700	decode_dense_ms_per_step	0.000000	decode_compose_ms_per_step	0.876246	decode_checksum	92587346	PASS
tp_ep_all_layer_item	layer	5	ratio	128	total_rows	232	dense_rows	80	control_rows	120	expert_rows	16	kv_rows	8	comp_rows	8	decode_ms_per_step	1.165484	decode_slot_step_tok_s	27456.398253	decode_ep_ms_per_step	0.291360	decode_dense_ms_per_step	0.000000	decode_compose_ms_per_step	0.874008	decode_checksum	81917469	PASS
tp_ep_all_layer_item	layer	6	ratio	4	total_rows	288	dense_rows	112	control_rows	136	expert_rows	16	kv_rows	16	comp_rows	8	decode_ms_per_step	1.171298	decode_slot_step_tok_s	27320.116032	decode_ep_ms_per_step	0.292088	decode_dense_ms_per_step	0.000000	decode_compose_ms_per_step	0.879105	decode_checksum	41493907	PASS
tp_ep_all_layer_item	layer	7	ratio	128	total_rows	232	dense_rows	80	control_rows	120	expert_rows	16	kv_rows	8	comp_rows	8	decode_ms_per_step	1.172581	decode_slot_step_tok_s	27290.229303	decode_ep_ms_per_step	0.294086	decode_dense_ms_per_step	0.000000	decode_compose_ms_per_step	0.878382	decode_checksum	4211722188	PASS
tp_ep_all_layer_item	layer	8	ratio	4	total_rows	288	dense_rows	112	control_rows	136	expert_rows	16	kv_rows	16	comp_rows	8	decode_ms_per_step	1.175057	decode_slot_step_tok_s	27232.717768	decode_ep_ms_per_step	0.296165	decode_dense_ms_per_step	0.000000	decode_compose_ms_per_step	0.878775	decode_checksum	2164440608	PASS
tp_ep_all_layer_item	layer	9	ratio	128	total_rows	232	dense_rows	80	control_rows	120	expert_rows	16	kv_rows	8	comp_rows	8	decode_ms_per_step	1.168008	decode_slot_step_tok_s	27397.064648	decode_ep_ms_per_step	0.290573	decode_dense_ms_per_step	0.000000	decode_compose_ms_per_step	0.877337	decode_checksum	22847642	PASS
tp_ep_all_layer_item	layer	10	ratio	4	total_rows	288	dense_rows	112	control_rows	136	expert_rows	16	kv_rows	16	comp_rows	8	decode_ms_per_step	1.170392	decode_slot_step_tok_s	27341.261251	decode_ep_ms_per_step	0.292186	decode_dense_ms_per_step	0.000000	decode_compose_ms_per_step	0.878073	decode_checksum	2076607066	PASS
tp_ep_all_layer_item	layer	11	ratio	128	total_rows	232	dense_rows	80	control_rows	120	expert_rows	16	kv_rows	8	comp_rows	8	decode_ms_per_step	1.178045	decode_slot_step_tok_s	27163.639486	decode_ep_ms_per_step	0.295090	decode_dense_ms_per_step	0.000000	decode_compose_ms_per_step	0.882841	decode_checksum	4156450847	PASS
tp_ep_all_layer_item	layer	12	ratio	4	total_rows	288	dense_rows	112	control_rows	136	expert_rows	16	kv_rows	16	comp_rows	8	decode_ms_per_step	1.168254	decode_slot_step_tok_s	27391.295163	decode_ep_ms_per_step	0.291947	decode_dense_ms_per_step	0.000000	decode_compose_ms_per_step	0.876212	decode_checksum	1305516	PASS
tp_ep_all_layer_item	layer	13	ratio	128	total_rows	232	dense_rows	80	control_rows	120	expert_rows	16	kv_rows	8	comp_rows	8	decode_ms_per_step	1.173198	decode_slot_step_tok_s	27275.873297	decode_ep_ms_per_step	0.294159	decode_dense_ms_per_step	0.000000	decode_compose_ms_per_step	0.878930	decode_checksum	176722357	PASS
tp_ep_all_layer_item	layer	14	ratio	4	total_rows	288	dense_rows	112	control_rows	136	expert_rows	16	kv_rows	16	comp_rows	8	decode_ms_per_step	1.176234	decode_slot_step_tok_s	27205.471483	decode_ep_ms_per_step	0.292907	decode_dense_ms_per_step	0.000000	decode_compose_ms_per_step	0.883206	decode_checksum	2093197595	PASS
tp_ep_all_layer_item	layer	15	ratio	128	total_rows	232	dense_rows	80	control_rows	120	expert_rows	16	kv_rows	8	comp_rows	8	decode_ms_per_step	1.170681	decode_slot_step_tok_s	27334.512590	decode_ep_ms_per_step	0.292920	decode_dense_ms_per_step	0.000000	decode_compose_ms_per_step	0.877654	decode_checksum	2318348388	PASS
tp_ep_all_layer_item	layer	16	ratio	4	total_rows	288	dense_rows	112	control_rows	136	expert_rows	16	kv_rows	16	comp_rows	8	decode_ms_per_step	1.171738	decode_slot_step_tok_s	27309.869626	decode_ep_ms_per_step	0.295632	decode_dense_ms_per_step	0.000000	decode_compose_ms_per_step	0.875998	decode_checksum	2413897862	PASS
tp_ep_all_layer_item	layer	17	ratio	128	total_rows	232	dense_rows	80	control_rows	120	expert_rows	16	kv_rows	8	comp_rows	8	decode_ms_per_step	1.169443	decode_slot_step_tok_s	27363.460309	decode_ep_ms_per_step	0.290911	decode_dense_ms_per_step	0.000000	decode_compose_ms_per_step	0.878421	decode_checksum	4107675936	PASS
tp_ep_all_layer_item	layer	18	ratio	4	total_rows	288	dense_rows	112	control_rows	136	expert_rows	16	kv_rows	16	comp_rows	8	decode_ms_per_step	1.171413	decode_slot_step_tok_s	27317.442356	decode_ep_ms_per_step	0.294392	decode_dense_ms_per_step	0.000000	decode_compose_ms_per_step	0.876906	decode_checksum	37361686	PASS
tp_ep_all_layer_item	layer	19	ratio	128	total_rows	232	dense_rows	80	control_rows	120	expert_rows	16	kv_rows	8	comp_rows	8	decode_ms_per_step	1.176736	decode_slot_step_tok_s	27193.866451	decode_ep_ms_per_step	0.295794	decode_dense_ms_per_step	0.000000	decode_compose_ms_per_step	0.880827	decode_checksum	2212896144	PASS
tp_ep_all_layer_item	layer	20	ratio	4	total_rows	288	dense_rows	112	control_rows	136	expert_rows	16	kv_rows	16	comp_rows	8	decode_ms_per_step	1.168001	decode_slot_step_tok_s	27397.230719	decode_ep_ms_per_step	0.288878	decode_dense_ms_per_step	0.000000	decode_compose_ms_per_step	0.879018	decode_checksum	31300357	PASS
tp_ep_all_layer_item	layer	21	ratio	128	total_rows	232	dense_rows	80	control_rows	120	expert_rows	16	kv_rows	8	comp_rows	8	decode_ms_per_step	1.181424	decode_slot_step_tok_s	27085.956368	decode_ep_ms_per_step	0.297624	decode_dense_ms_per_step	0.000000	decode_compose_ms_per_step	0.883678	decode_checksum	2043177150	PASS
tp_ep_all_layer_item	layer	22	ratio	4	total_rows	288	dense_rows	112	control_rows	136	expert_rows	16	kv_rows	16	comp_rows	8	decode_ms_per_step	1.174778	decode_slot_step_tok_s	27239.196441	decode_ep_ms_per_step	0.294371	decode_dense_ms_per_step	0.000000	decode_compose_ms_per_step	0.880284	decode_checksum	149368565	PASS
tp_ep_all_layer_item	layer	23	ratio	128	total_rows	232	dense_rows	80	control_rows	120	expert_rows	16	kv_rows	8	comp_rows	8	decode_ms_per_step	1.166685	decode_slot_step_tok_s	27428.135713	decode_ep_ms_per_step	0.291387	decode_dense_ms_per_step	0.000000	decode_compose_ms_per_step	0.875185	decode_checksum	4087920758	PASS
tp_ep_all_layer_item	layer	24	ratio	4	total_rows	288	dense_rows	112	control_rows	136	expert_rows	16	kv_rows	16	comp_rows	8	decode_ms_per_step	1.172276	decode_slot_step_tok_s	27297.317969	decode_ep_ms_per_step	0.292527	decode_dense_ms_per_step	0.000000	decode_compose_ms_per_step	0.879651	decode_checksum	2232151951	PASS
tp_ep_all_layer_item	layer	25	ratio	128	total_rows	232	dense_rows	80	control_rows	120	expert_rows	16	kv_rows	8	comp_rows	8	decode_ms_per_step	1.168383	decode_slot_step_tok_s	27388.289202	decode_ep_ms_per_step	0.289506	decode_dense_ms_per_step	0.000000	decode_compose_ms_per_step	0.878767	decode_checksum	2259995728	PASS
tp_ep_all_layer_item	layer	26	ratio	4	total_rows	288	dense_rows	112	control_rows	136	expert_rows	16	kv_rows	16	comp_rows	8	decode_ms_per_step	1.174177	decode_slot_step_tok_s	27253.123915	decode_ep_ms_per_step	0.293984	decode_dense_ms_per_step	0.000000	decode_compose_ms_per_step	0.880089	decode_checksum	4173975789	PASS
tp_ep_all_layer_item	layer	27	ratio	128	total_rows	232	dense_rows	80	control_rows	120	expert_rows	16	kv_rows	8	comp_rows	8	decode_ms_per_step	1.169170	decode_slot_step_tok_s	27369.837010	decode_ep_ms_per_step	0.291497	decode_dense_ms_per_step	0.000000	decode_compose_ms_per_step	0.877570	decode_checksum	1958048886	PASS
tp_ep_all_layer_item	layer	28	ratio	4	total_rows	288	dense_rows	112	control_rows	136	expert_rows	16	kv_rows	16	comp_rows	8	decode_ms_per_step	1.168969	decode_slot_step_tok_s	27374.560014	decode_ep_ms_per_step	0.290069	decode_dense_ms_per_step	0.000000	decode_compose_ms_per_step	0.878806	decode_checksum	12572607	PASS
tp_ep_all_layer_item	layer	29	ratio	128	total_rows	232	dense_rows	80	control_rows	120	expert_rows	16	kv_rows	8	comp_rows	8	decode_ms_per_step	1.172522	decode_slot_step_tok_s	27291.590879	decode_ep_ms_per_step	0.294654	decode_dense_ms_per_step	0.000000	decode_compose_ms_per_step	0.877753	decode_checksum	1939549931	PASS
tp_ep_all_layer_item	layer	30	ratio	4	total_rows	288	dense_rows	112	control_rows	136	expert_rows	16	kv_rows	16	comp_rows	8	decode_ms_per_step	1.173266	decode_slot_step_tok_s	27274.283147	decode_ep_ms_per_step	0.294884	decode_dense_ms_per_step	0.000000	decode_compose_ms_per_step	0.878269	decode_checksum	2245266299	PASS
tp_ep_all_layer_item	layer	31	ratio	128	total_rows	232	dense_rows	80	control_rows	120	expert_rows	16	kv_rows	8	comp_rows	8	decode_ms_per_step	1.189250	decode_slot_step_tok_s	26907.711779	decode_ep_ms_per_step	0.306230	decode_dense_ms_per_step	0.000000	decode_compose_ms_per_step	0.882916	decode_checksum	4092244362	PASS
tp_ep_all_layer_item	layer	32	ratio	4	total_rows	288	dense_rows	112	control_rows	136	expert_rows	16	kv_rows	16	comp_rows	8	decode_ms_per_step	1.166311	decode_slot_step_tok_s	27436.927776	decode_ep_ms_per_step	0.288389	decode_dense_ms_per_step	0.000000	decode_compose_ms_per_step	0.877799	decode_checksum	1929924991	PASS
tp_ep_all_layer_item	layer	33	ratio	128	total_rows	232	dense_rows	80	control_rows	120	expert_rows	16	kv_rows	8	comp_rows	8	decode_ms_per_step	1.173989	decode_slot_step_tok_s	27257.499778	decode_ep_ms_per_step	0.292568	decode_dense_ms_per_step	0.000000	decode_compose_ms_per_step	0.881322	decode_checksum	154974069	PASS
tp_ep_all_layer_item	layer	34	ratio	4	total_rows	288	dense_rows	112	control_rows	136	expert_rows	16	kv_rows	16	comp_rows	8	decode_ms_per_step	1.175998	decode_slot_step_tok_s	27210.929243	decode_ep_ms_per_step	0.296319	decode_dense_ms_per_step	0.000000	decode_compose_ms_per_step	0.879577	decode_checksum	4247159498	PASS
tp_ep_all_layer_item	layer	35	ratio	128	total_rows	232	dense_rows	80	control_rows	120	expert_rows	16	kv_rows	8	comp_rows	8	decode_ms_per_step	1.169476	decode_slot_step_tok_s	27362.681622	decode_ep_ms_per_step	0.292021	decode_dense_ms_per_step	0.000000	decode_compose_ms_per_step	0.877341	decode_checksum	1960134344	PASS
tp_ep_all_layer_item	layer	36	ratio	4	total_rows	288	dense_rows	112	control_rows	136	expert_rows	16	kv_rows	16	comp_rows	8	decode_ms_per_step	1.174561	decode_slot_step_tok_s	27244.217747	decode_ep_ms_per_step	0.295815	decode_dense_ms_per_step	0.000000	decode_compose_ms_per_step	0.878638	decode_checksum	2318643187	PASS
tp_ep_all_layer_item	layer	37	ratio	128	total_rows	232	dense_rows	80	control_rows	120	expert_rows	16	kv_rows	8	comp_rows	8	decode_ms_per_step	1.166344	decode_slot_step_tok_s	27436.148195	decode_ep_ms_per_step	0.290908	decode_dense_ms_per_step	0.000000	decode_compose_ms_per_step	0.875320	decode_checksum	2051082468	PASS
tp_ep_all_layer_item	layer	38	ratio	4	total_rows	288	dense_rows	112	control_rows	136	expert_rows	16	kv_rows	16	comp_rows	8	decode_ms_per_step	1.170615	decode_slot_step_tok_s	27336.069139	decode_ep_ms_per_step	0.293144	decode_dense_ms_per_step	0.000000	decode_compose_ms_per_step	0.877370	decode_checksum	2208797608	PASS
tp_ep_all_layer_item	layer	39	ratio	128	total_rows	232	dense_rows	80	control_rows	120	expert_rows	16	kv_rows	8	comp_rows	8	decode_ms_per_step	1.173775	decode_slot_step_tok_s	27262.462801	decode_ep_ms_per_step	0.294070	decode_dense_ms_per_step	0.000000	decode_compose_ms_per_step	0.879582	decode_checksum	1901862423	PASS
tp_ep_all_layer_item	layer	40	ratio	4	total_rows	288	dense_rows	112	control_rows	136	expert_rows	16	kv_rows	16	comp_rows	8	decode_ms_per_step	1.163847	decode_slot_step_tok_s	27495.032893	decode_ep_ms_per_step	0.295024	decode_dense_ms_per_step	0.000000	decode_compose_ms_per_step	0.868712	decode_checksum	1971716968	PASS
tp_ep_all_layer_item	layer	41	ratio	128	total_rows	232	dense_rows	80	control_rows	120	expert_rows	16	kv_rows	8	comp_rows	8	decode_ms_per_step	1.185036	decode_slot_step_tok_s	27003.395863	decode_ep_ms_per_step	0.293704	decode_dense_ms_per_step	0.000000	decode_compose_ms_per_step	0.891221	decode_checksum	4100126953	PASS
tp_ep_all_layer_item	layer	42	ratio	4	total_rows	288	dense_rows	112	control_rows	136	expert_rows	16	kv_rows	16	comp_rows	8	decode_ms_per_step	1.165835	decode_slot_step_tok_s	27448.139913	decode_ep_ms_per_step	0.293712	decode_dense_ms_per_step	0.000000	decode_compose_ms_per_step	0.872014	decode_checksum	260576764	PASS
tp_ep_all_layer_scaffold	layers	43	pass_layers	43	slots	32	ctx	262144	decode_steps_per_layer	50	descriptor_checks	0	predecode_probes	0	shared_api	1	shared_rank_buffers	1	shared_tp_runtime	0	shared_expert_bindings	1	overlap_ep_dense	1	direct_remote_compose	1	sum_decode_ms_per_token	50.437041	projected_slot_step_tok_s	634.454351	sum_ep_ms	12.655482	sum_dense_ms	0.000000	sum_compose_ms	37.776787	wall_ms	14450.961466	checksum	204721433	PASS
