tp_ep_all_layer_dense_f16_cache	rows	4096	source_bytes	8640413696	cache_bytes	14451998720	cache_aligned_bytes	14451998720	max_temp_bytes	132382720	cache_ms	7479.666264	PASS
tp_ep_all_layer_turbomind_api_shared	devices	8	PASS
tp_ep_all_layer_rank_buffers_shared	devices	8	core_bytes	3933984	PASS
tp_ep_all_layer_tp_runtime_shared	devices	8	slots	32	ctx	262144	mode	local_per_layer	PASS
tp_ep_all_layer_expert_bindings_shared	layers	43	devices	8	bytes	27594326016	bytes_per_gpu	3449290752	PASS
tp_ep_all_layer_item	layer	0	ratio	0	total_rows	192	dense_rows	64	control_rows	104	expert_rows	16	kv_rows	8	comp_rows	0	decode_ms_per_step	0.924254	decode_slot_step_tok_s	34622.511942	decode_ep_ms_per_step	0.321992	decode_dense_ms_per_step	0.000000	decode_compose_ms_per_step	0.602082	decode_checksum	2089207552	PASS
tp_ep_all_layer_item	layer	1	ratio	0	total_rows	192	dense_rows	64	control_rows	104	expert_rows	16	kv_rows	8	comp_rows	0	decode_ms_per_step	0.935270	decode_slot_step_tok_s	34214.702648	decode_ep_ms_per_step	0.324288	decode_dense_ms_per_step	0.000000	decode_compose_ms_per_step	0.610814	decode_checksum	4285303765	PASS
tp_ep_all_layer_item	layer	2	ratio	4	total_rows	288	dense_rows	112	control_rows	136	expert_rows	16	kv_rows	16	comp_rows	8	decode_ms_per_step	0.865503	decode_slot_step_tok_s	36972.741269	decode_ep_ms_per_step	0.280038	decode_dense_ms_per_step	0.000000	decode_compose_ms_per_step	0.585280	decode_checksum	50639913	PASS
tp_ep_all_layer_item	layer	3	ratio	128	total_rows	232	dense_rows	80	control_rows	120	expert_rows	16	kv_rows	8	comp_rows	8	decode_ms_per_step	0.881419	decode_slot_step_tok_s	36305.080395	decode_ep_ms_per_step	0.293390	decode_dense_ms_per_step	0.000000	decode_compose_ms_per_step	0.587848	decode_checksum	199228706	PASS
tp_ep_all_layer_item	layer	4	ratio	4	total_rows	288	dense_rows	112	control_rows	136	expert_rows	16	kv_rows	16	comp_rows	8	decode_ms_per_step	0.877844	decode_slot_step_tok_s	36452.958539	decode_ep_ms_per_step	0.290415	decode_dense_ms_per_step	0.000000	decode_compose_ms_per_step	0.587261	decode_checksum	92587346	PASS
tp_ep_all_layer_item	layer	5	ratio	128	total_rows	232	dense_rows	80	control_rows	120	expert_rows	16	kv_rows	8	comp_rows	8	decode_ms_per_step	0.871752	decode_slot_step_tok_s	36707.702666	decode_ep_ms_per_step	0.289805	decode_dense_ms_per_step	0.000000	decode_compose_ms_per_step	0.581797	decode_checksum	81917469	PASS
tp_ep_all_layer_item	layer	6	ratio	4	total_rows	288	dense_rows	112	control_rows	136	expert_rows	16	kv_rows	16	comp_rows	8	decode_ms_per_step	0.879114	decode_slot_step_tok_s	36400.300566	decode_ep_ms_per_step	0.292526	decode_dense_ms_per_step	0.000000	decode_compose_ms_per_step	0.586419	decode_checksum	41493907	PASS
tp_ep_all_layer_item	layer	7	ratio	128	total_rows	232	dense_rows	80	control_rows	120	expert_rows	16	kv_rows	8	comp_rows	8	decode_ms_per_step	0.880070	decode_slot_step_tok_s	36360.749816	decode_ep_ms_per_step	0.298707	decode_dense_ms_per_step	0.000000	decode_compose_ms_per_step	0.581197	decode_checksum	4211722188	PASS
tp_ep_all_layer_item	layer	8	ratio	4	total_rows	288	dense_rows	112	control_rows	136	expert_rows	16	kv_rows	16	comp_rows	8	decode_ms_per_step	0.876966	decode_slot_step_tok_s	36489.428693	decode_ep_ms_per_step	0.294943	decode_dense_ms_per_step	0.000000	decode_compose_ms_per_step	0.581857	decode_checksum	2164440608	PASS
tp_ep_all_layer_item	layer	9	ratio	128	total_rows	232	dense_rows	80	control_rows	120	expert_rows	16	kv_rows	8	comp_rows	8	decode_ms_per_step	0.912474	decode_slot_step_tok_s	35069.477018	decode_ep_ms_per_step	0.305867	decode_dense_ms_per_step	0.000000	decode_compose_ms_per_step	0.606442	decode_checksum	22847642	PASS
tp_ep_all_layer_item	layer	10	ratio	4	total_rows	288	dense_rows	112	control_rows	136	expert_rows	16	kv_rows	16	comp_rows	8	decode_ms_per_step	0.885869	decode_slot_step_tok_s	36122.737114	decode_ep_ms_per_step	0.293153	decode_dense_ms_per_step	0.000000	decode_compose_ms_per_step	0.592543	decode_checksum	2076607066	PASS
tp_ep_all_layer_item	layer	11	ratio	128	total_rows	232	dense_rows	80	control_rows	120	expert_rows	16	kv_rows	8	comp_rows	8	decode_ms_per_step	0.879603	decode_slot_step_tok_s	36380.061134	decode_ep_ms_per_step	0.292818	decode_dense_ms_per_step	0.000000	decode_compose_ms_per_step	0.586611	decode_checksum	4156450847	PASS
tp_ep_all_layer_item	layer	12	ratio	4	total_rows	288	dense_rows	112	control_rows	136	expert_rows	16	kv_rows	16	comp_rows	8	decode_ms_per_step	0.881512	decode_slot_step_tok_s	36301.265839	decode_ep_ms_per_step	0.292484	decode_dense_ms_per_step	0.000000	decode_compose_ms_per_step	0.588856	decode_checksum	1305516	PASS
tp_ep_all_layer_item	layer	13	ratio	128	total_rows	232	dense_rows	80	control_rows	120	expert_rows	16	kv_rows	8	comp_rows	8	decode_ms_per_step	0.887226	decode_slot_step_tok_s	36067.475665	decode_ep_ms_per_step	0.296061	decode_dense_ms_per_step	0.000000	decode_compose_ms_per_step	0.590991	decode_checksum	176722357	PASS
tp_ep_all_layer_item	layer	14	ratio	4	total_rows	288	dense_rows	112	control_rows	136	expert_rows	16	kv_rows	16	comp_rows	8	decode_ms_per_step	0.918697	decode_slot_step_tok_s	34831.931468	decode_ep_ms_per_step	0.300840	decode_dense_ms_per_step	0.000000	decode_compose_ms_per_step	0.617665	decode_checksum	2093197595	PASS
tp_ep_all_layer_item	layer	15	ratio	128	total_rows	232	dense_rows	80	control_rows	120	expert_rows	16	kv_rows	8	comp_rows	8	decode_ms_per_step	0.886488	decode_slot_step_tok_s	36097.487130	decode_ep_ms_per_step	0.292236	decode_dense_ms_per_step	0.000000	decode_compose_ms_per_step	0.594076	decode_checksum	2318348388	PASS
tp_ep_all_layer_item	layer	16	ratio	4	total_rows	288	dense_rows	112	control_rows	136	expert_rows	16	kv_rows	16	comp_rows	8	decode_ms_per_step	0.882692	decode_slot_step_tok_s	36252.739234	decode_ep_ms_per_step	0.294521	decode_dense_ms_per_step	0.000000	decode_compose_ms_per_step	0.588003	decode_checksum	2413897862	PASS
tp_ep_all_layer_item	layer	17	ratio	128	total_rows	232	dense_rows	80	control_rows	120	expert_rows	16	kv_rows	8	comp_rows	8	decode_ms_per_step	0.883478	decode_slot_step_tok_s	36220.478216	decode_ep_ms_per_step	0.293628	decode_dense_ms_per_step	0.000000	decode_compose_ms_per_step	0.589666	decode_checksum	4107675936	PASS
tp_ep_all_layer_item	layer	18	ratio	4	total_rows	288	dense_rows	112	control_rows	136	expert_rows	16	kv_rows	16	comp_rows	8	decode_ms_per_step	0.876438	decode_slot_step_tok_s	36511.404657	decode_ep_ms_per_step	0.295085	decode_dense_ms_per_step	0.000000	decode_compose_ms_per_step	0.581179	decode_checksum	37361686	PASS
tp_ep_all_layer_item	layer	19	ratio	128	total_rows	232	dense_rows	80	control_rows	120	expert_rows	16	kv_rows	8	comp_rows	8	decode_ms_per_step	0.881129	decode_slot_step_tok_s	36317.025113	decode_ep_ms_per_step	0.292412	decode_dense_ms_per_step	0.000000	decode_compose_ms_per_step	0.588551	decode_checksum	2212896144	PASS
tp_ep_all_layer_item	layer	20	ratio	4	total_rows	288	dense_rows	112	control_rows	136	expert_rows	16	kv_rows	16	comp_rows	8	decode_ms_per_step	0.878637	decode_slot_step_tok_s	36420.063458	decode_ep_ms_per_step	0.294572	decode_dense_ms_per_step	0.000000	decode_compose_ms_per_step	0.583897	decode_checksum	31300357	PASS
tp_ep_all_layer_item	layer	21	ratio	128	total_rows	232	dense_rows	80	control_rows	120	expert_rows	16	kv_rows	8	comp_rows	8	decode_ms_per_step	0.866359	decode_slot_step_tok_s	36936.167953	decode_ep_ms_per_step	0.290544	decode_dense_ms_per_step	0.000000	decode_compose_ms_per_step	0.575659	decode_checksum	2043177150	PASS
tp_ep_all_layer_item	layer	22	ratio	4	total_rows	288	dense_rows	112	control_rows	136	expert_rows	16	kv_rows	16	comp_rows	8	decode_ms_per_step	0.889620	decode_slot_step_tok_s	35970.409482	decode_ep_ms_per_step	0.293539	decode_dense_ms_per_step	0.000000	decode_compose_ms_per_step	0.595900	decode_checksum	149368565	PASS
tp_ep_all_layer_item	layer	23	ratio	128	total_rows	232	dense_rows	80	control_rows	120	expert_rows	16	kv_rows	8	comp_rows	8	decode_ms_per_step	0.881794	decode_slot_step_tok_s	36289.652484	decode_ep_ms_per_step	0.296864	decode_dense_ms_per_step	0.000000	decode_compose_ms_per_step	0.584759	decode_checksum	4087920758	PASS
tp_ep_all_layer_item	layer	24	ratio	4	total_rows	288	dense_rows	112	control_rows	136	expert_rows	16	kv_rows	16	comp_rows	8	decode_ms_per_step	0.872673	decode_slot_step_tok_s	36668.941134	decode_ep_ms_per_step	0.293886	decode_dense_ms_per_step	0.000000	decode_compose_ms_per_step	0.578618	decode_checksum	2232151951	PASS
tp_ep_all_layer_item	layer	25	ratio	128	total_rows	232	dense_rows	80	control_rows	120	expert_rows	16	kv_rows	8	comp_rows	8	decode_ms_per_step	0.874937	decode_slot_step_tok_s	36574.069428	decode_ep_ms_per_step	0.292348	decode_dense_ms_per_step	0.000000	decode_compose_ms_per_step	0.582422	decode_checksum	2259995728	PASS
tp_ep_all_layer_item	layer	26	ratio	4	total_rows	288	dense_rows	112	control_rows	136	expert_rows	16	kv_rows	16	comp_rows	8	decode_ms_per_step	0.905188	decode_slot_step_tok_s	35351.776134	decode_ep_ms_per_step	0.293179	decode_dense_ms_per_step	0.000000	decode_compose_ms_per_step	0.611831	decode_checksum	4173975789	PASS
tp_ep_all_layer_item	layer	27	ratio	128	total_rows	232	dense_rows	80	control_rows	120	expert_rows	16	kv_rows	8	comp_rows	8	decode_ms_per_step	0.914465	decode_slot_step_tok_s	34993.122758	decode_ep_ms_per_step	0.302600	decode_dense_ms_per_step	0.000000	decode_compose_ms_per_step	0.611685	decode_checksum	1958048886	PASS
tp_ep_all_layer_item	layer	28	ratio	4	total_rows	288	dense_rows	112	control_rows	136	expert_rows	16	kv_rows	16	comp_rows	8	decode_ms_per_step	0.869761	decode_slot_step_tok_s	36791.736650	decode_ep_ms_per_step	0.291195	decode_dense_ms_per_step	0.000000	decode_compose_ms_per_step	0.578397	decode_checksum	12572607	PASS
tp_ep_all_layer_item	layer	29	ratio	128	total_rows	232	dense_rows	80	control_rows	120	expert_rows	16	kv_rows	8	comp_rows	8	decode_ms_per_step	0.877331	decode_slot_step_tok_s	36474.242847	decode_ep_ms_per_step	0.291046	decode_dense_ms_per_step	0.000000	decode_compose_ms_per_step	0.586105	decode_checksum	1939549931	PASS
tp_ep_all_layer_item	layer	30	ratio	4	total_rows	288	dense_rows	112	control_rows	136	expert_rows	16	kv_rows	16	comp_rows	8	decode_ms_per_step	0.882813	decode_slot_step_tok_s	36247.770366	decode_ep_ms_per_step	0.296553	decode_dense_ms_per_step	0.000000	decode_compose_ms_per_step	0.586069	decode_checksum	2245266299	PASS
tp_ep_all_layer_item	layer	31	ratio	128	total_rows	232	dense_rows	80	control_rows	120	expert_rows	16	kv_rows	8	comp_rows	8	decode_ms_per_step	0.863852	decode_slot_step_tok_s	37043.362706	decode_ep_ms_per_step	0.286529	decode_dense_ms_per_step	0.000000	decode_compose_ms_per_step	0.577140	decode_checksum	4092244362	PASS
tp_ep_all_layer_item	layer	32	ratio	4	total_rows	288	dense_rows	112	control_rows	136	expert_rows	16	kv_rows	16	comp_rows	8	decode_ms_per_step	0.879064	decode_slot_step_tok_s	36402.337012	decode_ep_ms_per_step	0.290325	decode_dense_ms_per_step	0.000000	decode_compose_ms_per_step	0.588577	decode_checksum	1929924991	PASS
tp_ep_all_layer_item	layer	33	ratio	128	total_rows	232	dense_rows	80	control_rows	120	expert_rows	16	kv_rows	8	comp_rows	8	decode_ms_per_step	0.872739	decode_slot_step_tok_s	36666.180687	decode_ep_ms_per_step	0.294203	decode_dense_ms_per_step	0.000000	decode_compose_ms_per_step	0.578384	decode_checksum	154974069	PASS
tp_ep_all_layer_item	layer	34	ratio	4	total_rows	288	dense_rows	112	control_rows	136	expert_rows	16	kv_rows	16	comp_rows	8	decode_ms_per_step	0.874963	decode_slot_step_tok_s	36572.976758	decode_ep_ms_per_step	0.290835	decode_dense_ms_per_step	0.000000	decode_compose_ms_per_step	0.583960	decode_checksum	4247159498	PASS
tp_ep_all_layer_item	layer	35	ratio	128	total_rows	232	dense_rows	80	control_rows	120	expert_rows	16	kv_rows	8	comp_rows	8	decode_ms_per_step	0.884113	decode_slot_step_tok_s	36194.484730	decode_ep_ms_per_step	0.298320	decode_dense_ms_per_step	0.000000	decode_compose_ms_per_step	0.585614	decode_checksum	1960134344	PASS
tp_ep_all_layer_item	layer	36	ratio	4	total_rows	288	dense_rows	112	control_rows	136	expert_rows	16	kv_rows	16	comp_rows	8	decode_ms_per_step	0.880596	decode_slot_step_tok_s	36339.038138	decode_ep_ms_per_step	0.293848	decode_dense_ms_per_step	0.000000	decode_compose_ms_per_step	0.586571	decode_checksum	2318643187	PASS
tp_ep_all_layer_item	layer	37	ratio	128	total_rows	232	dense_rows	80	control_rows	120	expert_rows	16	kv_rows	8	comp_rows	8	decode_ms_per_step	0.899033	decode_slot_step_tok_s	35593.780112	decode_ep_ms_per_step	0.297566	decode_dense_ms_per_step	0.000000	decode_compose_ms_per_step	0.601304	decode_checksum	2051082468	PASS
tp_ep_all_layer_item	layer	38	ratio	4	total_rows	288	dense_rows	112	control_rows	136	expert_rows	16	kv_rows	16	comp_rows	8	decode_ms_per_step	0.876745	decode_slot_step_tok_s	36498.652344	decode_ep_ms_per_step	0.291047	decode_dense_ms_per_step	0.000000	decode_compose_ms_per_step	0.585528	decode_checksum	2208797608	PASS
tp_ep_all_layer_item	layer	39	ratio	128	total_rows	232	dense_rows	80	control_rows	120	expert_rows	16	kv_rows	8	comp_rows	8	decode_ms_per_step	0.882198	decode_slot_step_tok_s	36273.033745	decode_ep_ms_per_step	0.293215	decode_dense_ms_per_step	0.000000	decode_compose_ms_per_step	0.588793	decode_checksum	1901862423	PASS
tp_ep_all_layer_item	layer	40	ratio	4	total_rows	288	dense_rows	112	control_rows	136	expert_rows	16	kv_rows	16	comp_rows	8	decode_ms_per_step	0.874860	decode_slot_step_tok_s	36577.275919	decode_ep_ms_per_step	0.289125	decode_dense_ms_per_step	0.000000	decode_compose_ms_per_step	0.585574	decode_checksum	1971716968	PASS
tp_ep_all_layer_item	layer	41	ratio	128	total_rows	232	dense_rows	80	control_rows	120	expert_rows	16	kv_rows	8	comp_rows	8	decode_ms_per_step	0.920462	decode_slot_step_tok_s	34765.148278	decode_ep_ms_per_step	0.297794	decode_dense_ms_per_step	0.000000	decode_compose_ms_per_step	0.622494	decode_checksum	4100126953	PASS
tp_ep_all_layer_item	layer	42	ratio	4	total_rows	288	dense_rows	112	control_rows	136	expert_rows	16	kv_rows	16	comp_rows	8	decode_ms_per_step	0.871176	decode_slot_step_tok_s	36731.962781	decode_ep_ms_per_step	0.290464	decode_dense_ms_per_step	0.000000	decode_compose_ms_per_step	0.580546	decode_checksum	260576764	PASS
tp_ep_all_layer_scaffold	layers	43	pass_layers	43	slots	32	ctx	262144	decode_steps_per_layer	50	descriptor_checks	0	predecode_probes	0	shared_api	1	shared_rank_buffers	1	shared_tp_runtime	0	shared_expert_bindings	1	overlap_ep_dense	1	direct_remote_compose	0	sum_decode_ms_per_token	38.061178	projected_slot_step_tok_s	840.751688	sum_ep_ms	12.684805	sum_dense_ms	0.000000	sum_compose_ms	25.368965	wall_ms	13959.169457	checksum	204721433	PASS
